mode: set
github.com/chalkan3-sloth/sloth-runner/internal/luainterface/ai.go:14.44,16.2 1 1
github.com/chalkan3-sloth/sloth-runner/internal/luainterface/ai.go:19.57,41.2 13 0
github.com/chalkan3-sloth/sloth-runner/internal/luainterface/ai.go:44.65,50.46 4 0
github.com/chalkan3-sloth/sloth-runner/internal/luainterface/ai.go:50.46,51.42 1 0
github.com/chalkan3-sloth/sloth-runner/internal/luainterface/ai.go:51.42,53.4 1 0
github.com/chalkan3-sloth/sloth-runner/internal/luainterface/ai.go:57.2,58.27 2 0
github.com/chalkan3-sloth/sloth-runner/internal/luainterface/ai.go:58.27,62.3 3 0
github.com/chalkan3-sloth/sloth-runner/internal/luainterface/ai.go:65.2,67.16 3 0
github.com/chalkan3-sloth/sloth-runner/internal/luainterface/ai.go:67.16,71.3 3 0
github.com/chalkan3-sloth/sloth-runner/internal/luainterface/ai.go:74.2,83.47 8 0
github.com/chalkan3-sloth/sloth-runner/internal/luainterface/ai.go:83.47,89.3 5 0
github.com/chalkan3-sloth/sloth-runner/internal/luainterface/ai.go:90.2,94.59 3 0
github.com/chalkan3-sloth/sloth-runner/internal/luainterface/ai.go:94.59,96.3 1 0
github.com/chalkan3-sloth/sloth-runner/internal/luainterface/ai.go:97.2,100.10 3 0
github.com/chalkan3-sloth/sloth-runner/internal/luainterface/ai.go:104.64,110.27 4 0
github.com/chalkan3-sloth/sloth-runner/internal/luainterface/ai.go:110.27,114.3 3 0
github.com/chalkan3-sloth/sloth-runner/internal/luainterface/ai.go:117.2,119.16 3 0
github.com/chalkan3-sloth/sloth-runner/internal/luainterface/ai.go:119.16,123.3 3 0
github.com/chalkan3-sloth/sloth-runner/internal/luainterface/ai.go:126.2,134.48 7 0
github.com/chalkan3-sloth/sloth-runner/internal/luainterface/ai.go:134.48,140.3 5 0
github.com/chalkan3-sloth/sloth-runner/internal/luainterface/ai.go:141.2,145.49 3 0
github.com/chalkan3-sloth/sloth-runner/internal/luainterface/ai.go:145.49,147.3 1 0
github.com/chalkan3-sloth/sloth-runner/internal/luainterface/ai.go:148.2,151.10 3 0
github.com/chalkan3-sloth/sloth-runner/internal/luainterface/ai.go:155.66,161.27 4 0
github.com/chalkan3-sloth/sloth-runner/internal/luainterface/ai.go:161.27,164.3 2 0
github.com/chalkan3-sloth/sloth-runner/internal/luainterface/ai.go:167.2,169.16 3 0
github.com/chalkan3-sloth/sloth-runner/internal/luainterface/ai.go:169.16,173.3 3 0
github.com/chalkan3-sloth/sloth-runner/internal/luainterface/ai.go:176.2,177.36 2 0
github.com/chalkan3-sloth/sloth-runner/internal/luainterface/ai.go:177.36,185.3 7 0
github.com/chalkan3-sloth/sloth-runner/internal/luainterface/ai.go:187.2,188.10 2 0
github.com/chalkan3-sloth/sloth-runner/internal/luainterface/ai.go:192.64,197.27 3 0
github.com/chalkan3-sloth/sloth-runner/internal/luainterface/ai.go:197.27,200.3 2 0
github.com/chalkan3-sloth/sloth-runner/internal/luainterface/ai.go:203.2,205.16 3 0
github.com/chalkan3-sloth/sloth-runner/internal/luainterface/ai.go:205.16,209.3 3 0
github.com/chalkan3-sloth/sloth-runner/internal/luainterface/ai.go:212.2,213.36 2 0
github.com/chalkan3-sloth/sloth-runner/internal/luainterface/ai.go:213.36,220.35 7 0
github.com/chalkan3-sloth/sloth-runner/internal/luainterface/ai.go:220.35,222.4 1 0
github.com/chalkan3-sloth/sloth-runner/internal/luainterface/ai.go:223.3,223.35 1 0
github.com/chalkan3-sloth/sloth-runner/internal/luainterface/ai.go:226.2,227.10 2 0
github.com/chalkan3-sloth/sloth-runner/internal/luainterface/ai.go:231.65,244.78 3 0
github.com/chalkan3-sloth/sloth-runner/internal/luainterface/ai.go:244.78,245.63 1 0
github.com/chalkan3-sloth/sloth-runner/internal/luainterface/ai.go:245.63,247.4 1 0
github.com/chalkan3-sloth/sloth-runner/internal/luainterface/ai.go:251.2,251.82 1 0
github.com/chalkan3-sloth/sloth-runner/internal/luainterface/ai.go:251.82,253.51 2 0
github.com/chalkan3-sloth/sloth-runner/internal/luainterface/ai.go:253.51,254.43 1 0
github.com/chalkan3-sloth/sloth-runner/internal/luainterface/ai.go:254.43,256.5 1 0
github.com/chalkan3-sloth/sloth-runner/internal/luainterface/ai.go:261.2,271.27 3 0
github.com/chalkan3-sloth/sloth-runner/internal/luainterface/ai.go:271.27,275.3 3 0
github.com/chalkan3-sloth/sloth-runner/internal/luainterface/ai.go:278.2,279.71 2 0
github.com/chalkan3-sloth/sloth-runner/internal/luainterface/ai.go:279.71,283.3 3 0
github.com/chalkan3-sloth/sloth-runner/internal/luainterface/ai.go:285.2,286.10 2 0
github.com/chalkan3-sloth/sloth-runner/internal/luainterface/ai.go:290.62,295.27 3 0
github.com/chalkan3-sloth/sloth-runner/internal/luainterface/ai.go:295.27,299.3 3 0
github.com/chalkan3-sloth/sloth-runner/internal/luainterface/ai.go:302.2,304.16 3 0
github.com/chalkan3-sloth/sloth-runner/internal/luainterface/ai.go:304.16,308.3 3 0
github.com/chalkan3-sloth/sloth-runner/internal/luainterface/ai.go:311.2,321.10 10 0
github.com/chalkan3-sloth/sloth-runner/internal/luainterface/ai.go:325.59,331.65 3 0
github.com/chalkan3-sloth/sloth-runner/internal/luainterface/ai.go:331.65,333.3 1 0
github.com/chalkan3-sloth/sloth-runner/internal/luainterface/ai.go:335.2,335.73 1 0
github.com/chalkan3-sloth/sloth-runner/internal/luainterface/ai.go:335.73,337.3 1 0
github.com/chalkan3-sloth/sloth-runner/internal/luainterface/ai.go:339.2,339.78 1 0
github.com/chalkan3-sloth/sloth-runner/internal/luainterface/ai.go:339.78,341.3 1 0
github.com/chalkan3-sloth/sloth-runner/internal/luainterface/ai.go:343.2,343.82 1 0
github.com/chalkan3-sloth/sloth-runner/internal/luainterface/ai.go:343.82,345.3 1 0
github.com/chalkan3-sloth/sloth-runner/internal/luainterface/ai.go:347.2,347.71 1 0
github.com/chalkan3-sloth/sloth-runner/internal/luainterface/ai.go:347.71,349.3 1 0
github.com/chalkan3-sloth/sloth-runner/internal/luainterface/ai.go:352.2,355.10 3 0
github.com/chalkan3-sloth/sloth-runner/internal/luainterface/ai.go:359.59,361.19 2 0
github.com/chalkan3-sloth/sloth-runner/internal/luainterface/ai.go:361.19,364.3 2 0
github.com/chalkan3-sloth/sloth-runner/internal/luainterface/ai.go:367.2,375.10 8 0
github.com/chalkan3-sloth/sloth-runner/internal/luainterface/ai.go:379.68,384.27 3 0
github.com/chalkan3-sloth/sloth-runner/internal/luainterface/ai.go:384.27,387.3 2 0
github.com/chalkan3-sloth/sloth-runner/internal/luainterface/ai.go:390.2,392.37 3 0
github.com/chalkan3-sloth/sloth-runner/internal/luainterface/ai.go:392.37,395.3 2 0
github.com/chalkan3-sloth/sloth-runner/internal/luainterface/ai.go:398.2,411.44 11 0
github.com/chalkan3-sloth/sloth-runner/internal/luainterface/ai.go:411.44,413.3 1 0
github.com/chalkan3-sloth/sloth-runner/internal/luainterface/ai.go:414.2,417.10 3 0
github.com/chalkan3-sloth/sloth-runner/internal/luainterface/ai.go:421.66,426.27 3 0
github.com/chalkan3-sloth/sloth-runner/internal/luainterface/ai.go:426.27,429.3 2 0
github.com/chalkan3-sloth/sloth-runner/internal/luainterface/ai.go:432.2,442.35 3 0
github.com/chalkan3-sloth/sloth-runner/internal/luainterface/ai.go:442.35,444.3 1 0
github.com/chalkan3-sloth/sloth-runner/internal/luainterface/ai.go:446.2,447.10 2 0
github.com/chalkan3-sloth/sloth-runner/internal/luainterface/ai.go:451.66,452.30 1 0
github.com/chalkan3-sloth/sloth-runner/internal/luainterface/ai.go:452.30,454.29 1 0
github.com/chalkan3-sloth/sloth-runner/internal/luainterface/ai.go:454.29,456.18 2 0
github.com/chalkan3-sloth/sloth-runner/internal/luainterface/ai.go:456.18,459.5 2 0
github.com/chalkan3-sloth/sloth-runner/internal/luainterface/ai.go:460.4,460.34 1 0
github.com/chalkan3-sloth/sloth-runner/internal/luainterface/ai.go:463.3,463.62 1 0
github.com/chalkan3-sloth/sloth-runner/internal/luainterface/ai.go:465.2,465.26 1 0
github.com/chalkan3-sloth/sloth-runner/internal/luainterface/ai.go:479.102,480.23 1 0
github.com/chalkan3-sloth/sloth-runner/internal/luainterface/ai.go:480.23,482.3 1 0
github.com/chalkan3-sloth/sloth-runner/internal/luainterface/ai.go:485.2,490.31 5 0
github.com/chalkan3-sloth/sloth-runner/internal/luainterface/ai.go:490.31,492.35 2 0
github.com/chalkan3-sloth/sloth-runner/internal/luainterface/ai.go:492.35,494.4 1 0
github.com/chalkan3-sloth/sloth-runner/internal/luainterface/ai.go:495.3,495.35 1 0
github.com/chalkan3-sloth/sloth-runner/internal/luainterface/ai.go:495.35,497.4 1 0
github.com/chalkan3-sloth/sloth-runner/internal/luainterface/ai.go:498.3,498.19 1 0
github.com/chalkan3-sloth/sloth-runner/internal/luainterface/ai.go:498.19,500.4 1 0
github.com/chalkan3-sloth/sloth-runner/internal/luainterface/ai.go:503.2,508.23 4 0
github.com/chalkan3-sloth/sloth-runner/internal/luainterface/ai.go:508.23,515.34 5 0
github.com/chalkan3-sloth/sloth-runner/internal/luainterface/ai.go:515.34,517.4 1 0
github.com/chalkan3-sloth/sloth-runner/internal/luainterface/ai.go:518.3,520.35 2 0
github.com/chalkan3-sloth/sloth-runner/internal/luainterface/ai.go:520.35,522.4 1 0
github.com/chalkan3-sloth/sloth-runner/internal/luainterface/ai.go:523.3,525.32 2 0
github.com/chalkan3-sloth/sloth-runner/internal/luainterface/ai.go:525.32,527.4 1 0
github.com/chalkan3-sloth/sloth-runner/internal/luainterface/ai.go:527.9,527.40 1 0
github.com/chalkan3-sloth/sloth-runner/internal/luainterface/ai.go:527.40,529.4 1 0
github.com/chalkan3-sloth/sloth-runner/internal/luainterface/ai.go:533.2,534.23 2 0
github.com/chalkan3-sloth/sloth-runner/internal/luainterface/ai.go:534.23,536.3 1 0
github.com/chalkan3-sloth/sloth-runner/internal/luainterface/ai.go:537.2,537.25 1 0
github.com/chalkan3-sloth/sloth-runner/internal/luainterface/ai.go:537.25,539.3 1 0
github.com/chalkan3-sloth/sloth-runner/internal/luainterface/ai.go:540.2,540.26 1 0
github.com/chalkan3-sloth/sloth-runner/internal/luainterface/ai.go:540.26,542.3 1 0
github.com/chalkan3-sloth/sloth-runner/internal/luainterface/ai.go:543.2,543.26 1 0
github.com/chalkan3-sloth/sloth-runner/internal/luainterface/ai.go:543.26,545.3 1 0
github.com/chalkan3-sloth/sloth-runner/internal/luainterface/ai.go:547.2,554.3 1 0
github.com/chalkan3-sloth/sloth-runner/internal/luainterface/ai.go:558.80,560.40 2 0
github.com/chalkan3-sloth/sloth-runner/internal/luainterface/ai.go:560.40,562.3 1 0
github.com/chalkan3-sloth/sloth-runner/internal/luainterface/ai.go:563.2,563.11 1 0
github.com/chalkan3-sloth/sloth-runner/internal/luainterface/ai.go:566.76,568.42 2 0
github.com/chalkan3-sloth/sloth-runner/internal/luainterface/ai.go:568.42,570.3 1 0
github.com/chalkan3-sloth/sloth-runner/internal/luainterface/ai.go:571.2,571.14 1 0
github.com/chalkan3-sloth/sloth-runner/internal/luainterface/ai.go:574.81,576.43 2 0
github.com/chalkan3-sloth/sloth-runner/internal/luainterface/ai.go:576.43,578.3 1 0
github.com/chalkan3-sloth/sloth-runner/internal/luainterface/ai.go:579.2,579.10 1 0
github.com/chalkan3-sloth/sloth-runner/internal/luainterface/ai.go:582.84,584.42 2 0
github.com/chalkan3-sloth/sloth-runner/internal/luainterface/ai.go:584.42,586.3 1 0
github.com/chalkan3-sloth/sloth-runner/internal/luainterface/ai.go:587.2,587.12 1 0
github.com/chalkan3-sloth/sloth-runner/internal/luainterface/ai.go:591.75,592.27 1 0
github.com/chalkan3-sloth/sloth-runner/internal/luainterface/ai.go:593.19,594.19 1 0
github.com/chalkan3-sloth/sloth-runner/internal/luainterface/ai.go:595.19,596.20 1 0
github.com/chalkan3-sloth/sloth-runner/internal/luainterface/ai.go:597.17,598.17 1 0
github.com/chalkan3-sloth/sloth-runner/internal/luainterface/ai.go:599.19,601.39 2 0
github.com/chalkan3-sloth/sloth-runner/internal/luainterface/ai.go:601.39,602.43 1 0
github.com/chalkan3-sloth/sloth-runner/internal/luainterface/ai.go:602.43,604.5 1 0
github.com/chalkan3-sloth/sloth-runner/internal/luainterface/ai.go:606.3,606.16 1 0
github.com/chalkan3-sloth/sloth-runner/internal/luainterface/ai.go:607.10,608.13 1 0
github.com/chalkan3-sloth/sloth-runner/internal/luainterface/aws.go:29.38,39.2 8 0
github.com/chalkan3-sloth/sloth-runner/internal/luainterface/aws.go:43.47,45.40 2 0
github.com/chalkan3-sloth/sloth-runner/internal/luainterface/aws.go:45.40,47.3 1 0
github.com/chalkan3-sloth/sloth-runner/internal/luainterface/aws.go:48.2,49.12 2 0
github.com/chalkan3-sloth/sloth-runner/internal/luainterface/aws.go:52.39,54.36 2 0
github.com/chalkan3-sloth/sloth-runner/internal/luainterface/aws.go:54.36,56.3 1 0
github.com/chalkan3-sloth/sloth-runner/internal/luainterface/aws.go:57.2,58.12 2 0
github.com/chalkan3-sloth/sloth-runner/internal/luainterface/aws.go:61.75,63.21 2 0
github.com/chalkan3-sloth/sloth-runner/internal/luainterface/aws.go:63.21,66.3 2 0
github.com/chalkan3-sloth/sloth-runner/internal/luainterface/aws.go:66.8,68.3 1 0
github.com/chalkan3-sloth/sloth-runner/internal/luainterface/aws.go:70.2,75.46 5 0
github.com/chalkan3-sloth/sloth-runner/internal/luainterface/aws.go:81.43,88.2 6 0
github.com/chalkan3-sloth/sloth-runner/internal/luainterface/aws.go:91.50,96.16 4 0
github.com/chalkan3-sloth/sloth-runner/internal/luainterface/aws.go:96.16,98.3 1 0
github.com/chalkan3-sloth/sloth-runner/internal/luainterface/aws.go:100.2,103.72 2 0
github.com/chalkan3-sloth/sloth-runner/internal/luainterface/aws.go:103.72,105.3 1 0
github.com/chalkan3-sloth/sloth-runner/internal/luainterface/aws.go:107.2,108.10 2 0
github.com/chalkan3-sloth/sloth-runner/internal/luainterface/aws.go:114.42,120.28 5 0
github.com/chalkan3-sloth/sloth-runner/internal/luainterface/aws.go:120.28,122.3 1 0
github.com/chalkan3-sloth/sloth-runner/internal/luainterface/aws.go:124.2,125.9 2 0
github.com/chalkan3-sloth/sloth-runner/internal/luainterface/aws.go:125.9,127.3 1 0
github.com/chalkan3-sloth/sloth-runner/internal/luainterface/aws.go:129.2,130.16 2 0
github.com/chalkan3-sloth/sloth-runner/internal/luainterface/aws.go:130.16,132.3 1 0
github.com/chalkan3-sloth/sloth-runner/internal/luainterface/aws.go:134.2,135.10 2 0
github.com/chalkan3-sloth/sloth-runner/internal/luainterface/aws.go:141.32,144.3 2 0
github.com/chalkan3-sloth/sloth-runner/internal/luainterface/aws.go:145.40,148.3 2 0
github.com/chalkan3-sloth/sloth-runner/internal/luainterface/aws.go:152.34,155.3 2 0
github.com/chalkan3-sloth/sloth-runner/internal/luainterface/aws.go:158.35,172.2 8 0
github.com/chalkan3-sloth/sloth-runner/internal/luainterface/aws.go:174.29,176.2 1 1
github.com/chalkan3-sloth/sloth-runner/internal/luainterface/azure.go:14.36,16.2 1 0
github.com/chalkan3-sloth/sloth-runner/internal/luainterface/azure.go:19.51,43.2 10 0
github.com/chalkan3-sloth/sloth-runner/internal/luainterface/azure.go:47.51,51.44 3 0
github.com/chalkan3-sloth/sloth-runner/internal/luainterface/azure.go:51.44,53.3 1 0
github.com/chalkan3-sloth/sloth-runner/internal/luainterface/azure.go:56.2,57.27 2 0
github.com/chalkan3-sloth/sloth-runner/internal/luainterface/azure.go:57.27,58.39 1 0
github.com/chalkan3-sloth/sloth-runner/internal/luainterface/azure.go:58.39,60.9 2 0
github.com/chalkan3-sloth/sloth-runner/internal/luainterface/azure.go:63.2,63.22 1 0
github.com/chalkan3-sloth/sloth-runner/internal/luainterface/azure.go:63.22,65.3 1 0
github.com/chalkan3-sloth/sloth-runner/internal/luainterface/azure.go:67.2,75.16 7 0
github.com/chalkan3-sloth/sloth-runner/internal/luainterface/azure.go:75.16,76.47 1 0
github.com/chalkan3-sloth/sloth-runner/internal/luainterface/azure.go:76.47,78.4 1 0
github.com/chalkan3-sloth/sloth-runner/internal/luainterface/azure.go:78.9,80.4 1 0
github.com/chalkan3-sloth/sloth-runner/internal/luainterface/azure.go:83.2,89.10 6 0
github.com/chalkan3-sloth/sloth-runner/internal/luainterface/azure.go:94.53,99.18 4 0
github.com/chalkan3-sloth/sloth-runner/internal/luainterface/azure.go:99.18,103.3 3 0
github.com/chalkan3-sloth/sloth-runner/internal/luainterface/azure.go:105.2,106.9 2 0
github.com/chalkan3-sloth/sloth-runner/internal/luainterface/azure.go:106.9,108.3 1 0
github.com/chalkan3-sloth/sloth-runner/internal/luainterface/azure.go:111.2,113.27 3 0
github.com/chalkan3-sloth/sloth-runner/internal/luainterface/azure.go:113.27,115.3 1 0
github.com/chalkan3-sloth/sloth-runner/internal/luainterface/azure.go:116.2,122.19 5 0
github.com/chalkan3-sloth/sloth-runner/internal/luainterface/azure.go:122.19,126.3 3 0
github.com/chalkan3-sloth/sloth-runner/internal/luainterface/azure.go:128.2,129.10 2 0
github.com/chalkan3-sloth/sloth-runner/internal/luainterface/azure.go:134.51,139.18 4 0
github.com/chalkan3-sloth/sloth-runner/internal/luainterface/azure.go:139.18,141.3 1 0
github.com/chalkan3-sloth/sloth-runner/internal/luainterface/azure.go:144.2,146.27 3 0
github.com/chalkan3-sloth/sloth-runner/internal/luainterface/azure.go:146.27,148.3 1 0
github.com/chalkan3-sloth/sloth-runner/internal/luainterface/azure.go:149.2,157.19 7 0
github.com/chalkan3-sloth/sloth-runner/internal/luainterface/azure.go:157.19,161.3 3 0
github.com/chalkan3-sloth/sloth-runner/internal/luainterface/azure.go:164.2,168.43 4 0
github.com/chalkan3-sloth/sloth-runner/internal/luainterface/azure.go:168.43,172.3 3 0
github.com/chalkan3-sloth/sloth-runner/internal/luainterface/azure.go:174.2,175.10 2 0
github.com/chalkan3-sloth/sloth-runner/internal/luainterface/crypto.go:25.38,27.2 1 1
github.com/chalkan3-sloth/sloth-runner/internal/luainterface/crypto.go:30.42,66.2 19 1
github.com/chalkan3-sloth/sloth-runner/internal/luainterface/crypto.go:69.50,74.2 4 1
github.com/chalkan3-sloth/sloth-runner/internal/luainterface/crypto.go:76.51,81.2 4 1
github.com/chalkan3-sloth/sloth-runner/internal/luainterface/crypto.go:83.53,88.2 4 1
github.com/chalkan3-sloth/sloth-runner/internal/luainterface/crypto.go:90.53,95.2 4 1
github.com/chalkan3-sloth/sloth-runner/internal/luainterface/crypto.go:97.51,102.36 4 1
github.com/chalkan3-sloth/sloth-runner/internal/luainterface/crypto.go:103.13,105.14 2 1
github.com/chalkan3-sloth/sloth-runner/internal/luainterface/crypto.go:106.14,108.14 2 0
github.com/chalkan3-sloth/sloth-runner/internal/luainterface/crypto.go:109.16,111.14 2 1
github.com/chalkan3-sloth/sloth-runner/internal/luainterface/crypto.go:112.16,114.14 2 0
github.com/chalkan3-sloth/sloth-runner/internal/luainterface/crypto.go:115.10,118.11 3 0
github.com/chalkan3-sloth/sloth-runner/internal/luainterface/crypto.go:121.2,122.10 2 1
github.com/chalkan3-sloth/sloth-runner/internal/luainterface/crypto.go:126.59,131.2 4 1
github.com/chalkan3-sloth/sloth-runner/internal/luainterface/crypto.go:133.59,136.16 3 1
github.com/chalkan3-sloth/sloth-runner/internal/luainterface/crypto.go:136.16,140.3 3 0
github.com/chalkan3-sloth/sloth-runner/internal/luainterface/crypto.go:141.2,142.10 2 1
github.com/chalkan3-sloth/sloth-runner/internal/luainterface/crypto.go:145.56,150.2 4 1
github.com/chalkan3-sloth/sloth-runner/internal/luainterface/crypto.go:152.56,155.16 3 1
github.com/chalkan3-sloth/sloth-runner/internal/luainterface/crypto.go:155.16,159.3 3 0
github.com/chalkan3-sloth/sloth-runner/internal/luainterface/crypto.go:160.2,161.10 2 1
github.com/chalkan3-sloth/sloth-runner/internal/luainterface/crypto.go:165.51,169.2 3 1
github.com/chalkan3-sloth/sloth-runner/internal/luainterface/crypto.go:171.53,175.2 3 1
github.com/chalkan3-sloth/sloth-runner/internal/luainterface/crypto.go:178.63,190.20 5 1
github.com/chalkan3-sloth/sloth-runner/internal/luainterface/crypto.go:190.20,192.3 1 1
github.com/chalkan3-sloth/sloth-runner/internal/luainterface/crypto.go:194.2,195.26 2 1
github.com/chalkan3-sloth/sloth-runner/internal/luainterface/crypto.go:195.26,197.17 2 1
github.com/chalkan3-sloth/sloth-runner/internal/luainterface/crypto.go:197.17,201.4 3 0
github.com/chalkan3-sloth/sloth-runner/internal/luainterface/crypto.go:202.3,202.35 1 1
github.com/chalkan3-sloth/sloth-runner/internal/luainterface/crypto.go:205.2,206.10 2 1
github.com/chalkan3-sloth/sloth-runner/internal/luainterface/crypto.go:210.57,216.25 4 0
github.com/chalkan3-sloth/sloth-runner/internal/luainterface/crypto.go:216.25,219.3 2 0
github.com/chalkan3-sloth/sloth-runner/internal/luainterface/crypto.go:221.2,222.16 2 0
github.com/chalkan3-sloth/sloth-runner/internal/luainterface/crypto.go:222.16,226.3 3 0
github.com/chalkan3-sloth/sloth-runner/internal/luainterface/crypto.go:229.2,231.56 3 0
github.com/chalkan3-sloth/sloth-runner/internal/luainterface/crypto.go:231.56,235.3 3 0
github.com/chalkan3-sloth/sloth-runner/internal/luainterface/crypto.go:237.2,242.10 5 0
github.com/chalkan3-sloth/sloth-runner/internal/luainterface/crypto.go:245.57,251.25 4 0
github.com/chalkan3-sloth/sloth-runner/internal/luainterface/crypto.go:251.25,254.3 2 0
github.com/chalkan3-sloth/sloth-runner/internal/luainterface/crypto.go:256.2,257.16 2 0
github.com/chalkan3-sloth/sloth-runner/internal/luainterface/crypto.go:257.16,261.3 3 0
github.com/chalkan3-sloth/sloth-runner/internal/luainterface/crypto.go:263.2,263.37 1 0
github.com/chalkan3-sloth/sloth-runner/internal/luainterface/crypto.go:263.37,267.3 3 0
github.com/chalkan3-sloth/sloth-runner/internal/luainterface/crypto.go:269.2,270.16 2 0
github.com/chalkan3-sloth/sloth-runner/internal/luainterface/crypto.go:270.16,274.3 3 0
github.com/chalkan3-sloth/sloth-runner/internal/luainterface/crypto.go:276.2,283.10 6 0
github.com/chalkan3-sloth/sloth-runner/internal/luainterface/crypto.go:287.59,292.24 4 1
github.com/chalkan3-sloth/sloth-runner/internal/luainterface/crypto.go:292.24,294.17 2 1
github.com/chalkan3-sloth/sloth-runner/internal/luainterface/crypto.go:294.17,298.4 3 0
github.com/chalkan3-sloth/sloth-runner/internal/luainterface/crypto.go:299.3,299.33 1 1
github.com/chalkan3-sloth/sloth-runner/internal/luainterface/crypto.go:302.2,303.10 2 1
github.com/chalkan3-sloth/sloth-runner/internal/luainterface/crypto.go:306.58,310.44 3 1
github.com/chalkan3-sloth/sloth-runner/internal/luainterface/crypto.go:310.44,314.3 3 0
github.com/chalkan3-sloth/sloth-runner/internal/luainterface/crypto.go:316.2,318.10 3 1
github.com/chalkan3-sloth/sloth-runner/internal/luainterface/data.go:18.34,20.2 1 1
github.com/chalkan3-sloth/sloth-runner/internal/luainterface/data.go:23.40,59.2 21 1
github.com/chalkan3-sloth/sloth-runner/internal/luainterface/data.go:62.55,66.16 3 0
github.com/chalkan3-sloth/sloth-runner/internal/luainterface/data.go:66.16,70.3 3 0
github.com/chalkan3-sloth/sloth-runner/internal/luainterface/data.go:72.2,73.16 2 0
github.com/chalkan3-sloth/sloth-runner/internal/luainterface/data.go:73.16,77.3 3 0
github.com/chalkan3-sloth/sloth-runner/internal/luainterface/data.go:79.2,80.10 2 0
github.com/chalkan3-sloth/sloth-runner/internal/luainterface/data.go:83.55,88.16 4 0
github.com/chalkan3-sloth/sloth-runner/internal/luainterface/data.go:88.16,92.3 3 0
github.com/chalkan3-sloth/sloth-runner/internal/luainterface/data.go:94.2,96.10 3 0
github.com/chalkan3-sloth/sloth-runner/internal/luainterface/data.go:99.55,103.16 3 0
github.com/chalkan3-sloth/sloth-runner/internal/luainterface/data.go:103.16,107.3 3 0
github.com/chalkan3-sloth/sloth-runner/internal/luainterface/data.go:109.2,110.16 2 0
github.com/chalkan3-sloth/sloth-runner/internal/luainterface/data.go:110.16,114.3 3 0
github.com/chalkan3-sloth/sloth-runner/internal/luainterface/data.go:116.2,117.10 2 0
github.com/chalkan3-sloth/sloth-runner/internal/luainterface/data.go:120.57,125.16 4 0
github.com/chalkan3-sloth/sloth-runner/internal/luainterface/data.go:125.16,129.3 3 0
github.com/chalkan3-sloth/sloth-runner/internal/luainterface/data.go:131.2,132.10 2 0
github.com/chalkan3-sloth/sloth-runner/internal/luainterface/data.go:136.54,141.16 4 0
github.com/chalkan3-sloth/sloth-runner/internal/luainterface/data.go:141.16,145.3 3 0
github.com/chalkan3-sloth/sloth-runner/internal/luainterface/data.go:148.2,151.10 3 0
github.com/chalkan3-sloth/sloth-runner/internal/luainterface/data.go:154.54,160.16 4 0
github.com/chalkan3-sloth/sloth-runner/internal/luainterface/data.go:160.16,164.3 3 0
github.com/chalkan3-sloth/sloth-runner/internal/luainterface/data.go:166.2,168.10 3 0
github.com/chalkan3-sloth/sloth-runner/internal/luainterface/data.go:171.54,176.16 4 0
github.com/chalkan3-sloth/sloth-runner/internal/luainterface/data.go:176.16,180.3 3 0
github.com/chalkan3-sloth/sloth-runner/internal/luainterface/data.go:182.2,183.16 2 0
github.com/chalkan3-sloth/sloth-runner/internal/luainterface/data.go:183.16,187.3 3 0
github.com/chalkan3-sloth/sloth-runner/internal/luainterface/data.go:189.2,190.10 2 0
github.com/chalkan3-sloth/sloth-runner/internal/luainterface/data.go:194.55,198.16 3 0
github.com/chalkan3-sloth/sloth-runner/internal/luainterface/data.go:198.16,202.3 3 0
github.com/chalkan3-sloth/sloth-runner/internal/luainterface/data.go:204.2,205.16 2 0
github.com/chalkan3-sloth/sloth-runner/internal/luainterface/data.go:205.16,209.3 3 0
github.com/chalkan3-sloth/sloth-runner/internal/luainterface/data.go:211.2,212.10 2 0
github.com/chalkan3-sloth/sloth-runner/internal/luainterface/data.go:215.55,220.16 4 0
github.com/chalkan3-sloth/sloth-runner/internal/luainterface/data.go:220.16,224.3 3 0
github.com/chalkan3-sloth/sloth-runner/internal/luainterface/data.go:226.2,228.10 3 0
github.com/chalkan3-sloth/sloth-runner/internal/luainterface/data.go:231.55,236.16 4 0
github.com/chalkan3-sloth/sloth-runner/internal/luainterface/data.go:236.16,240.3 3 0
github.com/chalkan3-sloth/sloth-runner/internal/luainterface/data.go:242.2,243.16 2 0
github.com/chalkan3-sloth/sloth-runner/internal/luainterface/data.go:243.16,247.3 3 0
github.com/chalkan3-sloth/sloth-runner/internal/luainterface/data.go:249.2,250.10 2 0
github.com/chalkan3-sloth/sloth-runner/internal/luainterface/data.go:253.55,258.16 4 0
github.com/chalkan3-sloth/sloth-runner/internal/luainterface/data.go:258.16,262.3 3 0
github.com/chalkan3-sloth/sloth-runner/internal/luainterface/data.go:264.2,265.16 2 0
github.com/chalkan3-sloth/sloth-runner/internal/luainterface/data.go:265.16,269.3 3 0
github.com/chalkan3-sloth/sloth-runner/internal/luainterface/data.go:271.2,272.10 2 0
github.com/chalkan3-sloth/sloth-runner/internal/luainterface/data.go:276.53,283.29 5 0
github.com/chalkan3-sloth/sloth-runner/internal/luainterface/data.go:283.29,284.36 1 0
github.com/chalkan3-sloth/sloth-runner/internal/luainterface/data.go:284.36,285.12 1 0
github.com/chalkan3-sloth/sloth-runner/internal/luainterface/data.go:288.3,291.32 3 0
github.com/chalkan3-sloth/sloth-runner/internal/luainterface/data.go:291.32,293.4 1 0
github.com/chalkan3-sloth/sloth-runner/internal/luainterface/data.go:295.3,295.29 1 0
github.com/chalkan3-sloth/sloth-runner/internal/luainterface/data.go:298.2,299.10 2 0
github.com/chalkan3-sloth/sloth-runner/internal/luainterface/data.go:302.56,308.44 4 0
github.com/chalkan3-sloth/sloth-runner/internal/luainterface/data.go:308.44,309.41 1 0
github.com/chalkan3-sloth/sloth-runner/internal/luainterface/data.go:309.41,311.38 2 0
github.com/chalkan3-sloth/sloth-runner/internal/luainterface/data.go:311.38,313.5 1 0
github.com/chalkan3-sloth/sloth-runner/internal/luainterface/data.go:314.4,314.58 1 0
github.com/chalkan3-sloth/sloth-runner/internal/luainterface/data.go:318.2,319.10 2 0
github.com/chalkan3-sloth/sloth-runner/internal/luainterface/data.go:323.54,331.45 4 0
github.com/chalkan3-sloth/sloth-runner/internal/luainterface/data.go:331.45,333.3 1 0
github.com/chalkan3-sloth/sloth-runner/internal/luainterface/data.go:336.2,336.45 1 0
github.com/chalkan3-sloth/sloth-runner/internal/luainterface/data.go:336.45,338.3 1 0
github.com/chalkan3-sloth/sloth-runner/internal/luainterface/data.go:340.2,341.10 2 0
github.com/chalkan3-sloth/sloth-runner/internal/luainterface/data.go:344.52,353.2 6 1
github.com/chalkan3-sloth/sloth-runner/internal/luainterface/data.go:355.54,361.44 4 0
github.com/chalkan3-sloth/sloth-runner/internal/luainterface/data.go:361.44,366.30 4 0
github.com/chalkan3-sloth/sloth-runner/internal/luainterface/data.go:366.30,367.25 1 0
github.com/chalkan3-sloth/sloth-runner/internal/luainterface/data.go:367.25,369.5 1 0
github.com/chalkan3-sloth/sloth-runner/internal/luainterface/data.go:369.10,371.25 2 0
github.com/chalkan3-sloth/sloth-runner/internal/luainterface/data.go:371.25,374.6 2 0
github.com/chalkan3-sloth/sloth-runner/internal/luainterface/data.go:375.5,375.33 1 0
github.com/chalkan3-sloth/sloth-runner/internal/luainterface/data.go:380.2,381.10 2 0
github.com/chalkan3-sloth/sloth-runner/internal/luainterface/data.go:384.52,392.29 6 0
github.com/chalkan3-sloth/sloth-runner/internal/luainterface/data.go:392.29,393.43 1 0
github.com/chalkan3-sloth/sloth-runner/internal/luainterface/data.go:393.43,395.27 2 0
github.com/chalkan3-sloth/sloth-runner/internal/luainterface/data.go:395.27,398.5 2 0
github.com/chalkan3-sloth/sloth-runner/internal/luainterface/data.go:399.9,402.4 2 0
github.com/chalkan3-sloth/sloth-runner/internal/luainterface/data.go:405.2,406.10 2 0
github.com/chalkan3-sloth/sloth-runner/internal/luainterface/data.go:409.52,418.29 7 0
github.com/chalkan3-sloth/sloth-runner/internal/luainterface/data.go:418.29,419.24 1 0
github.com/chalkan3-sloth/sloth-runner/internal/luainterface/data.go:419.24,421.4 1 0
github.com/chalkan3-sloth/sloth-runner/internal/luainterface/data.go:421.9,423.24 2 0
github.com/chalkan3-sloth/sloth-runner/internal/luainterface/data.go:423.24,426.5 2 0
github.com/chalkan3-sloth/sloth-runner/internal/luainterface/data.go:427.4,427.32 1 0
github.com/chalkan3-sloth/sloth-runner/internal/luainterface/data.go:431.2,432.10 2 0
github.com/chalkan3-sloth/sloth-runner/internal/luainterface/data.go:436.59,437.24 1 0
github.com/chalkan3-sloth/sloth-runner/internal/luainterface/data.go:438.17,439.22 1 0
github.com/chalkan3-sloth/sloth-runner/internal/luainterface/data.go:440.19,441.24 1 0
github.com/chalkan3-sloth/sloth-runner/internal/luainterface/data.go:442.19,443.25 1 0
github.com/chalkan3-sloth/sloth-runner/internal/luainterface/data.go:444.19,447.41 3 0
github.com/chalkan3-sloth/sloth-runner/internal/luainterface/data.go:447.41,450.4 2 0
github.com/chalkan3-sloth/sloth-runner/internal/luainterface/data.go:451.3,451.21 1 0
github.com/chalkan3-sloth/sloth-runner/internal/luainterface/data.go:452.21,453.18 1 0
github.com/chalkan3-sloth/sloth-runner/internal/luainterface/data.go:454.10,455.56 1 0
github.com/chalkan3-sloth/sloth-runner/internal/luainterface/data.go:459.68,460.18 1 0
github.com/chalkan3-sloth/sloth-runner/internal/luainterface/data.go:460.18,462.3 1 0
github.com/chalkan3-sloth/sloth-runner/internal/luainterface/data.go:464.2,464.27 1 0
github.com/chalkan3-sloth/sloth-runner/internal/luainterface/data.go:465.12,466.22 1 0
github.com/chalkan3-sloth/sloth-runner/internal/luainterface/data.go:467.14,468.24 1 0
github.com/chalkan3-sloth/sloth-runner/internal/luainterface/data.go:469.11,470.24 1 0
github.com/chalkan3-sloth/sloth-runner/internal/luainterface/data.go:471.13,472.24 1 0
github.com/chalkan3-sloth/sloth-runner/internal/luainterface/data.go:473.15,474.24 1 0
github.com/chalkan3-sloth/sloth-runner/internal/luainterface/data.go:475.30,477.27 2 0
github.com/chalkan3-sloth/sloth-runner/internal/luainterface/data.go:477.27,479.4 1 0
github.com/chalkan3-sloth/sloth-runner/internal/luainterface/data.go:480.3,480.15 1 0
github.com/chalkan3-sloth/sloth-runner/internal/luainterface/data.go:481.21,483.25 2 0
github.com/chalkan3-sloth/sloth-runner/internal/luainterface/data.go:483.25,485.4 1 0
github.com/chalkan3-sloth/sloth-runner/internal/luainterface/data.go:486.3,486.15 1 0
github.com/chalkan3-sloth/sloth-runner/internal/luainterface/data.go:487.10,488.43 1 0
github.com/chalkan3-sloth/sloth-runner/internal/luainterface/data.go:492.46,493.26 1 0
github.com/chalkan3-sloth/sloth-runner/internal/luainterface/data.go:494.14,495.11 1 0
github.com/chalkan3-sloth/sloth-runner/internal/luainterface/data.go:496.27,497.30 1 0
github.com/chalkan3-sloth/sloth-runner/internal/luainterface/data.go:498.12,499.31 1 0
github.com/chalkan3-sloth/sloth-runner/internal/luainterface/data.go:500.30,502.29 2 0
github.com/chalkan3-sloth/sloth-runner/internal/luainterface/data.go:502.29,504.4 1 0
github.com/chalkan3-sloth/sloth-runner/internal/luainterface/data.go:505.3,505.25 1 0
github.com/chalkan3-sloth/sloth-runner/internal/luainterface/data.go:506.21,508.27 2 0
github.com/chalkan3-sloth/sloth-runner/internal/luainterface/data.go:508.27,510.4 1 0
github.com/chalkan3-sloth/sloth-runner/internal/luainterface/data.go:511.3,511.25 1 0
github.com/chalkan3-sloth/sloth-runner/internal/luainterface/data.go:512.10,513.30 1 0
github.com/chalkan3-sloth/sloth-runner/internal/luainterface/data.go:517.85,518.45 1 1
github.com/chalkan3-sloth/sloth-runner/internal/luainterface/data.go:518.45,521.19 3 1
github.com/chalkan3-sloth/sloth-runner/internal/luainterface/data.go:521.19,523.4 1 1
github.com/chalkan3-sloth/sloth-runner/internal/luainterface/data.go:525.3,525.46 1 1
github.com/chalkan3-sloth/sloth-runner/internal/luainterface/data.go:525.46,527.4 1 1
github.com/chalkan3-sloth/sloth-runner/internal/luainterface/data.go:527.9,529.4 1 1
github.com/chalkan3-sloth/sloth-runner/internal/luainterface/database.go:20.42,24.2 1 1
github.com/chalkan3-sloth/sloth-runner/internal/luainterface/database.go:27.44,61.2 19 1
github.com/chalkan3-sloth/sloth-runner/internal/luainterface/database.go:64.57,70.66 4 0
github.com/chalkan3-sloth/sloth-runner/internal/luainterface/database.go:70.66,72.3 1 0
github.com/chalkan3-sloth/sloth-runner/internal/luainterface/database.go:74.2,75.16 2 0
github.com/chalkan3-sloth/sloth-runner/internal/luainterface/database.go:75.16,79.3 3 0
github.com/chalkan3-sloth/sloth-runner/internal/luainterface/database.go:82.2,82.37 1 0
github.com/chalkan3-sloth/sloth-runner/internal/luainterface/database.go:82.37,87.3 4 0
github.com/chalkan3-sloth/sloth-runner/internal/luainterface/database.go:89.2,93.10 4 0
github.com/chalkan3-sloth/sloth-runner/internal/luainterface/database.go:96.55,99.61 2 0
github.com/chalkan3-sloth/sloth-runner/internal/luainterface/database.go:99.61,103.17 3 0
github.com/chalkan3-sloth/sloth-runner/internal/luainterface/database.go:103.17,107.4 3 0
github.com/chalkan3-sloth/sloth-runner/internal/luainterface/database.go:110.2,111.10 2 0
github.com/chalkan3-sloth/sloth-runner/internal/luainterface/database.go:114.54,118.13 3 0
github.com/chalkan3-sloth/sloth-runner/internal/luainterface/database.go:118.13,122.3 3 0
github.com/chalkan3-sloth/sloth-runner/internal/luainterface/database.go:124.2,125.16 2 0
github.com/chalkan3-sloth/sloth-runner/internal/luainterface/database.go:125.16,129.3 3 0
github.com/chalkan3-sloth/sloth-runner/internal/luainterface/database.go:131.2,132.10 2 0
github.com/chalkan3-sloth/sloth-runner/internal/luainterface/database.go:136.55,142.35 4 0
github.com/chalkan3-sloth/sloth-runner/internal/luainterface/database.go:142.35,144.3 1 0
github.com/chalkan3-sloth/sloth-runner/internal/luainterface/database.go:146.2,147.13 2 0
github.com/chalkan3-sloth/sloth-runner/internal/luainterface/database.go:147.13,151.3 3 0
github.com/chalkan3-sloth/sloth-runner/internal/luainterface/database.go:153.2,154.16 2 0
github.com/chalkan3-sloth/sloth-runner/internal/luainterface/database.go:154.16,158.3 3 0
github.com/chalkan3-sloth/sloth-runner/internal/luainterface/database.go:159.2,163.16 3 0
github.com/chalkan3-sloth/sloth-runner/internal/luainterface/database.go:163.16,167.3 3 0
github.com/chalkan3-sloth/sloth-runner/internal/luainterface/database.go:170.2,173.18 3 0
github.com/chalkan3-sloth/sloth-runner/internal/luainterface/database.go:173.18,177.25 3 0
github.com/chalkan3-sloth/sloth-runner/internal/luainterface/database.go:177.25,179.4 1 0
github.com/chalkan3-sloth/sloth-runner/internal/luainterface/database.go:182.3,182.49 1 0
github.com/chalkan3-sloth/sloth-runner/internal/luainterface/database.go:182.49,186.4 3 0
github.com/chalkan3-sloth/sloth-runner/internal/luainterface/database.go:189.3,190.31 2 0
github.com/chalkan3-sloth/sloth-runner/internal/luainterface/database.go:190.31,193.4 2 0
github.com/chalkan3-sloth/sloth-runner/internal/luainterface/database.go:195.3,196.13 2 0
github.com/chalkan3-sloth/sloth-runner/internal/luainterface/database.go:199.2,199.35 1 0
github.com/chalkan3-sloth/sloth-runner/internal/luainterface/database.go:199.35,203.3 3 0
github.com/chalkan3-sloth/sloth-runner/internal/luainterface/database.go:205.2,206.10 2 0
github.com/chalkan3-sloth/sloth-runner/internal/luainterface/database.go:209.54,215.35 4 0
github.com/chalkan3-sloth/sloth-runner/internal/luainterface/database.go:215.35,217.3 1 0
github.com/chalkan3-sloth/sloth-runner/internal/luainterface/database.go:219.2,220.13 2 0
github.com/chalkan3-sloth/sloth-runner/internal/luainterface/database.go:220.13,224.3 3 0
github.com/chalkan3-sloth/sloth-runner/internal/luainterface/database.go:226.2,227.16 2 0
github.com/chalkan3-sloth/sloth-runner/internal/luainterface/database.go:227.16,231.3 3 0
github.com/chalkan3-sloth/sloth-runner/internal/luainterface/database.go:234.2,242.10 7 0
github.com/chalkan3-sloth/sloth-runner/internal/luainterface/database.go:245.57,250.13 4 0
github.com/chalkan3-sloth/sloth-runner/internal/luainterface/database.go:250.13,254.3 3 0
github.com/chalkan3-sloth/sloth-runner/internal/luainterface/database.go:256.2,257.16 2 0
github.com/chalkan3-sloth/sloth-runner/internal/luainterface/database.go:257.16,261.3 3 0
github.com/chalkan3-sloth/sloth-runner/internal/luainterface/database.go:264.2,267.10 4 0
github.com/chalkan3-sloth/sloth-runner/internal/luainterface/database.go:271.55,275.13 3 0
github.com/chalkan3-sloth/sloth-runner/internal/luainterface/database.go:275.13,279.3 3 0
github.com/chalkan3-sloth/sloth-runner/internal/luainterface/database.go:281.2,282.16 2 0
github.com/chalkan3-sloth/sloth-runner/internal/luainterface/database.go:282.16,286.3 3 0
github.com/chalkan3-sloth/sloth-runner/internal/luainterface/database.go:289.2,292.10 4 0
github.com/chalkan3-sloth/sloth-runner/internal/luainterface/database.go:295.56,299.9 3 0
github.com/chalkan3-sloth/sloth-runner/internal/luainterface/database.go:299.9,303.3 3 0
github.com/chalkan3-sloth/sloth-runner/internal/luainterface/database.go:305.2,306.16 2 0
github.com/chalkan3-sloth/sloth-runner/internal/luainterface/database.go:306.16,310.3 3 0
github.com/chalkan3-sloth/sloth-runner/internal/luainterface/database.go:312.2,313.10 2 0
github.com/chalkan3-sloth/sloth-runner/internal/luainterface/database.go:316.58,320.9 3 0
github.com/chalkan3-sloth/sloth-runner/internal/luainterface/database.go:320.9,324.3 3 0
github.com/chalkan3-sloth/sloth-runner/internal/luainterface/database.go:326.2,327.16 2 0
github.com/chalkan3-sloth/sloth-runner/internal/luainterface/database.go:327.16,331.3 3 0
github.com/chalkan3-sloth/sloth-runner/internal/luainterface/database.go:333.2,334.10 2 0
github.com/chalkan3-sloth/sloth-runner/internal/luainterface/database.go:337.61,342.13 4 0
github.com/chalkan3-sloth/sloth-runner/internal/luainterface/database.go:342.13,346.3 3 0
github.com/chalkan3-sloth/sloth-runner/internal/luainterface/database.go:348.2,349.16 2 0
github.com/chalkan3-sloth/sloth-runner/internal/luainterface/database.go:349.16,353.3 3 0
github.com/chalkan3-sloth/sloth-runner/internal/luainterface/database.go:356.2,362.16 6 0
github.com/chalkan3-sloth/sloth-runner/internal/luainterface/database.go:362.16,367.3 4 0
github.com/chalkan3-sloth/sloth-runner/internal/luainterface/database.go:370.2,373.35 3 0
github.com/chalkan3-sloth/sloth-runner/internal/luainterface/database.go:373.35,378.3 4 0
github.com/chalkan3-sloth/sloth-runner/internal/luainterface/database.go:380.2,381.16 2 0
github.com/chalkan3-sloth/sloth-runner/internal/luainterface/database.go:381.16,385.3 3 0
github.com/chalkan3-sloth/sloth-runner/internal/luainterface/database.go:387.2,388.10 2 0
github.com/chalkan3-sloth/sloth-runner/internal/luainterface/database.go:392.56,398.2 4 0
github.com/chalkan3-sloth/sloth-runner/internal/luainterface/database.go:400.62,404.9 3 0
github.com/chalkan3-sloth/sloth-runner/internal/luainterface/database.go:404.9,408.3 3 0
github.com/chalkan3-sloth/sloth-runner/internal/luainterface/database.go:410.2,411.16 2 0
github.com/chalkan3-sloth/sloth-runner/internal/luainterface/database.go:411.16,415.3 3 0
github.com/chalkan3-sloth/sloth-runner/internal/luainterface/database.go:417.2,418.10 2 0
github.com/chalkan3-sloth/sloth-runner/internal/luainterface/database.go:421.62,425.9 3 0
github.com/chalkan3-sloth/sloth-runner/internal/luainterface/database.go:425.9,429.3 3 0
github.com/chalkan3-sloth/sloth-runner/internal/luainterface/database.go:431.2,432.16 2 0
github.com/chalkan3-sloth/sloth-runner/internal/luainterface/database.go:432.16,436.3 3 0
github.com/chalkan3-sloth/sloth-runner/internal/luainterface/database.go:438.2,439.10 2 0
github.com/chalkan3-sloth/sloth-runner/internal/luainterface/database.go:443.53,444.24 1 0
github.com/chalkan3-sloth/sloth-runner/internal/luainterface/database.go:445.17,446.17 1 0
github.com/chalkan3-sloth/sloth-runner/internal/luainterface/database.go:447.19,448.19 1 0
github.com/chalkan3-sloth/sloth-runner/internal/luainterface/database.go:449.19,450.20 1 0
github.com/chalkan3-sloth/sloth-runner/internal/luainterface/database.go:451.21,452.13 1 0
github.com/chalkan3-sloth/sloth-runner/internal/luainterface/database.go:453.10,454.27 1 0
github.com/chalkan3-sloth/sloth-runner/internal/luainterface/database.go:458.71,459.18 1 0
github.com/chalkan3-sloth/sloth-runner/internal/luainterface/database.go:459.18,461.3 1 0
github.com/chalkan3-sloth/sloth-runner/internal/luainterface/database.go:463.2,464.18 2 0
github.com/chalkan3-sloth/sloth-runner/internal/luainterface/database.go:464.18,466.3 1 0
github.com/chalkan3-sloth/sloth-runner/internal/luainterface/database.go:469.2,469.29 1 0
github.com/chalkan3-sloth/sloth-runner/internal/luainterface/database.go:469.29,470.16 1 0
github.com/chalkan3-sloth/sloth-runner/internal/luainterface/database.go:470.16,472.4 1 0
github.com/chalkan3-sloth/sloth-runner/internal/luainterface/database.go:473.3,473.15 1 0
github.com/chalkan3-sloth/sloth-runner/internal/luainterface/database.go:476.2,476.18 1 0
github.com/chalkan3-sloth/sloth-runner/internal/luainterface/database.go:477.20,478.29 1 0
github.com/chalkan3-sloth/sloth-runner/internal/luainterface/database.go:479.22,480.33 1 0
github.com/chalkan3-sloth/sloth-runner/internal/luainterface/database.go:481.78,482.30 1 0
github.com/chalkan3-sloth/sloth-runner/internal/luainterface/database.go:483.83,484.31 1 0
github.com/chalkan3-sloth/sloth-runner/internal/luainterface/database.go:485.40,486.32 1 0
github.com/chalkan3-sloth/sloth-runner/internal/luainterface/database.go:487.21,488.46 1 0
github.com/chalkan3-sloth/sloth-runner/internal/luainterface/database.go:488.46,491.4 1 0
github.com/chalkan3-sloth/sloth-runner/internal/luainterface/database.go:492.3,492.14 1 0
github.com/chalkan3-sloth/sloth-runner/internal/luainterface/database.go:493.10,494.47 1 0
github.com/chalkan3-sloth/sloth-runner/internal/luainterface/digitalocean.go:14.50,16.2 1 0
github.com/chalkan3-sloth/sloth-runner/internal/luainterface/digitalocean.go:19.58,37.2 7 0
github.com/chalkan3-sloth/sloth-runner/internal/luainterface/digitalocean.go:41.58,45.44 3 0
github.com/chalkan3-sloth/sloth-runner/internal/luainterface/digitalocean.go:45.44,47.3 1 0
github.com/chalkan3-sloth/sloth-runner/internal/luainterface/digitalocean.go:50.2,60.16 8 0
github.com/chalkan3-sloth/sloth-runner/internal/luainterface/digitalocean.go:60.16,61.47 1 0
github.com/chalkan3-sloth/sloth-runner/internal/luainterface/digitalocean.go:61.47,63.4 1 0
github.com/chalkan3-sloth/sloth-runner/internal/luainterface/digitalocean.go:63.9,65.4 1 0
github.com/chalkan3-sloth/sloth-runner/internal/luainterface/digitalocean.go:68.2,74.10 6 0
github.com/chalkan3-sloth/sloth-runner/internal/luainterface/digitalocean.go:79.64,85.27 4 0
github.com/chalkan3-sloth/sloth-runner/internal/luainterface/digitalocean.go:85.27,87.3 1 0
github.com/chalkan3-sloth/sloth-runner/internal/luainterface/digitalocean.go:88.2,96.19 7 0
github.com/chalkan3-sloth/sloth-runner/internal/luainterface/digitalocean.go:96.19,100.3 3 0
github.com/chalkan3-sloth/sloth-runner/internal/luainterface/digitalocean.go:103.2,107.43 4 0
github.com/chalkan3-sloth/sloth-runner/internal/luainterface/digitalocean.go:107.43,111.3 3 0
github.com/chalkan3-sloth/sloth-runner/internal/luainterface/digitalocean.go:113.2,114.10 2 0
github.com/chalkan3-sloth/sloth-runner/internal/luainterface/digitalocean.go:119.66,124.21 4 0
github.com/chalkan3-sloth/sloth-runner/internal/luainterface/digitalocean.go:124.21,128.3 3 0
github.com/chalkan3-sloth/sloth-runner/internal/luainterface/digitalocean.go:130.2,131.11 2 0
github.com/chalkan3-sloth/sloth-runner/internal/luainterface/digitalocean.go:131.11,133.3 1 0
github.com/chalkan3-sloth/sloth-runner/internal/luainterface/digitalocean.go:136.2,138.27 3 0
github.com/chalkan3-sloth/sloth-runner/internal/luainterface/digitalocean.go:138.27,140.3 1 0
github.com/chalkan3-sloth/sloth-runner/internal/luainterface/digitalocean.go:141.2,147.19 5 0
github.com/chalkan3-sloth/sloth-runner/internal/luainterface/digitalocean.go:147.19,151.3 3 0
github.com/chalkan3-sloth/sloth-runner/internal/luainterface/digitalocean.go:153.2,154.10 2 0
github.com/chalkan3-sloth/sloth-runner/internal/luainterface/docker.go:15.38,17.2 1 0
github.com/chalkan3-sloth/sloth-runner/internal/luainterface/docker.go:20.52,30.2 4 0
github.com/chalkan3-sloth/sloth-runner/internal/luainterface/docker.go:34.59,37.44 3 0
github.com/chalkan3-sloth/sloth-runner/internal/luainterface/docker.go:37.44,39.3 1 0
github.com/chalkan3-sloth/sloth-runner/internal/luainterface/docker.go:40.2,40.34 1 0
github.com/chalkan3-sloth/sloth-runner/internal/luainterface/docker.go:44.73,52.16 7 0
github.com/chalkan3-sloth/sloth-runner/internal/luainterface/docker.go:52.16,53.47 1 0
github.com/chalkan3-sloth/sloth-runner/internal/luainterface/docker.go:53.47,55.4 1 0
github.com/chalkan3-sloth/sloth-runner/internal/luainterface/docker.go:55.9,57.4 1 0
github.com/chalkan3-sloth/sloth-runner/internal/luainterface/docker.go:60.2,67.10 7 0
github.com/chalkan3-sloth/sloth-runner/internal/luainterface/docker.go:71.57,78.29 6 0
github.com/chalkan3-sloth/sloth-runner/internal/luainterface/docker.go:78.29,82.3 3 0
github.com/chalkan3-sloth/sloth-runner/internal/luainterface/docker.go:84.2,85.22 2 0
github.com/chalkan3-sloth/sloth-runner/internal/luainterface/docker.go:85.22,87.3 1 0
github.com/chalkan3-sloth/sloth-runner/internal/luainterface/docker.go:88.2,88.25 1 0
github.com/chalkan3-sloth/sloth-runner/internal/luainterface/docker.go:88.25,89.52 1 0
github.com/chalkan3-sloth/sloth-runner/internal/luainterface/docker.go:89.52,92.4 2 0
github.com/chalkan3-sloth/sloth-runner/internal/luainterface/docker.go:94.2,96.34 2 0
github.com/chalkan3-sloth/sloth-runner/internal/luainterface/docker.go:100.56,104.15 3 0
github.com/chalkan3-sloth/sloth-runner/internal/luainterface/docker.go:104.15,108.3 3 0
github.com/chalkan3-sloth/sloth-runner/internal/luainterface/docker.go:109.2,110.34 2 0
github.com/chalkan3-sloth/sloth-runner/internal/luainterface/docker.go:114.55,122.17 7 0
github.com/chalkan3-sloth/sloth-runner/internal/luainterface/docker.go:122.17,126.3 3 0
github.com/chalkan3-sloth/sloth-runner/internal/luainterface/docker.go:128.2,129.12 2 0
github.com/chalkan3-sloth/sloth-runner/internal/luainterface/docker.go:129.12,131.3 1 0
github.com/chalkan3-sloth/sloth-runner/internal/luainterface/docker.go:132.2,132.16 1 0
github.com/chalkan3-sloth/sloth-runner/internal/luainterface/docker.go:132.16,134.3 1 0
github.com/chalkan3-sloth/sloth-runner/internal/luainterface/docker.go:135.2,135.21 1 0
github.com/chalkan3-sloth/sloth-runner/internal/luainterface/docker.go:135.21,136.46 1 0
github.com/chalkan3-sloth/sloth-runner/internal/luainterface/docker.go:136.46,138.4 1 0
github.com/chalkan3-sloth/sloth-runner/internal/luainterface/docker.go:140.2,140.19 1 0
github.com/chalkan3-sloth/sloth-runner/internal/luainterface/docker.go:140.19,141.46 1 0
github.com/chalkan3-sloth/sloth-runner/internal/luainterface/docker.go:141.46,144.4 2 0
github.com/chalkan3-sloth/sloth-runner/internal/luainterface/docker.go:146.2,148.34 2 0
github.com/chalkan3-sloth/sloth-runner/internal/luainterface/file_ops.go:26.40,28.2 1 1
github.com/chalkan3-sloth/sloth-runner/internal/luainterface/file_ops.go:31.51,35.2 3 1
github.com/chalkan3-sloth/sloth-runner/internal/luainterface/file_ops.go:37.61,48.2 1 1
github.com/chalkan3-sloth/sloth-runner/internal/luainterface/file_ops.go:52.49,58.15 4 1
github.com/chalkan3-sloth/sloth-runner/internal/luainterface/file_ops.go:58.15,62.3 3 0
github.com/chalkan3-sloth/sloth-runner/internal/luainterface/file_ops.go:63.2,63.15 1 1
github.com/chalkan3-sloth/sloth-runner/internal/luainterface/file_ops.go:63.15,67.3 3 0
github.com/chalkan3-sloth/sloth-runner/internal/luainterface/file_ops.go:70.2,71.16 2 1
github.com/chalkan3-sloth/sloth-runner/internal/luainterface/file_ops.go:71.16,75.3 3 1
github.com/chalkan3-sloth/sloth-runner/internal/luainterface/file_ops.go:78.2,79.50 2 1
github.com/chalkan3-sloth/sloth-runner/internal/luainterface/file_ops.go:79.50,83.3 3 0
github.com/chalkan3-sloth/sloth-runner/internal/luainterface/file_ops.go:86.2,87.16 2 1
github.com/chalkan3-sloth/sloth-runner/internal/luainterface/file_ops.go:87.16,91.3 3 0
github.com/chalkan3-sloth/sloth-runner/internal/luainterface/file_ops.go:92.2,95.16 3 1
github.com/chalkan3-sloth/sloth-runner/internal/luainterface/file_ops.go:95.16,99.3 3 0
github.com/chalkan3-sloth/sloth-runner/internal/luainterface/file_ops.go:100.2,102.53 2 1
github.com/chalkan3-sloth/sloth-runner/internal/luainterface/file_ops.go:102.53,106.3 3 0
github.com/chalkan3-sloth/sloth-runner/internal/luainterface/file_ops.go:109.2,109.57 1 1
github.com/chalkan3-sloth/sloth-runner/internal/luainterface/file_ops.go:109.57,110.46 1 0
github.com/chalkan3-sloth/sloth-runner/internal/luainterface/file_ops.go:110.46,114.4 3 0
github.com/chalkan3-sloth/sloth-runner/internal/luainterface/file_ops.go:115.8,118.3 1 1
github.com/chalkan3-sloth/sloth-runner/internal/luainterface/file_ops.go:120.2,127.10 7 1
github.com/chalkan3-sloth/sloth-runner/internal/luainterface/file_ops.go:132.50,138.15 4 1
github.com/chalkan3-sloth/sloth-runner/internal/luainterface/file_ops.go:138.15,142.3 3 0
github.com/chalkan3-sloth/sloth-runner/internal/luainterface/file_ops.go:143.2,143.15 1 1
github.com/chalkan3-sloth/sloth-runner/internal/luainterface/file_ops.go:143.15,147.3 3 0
github.com/chalkan3-sloth/sloth-runner/internal/luainterface/file_ops.go:150.2,151.16 2 1
github.com/chalkan3-sloth/sloth-runner/internal/luainterface/file_ops.go:151.16,155.3 3 0
github.com/chalkan3-sloth/sloth-runner/internal/luainterface/file_ops.go:156.2,160.50 3 1
github.com/chalkan3-sloth/sloth-runner/internal/luainterface/file_ops.go:160.50,164.3 3 0
github.com/chalkan3-sloth/sloth-runner/internal/luainterface/file_ops.go:166.2,167.16 2 1
github.com/chalkan3-sloth/sloth-runner/internal/luainterface/file_ops.go:167.16,171.3 3 0
github.com/chalkan3-sloth/sloth-runner/internal/luainterface/file_ops.go:172.2,175.16 3 1
github.com/chalkan3-sloth/sloth-runner/internal/luainterface/file_ops.go:175.16,179.3 3 0
github.com/chalkan3-sloth/sloth-runner/internal/luainterface/file_ops.go:181.2,188.10 7 1
github.com/chalkan3-sloth/sloth-runner/internal/luainterface/file_ops.go:193.59,200.15 5 1
github.com/chalkan3-sloth/sloth-runner/internal/luainterface/file_ops.go:200.15,204.3 3 0
github.com/chalkan3-sloth/sloth-runner/internal/luainterface/file_ops.go:205.2,205.15 1 0
github.com/chalkan3-sloth/sloth-runner/internal/luainterface/file_ops.go:205.15,209.3 3 0
github.com/chalkan3-sloth/sloth-runner/internal/luainterface/file_ops.go:212.2,213.16 2 0
github.com/chalkan3-sloth/sloth-runner/internal/luainterface/file_ops.go:213.16,217.3 3 0
github.com/chalkan3-sloth/sloth-runner/internal/luainterface/file_ops.go:220.2,221.32 2 0
github.com/chalkan3-sloth/sloth-runner/internal/luainterface/file_ops.go:221.32,223.43 2 0
github.com/chalkan3-sloth/sloth-runner/internal/luainterface/file_ops.go:223.43,224.38 1 0
github.com/chalkan3-sloth/sloth-runner/internal/luainterface/file_ops.go:224.38,226.5 1 0
github.com/chalkan3-sloth/sloth-runner/internal/luainterface/file_ops.go:231.2,232.16 2 0
github.com/chalkan3-sloth/sloth-runner/internal/luainterface/file_ops.go:232.16,236.3 3 0
github.com/chalkan3-sloth/sloth-runner/internal/luainterface/file_ops.go:238.2,239.49 2 0
github.com/chalkan3-sloth/sloth-runner/internal/luainterface/file_ops.go:239.49,243.3 3 0
github.com/chalkan3-sloth/sloth-runner/internal/luainterface/file_ops.go:246.2,247.50 2 0
github.com/chalkan3-sloth/sloth-runner/internal/luainterface/file_ops.go:247.50,251.3 3 0
github.com/chalkan3-sloth/sloth-runner/internal/luainterface/file_ops.go:254.2,254.61 1 0
github.com/chalkan3-sloth/sloth-runner/internal/luainterface/file_ops.go:254.61,258.3 3 0
github.com/chalkan3-sloth/sloth-runner/internal/luainterface/file_ops.go:260.2,266.10 6 0
github.com/chalkan3-sloth/sloth-runner/internal/luainterface/file_ops.go:271.55,277.16 4 1
github.com/chalkan3-sloth/sloth-runner/internal/luainterface/file_ops.go:277.16,281.3 3 0
github.com/chalkan3-sloth/sloth-runner/internal/luainterface/file_ops.go:282.2,282.16 1 1
github.com/chalkan3-sloth/sloth-runner/internal/luainterface/file_ops.go:282.16,286.3 3 0
github.com/chalkan3-sloth/sloth-runner/internal/luainterface/file_ops.go:289.2,291.16 3 1
github.com/chalkan3-sloth/sloth-runner/internal/luainterface/file_ops.go:291.16,292.26 1 1
github.com/chalkan3-sloth/sloth-runner/internal/luainterface/file_ops.go:292.26,296.4 3 0
github.com/chalkan3-sloth/sloth-runner/internal/luainterface/file_ops.go:297.8,299.3 1 1
github.com/chalkan3-sloth/sloth-runner/internal/luainterface/file_ops.go:302.2,303.93 2 1
github.com/chalkan3-sloth/sloth-runner/internal/luainterface/file_ops.go:303.93,305.3 1 0
github.com/chalkan3-sloth/sloth-runner/internal/luainterface/file_ops.go:308.2,309.97 2 1
github.com/chalkan3-sloth/sloth-runner/internal/luainterface/file_ops.go:309.97,311.17 2 0
github.com/chalkan3-sloth/sloth-runner/internal/luainterface/file_ops.go:311.17,315.4 3 0
github.com/chalkan3-sloth/sloth-runner/internal/luainterface/file_ops.go:318.2,321.24 3 1
github.com/chalkan3-sloth/sloth-runner/internal/luainterface/file_ops.go:321.24,323.27 2 1
github.com/chalkan3-sloth/sloth-runner/internal/luainterface/file_ops.go:323.27,324.38 1 1
github.com/chalkan3-sloth/sloth-runner/internal/luainterface/file_ops.go:324.38,325.18 1 0
github.com/chalkan3-sloth/sloth-runner/internal/luainterface/file_ops.go:325.18,328.6 2 0
github.com/chalkan3-sloth/sloth-runner/internal/luainterface/file_ops.go:328.11,330.6 1 0
github.com/chalkan3-sloth/sloth-runner/internal/luainterface/file_ops.go:331.5,331.17 1 0
github.com/chalkan3-sloth/sloth-runner/internal/luainterface/file_ops.go:332.10,332.24 1 1
github.com/chalkan3-sloth/sloth-runner/internal/luainterface/file_ops.go:332.24,335.5 2 1
github.com/chalkan3-sloth/sloth-runner/internal/luainterface/file_ops.go:335.10,337.5 1 1
github.com/chalkan3-sloth/sloth-runner/internal/luainterface/file_ops.go:339.3,339.13 1 1
github.com/chalkan3-sloth/sloth-runner/internal/luainterface/file_ops.go:339.13,342.4 2 1
github.com/chalkan3-sloth/sloth-runner/internal/luainterface/file_ops.go:343.8,344.27 1 0
github.com/chalkan3-sloth/sloth-runner/internal/luainterface/file_ops.go:344.27,345.38 1 0
github.com/chalkan3-sloth/sloth-runner/internal/luainterface/file_ops.go:345.38,347.13 2 0
github.com/chalkan3-sloth/sloth-runner/internal/luainterface/file_ops.go:348.10,348.24 1 0
github.com/chalkan3-sloth/sloth-runner/internal/luainterface/file_ops.go:348.24,350.13 2 0
github.com/chalkan3-sloth/sloth-runner/internal/luainterface/file_ops.go:352.4,352.34 1 0
github.com/chalkan3-sloth/sloth-runner/internal/luainterface/file_ops.go:356.2,356.13 1 1
github.com/chalkan3-sloth/sloth-runner/internal/luainterface/file_ops.go:356.13,359.48 2 1
github.com/chalkan3-sloth/sloth-runner/internal/luainterface/file_ops.go:359.48,363.4 3 0
github.com/chalkan3-sloth/sloth-runner/internal/luainterface/file_ops.go:366.3,367.66 2 1
github.com/chalkan3-sloth/sloth-runner/internal/luainterface/file_ops.go:367.66,371.4 3 0
github.com/chalkan3-sloth/sloth-runner/internal/luainterface/file_ops.go:374.2,379.10 5 1
github.com/chalkan3-sloth/sloth-runner/internal/luainterface/file_ops.go:384.56,390.16 4 1
github.com/chalkan3-sloth/sloth-runner/internal/luainterface/file_ops.go:390.16,394.3 3 0
github.com/chalkan3-sloth/sloth-runner/internal/luainterface/file_ops.go:395.2,395.17 1 1
github.com/chalkan3-sloth/sloth-runner/internal/luainterface/file_ops.go:395.17,399.3 3 0
github.com/chalkan3-sloth/sloth-runner/internal/luainterface/file_ops.go:402.2,405.82 3 1
github.com/chalkan3-sloth/sloth-runner/internal/luainterface/file_ops.go:405.82,407.3 1 0
github.com/chalkan3-sloth/sloth-runner/internal/luainterface/file_ops.go:408.2,408.80 1 1
github.com/chalkan3-sloth/sloth-runner/internal/luainterface/file_ops.go:408.80,410.3 1 0
github.com/chalkan3-sloth/sloth-runner/internal/luainterface/file_ops.go:413.2,414.93 2 1
github.com/chalkan3-sloth/sloth-runner/internal/luainterface/file_ops.go:414.93,416.3 1 0
github.com/chalkan3-sloth/sloth-runner/internal/luainterface/file_ops.go:419.2,421.16 3 1
github.com/chalkan3-sloth/sloth-runner/internal/luainterface/file_ops.go:421.16,422.26 1 0
github.com/chalkan3-sloth/sloth-runner/internal/luainterface/file_ops.go:422.26,426.4 3 0
github.com/chalkan3-sloth/sloth-runner/internal/luainterface/file_ops.go:427.8,429.3 1 1
github.com/chalkan3-sloth/sloth-runner/internal/luainterface/file_ops.go:432.2,434.29 3 1
github.com/chalkan3-sloth/sloth-runner/internal/luainterface/file_ops.go:434.29,435.42 1 1
github.com/chalkan3-sloth/sloth-runner/internal/luainterface/file_ops.go:435.42,437.4 1 1
github.com/chalkan3-sloth/sloth-runner/internal/luainterface/file_ops.go:438.3,438.40 1 1
github.com/chalkan3-sloth/sloth-runner/internal/luainterface/file_ops.go:438.40,440.4 1 1
github.com/chalkan3-sloth/sloth-runner/internal/luainterface/file_ops.go:443.2,446.24 3 1
github.com/chalkan3-sloth/sloth-runner/internal/luainterface/file_ops.go:446.24,447.35 1 1
github.com/chalkan3-sloth/sloth-runner/internal/luainterface/file_ops.go:447.35,453.29 5 1
github.com/chalkan3-sloth/sloth-runner/internal/luainterface/file_ops.go:453.29,455.5 1 1
github.com/chalkan3-sloth/sloth-runner/internal/luainterface/file_ops.go:456.4,456.18 1 1
github.com/chalkan3-sloth/sloth-runner/internal/luainterface/file_ops.go:457.9,464.4 5 1
github.com/chalkan3-sloth/sloth-runner/internal/luainterface/file_ops.go:465.8,466.35 1 0
github.com/chalkan3-sloth/sloth-runner/internal/luainterface/file_ops.go:466.35,469.29 2 0
github.com/chalkan3-sloth/sloth-runner/internal/luainterface/file_ops.go:469.29,471.5 1 0
github.com/chalkan3-sloth/sloth-runner/internal/luainterface/file_ops.go:472.4,472.18 1 0
github.com/chalkan3-sloth/sloth-runner/internal/luainterface/file_ops.go:473.9,475.4 1 0
github.com/chalkan3-sloth/sloth-runner/internal/luainterface/file_ops.go:478.2,478.13 1 1
github.com/chalkan3-sloth/sloth-runner/internal/luainterface/file_ops.go:478.13,481.48 2 1
github.com/chalkan3-sloth/sloth-runner/internal/luainterface/file_ops.go:481.48,485.4 3 0
github.com/chalkan3-sloth/sloth-runner/internal/luainterface/file_ops.go:488.3,489.66 2 1
github.com/chalkan3-sloth/sloth-runner/internal/luainterface/file_ops.go:489.66,493.4 3 0
github.com/chalkan3-sloth/sloth-runner/internal/luainterface/file_ops.go:496.2,501.10 5 1
github.com/chalkan3-sloth/sloth-runner/internal/luainterface/file_ops.go:506.52,513.16 5 1
github.com/chalkan3-sloth/sloth-runner/internal/luainterface/file_ops.go:513.16,517.3 3 0
github.com/chalkan3-sloth/sloth-runner/internal/luainterface/file_ops.go:518.2,518.19 1 1
github.com/chalkan3-sloth/sloth-runner/internal/luainterface/file_ops.go:518.19,522.3 3 0
github.com/chalkan3-sloth/sloth-runner/internal/luainterface/file_ops.go:523.2,523.23 1 1
github.com/chalkan3-sloth/sloth-runner/internal/luainterface/file_ops.go:523.23,527.3 3 0
github.com/chalkan3-sloth/sloth-runner/internal/luainterface/file_ops.go:530.2,531.16 2 1
github.com/chalkan3-sloth/sloth-runner/internal/luainterface/file_ops.go:531.16,535.3 3 0
github.com/chalkan3-sloth/sloth-runner/internal/luainterface/file_ops.go:538.2,539.16 2 1
github.com/chalkan3-sloth/sloth-runner/internal/luainterface/file_ops.go:539.16,543.3 3 1
github.com/chalkan3-sloth/sloth-runner/internal/luainterface/file_ops.go:546.2,549.13 3 1
github.com/chalkan3-sloth/sloth-runner/internal/luainterface/file_ops.go:549.13,550.70 1 1
github.com/chalkan3-sloth/sloth-runner/internal/luainterface/file_ops.go:550.70,554.4 3 0
github.com/chalkan3-sloth/sloth-runner/internal/luainterface/file_ops.go:557.2,562.10 5 1
github.com/chalkan3-sloth/sloth-runner/internal/luainterface/file_ops.go:567.54,573.15 4 1
github.com/chalkan3-sloth/sloth-runner/internal/luainterface/file_ops.go:573.15,577.3 3 0
github.com/chalkan3-sloth/sloth-runner/internal/luainterface/file_ops.go:578.2,578.15 1 1
github.com/chalkan3-sloth/sloth-runner/internal/luainterface/file_ops.go:578.15,582.3 3 0
github.com/chalkan3-sloth/sloth-runner/internal/luainterface/file_ops.go:585.2,585.47 1 1
github.com/chalkan3-sloth/sloth-runner/internal/luainterface/file_ops.go:585.47,589.3 3 0
github.com/chalkan3-sloth/sloth-runner/internal/luainterface/file_ops.go:592.2,595.13 3 1
github.com/chalkan3-sloth/sloth-runner/internal/luainterface/file_ops.go:596.14,597.29 1 1
github.com/chalkan3-sloth/sloth-runner/internal/luainterface/file_ops.go:598.21,599.31 1 1
github.com/chalkan3-sloth/sloth-runner/internal/luainterface/file_ops.go:600.14,601.29 1 0
github.com/chalkan3-sloth/sloth-runner/internal/luainterface/file_ops.go:602.10,605.11 3 0
github.com/chalkan3-sloth/sloth-runner/internal/luainterface/file_ops.go:608.2,608.16 1 1
github.com/chalkan3-sloth/sloth-runner/internal/luainterface/file_ops.go:608.16,612.3 3 0
github.com/chalkan3-sloth/sloth-runner/internal/luainterface/file_ops.go:614.2,620.10 6 1
github.com/chalkan3-sloth/sloth-runner/internal/luainterface/file_ops.go:625.49,629.16 3 1
github.com/chalkan3-sloth/sloth-runner/internal/luainterface/file_ops.go:629.16,633.3 3 0
github.com/chalkan3-sloth/sloth-runner/internal/luainterface/file_ops.go:635.2,636.16 2 1
github.com/chalkan3-sloth/sloth-runner/internal/luainterface/file_ops.go:636.16,637.25 1 1
github.com/chalkan3-sloth/sloth-runner/internal/luainterface/file_ops.go:637.25,642.4 4 1
github.com/chalkan3-sloth/sloth-runner/internal/luainterface/file_ops.go:643.3,645.11 3 0
github.com/chalkan3-sloth/sloth-runner/internal/luainterface/file_ops.go:649.2,662.50 11 1
github.com/chalkan3-sloth/sloth-runner/internal/luainterface/file_ops.go:662.50,665.3 2 1
github.com/chalkan3-sloth/sloth-runner/internal/luainterface/file_ops.go:667.2,668.10 2 1
github.com/chalkan3-sloth/sloth-runner/internal/luainterface/file_ops.go:673.54,674.18 1 0
github.com/chalkan3-sloth/sloth-runner/internal/luainterface/file_ops.go:675.20,676.20 1 0
github.com/chalkan3-sloth/sloth-runner/internal/luainterface/file_ops.go:677.20,678.34 1 0
github.com/chalkan3-sloth/sloth-runner/internal/luainterface/file_ops.go:679.18,680.29 1 0
github.com/chalkan3-sloth/sloth-runner/internal/luainterface/file_ops.go:681.19,684.35 3 0
github.com/chalkan3-sloth/sloth-runner/internal/luainterface/file_ops.go:684.35,685.38 1 0
github.com/chalkan3-sloth/sloth-runner/internal/luainterface/file_ops.go:685.38,687.5 1 0
github.com/chalkan3-sloth/sloth-runner/internal/luainterface/file_ops.go:689.3,689.16 1 0
github.com/chalkan3-sloth/sloth-runner/internal/luainterface/file_ops.go:690.10,691.13 1 0
github.com/chalkan3-sloth/sloth-runner/internal/luainterface/file_ops.go:695.40,697.16 2 1
github.com/chalkan3-sloth/sloth-runner/internal/luainterface/file_ops.go:697.16,699.3 1 0
github.com/chalkan3-sloth/sloth-runner/internal/luainterface/file_ops.go:700.2,702.27 2 1
github.com/chalkan3-sloth/sloth-runner/internal/luainterface/file_ops.go:702.27,705.27 2 1
github.com/chalkan3-sloth/sloth-runner/internal/luainterface/file_ops.go:705.27,707.12 2 0
github.com/chalkan3-sloth/sloth-runner/internal/luainterface/file_ops.go:710.3,710.64 1 1
github.com/chalkan3-sloth/sloth-runner/internal/luainterface/file_ops.go:710.64,712.4 1 0
github.com/chalkan3-sloth/sloth-runner/internal/luainterface/file_ops.go:714.3,715.17 2 1
github.com/chalkan3-sloth/sloth-runner/internal/luainterface/file_ops.go:715.17,717.4 1 0
github.com/chalkan3-sloth/sloth-runner/internal/luainterface/file_ops.go:719.3,720.17 2 1
github.com/chalkan3-sloth/sloth-runner/internal/luainterface/file_ops.go:720.17,723.4 2 0
github.com/chalkan3-sloth/sloth-runner/internal/luainterface/file_ops.go:725.3,729.17 4 1
github.com/chalkan3-sloth/sloth-runner/internal/luainterface/file_ops.go:729.17,731.4 1 0
github.com/chalkan3-sloth/sloth-runner/internal/luainterface/file_ops.go:733.2,733.12 1 1
github.com/chalkan3-sloth/sloth-runner/internal/luainterface/file_ops.go:736.42,738.16 2 1
github.com/chalkan3-sloth/sloth-runner/internal/luainterface/file_ops.go:738.16,740.3 1 0
github.com/chalkan3-sloth/sloth-runner/internal/luainterface/file_ops.go:741.2,744.16 3 1
github.com/chalkan3-sloth/sloth-runner/internal/luainterface/file_ops.go:744.16,746.3 1 0
github.com/chalkan3-sloth/sloth-runner/internal/luainterface/file_ops.go:747.2,749.50 2 1
github.com/chalkan3-sloth/sloth-runner/internal/luainterface/file_ops.go:752.40,754.16 2 0
github.com/chalkan3-sloth/sloth-runner/internal/luainterface/file_ops.go:754.16,756.3 1 0
github.com/chalkan3-sloth/sloth-runner/internal/luainterface/file_ops.go:757.2,759.51 2 0
github.com/chalkan3-sloth/sloth-runner/internal/luainterface/file_ops.go:762.57,763.6 1 1
github.com/chalkan3-sloth/sloth-runner/internal/luainterface/file_ops.go:763.6,765.20 2 1
github.com/chalkan3-sloth/sloth-runner/internal/luainterface/file_ops.go:765.20,766.9 1 1
github.com/chalkan3-sloth/sloth-runner/internal/luainterface/file_ops.go:768.3,768.17 1 1
github.com/chalkan3-sloth/sloth-runner/internal/luainterface/file_ops.go:768.17,770.4 1 0
github.com/chalkan3-sloth/sloth-runner/internal/luainterface/file_ops.go:772.3,774.26 2 1
github.com/chalkan3-sloth/sloth-runner/internal/luainterface/file_ops.go:775.20,776.52 1 0
github.com/chalkan3-sloth/sloth-runner/internal/luainterface/file_ops.go:776.52,778.5 1 0
github.com/chalkan3-sloth/sloth-runner/internal/luainterface/file_ops.go:779.20,780.66 1 1
github.com/chalkan3-sloth/sloth-runner/internal/luainterface/file_ops.go:780.66,782.5 1 0
github.com/chalkan3-sloth/sloth-runner/internal/luainterface/file_ops.go:784.4,785.18 2 1
github.com/chalkan3-sloth/sloth-runner/internal/luainterface/file_ops.go:785.18,787.5 1 0
github.com/chalkan3-sloth/sloth-runner/internal/luainterface/file_ops.go:789.4,789.50 1 1
github.com/chalkan3-sloth/sloth-runner/internal/luainterface/file_ops.go:789.50,792.5 2 0
github.com/chalkan3-sloth/sloth-runner/internal/luainterface/file_ops.go:793.4,793.19 1 1
github.com/chalkan3-sloth/sloth-runner/internal/luainterface/file_ops.go:796.2,796.12 1 1
github.com/chalkan3-sloth/sloth-runner/internal/luainterface/file_ops.go:799.51,801.16 2 1
github.com/chalkan3-sloth/sloth-runner/internal/luainterface/file_ops.go:801.16,803.3 1 0
github.com/chalkan3-sloth/sloth-runner/internal/luainterface/file_ops.go:804.2,807.47 3 1
github.com/chalkan3-sloth/sloth-runner/internal/luainterface/file_ops.go:807.47,809.3 1 1
github.com/chalkan3-sloth/sloth-runner/internal/luainterface/file_ops.go:811.2,811.47 1 1
github.com/chalkan3-sloth/sloth-runner/internal/luainterface/gcp.go:81.38,91.2 8 1
github.com/chalkan3-sloth/sloth-runner/internal/luainterface/gcp.go:95.47,97.40 2 1
github.com/chalkan3-sloth/sloth-runner/internal/luainterface/gcp.go:97.40,99.3 1 1
github.com/chalkan3-sloth/sloth-runner/internal/luainterface/gcp.go:100.2,101.12 2 0
github.com/chalkan3-sloth/sloth-runner/internal/luainterface/gcp.go:104.63,106.48 2 1
github.com/chalkan3-sloth/sloth-runner/internal/luainterface/gcp.go:106.48,108.3 1 1
github.com/chalkan3-sloth/sloth-runner/internal/luainterface/gcp.go:109.2,110.12 2 0
github.com/chalkan3-sloth/sloth-runner/internal/luainterface/gcp.go:113.49,115.41 2 0
github.com/chalkan3-sloth/sloth-runner/internal/luainterface/gcp.go:115.41,117.3 1 0
github.com/chalkan3-sloth/sloth-runner/internal/luainterface/gcp.go:118.2,119.12 2 0
github.com/chalkan3-sloth/sloth-runner/internal/luainterface/gcp.go:122.53,124.43 2 0
github.com/chalkan3-sloth/sloth-runner/internal/luainterface/gcp.go:124.43,126.3 1 0
github.com/chalkan3-sloth/sloth-runner/internal/luainterface/gcp.go:127.2,128.12 2 0
github.com/chalkan3-sloth/sloth-runner/internal/luainterface/gcp.go:131.49,133.41 2 0
github.com/chalkan3-sloth/sloth-runner/internal/luainterface/gcp.go:133.41,135.3 1 0
github.com/chalkan3-sloth/sloth-runner/internal/luainterface/gcp.go:136.2,137.12 2 0
github.com/chalkan3-sloth/sloth-runner/internal/luainterface/gcp.go:140.49,142.41 2 0
github.com/chalkan3-sloth/sloth-runner/internal/luainterface/gcp.go:142.41,144.3 1 0
github.com/chalkan3-sloth/sloth-runner/internal/luainterface/gcp.go:145.2,146.12 2 0
github.com/chalkan3-sloth/sloth-runner/internal/luainterface/gcp.go:149.41,151.37 2 0
github.com/chalkan3-sloth/sloth-runner/internal/luainterface/gcp.go:151.37,153.3 1 0
github.com/chalkan3-sloth/sloth-runner/internal/luainterface/gcp.go:154.2,155.12 2 0
github.com/chalkan3-sloth/sloth-runner/internal/luainterface/gcp.go:158.59,160.46 2 0
github.com/chalkan3-sloth/sloth-runner/internal/luainterface/gcp.go:160.46,162.3 1 0
github.com/chalkan3-sloth/sloth-runner/internal/luainterface/gcp.go:163.2,164.12 2 0
github.com/chalkan3-sloth/sloth-runner/internal/luainterface/gcp.go:167.41,169.37 2 0
github.com/chalkan3-sloth/sloth-runner/internal/luainterface/gcp.go:169.37,171.3 1 0
github.com/chalkan3-sloth/sloth-runner/internal/luainterface/gcp.go:172.2,173.12 2 0
github.com/chalkan3-sloth/sloth-runner/internal/luainterface/gcp.go:176.57,178.45 2 0
github.com/chalkan3-sloth/sloth-runner/internal/luainterface/gcp.go:178.45,180.3 1 0
github.com/chalkan3-sloth/sloth-runner/internal/luainterface/gcp.go:181.2,182.12 2 0
github.com/chalkan3-sloth/sloth-runner/internal/luainterface/gcp.go:185.78,189.27 3 1
github.com/chalkan3-sloth/sloth-runner/internal/luainterface/gcp.go:189.27,190.44 1 1
github.com/chalkan3-sloth/sloth-runner/internal/luainterface/gcp.go:190.44,192.4 1 0
github.com/chalkan3-sloth/sloth-runner/internal/luainterface/gcp.go:194.2,194.19 1 1
github.com/chalkan3-sloth/sloth-runner/internal/luainterface/gcp.go:194.19,196.3 1 1
github.com/chalkan3-sloth/sloth-runner/internal/luainterface/gcp.go:197.2,205.46 7 1
github.com/chalkan3-sloth/sloth-runner/internal/luainterface/gcp.go:211.55,214.19 3 1
github.com/chalkan3-sloth/sloth-runner/internal/luainterface/gcp.go:214.19,216.3 1 0
github.com/chalkan3-sloth/sloth-runner/internal/luainterface/gcp.go:218.2,228.10 6 1
github.com/chalkan3-sloth/sloth-runner/internal/luainterface/gcp.go:232.48,245.2 8 0
github.com/chalkan3-sloth/sloth-runner/internal/luainterface/gcp.go:248.48,257.2 6 0
github.com/chalkan3-sloth/sloth-runner/internal/luainterface/gcp.go:260.44,269.2 6 0
github.com/chalkan3-sloth/sloth-runner/internal/luainterface/gcp.go:272.44,281.2 6 0
github.com/chalkan3-sloth/sloth-runner/internal/luainterface/gcp.go:286.51,295.2 6 0
github.com/chalkan3-sloth/sloth-runner/internal/luainterface/gcp.go:300.48,302.26 2 0
github.com/chalkan3-sloth/sloth-runner/internal/luainterface/gcp.go:302.26,304.3 1 0
github.com/chalkan3-sloth/sloth-runner/internal/luainterface/gcp.go:306.2,313.10 7 0
github.com/chalkan3-sloth/sloth-runner/internal/luainterface/gcp.go:319.49,328.2 6 0
github.com/chalkan3-sloth/sloth-runner/internal/luainterface/gcp.go:333.46,344.2 8 0
github.com/chalkan3-sloth/sloth-runner/internal/luainterface/gcp.go:349.47,358.2 6 0
github.com/chalkan3-sloth/sloth-runner/internal/luainterface/gcp.go:363.51,374.2 8 0
github.com/chalkan3-sloth/sloth-runner/internal/luainterface/gcp.go:379.46,388.2 6 0
github.com/chalkan3-sloth/sloth-runner/internal/luainterface/gcp.go:393.50,404.2 8 0
github.com/chalkan3-sloth/sloth-runner/internal/luainterface/gcp.go:409.56,414.23 4 1
github.com/chalkan3-sloth/sloth-runner/internal/luainterface/gcp.go:414.23,416.3 1 1
github.com/chalkan3-sloth/sloth-runner/internal/luainterface/gcp.go:418.2,419.16 2 1
github.com/chalkan3-sloth/sloth-runner/internal/luainterface/gcp.go:419.16,421.50 1 0
github.com/chalkan3-sloth/sloth-runner/internal/luainterface/gcp.go:421.50,423.4 1 0
github.com/chalkan3-sloth/sloth-runner/internal/luainterface/gcp.go:426.2,427.10 2 1
github.com/chalkan3-sloth/sloth-runner/internal/luainterface/gcp.go:431.63,436.32 4 0
github.com/chalkan3-sloth/sloth-runner/internal/luainterface/gcp.go:436.32,438.3 1 0
github.com/chalkan3-sloth/sloth-runner/internal/luainterface/gcp.go:440.2,447.16 3 0
github.com/chalkan3-sloth/sloth-runner/internal/luainterface/gcp.go:447.16,449.3 1 0
github.com/chalkan3-sloth/sloth-runner/internal/luainterface/gcp.go:451.2,452.10 2 0
github.com/chalkan3-sloth/sloth-runner/internal/luainterface/gcp.go:458.45,461.3 2 1
github.com/chalkan3-sloth/sloth-runner/internal/luainterface/gcp.go:462.37,465.3 2 0
github.com/chalkan3-sloth/sloth-runner/internal/luainterface/gcp.go:466.37,469.3 2 0
github.com/chalkan3-sloth/sloth-runner/internal/luainterface/gcp.go:470.33,473.3 2 0
github.com/chalkan3-sloth/sloth-runner/internal/luainterface/gcp.go:474.33,477.3 2 0
github.com/chalkan3-sloth/sloth-runner/internal/luainterface/gcp.go:481.36,484.3 2 1
github.com/chalkan3-sloth/sloth-runner/internal/luainterface/gcp.go:485.45,488.3 2 0
github.com/chalkan3-sloth/sloth-runner/internal/luainterface/gcp.go:492.39,495.3 2 0
github.com/chalkan3-sloth/sloth-runner/internal/luainterface/gcp.go:499.34,502.3 2 0
github.com/chalkan3-sloth/sloth-runner/internal/luainterface/gcp.go:506.37,509.3 2 0
github.com/chalkan3-sloth/sloth-runner/internal/luainterface/gcp.go:513.34,516.3 2 0
github.com/chalkan3-sloth/sloth-runner/internal/luainterface/gcp.go:520.39,523.3 2 0
github.com/chalkan3-sloth/sloth-runner/internal/luainterface/gcp.go:527.34,530.3 2 0
github.com/chalkan3-sloth/sloth-runner/internal/luainterface/gcp.go:534.38,537.3 2 0
github.com/chalkan3-sloth/sloth-runner/internal/luainterface/gcp.go:541.34,544.3 2 0
github.com/chalkan3-sloth/sloth-runner/internal/luainterface/gcp.go:547.35,593.2 24 1
github.com/chalkan3-sloth/sloth-runner/internal/luainterface/gcp.go:595.29,597.2 1 1
github.com/chalkan3-sloth/sloth-runner/internal/luainterface/git.go:22.34,30.34 6 1
github.com/chalkan3-sloth/sloth-runner/internal/luainterface/git.go:30.34,32.3 1 0
github.com/chalkan3-sloth/sloth-runner/internal/luainterface/git.go:34.2,39.10 6 1
github.com/chalkan3-sloth/sloth-runner/internal/luainterface/git.go:44.43,46.38 2 0
github.com/chalkan3-sloth/sloth-runner/internal/luainterface/git.go:46.38,48.3 1 0
github.com/chalkan3-sloth/sloth-runner/internal/luainterface/git.go:49.2,50.12 2 0
github.com/chalkan3-sloth/sloth-runner/internal/luainterface/git.go:56.38,63.12 6 0
github.com/chalkan3-sloth/sloth-runner/internal/luainterface/git.go:63.12,65.3 1 0
github.com/chalkan3-sloth/sloth-runner/internal/luainterface/git.go:65.8,67.3 1 0
github.com/chalkan3-sloth/sloth-runner/internal/luainterface/git.go:68.2,72.34 4 0
github.com/chalkan3-sloth/sloth-runner/internal/luainterface/git.go:72.34,74.3 1 0
github.com/chalkan3-sloth/sloth-runner/internal/luainterface/git.go:76.2,77.10 2 0
github.com/chalkan3-sloth/sloth-runner/internal/luainterface/git.go:81.34,89.34 6 0
github.com/chalkan3-sloth/sloth-runner/internal/luainterface/git.go:89.34,91.3 1 0
github.com/chalkan3-sloth/sloth-runner/internal/luainterface/git.go:93.2,94.10 2 0
github.com/chalkan3-sloth/sloth-runner/internal/luainterface/git.go:98.34,106.34 6 0
github.com/chalkan3-sloth/sloth-runner/internal/luainterface/git.go:106.34,108.3 1 0
github.com/chalkan3-sloth/sloth-runner/internal/luainterface/git.go:110.2,111.10 2 0
github.com/chalkan3-sloth/sloth-runner/internal/luainterface/git.go:115.35,119.13 3 0
github.com/chalkan3-sloth/sloth-runner/internal/luainterface/git.go:120.14,121.33 1 0
github.com/chalkan3-sloth/sloth-runner/internal/luainterface/git.go:122.10,125.30 2 0
github.com/chalkan3-sloth/sloth-runner/internal/luainterface/git.go:127.2,127.10 1 0
github.com/chalkan3-sloth/sloth-runner/internal/luainterface/git.go:137.35,149.2 7 1
github.com/chalkan3-sloth/sloth-runner/internal/luainterface/git.go:151.29,153.2 1 1
github.com/chalkan3-sloth/sloth-runner/internal/luainterface/gitops.go:15.48,17.2 1 1
github.com/chalkan3-sloth/sloth-runner/internal/luainterface/gitops.go:20.61,47.2 14 0
github.com/chalkan3-sloth/sloth-runner/internal/luainterface/gitops.go:50.62,56.18 4 0
github.com/chalkan3-sloth/sloth-runner/internal/luainterface/gitops.go:56.18,58.3 1 0
github.com/chalkan3-sloth/sloth-runner/internal/luainterface/gitops.go:60.2,64.16 4 0
github.com/chalkan3-sloth/sloth-runner/internal/luainterface/gitops.go:64.16,68.3 3 0
github.com/chalkan3-sloth/sloth-runner/internal/luainterface/gitops.go:71.2,72.20 2 0
github.com/chalkan3-sloth/sloth-runner/internal/luainterface/gitops.go:72.20,76.3 3 0
github.com/chalkan3-sloth/sloth-runner/internal/luainterface/gitops.go:78.2,92.68 5 0
github.com/chalkan3-sloth/sloth-runner/internal/luainterface/gitops.go:92.68,94.3 1 0
github.com/chalkan3-sloth/sloth-runner/internal/luainterface/gitops.go:97.2,121.62 2 0
github.com/chalkan3-sloth/sloth-runner/internal/luainterface/gitops.go:121.62,125.3 3 0
github.com/chalkan3-sloth/sloth-runner/internal/luainterface/gitops.go:128.2,137.10 9 0
github.com/chalkan3-sloth/sloth-runner/internal/luainterface/gitops.go:141.68,150.22 6 0
github.com/chalkan3-sloth/sloth-runner/internal/luainterface/gitops.go:150.22,152.3 1 0
github.com/chalkan3-sloth/sloth-runner/internal/luainterface/gitops.go:153.2,153.22 1 0
github.com/chalkan3-sloth/sloth-runner/internal/luainterface/gitops.go:153.22,155.3 1 0
github.com/chalkan3-sloth/sloth-runner/internal/luainterface/gitops.go:158.2,159.20 2 0
github.com/chalkan3-sloth/sloth-runner/internal/luainterface/gitops.go:159.20,163.3 3 0
github.com/chalkan3-sloth/sloth-runner/internal/luainterface/gitops.go:166.2,177.62 3 0
github.com/chalkan3-sloth/sloth-runner/internal/luainterface/gitops.go:177.62,181.3 3 0
github.com/chalkan3-sloth/sloth-runner/internal/luainterface/gitops.go:183.2,184.10 2 0
github.com/chalkan3-sloth/sloth-runner/internal/luainterface/gitops.go:188.66,192.20 3 0
github.com/chalkan3-sloth/sloth-runner/internal/luainterface/gitops.go:192.20,196.3 3 0
github.com/chalkan3-sloth/sloth-runner/internal/luainterface/gitops.go:198.2,199.62 2 0
github.com/chalkan3-sloth/sloth-runner/internal/luainterface/gitops.go:199.62,203.3 3 0
github.com/chalkan3-sloth/sloth-runner/internal/luainterface/gitops.go:205.2,206.10 2 0
github.com/chalkan3-sloth/sloth-runner/internal/luainterface/gitops.go:210.71,214.20 3 0
github.com/chalkan3-sloth/sloth-runner/internal/luainterface/gitops.go:214.20,218.3 3 0
github.com/chalkan3-sloth/sloth-runner/internal/luainterface/gitops.go:220.2,221.16 2 0
github.com/chalkan3-sloth/sloth-runner/internal/luainterface/gitops.go:221.16,225.3 3 0
github.com/chalkan3-sloth/sloth-runner/internal/luainterface/gitops.go:228.2,235.36 7 0
github.com/chalkan3-sloth/sloth-runner/internal/luainterface/gitops.go:235.36,251.3 12 0
github.com/chalkan3-sloth/sloth-runner/internal/luainterface/gitops.go:253.2,254.10 2 0
github.com/chalkan3-sloth/sloth-runner/internal/luainterface/gitops.go:258.67,260.20 2 0
github.com/chalkan3-sloth/sloth-runner/internal/luainterface/gitops.go:260.20,263.3 2 0
github.com/chalkan3-sloth/sloth-runner/internal/luainterface/gitops.go:265.2,269.37 4 0
github.com/chalkan3-sloth/sloth-runner/internal/luainterface/gitops.go:269.37,278.3 7 0
github.com/chalkan3-sloth/sloth-runner/internal/luainterface/gitops.go:280.2,281.10 2 0
github.com/chalkan3-sloth/sloth-runner/internal/luainterface/gitops.go:285.72,292.18 5 0
github.com/chalkan3-sloth/sloth-runner/internal/luainterface/gitops.go:292.18,294.3 1 0
github.com/chalkan3-sloth/sloth-runner/internal/luainterface/gitops.go:295.2,295.18 1 0
github.com/chalkan3-sloth/sloth-runner/internal/luainterface/gitops.go:295.18,297.3 1 0
[...]
github.com/chalkan3-sloth/sloth-runner/internal/luainterface/user.go:532.2,534.10 3 0
github.com/chalkan3-sloth/sloth-runner/internal/luainterface/user.go:538.53,542.20 3 0
github.com/chalkan3-sloth/sloth-runner/internal/luainterface/user.go:542.20,546.3 3 0
github.com/chalkan3-sloth/sloth-runner/internal/luainterface/user.go:548.2,548.20 1 0
github.com/chalkan3-sloth/sloth-runner/internal/luainterface/user.go:548.20,552.3 3 0
github.com/chalkan3-sloth/sloth-runner/internal/luainterface/user.go:554.2,555.19 2 0
github.com/chalkan3-sloth/sloth-runner/internal/luainterface/user.go:555.19,557.3 1 0
github.com/chalkan3-sloth/sloth-runner/internal/luainterface/user.go:559.2,565.16 5 0
github.com/chalkan3-sloth/sloth-runner/internal/luainterface/user.go:565.16,569.3 3 0
github.com/chalkan3-sloth/sloth-runner/internal/luainterface/user.go:571.2,573.10 3 0
github.com/chalkan3-sloth/sloth-runner/internal/luainterface/user.go:577.56,579.20 2 0
github.com/chalkan3-sloth/sloth-runner/internal/luainterface/user.go:579.20,583.3 3 0
github.com/chalkan3-sloth/sloth-runner/internal/luainterface/user.go:585.2,586.19 2 0
github.com/chalkan3-sloth/sloth-runner/internal/luainterface/user.go:586.19,588.3 1 0
github.com/chalkan3-sloth/sloth-runner/internal/luainterface/user.go:590.2,594.16 4 0
github.com/chalkan3-sloth/sloth-runner/internal/luainterface/user.go:594.16,598.3 3 0
github.com/chalkan3-sloth/sloth-runner/internal/luainterface/user.go:600.2,602.10 3 0
github.com/chalkan3-sloth/sloth-runner/internal/luainterface/user.go:606.50,610.20 3 0
github.com/chalkan3-sloth/sloth-runner/internal/luainterface/user.go:610.20,614.3 3 0
github.com/chalkan3-sloth/sloth-runner/internal/luainterface/user.go:616.2,616.17 1 0
github.com/chalkan3-sloth/sloth-runner/internal/luainterface/user.go:616.17,620.3 3 0
github.com/chalkan3-sloth/sloth-runner/internal/luainterface/user.go:622.2,623.19 2 0
github.com/chalkan3-sloth/sloth-runner/internal/luainterface/user.go:623.19,625.3 1 0
github.com/chalkan3-sloth/sloth-runner/internal/luainterface/user.go:627.2,631.16 4 0
github.com/chalkan3-sloth/sloth-runner/internal/luainterface/user.go:631.16,635.3 3 0
github.com/chalkan3-sloth/sloth-runner/internal/luainterface/user.go:637.2,639.10 3 0
github.com/chalkan3-sloth/sloth-runner/internal/luainterface/user.go:643.52,648.20 4 0
github.com/chalkan3-sloth/sloth-runner/internal/luainterface/user.go:648.20,652.3 3 0
github.com/chalkan3-sloth/sloth-runner/internal/luainterface/user.go:654.2,654.19 1 0
github.com/chalkan3-sloth/sloth-runner/internal/luainterface/user.go:654.19,658.3 3 0
github.com/chalkan3-sloth/sloth-runner/internal/luainterface/user.go:660.2,661.19 2 0
github.com/chalkan3-sloth/sloth-runner/internal/luainterface/user.go:661.19,663.3 1 0
github.com/chalkan3-sloth/sloth-runner/internal/luainterface/user.go:665.2,666.15 2 0
github.com/chalkan3-sloth/sloth-runner/internal/luainterface/user.go:666.15,668.3 1 0
github.com/chalkan3-sloth/sloth-runner/internal/luainterface/user.go:669.2,673.16 4 0
github.com/chalkan3-sloth/sloth-runner/internal/luainterface/user.go:673.16,677.3 3 0
github.com/chalkan3-sloth/sloth-runner/internal/luainterface/user.go:679.2,681.10 3 0
github.com/chalkan3-sloth/sloth-runner/internal/luainterface/user.go:685.48,687.20 2 1
github.com/chalkan3-sloth/sloth-runner/internal/luainterface/user.go:687.20,691.3 3 0
github.com/chalkan3-sloth/sloth-runner/internal/luainterface/user.go:693.2,694.16 2 1
github.com/chalkan3-sloth/sloth-runner/internal/luainterface/user.go:694.16,698.3 3 1
github.com/chalkan3-sloth/sloth-runner/internal/luainterface/user.go:700.2,703.10 4 1
github.com/chalkan3-sloth/sloth-runner/internal/luainterface/user.go:707.48,709.20 2 1
github.com/chalkan3-sloth/sloth-runner/internal/luainterface/user.go:709.20,713.3 3 0
github.com/chalkan3-sloth/sloth-runner/internal/luainterface/user.go:715.2,716.16 2 1
github.com/chalkan3-sloth/sloth-runner/internal/luainterface/user.go:716.16,720.3 3 0
github.com/chalkan3-sloth/sloth-runner/internal/luainterface/user.go:722.2,725.10 4 1
github.com/chalkan3-sloth/sloth-runner/internal/luainterface/user.go:729.55,731.20 2 1
github.com/chalkan3-sloth/sloth-runner/internal/luainterface/user.go:731.20,735.3 3 0
github.com/chalkan3-sloth/sloth-runner/internal/luainterface/user.go:737.2,739.16 3 1
github.com/chalkan3-sloth/sloth-runner/internal/luainterface/user.go:739.16,743.3 3 0
github.com/chalkan3-sloth/sloth-runner/internal/luainterface/user.go:745.2,747.34 3 1
github.com/chalkan3-sloth/sloth-runner/internal/luainterface/user.go:747.34,749.3 1 1
github.com/chalkan3-sloth/sloth-runner/internal/luainterface/user.go:751.2,753.10 3 1
github.com/chalkan3-sloth/sloth-runner/internal/luainterface/user.go:757.56,761.20 3 0
github.com/chalkan3-sloth/sloth-runner/internal/luainterface/user.go:761.20,765.3 3 0
github.com/chalkan3-sloth/sloth-runner/internal/luainterface/user.go:767.2,767.17 1 0
github.com/chalkan3-sloth/sloth-runner/internal/luainterface/user.go:767.17,771.3 3 0
github.com/chalkan3-sloth/sloth-runner/internal/luainterface/user.go:773.2,774.19 2 0
github.com/chalkan3-sloth/sloth-runner/internal/luainterface/user.go:774.19,776.3 1 0
github.com/chalkan3-sloth/sloth-runner/internal/luainterface/user.go:778.2,782.16 4 0
github.com/chalkan3-sloth/sloth-runner/internal/luainterface/user.go:782.16,786.3 3 0
github.com/chalkan3-sloth/sloth-runner/internal/luainterface/user.go:788.2,790.10 3 0
github.com/chalkan3-sloth/sloth-runner/internal/luainterface/user.go:794.61,798.20 3 0
github.com/chalkan3-sloth/sloth-runner/internal/luainterface/user.go:798.20,802.3 3 0
github.com/chalkan3-sloth/sloth-runner/internal/luainterface/user.go:804.2,804.17 1 0
github.com/chalkan3-sloth/sloth-runner/internal/luainterface/user.go:804.17,808.3 3 0
github.com/chalkan3-sloth/sloth-runner/internal/luainterface/user.go:810.2,811.19 2 0
github.com/chalkan3-sloth/sloth-runner/internal/luainterface/user.go:811.19,813.3 1 0
github.com/chalkan3-sloth/sloth-runner/internal/luainterface/user.go:815.2,819.16 4 0
github.com/chalkan3-sloth/sloth-runner/internal/luainterface/user.go:819.16,823.3 3 0
github.com/chalkan3-sloth/sloth-runner/internal/luainterface/user.go:825.2,827.10 3 0
github.com/chalkan3-sloth/sloth-runner/internal/luainterface/user.go:831.57,835.20 3 0
github.com/chalkan3-sloth/sloth-runner/internal/luainterface/user.go:835.20,839.3 3 0
github.com/chalkan3-sloth/sloth-runner/internal/luainterface/user.go:841.2,841.17 1 0
github.com/chalkan3-sloth/sloth-runner/internal/luainterface/user.go:841.17,845.3 3 0
github.com/chalkan3-sloth/sloth-runner/internal/luainterface/user.go:847.2,848.19 2 0
github.com/chalkan3-sloth/sloth-runner/internal/luainterface/user.go:848.19,850.3 1 0
github.com/chalkan3-sloth/sloth-runner/internal/luainterface/user.go:852.2,856.16 4 0
github.com/chalkan3-sloth/sloth-runner/internal/luainterface/user.go:856.16,860.3 3 0
github.com/chalkan3-sloth/sloth-runner/internal/luainterface/user.go:862.2,864.10 3 0
github.com/chalkan3-sloth/sloth-runner/internal/luainterface/user.go:868.52,870.20 2 1
github.com/chalkan3-sloth/sloth-runner/internal/luainterface/user.go:870.20,874.3 3 0
github.com/chalkan3-sloth/sloth-runner/internal/luainterface/user.go:876.2,877.16 2 1
github.com/chalkan3-sloth/sloth-runner/internal/luainterface/user.go:877.16,881.3 3 0
github.com/chalkan3-sloth/sloth-runner/internal/luainterface/user.go:883.2,885.10 3 1
github.com/chalkan3-sloth/sloth-runner/internal/luainterface/user.go:889.50,891.20 2 0
github.com/chalkan3-sloth/sloth-runner/internal/luainterface/user.go:891.20,895.3 3 0
github.com/chalkan3-sloth/sloth-runner/internal/luainterface/user.go:897.2,899.16 3 0
github.com/chalkan3-sloth/sloth-runner/internal/luainterface/user.go:899.16,903.3 3 0
github.com/chalkan3-sloth/sloth-runner/internal/luainterface/user.go:905.2,906.21 2 0
github.com/chalkan3-sloth/sloth-runner/internal/luainterface/user.go:906.21,910.3 3 0
github.com/chalkan3-sloth/sloth-runner/internal/luainterface/user.go:912.2,914.10 3 0
github.com/chalkan3-sloth/sloth-runner/internal/luainterface/user.go:918.52,920.20 2 1
github.com/chalkan3-sloth/sloth-runner/internal/luainterface/user.go:920.20,924.3 3 0
github.com/chalkan3-sloth/sloth-runner/internal/luainterface/user.go:926.2,927.16 2 1
github.com/chalkan3-sloth/sloth-runner/internal/luainterface/user.go:927.16,931.3 3 0
github.com/chalkan3-sloth/sloth-runner/internal/luainterface/user.go:933.2,935.10 3 1
github.com/chalkan3-sloth/sloth-runner/internal/luainterface/user.go:939.52,943.20 3 0
github.com/chalkan3-sloth/sloth-runner/internal/luainterface/user.go:943.20,947.3 3 0
github.com/chalkan3-sloth/sloth-runner/internal/luainterface/user.go:949.2,950.19 2 0
github.com/chalkan3-sloth/sloth-runner/internal/luainterface/user.go:950.19,952.3 1 0
github.com/chalkan3-sloth/sloth-runner/internal/luainterface/user.go:954.2,958.16 4 0
github.com/chalkan3-sloth/sloth-runner/internal/luainterface/user.go:958.16,962.3 3 0
github.com/chalkan3-sloth/sloth-runner/internal/luainterface/user.go:964.2,966.10 3 0
github.com/chalkan3-sloth/sloth-runner/internal/luainterface/user.go:970.54,972.20 2 1
github.com/chalkan3-sloth/sloth-runner/internal/luainterface/user.go:972.20,976.3 3 0
github.com/chalkan3-sloth/sloth-runner/internal/luainterface/user.go:978.2,979.16 2 1
github.com/chalkan3-sloth/sloth-runner/internal/luainterface/user.go:979.16,983.3 3 0
github.com/chalkan3-sloth/sloth-runner/internal/luainterface/user.go:985.2,988.10 4 1
github.com/chalkan3-sloth/sloth-runner/internal/luainterface/user.go:992.56,994.16 2 1
github.com/chalkan3-sloth/sloth-runner/internal/luainterface/user.go:994.16,998.3 3 0
github.com/chalkan3-sloth/sloth-runner/internal/luainterface/user.go:1000.2,1009.10 9 1
github.com/chalkan3-sloth/sloth-runner/internal/luainterface/user.go:1015.53,1017.21 2 0
github.com/chalkan3-sloth/sloth-runner/internal/luainterface/user.go:1017.21,1021.3 3 0
github.com/chalkan3-sloth/sloth-runner/internal/luainterface/user.go:1023.2,1026.19 3 0
github.com/chalkan3-sloth/sloth-runner/internal/luainterface/user.go:1026.19,1028.3 1 0
github.com/chalkan3-sloth/sloth-runner/internal/luainterface/user.go:1030.2,1032.35 2 0
github.com/chalkan3-sloth/sloth-runner/internal/luainterface/user.go:1032.35,1034.3 1 0
github.com/chalkan3-sloth/sloth-runner/internal/luainterface/user.go:1035.2,1035.36 1 0
github.com/chalkan3-sloth/sloth-runner/internal/luainterface/user.go:1035.36,1037.3 1 0
github.com/chalkan3-sloth/sloth-runner/internal/luainterface/user.go:1039.2,1043.16 4 0
github.com/chalkan3-sloth/sloth-runner/internal/luainterface/user.go:1043.16,1047.3 3 0
github.com/chalkan3-sloth/sloth-runner/internal/luainterface/user.go:1049.2,1051.10 3 0
github.com/chalkan3-sloth/sloth-runner/internal/luainterface/user.go:1055.53,1057.21 2 0
github.com/chalkan3-sloth/sloth-runner/internal/luainterface/user.go:1057.21,1061.3 3 0
github.com/chalkan3-sloth/sloth-runner/internal/luainterface/user.go:1063.2,1064.19 2 0
github.com/chalkan3-sloth/sloth-runner/internal/luainterface/user.go:1064.19,1066.3 1 0
github.com/chalkan3-sloth/sloth-runner/internal/luainterface/user.go:1068.2,1072.16 4 0
github.com/chalkan3-sloth/sloth-runner/internal/luainterface/user.go:1072.16,1076.3 3 0
github.com/chalkan3-sloth/sloth-runner/internal/luainterface/user.go:1078.2,1080.10 3 0
github.com/chalkan3-sloth/sloth-runner/internal/luainterface/user.go:1084.53,1086.21 2 1
github.com/chalkan3-sloth/sloth-runner/internal/luainterface/user.go:1086.21,1090.3 3 0
github.com/chalkan3-sloth/sloth-runner/internal/luainterface/user.go:1092.2,1093.16 2 1
github.com/chalkan3-sloth/sloth-runner/internal/luainterface/user.go:1093.16,1097.3 3 1
github.com/chalkan3-sloth/sloth-runner/internal/luainterface/user.go:1099.2,1101.10 3 1
github.com/chalkan3-sloth/sloth-runner/internal/luainterface/user.go:1105.54,1107.21 2 1
github.com/chalkan3-sloth/sloth-runner/internal/luainterface/user.go:1107.21,1111.3 3 0
github.com/chalkan3-sloth/sloth-runner/internal/luainterface/user.go:1113.2,1114.16 2 1
github.com/chalkan3-sloth/sloth-runner/internal/luainterface/user.go:1114.16,1118.3 3 0
github.com/chalkan3-sloth/sloth-runner/internal/luainterface/user.go:1120.2,1126.10 6 1
github.com/chalkan3-sloth/sloth-runner/internal/luainterface/user.go:1130.52,1133.16 3 0
github.com/chalkan3-sloth/sloth-runner/internal/luainterface/user.go:1133.16,1137.3 3 0
github.com/chalkan3-sloth/sloth-runner/internal/luainterface/user.go:1139.2,1142.29 3 0
github.com/chalkan3-sloth/sloth-runner/internal/luainterface/user.go:1142.29,1143.17 1 0
github.com/chalkan3-sloth/sloth-runner/internal/luainterface/user.go:1143.17,1144.12 1 0
github.com/chalkan3-sloth/sloth-runner/internal/luainterface/user.go:1147.3,1148.22 2 0
github.com/chalkan3-sloth/sloth-runner/internal/luainterface/user.go:1148.22,1149.12 1 0
github.com/chalkan3-sloth/sloth-runner/internal/luainterface/user.go:1152.3,1156.22 4 0
github.com/chalkan3-sloth/sloth-runner/internal/luainterface/user.go:1156.22,1158.57 2 0
github.com/chalkan3-sloth/sloth-runner/internal/luainterface/user.go:1158.57,1160.5 1 0
github.com/chalkan3-sloth/sloth-runner/internal/luainterface/user.go:1161.4,1161.46 1 0
github.com/chalkan3-sloth/sloth-runner/internal/luainterface/user.go:1164.3,1164.27 1 0
github.com/chalkan3-sloth/sloth-runner/internal/luainterface/user.go:1167.2,1169.10 3 0
github.com/chalkan3-sloth/sloth-runner/internal/luainterface/user.go:1173.53,1175.21 2 1
github.com/chalkan3-sloth/sloth-runner/internal/luainterface/user.go:1175.21,1179.3 3 0
github.com/chalkan3-sloth/sloth-runner/internal/luainterface/user.go:1181.2,1182.16 2 1
github.com/chalkan3-sloth/sloth-runner/internal/luainterface/user.go:1182.16,1186.3 3 0
github.com/chalkan3-sloth/sloth-runner/internal/luainterface/user.go:1188.2,1191.10 4 1
github.com/chalkan3-sloth/sloth-runner/internal/luainterface/user.go:1195.57,1197.21 2 1
github.com/chalkan3-sloth/sloth-runner/internal/luainterface/user.go:1197.21,1201.3 3 0
github.com/chalkan3-sloth/sloth-runner/internal/luainterface/user.go:1203.2,1205.16 3 1
github.com/chalkan3-sloth/sloth-runner/internal/luainterface/user.go:1205.16,1209.3 3 1
github.com/chalkan3-sloth/sloth-runner/internal/luainterface/user.go:1211.2,1212.21 2 0
github.com/chalkan3-sloth/sloth-runner/internal/luainterface/user.go:1212.21,1216.3 3 0
github.com/chalkan3-sloth/sloth-runner/internal/luainterface/user.go:1218.2,1219.21 2 0
github.com/chalkan3-sloth/sloth-runner/internal/luainterface/user.go:1219.21,1220.56 1 0
github.com/chalkan3-sloth/sloth-runner/internal/luainterface/user.go:1220.56,1222.4 1 0
github.com/chalkan3-sloth/sloth-runner/internal/luainterface/user.go:1225.2,1227.10 3 0
github.com/chalkan3-sloth/sloth-runner/internal/luainterface/user.go:1231.56,1235.21 3 0
github.com/chalkan3-sloth/sloth-runner/internal/luainterface/user.go:1235.21,1239.3 3 0
github.com/chalkan3-sloth/sloth-runner/internal/luainterface/user.go:1241.2,1241.20 1 0
github.com/chalkan3-sloth/sloth-runner/internal/luainterface/user.go:1241.20,1245.3 3 0
github.com/chalkan3-sloth/sloth-runner/internal/luainterface/user.go:1247.2,1248.19 2 0
github.com/chalkan3-sloth/sloth-runner/internal/luainterface/user.go:1248.19,1250.3 1 0
github.com/chalkan3-sloth/sloth-runner/internal/luainterface/user.go:1252.2,1256.16 4 0
github.com/chalkan3-sloth/sloth-runner/internal/luainterface/user.go:1256.16,1260.3 3 0
github.com/chalkan3-sloth/sloth-runner/internal/luainterface/user.go:1262.2,1264.10 3 0
github.com/chalkan3-sloth/sloth-runner/internal/luainterface/user.go:1268.59,1272.21 3 0
github.com/chalkan3-sloth/sloth-runner/internal/luainterface/user.go:1272.21,1276.3 3 0
github.com/chalkan3-sloth/sloth-runner/internal/luainterface/user.go:1278.2,1278.20 1 0
github.com/chalkan3-sloth/sloth-runner/internal/luainterface/user.go:1278.20,1282.3 3 0
github.com/chalkan3-sloth/sloth-runner/internal/luainterface/user.go:1284.2,1285.19 2 0
github.com/chalkan3-sloth/sloth-runner/internal/luainterface/user.go:1285.19,1287.3 1 0
github.com/chalkan3-sloth/sloth-runner/internal/luainterface/user.go:1289.2,1293.16 4 0
github.com/chalkan3-sloth/sloth-runner/internal/luainterface/user.go:1293.16,1297.3 3 0
github.com/chalkan3-sloth/sloth-runner/internal/luainterface/user.go:1299.2,1301.10 3 0
github.com/chalkan3-sloth/sloth-runner/internal/luainterface/user.go:1307.58,1311.20 3 0
github.com/chalkan3-sloth/sloth-runner/internal/luainterface/user.go:1311.20,1315.3 3 0
github.com/chalkan3-sloth/sloth-runner/internal/luainterface/user.go:1317.2,1317.18 1 0
github.com/chalkan3-sloth/sloth-runner/internal/luainterface/user.go:1317.18,1321.3 3 0
github.com/chalkan3-sloth/sloth-runner/internal/luainterface/user.go:1323.2,1324.19 2 0
github.com/chalkan3-sloth/sloth-runner/internal/luainterface/user.go:1324.19,1326.3 1 0
github.com/chalkan3-sloth/sloth-runner/internal/luainterface/user.go:1328.2,1332.16 4 0
github.com/chalkan3-sloth/sloth-runner/internal/luainterface/user.go:1332.16,1336.3 3 0
github.com/chalkan3-sloth/sloth-runner/internal/luainterface/user.go:1338.2,1340.10 3 0
github.com/chalkan3-sloth/sloth-runner/internal/luainterface/user.go:1344.54,1346.20 2 0
github.com/chalkan3-sloth/sloth-runner/internal/luainterface/user.go:1346.20,1350.3 3 0
github.com/chalkan3-sloth/sloth-runner/internal/luainterface/user.go:1352.2,1354.16 3 0
github.com/chalkan3-sloth/sloth-runner/internal/luainterface/user.go:1354.16,1358.3 3 0
github.com/chalkan3-sloth/sloth-runner/internal/luainterface/user.go:1360.2,1362.10 3 0
github.com/chalkan3-sloth/sloth-runner/internal/luainterface/user.go:1366.57,1368.20 2 0
github.com/chalkan3-sloth/sloth-runner/internal/luainterface/user.go:1368.20,1372.3 3 0
github.com/chalkan3-sloth/sloth-runner/internal/luainterface/user.go:1374.2,1376.16 3 0
github.com/chalkan3-sloth/sloth-runner/internal/luainterface/user.go:1376.16,1381.3 3 0
github.com/chalkan3-sloth/sloth-runner/internal/luainterface/user.go:1383.2,1385.10 3 0
github.com/chalkan3-sloth/sloth-runner/internal/luainterface/user.go:1389.58,1391.20 2 1
github.com/chalkan3-sloth/sloth-runner/internal/luainterface/user.go:1391.20,1395.3 3 1
github.com/chalkan3-sloth/sloth-runner/internal/luainterface/user.go:1398.2,1398.24 1 1
github.com/chalkan3-sloth/sloth-runner/internal/luainterface/user.go:1398.24,1402.3 3 1
github.com/chalkan3-sloth/sloth-runner/internal/luainterface/user.go:1405.2,1407.23 1 1
github.com/chalkan3-sloth/sloth-runner/internal/luainterface/user.go:1407.23,1411.3 3 1
github.com/chalkan3-sloth/sloth-runner/internal/luainterface/user.go:1414.2,1414.37 1 1
github.com/chalkan3-sloth/sloth-runner/internal/luainterface/user.go:1414.37,1419.26 2 1
github.com/chalkan3-sloth/sloth-runner/internal/luainterface/user.go:1419.26,1423.4 3 1
github.com/chalkan3-sloth/sloth-runner/internal/luainterface/user.go:1426.2,1428.10 3 1
github.com/chalkan3-sloth/sloth-runner/internal/luainterface/user.go:1432.48,1434.16 2 1
github.com/chalkan3-sloth/sloth-runner/internal/luainterface/user.go:1434.16,1438.3 3 0
github.com/chalkan3-sloth/sloth-runner/internal/luainterface/user.go:1440.2,1442.10 3 1
github.com/chalkan3-sloth/sloth-runner/internal/luainterface/user.go:1446.47,1450.20 3 0
github.com/chalkan3-sloth/sloth-runner/internal/luainterface/user.go:1450.20,1454.3 3 0
github.com/chalkan3-sloth/sloth-runner/internal/luainterface/user.go:1456.2,1456.19 1 0
github.com/chalkan3-sloth/sloth-runner/internal/luainterface/user.go:1456.19,1460.3 3 0
github.com/chalkan3-sloth/sloth-runner/internal/luainterface/user.go:1462.2,1463.19 2 0
github.com/chalkan3-sloth/sloth-runner/internal/luainterface/user.go:1463.19,1465.3 1 0
github.com/chalkan3-sloth/sloth-runner/internal/luainterface/user.go:1465.8,1467.3 1 0
github.com/chalkan3-sloth/sloth-runner/internal/luainterface/user.go:1469.2,1473.16 4 0
github.com/chalkan3-sloth/sloth-runner/internal/luainterface/user.go:1473.16,1477.3 3 0
github.com/chalkan3-sloth/sloth-runner/internal/luainterface/user.go:1479.2,1481.10 3 0
