mode: atomic
github.com/chalkan3-sloth/sloth-runner/internal/agent/health.go:127.54,143.2 1 16
github.com/chalkan3-sloth/sloth-runner/internal/agent/health.go:146.70,150.2 3 1
github.com/chalkan3-sloth/sloth-runner/internal/agent/health.go:153.66,157.2 3 1
github.com/chalkan3-sloth/sloth-runner/internal/agent/health.go:160.68,172.68 4 8
github.com/chalkan3-sloth/sloth-runner/internal/agent/health.go:172.68,174.3 1 7
github.com/chalkan3-sloth/sloth-runner/internal/agent/health.go:177.2,177.65 1 8
github.com/chalkan3-sloth/sloth-runner/internal/agent/health.go:177.65,179.3 1 8
github.com/chalkan3-sloth/sloth-runner/internal/agent/health.go:182.2,182.62 1 8
github.com/chalkan3-sloth/sloth-runner/internal/agent/health.go:182.62,184.3 1 6
github.com/chalkan3-sloth/sloth-runner/internal/agent/health.go:187.2,187.64 1 8
github.com/chalkan3-sloth/sloth-runner/internal/agent/health.go:187.64,189.3 1 8
github.com/chalkan3-sloth/sloth-runner/internal/agent/health.go:192.2,192.66 1 8
github.com/chalkan3-sloth/sloth-runner/internal/agent/health.go:192.66,194.3 1 8
github.com/chalkan3-sloth/sloth-runner/internal/agent/health.go:197.2,197.42 1 8
github.com/chalkan3-sloth/sloth-runner/internal/agent/health.go:197.42,198.60 1 0
github.com/chalkan3-sloth/sloth-runner/internal/agent/health.go:198.60,200.4 1 0
github.com/chalkan3-sloth/sloth-runner/internal/agent/health.go:204.2,207.12 3 8
github.com/chalkan3-sloth/sloth-runner/internal/agent/health.go:211.54,215.23 3 8
github.com/chalkan3-sloth/sloth-runner/internal/agent/health.go:215.23,217.3 1 2
github.com/chalkan3-sloth/sloth-runner/internal/agent/health.go:220.2,223.14 4 6
github.com/chalkan3-sloth/sloth-runner/internal/agent/health.go:227.98,229.16 2 9
github.com/chalkan3-sloth/sloth-runner/internal/agent/health.go:229.16,231.3 1 1
github.com/chalkan3-sloth/sloth-runner/internal/agent/health.go:233.2,234.16 2 8
github.com/chalkan3-sloth/sloth-runner/internal/agent/health.go:234.16,236.3 1 0
github.com/chalkan3-sloth/sloth-runner/internal/agent/health.go:238.2,246.8 1 8
github.com/chalkan3-sloth/sloth-runner/internal/agent/health.go:250.92,252.16 2 9
github.com/chalkan3-sloth/sloth-runner/internal/agent/health.go:252.16,254.3 1 0
github.com/chalkan3-sloth/sloth-runner/internal/agent/health.go:256.2,264.8 1 9
github.com/chalkan3-sloth/sloth-runner/internal/agent/health.go:268.86,271.16 2 9
github.com/chalkan3-sloth/sloth-runner/internal/agent/health.go:271.16,273.3 1 2
github.com/chalkan3-sloth/sloth-runner/internal/agent/health.go:276.2,277.16 2 7
github.com/chalkan3-sloth/sloth-runner/internal/agent/health.go:277.16,279.3 1 0
github.com/chalkan3-sloth/sloth-runner/internal/agent/health.go:281.2,282.25 2 7
github.com/chalkan3-sloth/sloth-runner/internal/agent/health.go:282.25,284.3 1 7
github.com/chalkan3-sloth/sloth-runner/internal/agent/health.go:286.2,292.22 2 7
github.com/chalkan3-sloth/sloth-runner/internal/agent/health.go:292.22,295.3 2 7
github.com/chalkan3-sloth/sloth-runner/internal/agent/health.go:297.2,297.21 1 7
github.com/chalkan3-sloth/sloth-runner/internal/agent/health.go:301.88,303.16 2 9
github.com/chalkan3-sloth/sloth-runner/internal/agent/health.go:303.16,305.3 1 0
github.com/chalkan3-sloth/sloth-runner/internal/agent/health.go:307.2,313.8 1 9
github.com/chalkan3-sloth/sloth-runner/internal/agent/health.go:317.94,328.2 1 8
github.com/chalkan3-sloth/sloth-runner/internal/agent/health.go:331.85,332.20 1 12
github.com/chalkan3-sloth/sloth-runner/internal/agent/health.go:332.20,334.3 1 1
github.com/chalkan3-sloth/sloth-runner/internal/agent/health.go:337.2,337.80 1 11
github.com/chalkan3-sloth/sloth-runner/internal/agent/health.go:337.80,339.3 1 1
github.com/chalkan3-sloth/sloth-runner/internal/agent/health.go:342.2,342.88 1 10
github.com/chalkan3-sloth/sloth-runner/internal/agent/health.go:342.88,344.3 1 0
github.com/chalkan3-sloth/sloth-runner/internal/agent/health.go:347.2,347.82 1 10
github.com/chalkan3-sloth/sloth-runner/internal/agent/health.go:347.82,349.3 1 0
github.com/chalkan3-sloth/sloth-runner/internal/agent/health.go:352.2,352.66 1 10
github.com/chalkan3-sloth/sloth-runner/internal/agent/health.go:352.66,353.65 1 9
github.com/chalkan3-sloth/sloth-runner/internal/agent/health.go:353.65,355.4 1 0
github.com/chalkan3-sloth/sloth-runner/internal/agent/health.go:359.2,362.129 1 10
github.com/chalkan3-sloth/sloth-runner/internal/agent/health.go:362.129,364.3 1 8
github.com/chalkan3-sloth/sloth-runner/internal/agent/health.go:366.2,366.28 1 2
github.com/chalkan3-sloth/sloth-runner/internal/agent/health.go:370.95,374.6 3 1
github.com/chalkan3-sloth/sloth-runner/internal/agent/health.go:374.6,375.10 1 3
github.com/chalkan3-sloth/sloth-runner/internal/agent/health.go:376.21,377.10 1 1
github.com/chalkan3-sloth/sloth-runner/internal/agent/health.go:378.19,379.49 1 2
github.com/chalkan3-sloth/sloth-runner/internal/agent/health.go:379.49,381.13 1 0
github.com/chalkan3-sloth/sloth-runner/internal/agent/health.go:403.54,407.2 1 4
github.com/chalkan3-sloth/sloth-runner/internal/agent/health.go:410.48,412.2 1 1
github.com/chalkan3-sloth/sloth-runner/internal/agent/health.go:415.76,417.16 2 2
github.com/chalkan3-sloth/sloth-runner/internal/agent/health.go:417.16,419.3 1 0
github.com/chalkan3-sloth/sloth-runner/internal/agent/health.go:421.2,422.54 2 2
github.com/chalkan3-sloth/sloth-runner/internal/agent/health.go:422.54,424.3 1 0
github.com/chalkan3-sloth/sloth-runner/internal/agent/health.go:426.2,426.20 1 2
github.com/chalkan3-sloth/sloth-runner/internal/agent/health.go:430.73,432.2 1 1
github.com/chalkan3-sloth/sloth-runner/internal/agent/metrics.go:93.79,111.2 7 10
github.com/chalkan3-sloth/sloth-runner/internal/agent/metrics.go:114.43,121.12 3 0
github.com/chalkan3-sloth/sloth-runner/internal/agent/metrics.go:121.12,122.87 1 0
github.com/chalkan3-sloth/sloth-runner/internal/agent/metrics.go:122.87,124.4 1 0
github.com/chalkan3-sloth/sloth-runner/internal/agent/metrics.go:127.2,127.12 1 0
github.com/chalkan3-sloth/sloth-runner/internal/agent/metrics.go:131.42,134.29 2 1
github.com/chalkan3-sloth/sloth-runner/internal/agent/metrics.go:134.29,136.3 1 0
github.com/chalkan3-sloth/sloth-runner/internal/agent/metrics.go:138.2,138.26 1 1
github.com/chalkan3-sloth/sloth-runner/internal/agent/metrics.go:138.26,142.3 3 1
github.com/chalkan3-sloth/sloth-runner/internal/agent/metrics.go:144.2,144.12 1 0
github.com/chalkan3-sloth/sloth-runner/internal/agent/metrics.go:148.43,153.31 3 0
github.com/chalkan3-sloth/sloth-runner/internal/agent/metrics.go:153.31,154.18 1 0
github.com/chalkan3-sloth/sloth-runner/internal/agent/metrics.go:154.18,155.9 1 0
github.com/chalkan3-sloth/sloth-runner/internal/agent/metrics.go:158.3,159.29 2 0
github.com/chalkan3-sloth/sloth-runner/internal/agent/metrics.go:164.52,169.93 3 4
github.com/chalkan3-sloth/sloth-runner/internal/agent/metrics.go:169.93,171.3 1 4
github.com/chalkan3-sloth/sloth-runner/internal/agent/metrics.go:174.2,174.53 1 4
github.com/chalkan3-sloth/sloth-runner/internal/agent/metrics.go:174.53,178.3 3 4
github.com/chalkan3-sloth/sloth-runner/internal/agent/metrics.go:181.2,181.50 1 4
github.com/chalkan3-sloth/sloth-runner/internal/agent/metrics.go:181.50,185.3 3 4
github.com/chalkan3-sloth/sloth-runner/internal/agent/metrics.go:188.2,188.45 1 4
github.com/chalkan3-sloth/sloth-runner/internal/agent/metrics.go:188.45,192.3 3 4
github.com/chalkan3-sloth/sloth-runner/internal/agent/metrics.go:195.2,195.77 1 4
github.com/chalkan3-sloth/sloth-runner/internal/agent/metrics.go:195.77,198.3 2 4
github.com/chalkan3-sloth/sloth-runner/internal/agent/metrics.go:201.2,201.55 1 4
github.com/chalkan3-sloth/sloth-runner/internal/agent/metrics.go:201.55,203.3 1 4
github.com/chalkan3-sloth/sloth-runner/internal/agent/metrics.go:206.2,206.46 1 4
github.com/chalkan3-sloth/sloth-runner/internal/agent/metrics.go:206.46,208.3 1 4
github.com/chalkan3-sloth/sloth-runner/internal/agent/metrics.go:210.2,210.43 1 4
github.com/chalkan3-sloth/sloth-runner/internal/agent/metrics.go:214.53,231.17 13 4
github.com/chalkan3-sloth/sloth-runner/internal/agent/metrics.go:231.17,233.38 2 4
github.com/chalkan3-sloth/sloth-runner/internal/agent/metrics.go:233.38,235.4 1 1024
github.com/chalkan3-sloth/sloth-runner/internal/agent/metrics.go:236.3,236.95 1 4
github.com/chalkan3-sloth/sloth-runner/internal/agent/metrics.go:239.2,239.44 1 4
github.com/chalkan3-sloth/sloth-runner/internal/agent/metrics.go:243.85,247.15 3 26
github.com/chalkan3-sloth/sloth-runner/internal/agent/metrics.go:248.22,250.46 2 13
github.com/chalkan3-sloth/sloth-runner/internal/agent/metrics.go:251.24,258.39 5 12
github.com/chalkan3-sloth/sloth-runner/internal/agent/metrics.go:258.39,262.4 3 12
github.com/chalkan3-sloth/sloth-runner/internal/agent/metrics.go:263.21,267.48 4 1
github.com/chalkan3-sloth/sloth-runner/internal/agent/metrics.go:270.2,270.41 1 26
github.com/chalkan3-sloth/sloth-runner/internal/agent/metrics.go:274.76,278.2 3 13
github.com/chalkan3-sloth/sloth-runner/internal/agent/metrics.go:281.84,295.2 3 13
github.com/chalkan3-sloth/sloth-runner/internal/agent/metrics.go:298.54,300.43 1 13
github.com/chalkan3-sloth/sloth-runner/internal/agent/metrics.go:300.43,302.3 1 0
github.com/chalkan3-sloth/sloth-runner/internal/agent/metrics.go:302.8,302.89 1 13
github.com/chalkan3-sloth/sloth-runner/internal/agent/metrics.go:302.89,304.3 1 0
github.com/chalkan3-sloth/sloth-runner/internal/agent/metrics.go:304.8,304.46 1 13
github.com/chalkan3-sloth/sloth-runner/internal/agent/metrics.go:304.46,306.3 1 0
github.com/chalkan3-sloth/sloth-runner/internal/agent/metrics.go:306.8,306.46 1 13
github.com/chalkan3-sloth/sloth-runner/internal/agent/metrics.go:306.46,308.3 1 0
github.com/chalkan3-sloth/sloth-runner/internal/agent/metrics.go:309.2,309.18 1 13
github.com/chalkan3-sloth/sloth-runner/internal/agent/metrics.go:313.83,340.2 20 0
github.com/chalkan3-sloth/sloth-runner/internal/agent/metrics.go:342.87,347.2 3 1
github.com/chalkan3-sloth/sloth-runner/internal/agent/metrics.go:349.82,358.29 2 0
github.com/chalkan3-sloth/sloth-runner/internal/agent/metrics.go:358.29,359.46 1 0
github.com/chalkan3-sloth/sloth-runner/internal/agent/metrics.go:359.46,361.7 1 0
github.com/chalkan3-sloth/sloth-runner/internal/agent/metrics.go:361.12,361.53 1 0
github.com/chalkan3-sloth/sloth-runner/internal/agent/metrics.go:361.53,363.7 1 0
github.com/chalkan3-sloth/sloth-runner/internal/agent/metrics.go:364.6,364.22 1 0
github.com/chalkan3-sloth/sloth-runner/internal/agent/metrics.go:369.29,370.44 1 0
github.com/chalkan3-sloth/sloth-runner/internal/agent/metrics.go:370.44,372.7 1 0
github.com/chalkan3-sloth/sloth-runner/internal/agent/metrics.go:372.12,372.51 1 0
github.com/chalkan3-sloth/sloth-runner/internal/agent/metrics.go:372.51,374.7 1 0
github.com/chalkan3-sloth/sloth-runner/internal/agent/metrics.go:375.6,375.22 1 0
github.com/chalkan3-sloth/sloth-runner/internal/agent/metrics.go:380.29,381.42 1 0
github.com/chalkan3-sloth/sloth-runner/internal/agent/metrics.go:381.42,383.7 1 0
github.com/chalkan3-sloth/sloth-runner/internal/agent/metrics.go:383.12,383.49 1 0
github.com/chalkan3-sloth/sloth-runner/internal/agent/metrics.go:383.49,385.7 1 0
github.com/chalkan3-sloth/sloth-runner/internal/agent/metrics.go:386.6,386.22 1 0
github.com/chalkan3-sloth/sloth-runner/internal/agent/metrics.go:392.2,393.41 2 0
github.com/chalkan3-sloth/sloth-runner/internal/agent/metrics.go:393.41,395.3 1 0
github.com/chalkan3-sloth/sloth-runner/internal/agent/metrics.go:395.8,395.47 1 0
github.com/chalkan3-sloth/sloth-runner/internal/agent/metrics.go:395.47,397.3 1 0
github.com/chalkan3-sloth/sloth-runner/internal/agent/metrics.go:397.8,399.3 1 0
github.com/chalkan3-sloth/sloth-runner/internal/agent/metrics.go:401.2,401.35 1 0
github.com/chalkan3-sloth/sloth-runner/internal/agent/sysinfo.go:123.47,133.16 3 0
github.com/chalkan3-sloth/sloth-runner/internal/agent/sysinfo.go:133.16,135.3 1 0
github.com/chalkan3-sloth/sloth-runner/internal/agent/sysinfo.go:138.2,154.31 7 0
github.com/chalkan3-sloth/sloth-runner/internal/agent/sysinfo.go:154.31,156.3 1 0
github.com/chalkan3-sloth/sloth-runner/internal/agent/sysinfo.go:159.2,186.72 10 0
github.com/chalkan3-sloth/sloth-runner/internal/agent/sysinfo.go:186.72,187.39 1 0
github.com/chalkan3-sloth/sloth-runner/internal/agent/sysinfo.go:187.39,189.4 1 0
github.com/chalkan3-sloth/sloth-runner/internal/agent/sysinfo.go:192.2,192.18 1 0
github.com/chalkan3-sloth/sloth-runner/internal/agent/sysinfo.go:196.46,197.22 1 0
github.com/chalkan3-sloth/sloth-runner/internal/agent/sysinfo.go:198.15,201.62 2 0
github.com/chalkan3-sloth/sloth-runner/internal/agent/sysinfo.go:201.62,203.31 2 0
github.com/chalkan3-sloth/sloth-runner/internal/agent/sysinfo.go:203.31,204.39 1 0
github.com/chalkan3-sloth/sloth-runner/internal/agent/sysinfo.go:204.39,206.6 1 0
github.com/chalkan3-sloth/sloth-runner/internal/agent/sysinfo.go:207.5,207.47 1 0
github.com/chalkan3-sloth/sloth-runner/internal/agent/sysinfo.go:207.47,209.6 1 0
github.com/chalkan3-sloth/sloth-runner/internal/agent/sysinfo.go:212.16,216.85 3 0
github.com/chalkan3-sloth/sloth-runner/internal/agent/sysinfo.go:216.85,218.4 1 0
github.com/chalkan3-sloth/sloth-runner/internal/agent/sysinfo.go:219.17,220.34 1 0
github.com/chalkan3-sloth/sloth-runner/internal/agent/sysinfo.go:225.38,228.22 2 0
github.com/chalkan3-sloth/sloth-runner/internal/agent/sysinfo.go:229.15,231.60 1 0
github.com/chalkan3-sloth/sloth-runner/internal/agent/sysinfo.go:231.60,233.31 2 0
github.com/chalkan3-sloth/sloth-runner/internal/agent/sysinfo.go:233.31,235.24 2 0
github.com/chalkan3-sloth/sloth-runner/internal/agent/sysinfo.go:235.24,236.14 1 0
github.com/chalkan3-sloth/sloth-runner/internal/agent/sysinfo.go:238.5,242.22 4 0
github.com/chalkan3-sloth/sloth-runner/internal/agent/sysinfo.go:243.22,244.23 1 0
github.com/chalkan3-sloth/sloth-runner/internal/agent/sysinfo.go:245.26,246.27 1 0
github.com/chalkan3-sloth/sloth-runner/internal/agent/sysinfo.go:247.21,248.22 1 0
github.com/chalkan3-sloth/sloth-runner/internal/agent/sysinfo.go:249.20,250.24 1 0
github.com/chalkan3-sloth/sloth-runner/internal/agent/sysinfo.go:251.21,252.25 1 0
github.com/chalkan3-sloth/sloth-runner/internal/agent/sysinfo.go:255.4,256.21 2 0
github.com/chalkan3-sloth/sloth-runner/internal/agent/sysinfo.go:256.21,258.5 1 0
github.com/chalkan3-sloth/sloth-runner/internal/agent/sysinfo.go:260.16,262.66 1 0
github.com/chalkan3-sloth/sloth-runner/internal/agent/sysinfo.go:262.66,267.31 4 0
github.com/chalkan3-sloth/sloth-runner/internal/agent/sysinfo.go:267.31,269.24 2 0
github.com/chalkan3-sloth/sloth-runner/internal/agent/sysinfo.go:269.24,270.14 1 0
github.com/chalkan3-sloth/sloth-runner/internal/agent/sysinfo.go:272.5,276.46 4 0
github.com/chalkan3-sloth/sloth-runner/internal/agent/sysinfo.go:276.46,278.6 1 0
github.com/chalkan3-sloth/sloth-runner/internal/agent/sysinfo.go:278.11,278.55 1 0
github.com/chalkan3-sloth/sloth-runner/internal/agent/sysinfo.go:278.55,280.6 1 0
github.com/chalkan3-sloth/sloth-runner/internal/agent/sysinfo.go:280.11,280.57 1 0
github.com/chalkan3-sloth/sloth-runner/internal/agent/sysinfo.go:280.57,282.6 1 0
github.com/chalkan3-sloth/sloth-runner/internal/agent/sysinfo.go:282.11,282.60 1 0
github.com/chalkan3-sloth/sloth-runner/internal/agent/sysinfo.go:282.60,284.6 1 0
github.com/chalkan3-sloth/sloth-runner/internal/agent/sysinfo.go:284.11,284.59 1 0
github.com/chalkan3-sloth/sloth-runner/internal/agent/sysinfo.go:284.59,286.6 1 0
github.com/chalkan3-sloth/sloth-runner/internal/agent/sysinfo.go:290.4,290.86 1 0
github.com/chalkan3-sloth/sloth-runner/internal/agent/sysinfo.go:290.86,292.5 1 0
github.com/chalkan3-sloth/sloth-runner/internal/agent/sysinfo.go:294.4,298.21 5 0
github.com/chalkan3-sloth/sloth-runner/internal/agent/sysinfo.go:298.21,300.5 1 0
github.com/chalkan3-sloth/sloth-runner/internal/agent/sysinfo.go:304.2,304.12 1 0
github.com/chalkan3-sloth/sloth-runner/internal/agent/sysinfo.go:308.36,311.22 2 0
github.com/chalkan3-sloth/sloth-runner/internal/agent/sysinfo.go:312.25,315.17 2 0
github.com/chalkan3-sloth/sloth-runner/internal/agent/sysinfo.go:315.17,317.4 1 0
github.com/chalkan3-sloth/sloth-runner/internal/agent/sysinfo.go:319.3,320.30 2 0
github.com/chalkan3-sloth/sloth-runner/internal/agent/sysinfo.go:320.30,321.14 1 0
github.com/chalkan3-sloth/sloth-runner/internal/agent/sysinfo.go:321.14,322.13 1 0
github.com/chalkan3-sloth/sloth-runner/internal/agent/sysinfo.go:324.4,325.23 2 0
github.com/chalkan3-sloth/sloth-runner/internal/agent/sysinfo.go:325.23,326.13 1 0
github.com/chalkan3-sloth/sloth-runner/internal/agent/sysinfo.go:330.4,330.31 1 0
github.com/chalkan3-sloth/sloth-runner/internal/agent/sysinfo.go:330.31,332.84 2 0
github.com/chalkan3-sloth/sloth-runner/internal/agent/sysinfo.go:332.84,333.14 1 0
github.com/chalkan3-sloth/sloth-runner/internal/agent/sysinfo.go:337.4,350.22 8 0
github.com/chalkan3-sloth/sloth-runner/internal/agent/sysinfo.go:350.22,352.5 1 0
github.com/chalkan3-sloth/sloth-runner/internal/agent/sysinfo.go:354.4,354.31 1 0
github.com/chalkan3-sloth/sloth-runner/internal/agent/sysinfo.go:358.2,358.14 1 0
github.com/chalkan3-sloth/sloth-runner/internal/agent/sysinfo.go:362.42,365.22 2 0
github.com/chalkan3-sloth/sloth-runner/internal/agent/sysinfo.go:366.15,368.83 1 0
github.com/chalkan3-sloth/sloth-runner/internal/agent/sysinfo.go:368.83,372.31 3 0
github.com/chalkan3-sloth/sloth-runner/internal/agent/sysinfo.go:372.31,374.24 2 0
github.com/chalkan3-sloth/sloth-runner/internal/agent/sysinfo.go:374.24,375.14 1 0
github.com/chalkan3-sloth/sloth-runner/internal/agent/sysinfo.go:378.5,379.49 2 0
github.com/chalkan3-sloth/sloth-runner/internal/agent/sysinfo.go:379.49,384.6 1 0
github.com/chalkan3-sloth/sloth-runner/internal/agent/sysinfo.go:387.5,387.37 1 0
github.com/chalkan3-sloth/sloth-runner/internal/agent/sysinfo.go:387.37,389.6 1 0
github.com/chalkan3-sloth/sloth-runner/internal/agent/sysinfo.go:392.5,392.74 1 0
github.com/chalkan3-sloth/sloth-runner/internal/agent/sysinfo.go:392.74,395.6 2 0
github.com/chalkan3-sloth/sloth-runner/internal/agent/sysinfo.go:399.4,399.78 1 0
github.com/chalkan3-sloth/sloth-runner/internal/agent/sysinfo.go:399.78,402.32 3 0
github.com/chalkan3-sloth/sloth-runner/internal/agent/sysinfo.go:402.32,403.38 1 0
github.com/chalkan3-sloth/sloth-runner/internal/agent/sysinfo.go:403.38,405.73 1 0
github.com/chalkan3-sloth/sloth-runner/internal/agent/sysinfo.go:405.73,407.37 2 0
github.com/chalkan3-sloth/sloth-runner/internal/agent/sysinfo.go:407.37,408.55 1 0
github.com/chalkan3-sloth/sloth-runner/internal/agent/sysinfo.go:408.55,409.69 1 0
github.com/chalkan3-sloth/sloth-runner/internal/agent/sysinfo.go:409.69,411.11 1 0
github.com/chalkan3-sloth/sloth-runner/internal/agent/sysinfo.go:415.12,417.27 2 0
github.com/chalkan3-sloth/sloth-runner/internal/agent/sysinfo.go:417.27,419.8 1 0
github.com/chalkan3-sloth/sloth-runner/internal/agent/sysinfo.go:424.4,424.39 1 0
github.com/chalkan3-sloth/sloth-runner/internal/agent/sysinfo.go:424.39,426.5 1 0
github.com/chalkan3-sloth/sloth-runner/internal/agent/sysinfo.go:428.16,430.67 1 0
github.com/chalkan3-sloth/sloth-runner/internal/agent/sysinfo.go:430.67,434.31 3 0
github.com/chalkan3-sloth/sloth-runner/internal/agent/sysinfo.go:434.31,435.86 1 0
github.com/chalkan3-sloth/sloth-runner/internal/agent/sysinfo.go:435.86,438.25 2 0
github.com/chalkan3-sloth/sloth-runner/internal/agent/sysinfo.go:438.25,439.25 1 0
github.com/chalkan3-sloth/sloth-runner/internal/agent/sysinfo.go:439.25,441.8 1 0
github.com/chalkan3-sloth/sloth-runner/internal/agent/sysinfo.go:442.7,446.39 2 0
github.com/chalkan3-sloth/sloth-runner/internal/agent/sysinfo.go:446.39,448.8 1 0
github.com/chalkan3-sloth/sloth-runner/internal/agent/sysinfo.go:450.11,450.30 1 0
github.com/chalkan3-sloth/sloth-runner/internal/agent/sysinfo.go:450.30,453.42 2 0
github.com/chalkan3-sloth/sloth-runner/internal/agent/sysinfo.go:453.42,455.27 2 0
github.com/chalkan3-sloth/sloth-runner/internal/agent/sysinfo.go:455.27,457.8 1 0
github.com/chalkan3-sloth/sloth-runner/internal/agent/sysinfo.go:458.12,458.50 1 0
github.com/chalkan3-sloth/sloth-runner/internal/agent/sysinfo.go:458.50,460.27 2 0
github.com/chalkan3-sloth/sloth-runner/internal/agent/sysinfo.go:460.27,462.8 1 0
github.com/chalkan3-sloth/sloth-runner/internal/agent/sysinfo.go:466.4,466.22 1 0
github.com/chalkan3-sloth/sloth-runner/internal/agent/sysinfo.go:466.22,468.5 1 0
github.com/chalkan3-sloth/sloth-runner/internal/agent/sysinfo.go:472.2,472.17 1 0
github.com/chalkan3-sloth/sloth-runner/internal/agent/sysinfo.go:476.24,477.22 1 0
github.com/chalkan3-sloth/sloth-runner/internal/agent/sysinfo.go:478.15,479.59 1 0
github.com/chalkan3-sloth/sloth-runner/internal/agent/sysinfo.go:479.59,481.23 2 0
github.com/chalkan3-sloth/sloth-runner/internal/agent/sysinfo.go:481.23,485.5 3 0
github.com/chalkan3-sloth/sloth-runner/internal/agent/sysinfo.go:487.16,488.88 1 0
github.com/chalkan3-sloth/sloth-runner/internal/agent/sysinfo.go:488.88,491.55 2 0
github.com/chalkan3-sloth/sloth-runner/internal/agent/sysinfo.go:491.55,493.51 2 0
github.com/chalkan3-sloth/sloth-runner/internal/agent/sysinfo.go:493.51,497.6 3 0
github.com/chalkan3-sloth/sloth-runner/internal/agent/sysinfo.go:501.2,501.10 1 0
github.com/chalkan3-sloth/sloth-runner/internal/agent/sysinfo.go:505.33,508.22 2 0
github.com/chalkan3-sloth/sloth-runner/internal/agent/sysinfo.go:509.15,510.60 1 0
github.com/chalkan3-sloth/sloth-runner/internal/agent/sysinfo.go:510.60,512.24 2 0
github.com/chalkan3-sloth/sloth-runner/internal/agent/sysinfo.go:512.24,516.5 3 0
github.com/chalkan3-sloth/sloth-runner/internal/agent/sysinfo.go:518.16,519.85 1 0
github.com/chalkan3-sloth/sloth-runner/internal/agent/sysinfo.go:519.85,523.24 3 0
github.com/chalkan3-sloth/sloth-runner/internal/agent/sysinfo.go:523.24,527.5 3 0
github.com/chalkan3-sloth/sloth-runner/internal/agent/sysinfo.go:531.2,531.14 1 0
github.com/chalkan3-sloth/sloth-runner/internal/agent/sysinfo.go:535.39,539.69 3 0
github.com/chalkan3-sloth/sloth-runner/internal/agent/sysinfo.go:539.69,541.3 1 0
github.com/chalkan3-sloth/sloth-runner/internal/agent/sysinfo.go:543.2,543.69 1 0
github.com/chalkan3-sloth/sloth-runner/internal/agent/sysinfo.go:543.69,545.3 1 0
github.com/chalkan3-sloth/sloth-runner/internal/agent/sysinfo.go:547.2,547.24 1 0
github.com/chalkan3-sloth/sloth-runner/internal/agent/sysinfo.go:551.36,552.22 1 0
github.com/chalkan3-sloth/sloth-runner/internal/agent/sysinfo.go:553.15,555.78 1 0
github.com/chalkan3-sloth/sloth-runner/internal/agent/sysinfo.go:555.78,557.22 2 0
github.com/chalkan3-sloth/sloth-runner/internal/agent/sysinfo.go:557.22,559.5 1 0
github.com/chalkan3-sloth/sloth-runner/internal/agent/sysinfo.go:563.3,563.77 1 0
github.com/chalkan3-sloth/sloth-runner/internal/agent/sysinfo.go:563.77,565.47 2 0
github.com/chalkan3-sloth/sloth-runner/internal/agent/sysinfo.go:565.47,567.5 1 0
github.com/chalkan3-sloth/sloth-runner/internal/agent/sysinfo.go:567.10,567.50 1 0
github.com/chalkan3-sloth/sloth-runner/internal/agent/sysinfo.go:567.50,569.5 1 0
github.com/chalkan3-sloth/sloth-runner/internal/agent/sysinfo.go:569.10,569.47 1 0
github.com/chalkan3-sloth/sloth-runner/internal/agent/sysinfo.go:569.47,571.5 1 0
github.com/chalkan3-sloth/sloth-runner/internal/agent/sysinfo.go:571.10,571.48 1 0
github.com/chalkan3-sloth/sloth-runner/internal/agent/sysinfo.go:571.48,573.5 1 0
github.com/chalkan3-sloth/sloth-runner/internal/agent/sysinfo.go:575.16,577.99 1 0
github.com/chalkan3-sloth/sloth-runner/internal/agent/sysinfo.go:577.99,579.39 2 0
github.com/chalkan3-sloth/sloth-runner/internal/agent/sysinfo.go:579.39,581.5 1 0
github.com/chalkan3-sloth/sloth-runner/internal/agent/sysinfo.go:585.2,585.15 1 0
github.com/chalkan3-sloth/sloth-runner/internal/agent/sysinfo.go:589.40,596.49 2 0
github.com/chalkan3-sloth/sloth-runner/internal/agent/sysinfo.go:596.49,599.142 2 0
github.com/chalkan3-sloth/sloth-runner/internal/agent/sysinfo.go:599.142,601.31 2 0
github.com/chalkan3-sloth/sloth-runner/internal/agent/sysinfo.go:601.31,602.38 1 0
github.com/chalkan3-sloth/sloth-runner/internal/agent/sysinfo.go:602.38,603.14 1 0
github.com/chalkan3-sloth/sloth-runner/internal/agent/sysinfo.go:605.5,606.25 2 0
github.com/chalkan3-sloth/sloth-runner/internal/agent/sysinfo.go:606.25,611.26 2 0
github.com/chalkan3-sloth/sloth-runner/internal/agent/sysinfo.go:611.26,613.7 1 0
github.com/chalkan3-sloth/sloth-runner/internal/agent/sysinfo.go:614.6,614.26 1 0
github.com/chalkan3-sloth/sloth-runner/internal/agent/sysinfo.go:614.26,616.7 1 0
github.com/chalkan3-sloth/sloth-runner/internal/agent/sysinfo.go:617.6,617.48 1 0
github.com/chalkan3-sloth/sloth-runner/internal/agent/sysinfo.go:620.4,620.44 1 0
github.com/chalkan3-sloth/sloth-runner/internal/agent/sysinfo.go:623.3,623.86 1 0
github.com/chalkan3-sloth/sloth-runner/internal/agent/sysinfo.go:623.86,625.31 2 0
github.com/chalkan3-sloth/sloth-runner/internal/agent/sysinfo.go:625.31,626.76 1 0
github.com/chalkan3-sloth/sloth-runner/internal/agent/sysinfo.go:626.76,627.14 1 0
github.com/chalkan3-sloth/sloth-runner/internal/agent/sysinfo.go:630.5,631.25 2 0
github.com/chalkan3-sloth/sloth-runner/internal/agent/sysinfo.go:631.25,637.26 3 0
github.com/chalkan3-sloth/sloth-runner/internal/agent/sysinfo.go:637.26,639.7 1 0
github.com/chalkan3-sloth/sloth-runner/internal/agent/sysinfo.go:640.6,640.46 1 0
github.com/chalkan3-sloth/sloth-runner/internal/agent/sysinfo.go:643.4,643.45 1 0
github.com/chalkan3-sloth/sloth-runner/internal/agent/sysinfo.go:645.8,645.55 1 0
github.com/chalkan3-sloth/sloth-runner/internal/agent/sysinfo.go:645.55,648.143 2 0
github.com/chalkan3-sloth/sloth-runner/internal/agent/sysinfo.go:648.143,650.31 2 0
github.com/chalkan3-sloth/sloth-runner/internal/agent/sysinfo.go:650.31,651.38 1 0
github.com/chalkan3-sloth/sloth-runner/internal/agent/sysinfo.go:651.38,652.14 1 0
github.com/chalkan3-sloth/sloth-runner/internal/agent/sysinfo.go:654.5,655.25 2 0
github.com/chalkan3-sloth/sloth-runner/internal/agent/sysinfo.go:655.25,660.26 2 0
github.com/chalkan3-sloth/sloth-runner/internal/agent/sysinfo.go:660.26,662.7 1 0
github.com/chalkan3-sloth/sloth-runner/internal/agent/sysinfo.go:663.6,663.26 1 0
github.com/chalkan3-sloth/sloth-runner/internal/agent/sysinfo.go:663.26,665.7 1 0
github.com/chalkan3-sloth/sloth-runner/internal/agent/sysinfo.go:666.6,666.48 1 0
github.com/chalkan3-sloth/sloth-runner/internal/agent/sysinfo.go:669.4,669.44 1 0
github.com/chalkan3-sloth/sloth-runner/internal/agent/sysinfo.go:672.3,673.49 2 0
github.com/chalkan3-sloth/sloth-runner/internal/agent/sysinfo.go:673.49,675.4 1 0
github.com/chalkan3-sloth/sloth-runner/internal/agent/sysinfo.go:675.9,677.4 1 0
github.com/chalkan3-sloth/sloth-runner/internal/agent/sysinfo.go:678.3,678.52 1 0
github.com/chalkan3-sloth/sloth-runner/internal/agent/sysinfo.go:678.52,680.31 2 0
github.com/chalkan3-sloth/sloth-runner/internal/agent/sysinfo.go:680.31,682.100 2 0
github.com/chalkan3-sloth/sloth-runner/internal/agent/sysinfo.go:682.100,683.14 1 0
github.com/chalkan3-sloth/sloth-runner/internal/agent/sysinfo.go:685.5,686.25 2 0
github.com/chalkan3-sloth/sloth-runner/internal/agent/sysinfo.go:686.25,691.26 2 0
github.com/chalkan3-sloth/sloth-runner/internal/agent/sysinfo.go:691.26,693.7 1 0
github.com/chalkan3-sloth/sloth-runner/internal/agent/sysinfo.go:694.6,694.46 1 0
github.com/chalkan3-sloth/sloth-runner/internal/agent/sysinfo.go:697.4,697.45 1 0
github.com/chalkan3-sloth/sloth-runner/internal/agent/sysinfo.go:699.8,699.58 1 0
github.com/chalkan3-sloth/sloth-runner/internal/agent/sysinfo.go:699.58,702.71 2 0
github.com/chalkan3-sloth/sloth-runner/internal/agent/sysinfo.go:702.71,704.31 2 0
github.com/chalkan3-sloth/sloth-runner/internal/agent/sysinfo.go:704.31,705.38 1 0
github.com/chalkan3-sloth/sloth-runner/internal/agent/sysinfo.go:705.38,706.14 1 0
github.com/chalkan3-sloth/sloth-runner/internal/agent/sysinfo.go:708.5,709.25 2 0
github.com/chalkan3-sloth/sloth-runner/internal/agent/sysinfo.go:709.25,715.6 2 0
github.com/chalkan3-sloth/sloth-runner/internal/agent/sysinfo.go:717.4,717.44 1 0
github.com/chalkan3-sloth/sloth-runner/internal/agent/sysinfo.go:720.3,720.72 1 0
github.com/chalkan3-sloth/sloth-runner/internal/agent/sysinfo.go:720.72,722.31 2 0
github.com/chalkan3-sloth/sloth-runner/internal/agent/sysinfo.go:722.31,723.38 1 0
github.com/chalkan3-sloth/sloth-runner/internal/agent/sysinfo.go:723.38,724.14 1 0
github.com/chalkan3-sloth/sloth-runner/internal/agent/sysinfo.go:726.5,727.25 2 0
github.com/chalkan3-sloth/sloth-runner/internal/agent/sysinfo.go:727.25,733.6 2 0
github.com/chalkan3-sloth/sloth-runner/internal/agent/sysinfo.go:735.4,735.45 1 0
github.com/chalkan3-sloth/sloth-runner/internal/agent/sysinfo.go:737.8,737.56 1 0
github.com/chalkan3-sloth/sloth-runner/internal/agent/sysinfo.go:737.56,740.85 2 0
github.com/chalkan3-sloth/sloth-runner/internal/agent/sysinfo.go:740.85,742.31 2 0
github.com/chalkan3-sloth/sloth-runner/internal/agent/sysinfo.go:742.31,743.38 1 0
github.com/chalkan3-sloth/sloth-runner/internal/agent/sysinfo.go:743.38,744.14 1 0
github.com/chalkan3-sloth/sloth-runner/internal/agent/sysinfo.go:746.5,747.25 2 0
github.com/chalkan3-sloth/sloth-runner/internal/agent/sysinfo.go:747.25,753.6 2 0
github.com/chalkan3-sloth/sloth-runner/internal/agent/sysinfo.go:755.4,755.44 1 0
github.com/chalkan3-sloth/sloth-runner/internal/agent/sysinfo.go:758.3,758.75 1 0
github.com/chalkan3-sloth/sloth-runner/internal/agent/sysinfo.go:758.75,760.31 2 0
github.com/chalkan3-sloth/sloth-runner/internal/agent/sysinfo.go:760.31,761.38 1 0
github.com/chalkan3-sloth/sloth-runner/internal/agent/sysinfo.go:761.38,762.14 1 0
github.com/chalkan3-sloth/sloth-runner/internal/agent/sysinfo.go:764.5,765.25 2 0
github.com/chalkan3-sloth/sloth-runner/internal/agent/sysinfo.go:765.25,771.6 2 0
github.com/chalkan3-sloth/sloth-runner/internal/agent/sysinfo.go:773.4,773.45 1 0
github.com/chalkan3-sloth/sloth-runner/internal/agent/sysinfo.go:777.2,777.13 1 0
github.com/chalkan3-sloth/sloth-runner/internal/agent/sysinfo.go:781.38,784.54 2 0
github.com/chalkan3-sloth/sloth-runner/internal/agent/sysinfo.go:784.54,786.17 2 0
github.com/chalkan3-sloth/sloth-runner/internal/agent/sysinfo.go:786.17,788.31 2 0
github.com/chalkan3-sloth/sloth-runner/internal/agent/sysinfo.go:788.31,790.25 2 0
github.com/chalkan3-sloth/sloth-runner/internal/agent/sysinfo.go:790.25,798.6 3 0
github.com/chalkan3-sloth/sloth-runner/internal/agent/sysinfo.go:803.2,803.17 1 0
github.com/chalkan3-sloth/sloth-runner/internal/agent/sysinfo.go:807.32,810.22 2 0
github.com/chalkan3-sloth/sloth-runner/internal/agent/sysinfo.go:811.25,812.58 1 0
github.com/chalkan3-sloth/sloth-runner/internal/agent/sysinfo.go:812.58,814.31 2 0
github.com/chalkan3-sloth/sloth-runner/internal/agent/sysinfo.go:814.31,816.44 2 0
github.com/chalkan3-sloth/sloth-runner/internal/agent/sysinfo.go:816.44,825.6 2 0
github.com/chalkan3-sloth/sloth-runner/internal/agent/sysinfo.go:830.2,830.14 1 0
github.com/chalkan3-sloth/sloth-runner/internal/agent/sysinfo.go:834.40,837.22 2 0
github.com/chalkan3-sloth/sloth-runner/internal/agent/sysinfo.go:838.15,840.54 1 0
github.com/chalkan3-sloth/sloth-runner/internal/agent/sysinfo.go:840.54,841.34 1 0
github.com/chalkan3-sloth/sloth-runner/internal/agent/sysinfo.go:841.34,842.23 1 0
github.com/chalkan3-sloth/sloth-runner/internal/agent/sysinfo.go:842.23,843.14 1 0
github.com/chalkan3-sloth/sloth-runner/internal/agent/sysinfo.go:846.5,846.71 1 0
github.com/chalkan3-sloth/sloth-runner/internal/agent/sysinfo.go:846.71,851.58 3 0
github.com/chalkan3-sloth/sloth-runner/internal/agent/sysinfo.go:851.58,853.34 2 0
github.com/chalkan3-sloth/sloth-runner/internal/agent/sysinfo.go:853.34,854.45 1 0
github.com/chalkan3-sloth/sloth-runner/internal/agent/sysinfo.go:854.45,856.29 2 0
github.com/chalkan3-sloth/sloth-runner/internal/agent/sysinfo.go:856.29,857.27 1 0
github.com/chalkan3-sloth/sloth-runner/internal/agent/sysinfo.go:858.19,859.25 1 0
github.com/chalkan3-sloth/sloth-runner/internal/agent/sysinfo.go:860.24,861.26 1 0
github.com/chalkan3-sloth/sloth-runner/internal/agent/sysinfo.go:862.19,863.24 1 0
github.com/chalkan3-sloth/sloth-runner/internal/agent/sysinfo.go:866.9,866.14 1 0
github.com/chalkan3-sloth/sloth-runner/internal/agent/sysinfo.go:873.16,875.77 1 0
github.com/chalkan3-sloth/sloth-runner/internal/agent/sysinfo.go:875.77,877.31 2 0
github.com/chalkan3-sloth/sloth-runner/internal/agent/sysinfo.go:877.31,878.15 1 0
github.com/chalkan3-sloth/sloth-runner/internal/agent/sysinfo.go:878.15,879.14 1 0
github.com/chalkan3-sloth/sloth-runner/internal/agent/sysinfo.go:881.5,882.20 2 0
github.com/chalkan3-sloth/sloth-runner/internal/agent/sysinfo.go:882.20,883.14 1 0
github.com/chalkan3-sloth/sloth-runner/internal/agent/sysinfo.go:885.5,887.21 2 0
github.com/chalkan3-sloth/sloth-runner/internal/agent/sysinfo.go:888.14,889.20 1 0
github.com/chalkan3-sloth/sloth-runner/internal/agent/sysinfo.go:890.19,891.21 1 0
github.com/chalkan3-sloth/sloth-runner/internal/agent/sysinfo.go:892.14,893.19 1 0
github.com/chalkan3-sloth/sloth-runner/internal/agent/sysinfo.go:899.2,899.13 1 0
github.com/chalkan3-sloth/sloth-runner/internal/agent/sysinfo.go:903.34,906.22 2 0
github.com/chalkan3-sloth/sloth-runner/internal/agent/sysinfo.go:907.15,908.59 1 0
github.com/chalkan3-sloth/sloth-runner/internal/agent/sysinfo.go:908.59,910.31 2 0
github.com/chalkan3-sloth/sloth-runner/internal/agent/sysinfo.go:910.31,912.25 2 0
github.com/chalkan3-sloth/sloth-runner/internal/agent/sysinfo.go:912.25,920.6 2 0
github.com/chalkan3-sloth/sloth-runner/internal/agent/sysinfo.go:923.16,924.64 1 0
github.com/chalkan3-sloth/sloth-runner/internal/agent/sysinfo.go:924.64,926.31 2 0
github.com/chalkan3-sloth/sloth-runner/internal/agent/sysinfo.go:926.31,928.39 1 0
github.com/chalkan3-sloth/sloth-runner/internal/agent/sysinfo.go:928.39,930.25 2 0
github.com/chalkan3-sloth/sloth-runner/internal/agent/sysinfo.go:930.25,935.54 3 0
github.com/chalkan3-sloth/sloth-runner/internal/agent/sysinfo.go:935.54,946.33 5 0
github.com/chalkan3-sloth/sloth-runner/internal/agent/sysinfo.go:946.33,948.9 1 0
github.com/chalkan3-sloth/sloth-runner/internal/agent/sysinfo.go:949.8,949.33 1 0
github.com/chalkan3-sloth/sloth-runner/internal/agent/sysinfo.go:949.33,951.9 1 0
github.com/chalkan3-sloth/sloth-runner/internal/agent/sysinfo.go:953.8,953.38 1 0
github.com/chalkan3-sloth/sloth-runner/internal/agent/sysinfo.go:961.2,961.15 1 0
github.com/chalkan3-sloth/sloth-runner/internal/agent/sysinfo.go:965.27,969.2 3 0
github.com/chalkan3-sloth/sloth-runner/internal/agent/sysinfo.go:972.26,973.22 1 0
github.com/chalkan3-sloth/sloth-runner/internal/agent/sysinfo.go:974.15,975.57 1 0
github.com/chalkan3-sloth/sloth-runner/internal/agent/sysinfo.go:975.57,977.31 2 0
github.com/chalkan3-sloth/sloth-runner/internal/agent/sysinfo.go:977.31,978.42 1 0
github.com/chalkan3-sloth/sloth-runner/internal/agent/sysinfo.go:978.42,980.26 2 0
github.com/chalkan3-sloth/sloth-runner/internal/agent/sysinfo.go:980.26,984.7 3 0
github.com/chalkan3-sloth/sloth-runner/internal/agent/sysinfo.go:988.16,989.88 1 0
github.com/chalkan3-sloth/sloth-runner/internal/agent/sysinfo.go:989.88,992.55 2 0
github.com/chalkan3-sloth/sloth-runner/internal/agent/sysinfo.go:992.55,994.51 2 0
github.com/chalkan3-sloth/sloth-runner/internal/agent/sysinfo.go:994.51,998.6 3 0
github.com/chalkan3-sloth/sloth-runner/internal/agent/sysinfo.go:1002.2,1002.10 1 0
github.com/chalkan3-sloth/sloth-runner/internal/agent/sysinfo.go:1006.47,1008.16 2 0
github.com/chalkan3-sloth/sloth-runner/internal/agent/sysinfo.go:1008.16,1010.3 1 0
github.com/chalkan3-sloth/sloth-runner/internal/agent/sysinfo.go:1011.2,1011.26 1 0
github.com/chalkan3-sloth/sloth-runner/internal/agent/sysinfo.go:1015.52,1018.16 3 0
github.com/chalkan3-sloth/sloth-runner/internal/agent/sysinfo.go:1018.16,1020.3 1 0
github.com/chalkan3-sloth/sloth-runner/internal/agent/sysinfo.go:1021.2,1021.19 1 0
github.com/chalkan3-sloth/sloth-runner/internal/core/concurrency.go:24.45,35.31 3 8
github.com/chalkan3-sloth/sloth-runner/internal/core/concurrency.go:35.31,38.3 2 35
github.com/chalkan3-sloth/sloth-runner/internal/core/concurrency.go:40.2,40.11 1 8
github.com/chalkan3-sloth/sloth-runner/internal/core/concurrency.go:44.32,47.6 2 35
github.com/chalkan3-sloth/sloth-runner/internal/core/concurrency.go:47.6,48.10 1 61
github.com/chalkan3-sloth/sloth-runner/internal/core/concurrency.go:49.27,53.11 3 26
github.com/chalkan3-sloth/sloth-runner/internal/core/concurrency.go:53.11,54.18 1 26
github.com/chalkan3-sloth/sloth-runner/internal/core/concurrency.go:54.18,57.26 2 26
github.com/chalkan3-sloth/sloth-runner/internal/core/concurrency.go:57.26,59.7 1 1
github.com/chalkan3-sloth/sloth-runner/internal/core/concurrency.go:59.12,61.7 1 25
github.com/chalkan3-sloth/sloth-runner/internal/core/concurrency.go:64.5,64.11 1 26
github.com/chalkan3-sloth/sloth-runner/internal/core/concurrency.go:67.24,68.10 1 35
github.com/chalkan3-sloth/sloth-runner/internal/core/concurrency.go:74.48,75.9 1 30
github.com/chalkan3-sloth/sloth-runner/internal/core/concurrency.go:76.24,78.14 2 27
github.com/chalkan3-sloth/sloth-runner/internal/core/concurrency.go:79.23,80.15 1 0
github.com/chalkan3-sloth/sloth-runner/internal/core/concurrency.go:81.10,83.15 1 3
github.com/chalkan3-sloth/sloth-runner/internal/core/concurrency.go:88.82,92.9 3 2
github.com/chalkan3-sloth/sloth-runner/internal/core/concurrency.go:93.24,95.14 2 2
github.com/chalkan3-sloth/sloth-runner/internal/core/concurrency.go:96.20,97.15 1 0
github.com/chalkan3-sloth/sloth-runner/internal/core/concurrency.go:102.47,110.2 1 7
github.com/chalkan3-sloth/sloth-runner/internal/core/concurrency.go:113.31,117.2 3 8
github.com/chalkan3-sloth/sloth-runner/internal/core/concurrency.go:134.28,138.2 1 10
github.com/chalkan3-sloth/sloth-runner/internal/core/concurrency.go:141.55,145.2 3 615
github.com/chalkan3-sloth/sloth-runner/internal/core/concurrency.go:148.56,153.2 4 106
github.com/chalkan3-sloth/sloth-runner/internal/core/concurrency.go:156.39,160.2 3 2
github.com/chalkan3-sloth/sloth-runner/internal/core/concurrency.go:163.36,168.27 4 502
github.com/chalkan3-sloth/sloth-runner/internal/core/concurrency.go:168.27,170.3 1 45586
github.com/chalkan3-sloth/sloth-runner/internal/core/concurrency.go:171.2,171.13 1 502
github.com/chalkan3-sloth/sloth-runner/internal/core/concurrency.go:175.30,179.2 3 504
github.com/chalkan3-sloth/sloth-runner/internal/core/concurrency.go:182.28,186.2 3 2
github.com/chalkan3-sloth/sloth-runner/internal/core/concurrency.go:189.58,193.34 3 2
github.com/chalkan3-sloth/sloth-runner/internal/core/concurrency.go:193.34,195.3 1 6
github.com/chalkan3-sloth/sloth-runner/internal/core/concurrency.go:204.44,208.2 1 5
github.com/chalkan3-sloth/sloth-runner/internal/core/concurrency.go:211.31,213.2 1 6
github.com/chalkan3-sloth/sloth-runner/internal/core/concurrency.go:216.39,217.9 1 5
github.com/chalkan3-sloth/sloth-runner/internal/core/concurrency.go:218.26,219.14 1 3
github.com/chalkan3-sloth/sloth-runner/internal/core/concurrency.go:220.10,221.15 1 2
github.com/chalkan3-sloth/sloth-runner/internal/core/concurrency.go:226.68,227.9 1 3
github.com/chalkan3-sloth/sloth-runner/internal/core/concurrency.go:228.26,229.14 1 1
github.com/chalkan3-sloth/sloth-runner/internal/core/concurrency.go:230.29,231.15 1 2
github.com/chalkan3-sloth/sloth-runner/internal/core/concurrency.go:236.31,238.2 1 6
github.com/chalkan3-sloth/sloth-runner/internal/core/concurrency.go:241.37,243.2 1 4
github.com/chalkan3-sloth/sloth-runner/internal/core/concurrency.go:252.32,254.2 1 3
github.com/chalkan3-sloth/sloth-runner/internal/core/concurrency.go:257.39,262.2 4 102
github.com/chalkan3-sloth/sloth-runner/internal/core/concurrency.go:265.39,270.2 4 2
github.com/chalkan3-sloth/sloth-runner/internal/core/concurrency.go:273.44,278.2 4 2
github.com/chalkan3-sloth/sloth-runner/internal/core/concurrency.go:281.35,285.2 3 11
github.com/chalkan3-sloth/sloth-runner/internal/core/concurrency.go:288.38,292.2 3 1
github.com/chalkan3-sloth/sloth-runner/internal/core/concurrency.go:295.35,301.2 5 2
github.com/chalkan3-sloth/sloth-runner/internal/core/concurrency.go:313.56,320.2 1 5
github.com/chalkan3-sloth/sloth-runner/internal/core/concurrency.go:323.37,329.19 4 50
github.com/chalkan3-sloth/sloth-runner/internal/core/concurrency.go:329.19,332.3 2 32
github.com/chalkan3-sloth/sloth-runner/internal/core/concurrency.go:334.2,334.14 1 18
github.com/chalkan3-sloth/sloth-runner/internal/core/concurrency.go:338.45,344.20 4 4
github.com/chalkan3-sloth/sloth-runner/internal/core/concurrency.go:344.20,347.3 2 3
github.com/chalkan3-sloth/sloth-runner/internal/core/concurrency.go:349.2,349.14 1 1
github.com/chalkan3-sloth/sloth-runner/internal/core/concurrency.go:353.33,360.29 5 56
github.com/chalkan3-sloth/sloth-runner/internal/core/concurrency.go:360.29,362.3 1 1
github.com/chalkan3-sloth/sloth-runner/internal/core/concurrency.go:364.2,364.21 1 56
github.com/chalkan3-sloth/sloth-runner/internal/core/concurrency.go:368.39,374.2 4 2
github.com/chalkan3-sloth/sloth-runner/internal/core/concurrency.go:382.30,385.28 1 1
github.com/chalkan3-sloth/sloth-runner/internal/core/concurrency.go:385.28,387.5 1 1
github.com/chalkan3-sloth/sloth-runner/internal/core/concurrency.go:393.38,395.2 1 2
github.com/chalkan3-sloth/sloth-runner/internal/core/concurrency.go:398.42,402.2 1 1
github.com/chalkan3-sloth/sloth-runner/internal/core/concurrency.go:414.33,420.2 3 2
github.com/chalkan3-sloth/sloth-runner/internal/core/concurrency.go:423.26,430.26 5 9
github.com/chalkan3-sloth/sloth-runner/internal/core/concurrency.go:430.26,435.3 3 4
github.com/chalkan3-sloth/sloth-runner/internal/core/concurrency.go:435.8,437.34 1 5
github.com/chalkan3-sloth/sloth-runner/internal/core/concurrency.go:437.34,439.4 1 5
github.com/chalkan3-sloth/sloth-runner/internal/core/core.go:69.38,85.2 1 3
github.com/chalkan3-sloth/sloth-runner/internal/core/core.go:88.82,89.19 1 2
github.com/chalkan3-sloth/sloth-runner/internal/core/core.go:89.19,91.3 1 0
github.com/chalkan3-sloth/sloth-runner/internal/core/core.go:93.2,101.50 2 2
github.com/chalkan3-sloth/sloth-runner/internal/core/core.go:101.50,103.3 1 0
github.com/chalkan3-sloth/sloth-runner/internal/core/core.go:105.2,105.16 1 2
github.com/chalkan3-sloth/sloth-runner/internal/core/core.go:109.52,120.28 4 2
github.com/chalkan3-sloth/sloth-runner/internal/core/core.go:120.28,127.17 3 2
github.com/chalkan3-sloth/sloth-runner/internal/core/core.go:127.17,129.4 1 0
github.com/chalkan3-sloth/sloth-runner/internal/core/core.go:133.2,144.12 7 2
github.com/chalkan3-sloth/sloth-runner/internal/core/core.go:148.47,158.41 2 2
github.com/chalkan3-sloth/sloth-runner/internal/core/core.go:158.41,164.3 1 12
github.com/chalkan3-sloth/sloth-runner/internal/core/core.go:168.37,172.16 3 2
github.com/chalkan3-sloth/sloth-runner/internal/core/core.go:172.16,174.3 1 0
github.com/chalkan3-sloth/sloth-runner/internal/core/core.go:176.2,185.12 6 2
github.com/chalkan3-sloth/sloth-runner/internal/core/core.go:189.36,193.17 3 2
github.com/chalkan3-sloth/sloth-runner/internal/core/core.go:193.17,195.3 1 0
github.com/chalkan3-sloth/sloth-runner/internal/core/core.go:197.2,203.26 3 2
github.com/chalkan3-sloth/sloth-runner/internal/core/core.go:203.26,205.3 1 2
github.com/chalkan3-sloth/sloth-runner/internal/core/core.go:207.2,207.30 1 2
github.com/chalkan3-sloth/sloth-runner/internal/core/core.go:207.30,209.3 1 2
github.com/chalkan3-sloth/sloth-runner/internal/core/core.go:211.2,214.12 3 2
github.com/chalkan3-sloth/sloth-runner/internal/core/core.go:218.40,222.6 3 2
github.com/chalkan3-sloth/sloth-runner/internal/core/core.go:222.6,223.10 1 2
github.com/chalkan3-sloth/sloth-runner/internal/core/core.go:224.19,225.23 1 0
github.com/chalkan3-sloth/sloth-runner/internal/core/core.go:226.22,227.10 1 2
github.com/chalkan3-sloth/sloth-runner/internal/core/core.go:233.42,237.6 3 2
github.com/chalkan3-sloth/sloth-runner/internal/core/core.go:237.6,238.10 1 2
github.com/chalkan3-sloth/sloth-runner/internal/core/core.go:239.19,240.28 1 0
github.com/chalkan3-sloth/sloth-runner/internal/core/core.go:241.22,242.10 1 2
github.com/chalkan3-sloth/sloth-runner/internal/core/core.go:248.40,254.26 3 0
github.com/chalkan3-sloth/sloth-runner/internal/core/core.go:254.26,256.3 1 0
github.com/chalkan3-sloth/sloth-runner/internal/core/core.go:259.2,263.25 3 0
github.com/chalkan3-sloth/sloth-runner/internal/core/core.go:263.25,265.3 1 0
github.com/chalkan3-sloth/sloth-runner/internal/core/core.go:268.2,284.60 2 0
github.com/chalkan3-sloth/sloth-runner/internal/core/core.go:288.109,290.51 1 0
github.com/chalkan3-sloth/sloth-runner/internal/core/core.go:290.51,294.3 1 0
github.com/chalkan3-sloth/sloth-runner/internal/core/core.go:297.2,297.29 1 0
github.com/chalkan3-sloth/sloth-runner/internal/core/core.go:297.29,302.3 1 0
github.com/chalkan3-sloth/sloth-runner/internal/core/core.go:305.2,305.49 1 0
github.com/chalkan3-sloth/sloth-runner/internal/core/core.go:305.49,309.3 1 0
github.com/chalkan3-sloth/sloth-runner/internal/core/core.go:312.2,312.43 1 0
github.com/chalkan3-sloth/sloth-runner/internal/core/core.go:312.43,314.25 2 0
github.com/chalkan3-sloth/sloth-runner/internal/core/core.go:314.25,319.4 1 0
github.com/chalkan3-sloth/sloth-runner/internal/core/core.go:324.45,329.34 3 0
github.com/chalkan3-sloth/sloth-runner/internal/core/core.go:329.34,332.3 2 0
github.com/chalkan3-sloth/sloth-runner/internal/core/core.go:335.2,335.35 1 0
github.com/chalkan3-sloth/sloth-runner/internal/core/core.go:335.35,339.30 3 0
github.com/chalkan3-sloth/sloth-runner/internal/core/core.go:339.30,340.24 1 0
github.com/chalkan3-sloth/sloth-runner/internal/core/core.go:341.26,342.20 1 0
github.com/chalkan3-sloth/sloth-runner/internal/core/core.go:343.22,344.16 1 0
github.com/chalkan3-sloth/sloth-runner/internal/core/core.go:348.3,348.42 1 0
github.com/chalkan3-sloth/sloth-runner/internal/core/core.go:348.42,353.4 1 0
github.com/chalkan3-sloth/sloth-runner/internal/core/core.go:356.3,356.42 1 0
github.com/chalkan3-sloth/sloth-runner/internal/core/core.go:356.42,358.4 1 0
github.com/chalkan3-sloth/sloth-runner/internal/core/core.go:362.2,362.43 1 0
github.com/chalkan3-sloth/sloth-runner/internal/core/core.go:362.43,364.52 2 0
github.com/chalkan3-sloth/sloth-runner/internal/core/core.go:364.52,370.4 1 0
github.com/chalkan3-sloth/sloth-runner/internal/core/core.go:375.70,379.52 3 1
github.com/chalkan3-sloth/sloth-runner/internal/core/core.go:379.52,381.3 1 0
github.com/chalkan3-sloth/sloth-runner/internal/core/core.go:384.2,387.11 3 1
github.com/chalkan3-sloth/sloth-runner/internal/core/core.go:391.82,399.16 5 7
github.com/chalkan3-sloth/sloth-runner/internal/core/core.go:399.16,401.38 1 1
github.com/chalkan3-sloth/sloth-runner/internal/core/core.go:401.38,403.4 1 1
github.com/chalkan3-sloth/sloth-runner/internal/core/core.go:405.3,407.16 2 1
github.com/chalkan3-sloth/sloth-runner/internal/core/core.go:407.16,412.4 1 1
github.com/chalkan3-sloth/sloth-runner/internal/core/core.go:412.9,417.4 1 0
github.com/chalkan3-sloth/sloth-runner/internal/core/core.go:420.2,420.12 1 7
github.com/chalkan3-sloth/sloth-runner/internal/core/core.go:424.68,425.24 1 6
github.com/chalkan3-sloth/sloth-runner/internal/core/core.go:425.24,426.39 1 6
github.com/chalkan3-sloth/sloth-runner/internal/core/core.go:426.39,429.4 2 6
github.com/chalkan3-sloth/sloth-runner/internal/core/core.go:432.2,432.42 1 6
github.com/chalkan3-sloth/sloth-runner/internal/core/core.go:436.44,445.27 4 2
github.com/chalkan3-sloth/sloth-runner/internal/core/core.go:445.27,447.3 1 2
github.com/chalkan3-sloth/sloth-runner/internal/core/core.go:449.2,449.26 1 2
github.com/chalkan3-sloth/sloth-runner/internal/core/core.go:449.26,451.3 1 2
github.com/chalkan3-sloth/sloth-runner/internal/core/core.go:453.2,453.29 1 2
github.com/chalkan3-sloth/sloth-runner/internal/core/core.go:453.29,455.3 1 2
github.com/chalkan3-sloth/sloth-runner/internal/core/core.go:457.2,457.25 1 2
github.com/chalkan3-sloth/sloth-runner/internal/core/core.go:457.25,459.3 1 2
github.com/chalkan3-sloth/sloth-runner/internal/core/core.go:461.2,461.30 1 2
github.com/chalkan3-sloth/sloth-runner/internal/core/core.go:461.30,463.3 1 2
github.com/chalkan3-sloth/sloth-runner/internal/core/core.go:466.2,467.43 2 2
github.com/chalkan3-sloth/sloth-runner/internal/core/core.go:467.43,469.3 1 12
github.com/chalkan3-sloth/sloth-runner/internal/core/core.go:471.2,471.14 1 2
github.com/chalkan3-sloth/sloth-runner/internal/core/core.go:491.34,493.2 1 0
github.com/chalkan3-sloth/sloth-runner/internal/core/core.go:496.74,499.27 2 0
github.com/chalkan3-sloth/sloth-runner/internal/core/core.go:499.27,501.21 2 0
github.com/chalkan3-sloth/sloth-runner/internal/core/core.go:501.21,503.4 1 0
github.com/chalkan3-sloth/sloth-runner/internal/core/core.go:506.2,506.16 1 0
github.com/chalkan3-sloth/sloth-runner/internal/core/core.go:510.33,511.31 1 0
github.com/chalkan3-sloth/sloth-runner/internal/core/core.go:511.31,513.3 1 0
github.com/chalkan3-sloth/sloth-runner/internal/core/core.go:514.2,514.12 1 0
github.com/chalkan3-sloth/sloth-runner/internal/core/errors.go:23.40,24.11 1 5
github.com/chalkan3-sloth/sloth-runner/internal/core/errors.go:25.19,26.15 1 1
github.com/chalkan3-sloth/sloth-runner/internal/core/errors.go:27.22,28.18 1 1
github.com/chalkan3-sloth/sloth-runner/internal/core/errors.go:29.20,30.16 1 1
github.com/chalkan3-sloth/sloth-runner/internal/core/errors.go:31.24,32.20 1 1
github.com/chalkan3-sloth/sloth-runner/internal/core/errors.go:33.10,34.19 1 1
github.com/chalkan3-sloth/sloth-runner/internal/core/errors.go:52.37,53.20 1 4
github.com/chalkan3-sloth/sloth-runner/internal/core/errors.go:53.20,55.3 1 1
github.com/chalkan3-sloth/sloth-runner/internal/core/errors.go:56.2,56.50 1 3
github.com/chalkan3-sloth/sloth-runner/internal/core/errors.go:60.37,62.2 1 2
github.com/chalkan3-sloth/sloth-runner/internal/core/errors.go:65.78,78.2 3 38
github.com/chalkan3-sloth/sloth-runner/internal/core/errors.go:81.57,84.2 2 13
github.com/chalkan3-sloth/sloth-runner/internal/core/errors.go:87.76,90.2 2 10
github.com/chalkan3-sloth/sloth-runner/internal/core/errors.go:93.62,96.2 2 3
github.com/chalkan3-sloth/sloth-runner/internal/core/errors.go:99.64,102.2 2 5
github.com/chalkan3-sloth/sloth-runner/internal/core/errors.go:112.53,117.2 1 7
github.com/chalkan3-sloth/sloth-runner/internal/core/errors.go:120.46,125.37 4 15
github.com/chalkan3-sloth/sloth-runner/internal/core/errors.go:125.37,127.3 1 7
github.com/chalkan3-sloth/sloth-runner/internal/core/errors.go:127.8,129.3 1 8
github.com/chalkan3-sloth/sloth-runner/internal/core/errors.go:131.2,134.33 2 15
github.com/chalkan3-sloth/sloth-runner/internal/core/errors.go:134.33,136.3 1 2
github.com/chalkan3-sloth/sloth-runner/internal/core/errors.go:140.53,147.2 5 5
github.com/chalkan3-sloth/sloth-runner/internal/core/errors.go:150.44,155.2 3 4
github.com/chalkan3-sloth/sloth-runner/internal/core/errors.go:158.79,163.32 4 2
github.com/chalkan3-sloth/sloth-runner/internal/core/errors.go:163.32,164.31 1 8
github.com/chalkan3-sloth/sloth-runner/internal/core/errors.go:164.31,166.4 1 4
github.com/chalkan3-sloth/sloth-runner/internal/core/errors.go:168.2,168.17 1 2
github.com/chalkan3-sloth/sloth-runner/internal/core/errors.go:172.35,177.2 3 1
github.com/chalkan3-sloth/sloth-runner/internal/core/errors.go:186.59,189.46 1 5
github.com/chalkan3-sloth/sloth-runner/internal/core/errors.go:189.46,193.4 1 3
github.com/chalkan3-sloth/sloth-runner/internal/core/errors.go:198.93,201.2 2 0
github.com/chalkan3-sloth/sloth-runner/internal/core/errors.go:204.83,205.15 1 12
github.com/chalkan3-sloth/sloth-runner/internal/core/errors.go:205.15,206.31 1 12
github.com/chalkan3-sloth/sloth-runner/internal/core/errors.go:206.31,216.4 5 3
github.com/chalkan3-sloth/sloth-runner/internal/core/errors.go:219.2,220.19 2 12
github.com/chalkan3-sloth/sloth-runner/internal/core/errors.go:224.44,225.12 1 0
github.com/chalkan3-sloth/sloth-runner/internal/core/errors.go:225.12,226.16 1 0
github.com/chalkan3-sloth/sloth-runner/internal/core/errors.go:226.16,227.32 1 0
github.com/chalkan3-sloth/sloth-runner/internal/core/errors.go:227.32,231.5 3 0
github.com/chalkan3-sloth/sloth-runner/internal/core/errors.go:233.3,233.7 1 0
github.com/chalkan3-sloth/sloth-runner/internal/core/errors.go:244.44,246.2 1 3
github.com/chalkan3-sloth/sloth-runner/internal/core/errors.go:249.43,250.16 1 8
github.com/chalkan3-sloth/sloth-runner/internal/core/errors.go:250.16,252.3 1 1
github.com/chalkan3-sloth/sloth-runner/internal/core/errors.go:254.2,257.36 3 7
github.com/chalkan3-sloth/sloth-runner/internal/core/errors.go:261.44,265.25 3 3
github.com/chalkan3-sloth/sloth-runner/internal/core/errors.go:265.25,267.3 1 1
github.com/chalkan3-sloth/sloth-runner/internal/core/errors.go:269.2,269.25 1 2
github.com/chalkan3-sloth/sloth-runner/internal/core/errors.go:269.25,271.3 1 1
github.com/chalkan3-sloth/sloth-runner/internal/core/errors.go:273.2,276.32 3 1
github.com/chalkan3-sloth/sloth-runner/internal/core/errors.go:276.32,279.38 2 2
github.com/chalkan3-sloth/sloth-runner/internal/core/errors.go:279.38,280.30 1 0
github.com/chalkan3-sloth/sloth-runner/internal/core/errors.go:280.30,282.5 1 0
github.com/chalkan3-sloth/sloth-runner/internal/core/errors.go:286.2,288.54 1 1
github.com/chalkan3-sloth/sloth-runner/internal/core/errors.go:292.45,297.2 3 3
github.com/chalkan3-sloth/sloth-runner/internal/core/errors.go:300.40,305.2 3 2
github.com/chalkan3-sloth/sloth-runner/internal/core/errors.go:308.36,313.2 3 2
github.com/chalkan3-sloth/sloth-runner/internal/core/errors.go:323.61,328.2 1 2
github.com/chalkan3-sloth/sloth-runner/internal/core/errors.go:331.109,336.47 3 0
github.com/chalkan3-sloth/sloth-runner/internal/core/errors.go:336.47,338.3 1 0
github.com/chalkan3-sloth/sloth-runner/internal/core/errors.go:340.2,344.12 3 0
github.com/chalkan3-sloth/sloth-runner/internal/core/errors.go:344.12,346.44 2 0
github.com/chalkan3-sloth/sloth-runner/internal/core/errors.go:346.44,348.24 2 0
github.com/chalkan3-sloth/sloth-runner/internal/core/errors.go:348.24,350.5 1 0
github.com/chalkan3-sloth/sloth-runner/internal/core/errors.go:353.3,355.17 3 0
github.com/chalkan3-sloth/sloth-runner/internal/core/errors.go:358.2,358.12 1 0
github.com/chalkan3-sloth/sloth-runner/internal/core/errors.go:362.52,366.47 3 0
github.com/chalkan3-sloth/sloth-runner/internal/core/errors.go:366.47,369.3 2 0
github.com/chalkan3-sloth/sloth-runner/internal/core/errors.go:373.39,377.38 3 2
github.com/chalkan3-sloth/sloth-runner/internal/core/errors.go:377.38,380.3 2 0
github.com/chalkan3-sloth/sloth-runner/internal/core/errors.go:384.45,385.16 1 11
github.com/chalkan3-sloth/sloth-runner/internal/core/errors.go:385.16,387.3 1 1
github.com/chalkan3-sloth/sloth-runner/internal/core/errors.go:389.2,394.40 2 10
github.com/chalkan3-sloth/sloth-runner/internal/core/errors.go:394.40,396.3 1 2
github.com/chalkan3-sloth/sloth-runner/internal/core/errors.go:399.2,402.41 1 8
github.com/chalkan3-sloth/sloth-runner/internal/core/errors.go:402.41,404.3 1 4
github.com/chalkan3-sloth/sloth-runner/internal/core/errors.go:407.2,409.38 1 4
github.com/chalkan3-sloth/sloth-runner/internal/core/errors.go:409.38,411.3 1 3
github.com/chalkan3-sloth/sloth-runner/internal/core/errors.go:414.2,414.20 1 1
github.com/chalkan3-sloth/sloth-runner/internal/core/errors.go:418.39,419.16 1 17
github.com/chalkan3-sloth/sloth-runner/internal/core/errors.go:419.16,421.3 1 1
github.com/chalkan3-sloth/sloth-runner/internal/core/errors.go:424.2,424.37 1 16
github.com/chalkan3-sloth/sloth-runner/internal/core/errors.go:424.37,426.3 1 2
github.com/chalkan3-sloth/sloth-runner/internal/core/errors.go:428.2,441.39 3 14
github.com/chalkan3-sloth/sloth-runner/internal/core/errors.go:441.39,442.40 1 82
github.com/chalkan3-sloth/sloth-runner/internal/core/errors.go:442.40,444.4 1 4
github.com/chalkan3-sloth/sloth-runner/internal/core/errors.go:448.2,460.36 2 10
github.com/chalkan3-sloth/sloth-runner/internal/core/errors.go:460.36,461.40 1 46
github.com/chalkan3-sloth/sloth-runner/internal/core/errors.go:461.40,463.4 1 9
github.com/chalkan3-sloth/sloth-runner/internal/core/errors.go:467.2,467.14 1 1
github.com/chalkan3-sloth/sloth-runner/internal/core/performance.go:25.50,29.2 3 2
github.com/chalkan3-sloth/sloth-runner/internal/core/performance.go:32.49,34.12 2 2
github.com/chalkan3-sloth/sloth-runner/internal/core/performance.go:34.12,36.22 2 2
github.com/chalkan3-sloth/sloth-runner/internal/core/performance.go:36.22,38.4 1 0
github.com/chalkan3-sloth/sloth-runner/internal/core/performance.go:43.47,50.47 5 0
github.com/chalkan3-sloth/sloth-runner/internal/core/performance.go:50.47,52.3 1 0
github.com/chalkan3-sloth/sloth-runner/internal/core/performance.go:56.75,62.2 4 7
github.com/chalkan3-sloth/sloth-runner/internal/core/performance.go:65.64,71.2 4 2
github.com/chalkan3-sloth/sloth-runner/internal/core/performance.go:84.49,88.28 1 3
github.com/chalkan3-sloth/sloth-runner/internal/core/performance.go:88.28,91.5 1 1
github.com/chalkan3-sloth/sloth-runner/internal/core/performance.go:94.28,99.5 1 0
github.com/chalkan3-sloth/sloth-runner/internal/core/performance.go:105.44,107.2 1 2
github.com/chalkan3-sloth/sloth-runner/internal/core/performance.go:110.47,114.2 2 1
github.com/chalkan3-sloth/sloth-runner/internal/core/performance.go:138.39,139.11 1 14
github.com/chalkan3-sloth/sloth-runner/internal/core/performance.go:140.19,141.18 1 13
github.com/chalkan3-sloth/sloth-runner/internal/core/performance.go:142.17,143.16 1 1
github.com/chalkan3-sloth/sloth-runner/internal/core/performance.go:144.21,145.21 1 0
github.com/chalkan3-sloth/sloth-runner/internal/core/performance.go:146.10,147.19 1 0
github.com/chalkan3-sloth/sloth-runner/internal/core/performance.go:152.100,160.2 1 14
github.com/chalkan3-sloth/sloth-runner/internal/core/performance.go:163.58,164.24 1 5
github.com/chalkan3-sloth/sloth-runner/internal/core/performance.go:164.24,166.3 1 2
github.com/chalkan3-sloth/sloth-runner/internal/core/performance.go:168.2,170.12 3 3
github.com/chalkan3-sloth/sloth-runner/internal/core/performance.go:174.47,178.18 3 5
github.com/chalkan3-sloth/sloth-runner/internal/core/performance.go:179.19,180.14 1 3
github.com/chalkan3-sloth/sloth-runner/internal/core/performance.go:181.17,182.54 1 2
github.com/chalkan3-sloth/sloth-runner/internal/core/performance.go:183.21,184.39 1 0
github.com/chalkan3-sloth/sloth-runner/internal/core/performance.go:185.10,186.15 1 0
github.com/chalkan3-sloth/sloth-runner/internal/core/performance.go:191.51,195.16 3 3
github.com/chalkan3-sloth/sloth-runner/internal/core/performance.go:195.16,199.63 3 2
github.com/chalkan3-sloth/sloth-runner/internal/core/performance.go:199.63,201.4 1 1
github.com/chalkan3-sloth/sloth-runner/internal/core/performance.go:201.9,201.39 1 1
github.com/chalkan3-sloth/sloth-runner/internal/core/performance.go:201.39,204.4 2 0
github.com/chalkan3-sloth/sloth-runner/internal/core/performance.go:205.8,209.66 3 1
github.com/chalkan3-sloth/sloth-runner/internal/core/performance.go:209.66,212.4 2 0
github.com/chalkan3-sloth/sloth-runner/internal/core/performance.go:216.2,216.75 1 3
github.com/chalkan3-sloth/sloth-runner/internal/core/performance.go:216.75,219.3 2 0
github.com/chalkan3-sloth/sloth-runner/internal/core/performance.go:223.51,235.2 3 14
github.com/chalkan3-sloth/sloth-runner/internal/core/performance.go:257.40,264.39 1 0
github.com/chalkan3-sloth/sloth-runner/internal/core/performance.go:264.39,267.4 1 0
github.com/chalkan3-sloth/sloth-runner/internal/core/performance.go:288.42,292.2 1 0
github.com/chalkan3-sloth/sloth-runner/internal/core/performance.go:295.91,300.47 3 0
github.com/chalkan3-sloth/sloth-runner/internal/core/performance.go:300.47,302.3 1 0
github.com/chalkan3-sloth/sloth-runner/internal/core/performance.go:304.2,307.12 3 0
github.com/chalkan3-sloth/sloth-runner/internal/core/performance.go:311.52,315.47 3 0
github.com/chalkan3-sloth/sloth-runner/internal/core/performance.go:315.47,318.3 2 0
github.com/chalkan3-sloth/sloth-runner/internal/core/performance.go:322.39,326.38 3 0
github.com/chalkan3-sloth/sloth-runner/internal/core/performance.go:326.38,329.3 2 0
github.com/chalkan3-sloth/sloth-runner/internal/core/performance.go:341.55,346.2 1 2
github.com/chalkan3-sloth/sloth-runner/internal/core/performance.go:349.87,353.47 3 0
github.com/chalkan3-sloth/sloth-runner/internal/core/performance.go:353.47,356.3 1 0
github.com/chalkan3-sloth/sloth-runner/internal/core/performance.go:358.2,361.12 3 0
github.com/chalkan3-sloth/sloth-runner/internal/core/performance.go:365.66,372.24 5 0
github.com/chalkan3-sloth/sloth-runner/internal/core/performance.go:372.24,374.3 1 0
github.com/chalkan3-sloth/sloth-runner/internal/core/performance.go:378.49,388.2 3 2
github.com/chalkan3-sloth/sloth-runner/internal/core/utils.go:39.87,40.51 1 9
github.com/chalkan3-sloth/sloth-runner/internal/core/utils.go:40.51,42.3 1 0
github.com/chalkan3-sloth/sloth-runner/internal/core/utils.go:44.2,57.16 4 9
github.com/chalkan3-sloth/sloth-runner/internal/core/utils.go:61.76,68.17 5 7
github.com/chalkan3-sloth/sloth-runner/internal/core/utils.go:68.17,70.3 1 1
github.com/chalkan3-sloth/sloth-runner/internal/core/utils.go:72.2,78.17 4 7
github.com/chalkan3-sloth/sloth-runner/internal/core/utils.go:78.17,80.3 1 1
github.com/chalkan3-sloth/sloth-runner/internal/core/utils.go:80.8,82.3 1 6
github.com/chalkan3-sloth/sloth-runner/internal/core/utils.go:84.2,84.16 1 7
github.com/chalkan3-sloth/sloth-runner/internal/core/utils.go:84.16,86.3 1 0
github.com/chalkan3-sloth/sloth-runner/internal/core/utils.go:89.2,89.47 1 7
github.com/chalkan3-sloth/sloth-runner/internal/core/utils.go:89.47,92.3 2 0
github.com/chalkan3-sloth/sloth-runner/internal/core/utils.go:95.2,95.38 1 7
github.com/chalkan3-sloth/sloth-runner/internal/core/utils.go:95.38,97.3 1 0
github.com/chalkan3-sloth/sloth-runner/internal/core/utils.go:100.2,114.12 4 7
github.com/chalkan3-sloth/sloth-runner/internal/core/utils.go:118.53,123.13 4 3
github.com/chalkan3-sloth/sloth-runner/internal/core/utils.go:123.13,125.3 1 1
github.com/chalkan3-sloth/sloth-runner/internal/core/utils.go:128.2,128.63 1 2
github.com/chalkan3-sloth/sloth-runner/internal/core/utils.go:128.63,131.3 2 0
github.com/chalkan3-sloth/sloth-runner/internal/core/utils.go:134.2,134.55 1 2
github.com/chalkan3-sloth/sloth-runner/internal/core/utils.go:134.55,137.3 2 0
github.com/chalkan3-sloth/sloth-runner/internal/core/utils.go:140.2,143.22 3 2
github.com/chalkan3-sloth/sloth-runner/internal/core/utils.go:143.22,145.3 1 1
github.com/chalkan3-sloth/sloth-runner/internal/core/utils.go:145.8,147.3 1 1
github.com/chalkan3-sloth/sloth-runner/internal/core/utils.go:149.2,149.16 1 2
github.com/chalkan3-sloth/sloth-runner/internal/core/utils.go:149.16,152.3 2 0
github.com/chalkan3-sloth/sloth-runner/internal/core/utils.go:155.2,157.19 2 2
github.com/chalkan3-sloth/sloth-runner/internal/core/utils.go:161.41,166.2 3 1
github.com/chalkan3-sloth/sloth-runner/internal/core/utils.go:169.30,173.28 3 1
github.com/chalkan3-sloth/sloth-runner/internal/core/utils.go:173.28,175.3 1 3
github.com/chalkan3-sloth/sloth-runner/internal/core/utils.go:179.41,189.2 3 6
github.com/chalkan3-sloth/sloth-runner/internal/core/utils.go:200.54,204.2 3 7
github.com/chalkan3-sloth/sloth-runner/internal/core/utils.go:206.79,208.16 2 1
github.com/chalkan3-sloth/sloth-runner/internal/core/utils.go:208.16,210.3 1 0
github.com/chalkan3-sloth/sloth-runner/internal/core/utils.go:211.2,217.16 5 1
github.com/chalkan3-sloth/sloth-runner/internal/core/utils.go:217.16,219.3 1 0
github.com/chalkan3-sloth/sloth-runner/internal/core/utils.go:221.2,221.39 1 1
github.com/chalkan3-sloth/sloth-runner/internal/core/utils.go:221.39,223.3 1 0
github.com/chalkan3-sloth/sloth-runner/internal/core/utils.go:225.2,226.16 2 1
github.com/chalkan3-sloth/sloth-runner/internal/core/utils.go:226.16,228.3 1 0
github.com/chalkan3-sloth/sloth-runner/internal/core/utils.go:230.2,230.25 1 1
github.com/chalkan3-sloth/sloth-runner/internal/core/utils.go:233.81,235.16 2 6
github.com/chalkan3-sloth/sloth-runner/internal/core/utils.go:235.16,237.3 1 0
github.com/chalkan3-sloth/sloth-runner/internal/core/utils.go:238.2,241.16 3 6
github.com/chalkan3-sloth/sloth-runner/internal/core/utils.go:241.16,243.3 1 0
github.com/chalkan3-sloth/sloth-runner/internal/core/utils.go:245.2,245.22 1 6
github.com/chalkan3-sloth/sloth-runner/internal/core/utils.go:248.66,250.16 2 1
github.com/chalkan3-sloth/sloth-runner/internal/core/utils.go:250.16,252.3 1 0
github.com/chalkan3-sloth/sloth-runner/internal/core/utils.go:253.2,256.16 3 1
github.com/chalkan3-sloth/sloth-runner/internal/core/utils.go:256.16,258.3 1 0
github.com/chalkan3-sloth/sloth-runner/internal/core/utils.go:259.2,261.27 2 1
github.com/chalkan3-sloth/sloth-runner/internal/core/utils.go:264.68,266.2 1 1
github.com/chalkan3-sloth/sloth-runner/internal/core/utils.go:268.46,270.13 2 4
github.com/chalkan3-sloth/sloth-runner/internal/core/utils.go:270.13,272.3 1 0
github.com/chalkan3-sloth/sloth-runner/internal/core/utils.go:274.2,276.23 3 4
github.com/chalkan3-sloth/sloth-runner/internal/core/utils.go:279.49,282.33 2 0
github.com/chalkan3-sloth/sloth-runner/internal/core/utils.go:282.33,284.3 1 0
github.com/chalkan3-sloth/sloth-runner/internal/core/utils.go:286.2,286.42 1 0
github.com/chalkan3-sloth/sloth-runner/internal/core/utils.go:286.42,288.3 1 0
github.com/chalkan3-sloth/sloth-runner/internal/core/utils.go:290.2,291.32 2 0
github.com/chalkan3-sloth/sloth-runner/internal/core/utils.go:291.32,292.56 1 0
github.com/chalkan3-sloth/sloth-runner/internal/core/utils.go:292.56,293.9 1 0
github.com/chalkan3-sloth/sloth-runner/internal/core/utils.go:296.3,297.26 2 0
github.com/chalkan3-sloth/sloth-runner/internal/core/utils.go:301.44,303.16 2 9
github.com/chalkan3-sloth/sloth-runner/internal/core/utils.go:303.16,305.3 1 0
github.com/chalkan3-sloth/sloth-runner/internal/core/utils.go:307.2,307.29 1 9
github.com/chalkan3-sloth/sloth-runner/internal/core/utils.go:307.29,308.96 1 0
github.com/chalkan3-sloth/sloth-runner/internal/core/utils.go:308.96,309.12 1 0
github.com/chalkan3-sloth/sloth-runner/internal/core/utils.go:312.3,314.17 3 0
github.com/chalkan3-sloth/sloth-runner/internal/core/utils.go:314.17,315.12 1 0
github.com/chalkan3-sloth/sloth-runner/internal/core/utils.go:319.3,332.31 4 0
github.com/chalkan3-sloth/sloth-runner/internal/core/utils.go:336.36,340.21 3 9
github.com/chalkan3-sloth/sloth-runner/internal/core/utils.go:340.21,342.3 1 0
github.com/chalkan3-sloth/sloth-runner/internal/core/utils.go:345.32,352.35 5 0
github.com/chalkan3-sloth/sloth-runner/internal/core/utils.go:352.35,354.61 1 0
github.com/chalkan3-sloth/sloth-runner/internal/core/utils.go:354.61,356.4 1 0
github.com/chalkan3-sloth/sloth-runner/internal/core/utils.go:359.3,359.56 1 0
github.com/chalkan3-sloth/sloth-runner/internal/core/utils.go:359.56,361.4 1 0
github.com/chalkan3-sloth/sloth-runner/internal/core/utils.go:364.2,364.31 1 0
github.com/chalkan3-sloth/sloth-runner/internal/core/utils.go:364.31,366.3 1 0
github.com/chalkan3-sloth/sloth-runner/internal/core/utils.go:373.38,375.2 1 3
github.com/chalkan3-sloth/sloth-runner/internal/core/utils.go:378.54,382.2 3 4
github.com/chalkan3-sloth/sloth-runner/internal/core/utils.go:385.60,387.16 2 2
github.com/chalkan3-sloth/sloth-runner/internal/core/utils.go:387.16,389.3 1 0
github.com/chalkan3-sloth/sloth-runner/internal/core/utils.go:390.2,390.39 1 2
github.com/chalkan3-sloth/sloth-runner/internal/core/utils.go:394.55,395.14 1 2
github.com/chalkan3-sloth/sloth-runner/internal/core/utils.go:395.14,397.3 1 1
github.com/chalkan3-sloth/sloth-runner/internal/core/utils.go:400.2,401.6 2 1
github.com/chalkan3-sloth/sloth-runner/internal/core/utils.go:401.6,403.17 2 1
github.com/chalkan3-sloth/sloth-runner/internal/core/utils.go:403.17,405.4 1 0
github.com/chalkan3-sloth/sloth-runner/internal/core/utils.go:408.3,409.26 2 1
github.com/chalkan3-sloth/sloth-runner/internal/core/utils.go:409.26,411.4 1 8
github.com/chalkan3-sloth/sloth-runner/internal/core/utils.go:414.3,417.16 3 1
github.com/chalkan3-sloth/sloth-runner/internal/core/utils.go:417.16,419.4 1 1
github.com/chalkan3-sloth/sloth-runner/internal/core/utils.go:427.79,432.57 3 2
github.com/chalkan3-sloth/sloth-runner/internal/core/utils.go:432.57,436.3 1 1
github.com/chalkan3-sloth/sloth-runner/internal/core/utils.go:438.2,438.23 1 1
github.com/chalkan3-sloth/sloth-runner/internal/core/utils.go:442.50,444.2 1 1
github.com/chalkan3-sloth/sloth-runner/internal/core/utils.go:447.58,453.2 3 5
github.com/chalkan3-sloth/sloth-runner/internal/core/utils.go:456.61,458.2 1 1
github.com/chalkan3-sloth/sloth-runner/internal/core/utils.go:461.54,463.16 2 1
github.com/chalkan3-sloth/sloth-runner/internal/core/utils.go:463.16,465.3 1 0
github.com/chalkan3-sloth/sloth-runner/internal/core/utils.go:467.2,467.32 1 1
github.com/chalkan3-sloth/sloth-runner/internal/core/utils.go:467.32,469.44 2 3
github.com/chalkan3-sloth/sloth-runner/internal/core/utils.go:469.44,471.4 1 0
github.com/chalkan3-sloth/sloth-runner/internal/core/utils.go:474.2,474.12 1 1
github.com/chalkan3-sloth/sloth-runner/cmd/enhanced-demo/main.go:14.13,26.56 6 0
github.com/chalkan3-sloth/sloth-runner/cmd/enhanced-demo/main.go:26.56,30.3 3 0
github.com/chalkan3-sloth/sloth-runner/cmd/enhanced-demo/main.go:32.2,35.46 2 0
github.com/chalkan3-sloth/sloth-runner/cmd/enhanced-demo/main.go:35.46,38.3 2 0
github.com/chalkan3-sloth/sloth-runner/cmd/enhanced-demo/main.go:41.2,43.64 2 0
github.com/chalkan3-sloth/sloth-runner/cmd/enhanced-demo/main.go:47.49,58.2 4 0
github.com/chalkan3-sloth/sloth-runner/cmd/enhanced-demo/main.go:61.41,64.72 2 0
github.com/chalkan3-sloth/sloth-runner/cmd/enhanced-demo/main.go:64.72,72.3 7 0
github.com/chalkan3-sloth/sloth-runner/cmd/enhanced-demo/main.go:74.2,74.73 1 0
github.com/chalkan3-sloth/sloth-runner/cmd/enhanced-demo/main.go:74.73,81.13 4 0
github.com/chalkan3-sloth/sloth-runner/cmd/enhanced-demo/main.go:81.13,87.4 1 0
github.com/chalkan3-sloth/sloth-runner/cmd/enhanced-demo/main.go:89.3,90.11 2 0
github.com/chalkan3-sloth/sloth-runner/cmd/enhanced-demo/main.go:93.2,97.76 3 0
github.com/chalkan3-sloth/sloth-runner/cmd/enhanced-demo/main.go:97.76,104.45 5 0
github.com/chalkan3-sloth/sloth-runner/cmd/enhanced-demo/main.go:104.45,105.50 1 0
github.com/chalkan3-sloth/sloth-runner/cmd/enhanced-demo/main.go:105.50,115.23 3 0
github.com/chalkan3-sloth/sloth-runner/cmd/enhanced-demo/main.go:115.23,119.6 3 0
github.com/chalkan3-sloth/sloth-runner/cmd/enhanced-demo/main.go:123.3,125.11 3 0
github.com/chalkan3-sloth/sloth-runner/cmd/enhanced-demo/main.go:128.2,128.73 1 0
github.com/chalkan3-sloth/sloth-runner/cmd/enhanced-demo/main.go:128.73,132.3 3 0
github.com/chalkan3-sloth/sloth-runner/cmd/enhanced-demo/main.go:134.2,138.74 3 0
github.com/chalkan3-sloth/sloth-runner/cmd/enhanced-demo/main.go:138.74,155.21 9 0
github.com/chalkan3-sloth/sloth-runner/cmd/enhanced-demo/main.go:155.21,158.4 2 0
github.com/chalkan3-sloth/sloth-runner/cmd/enhanced-demo/main.go:160.3,163.11 4 0
github.com/chalkan3-sloth/sloth-runner/cmd/enhanced-demo/main.go:166.2,166.73 1 0
github.com/chalkan3-sloth/sloth-runner/cmd/enhanced-demo/main.go:166.73,173.3 6 0
github.com/chalkan3-sloth/sloth-runner/cmd/enhanced-demo/main.go:175.2,179.82 3 0
github.com/chalkan3-sloth/sloth-runner/cmd/enhanced-demo/main.go:179.82,192.21 6 0
github.com/chalkan3-sloth/sloth-runner/cmd/enhanced-demo/main.go:192.21,195.4 2 0
github.com/chalkan3-sloth/sloth-runner/cmd/enhanced-demo/main.go:197.3,199.11 3 0
github.com/chalkan3-sloth/sloth-runner/cmd/enhanced-demo/main.go:202.2,202.77 1 0
github.com/chalkan3-sloth/sloth-runner/cmd/enhanced-demo/main.go:202.77,208.14 4 0
github.com/chalkan3-sloth/sloth-runner/cmd/enhanced-demo/main.go:208.14,210.4 1 0
github.com/chalkan3-sloth/sloth-runner/cmd/enhanced-demo/main.go:212.3,219.21 3 0
github.com/chalkan3-sloth/sloth-runner/cmd/enhanced-demo/main.go:219.21,222.4 2 0
github.com/chalkan3-sloth/sloth-runner/cmd/enhanced-demo/main.go:224.3,226.11 3 0
github.com/chalkan3-sloth/sloth-runner/cmd/enhanced-demo/main.go:229.2,233.71 3 0
github.com/chalkan3-sloth/sloth-runner/cmd/enhanced-demo/main.go:233.71,250.17 8 0
github.com/chalkan3-sloth/sloth-runner/cmd/enhanced-demo/main.go:250.17,254.24 3 0
github.com/chalkan3-sloth/sloth-runner/cmd/enhanced-demo/main.go:254.24,260.5 1 0
github.com/chalkan3-sloth/sloth-runner/cmd/enhanced-demo/main.go:261.9,261.28 1 0
github.com/chalkan3-sloth/sloth-runner/cmd/enhanced-demo/main.go:261.28,264.4 2 0
github.com/chalkan3-sloth/sloth-runner/cmd/enhanced-demo/main.go:267.3,267.25 1 0
github.com/chalkan3-sloth/sloth-runner/cmd/enhanced-demo/main.go:267.25,273.4 1 0
github.com/chalkan3-sloth/sloth-runner/cmd/enhanced-demo/main.go:275.3,277.11 3 0
github.com/chalkan3-sloth/sloth-runner/cmd/enhanced-demo/main.go:280.2,280.73 1 0
github.com/chalkan3-sloth/sloth-runner/cmd/enhanced-demo/main.go:280.73,290.55 7 0
github.com/chalkan3-sloth/sloth-runner/cmd/enhanced-demo/main.go:290.55,297.18 2 0
github.com/chalkan3-sloth/sloth-runner/cmd/enhanced-demo/main.go:297.18,298.23 1 0
github.com/chalkan3-sloth/sloth-runner/cmd/enhanced-demo/main.go:298.23,301.6 2 0
github.com/chalkan3-sloth/sloth-runner/cmd/enhanced-demo/main.go:302.5,302.10 1 0
github.com/chalkan3-sloth/sloth-runner/cmd/enhanced-demo/main.go:305.4,308.29 3 0
github.com/chalkan3-sloth/sloth-runner/cmd/enhanced-demo/main.go:308.29,312.5 3 0
github.com/chalkan3-sloth/sloth-runner/cmd/enhanced-demo/main.go:315.3,316.23 2 0
github.com/chalkan3-sloth/sloth-runner/cmd/enhanced-demo/main.go:316.23,318.4 1 0
github.com/chalkan3-sloth/sloth-runner/cmd/enhanced-demo/main.go:318.9,320.4 1 0
github.com/chalkan3-sloth/sloth-runner/cmd/enhanced-demo/main.go:321.3,321.11 1 0
github.com/chalkan3-sloth/sloth-runner/cmd/enhanced-demo/main.go:324.2,324.34 1 0
github.com/chalkan3-sloth/sloth-runner/cmd/enhanced-demo/main.go:328.45,331.74 2 0
github.com/chalkan3-sloth/sloth-runner/cmd/enhanced-demo/main.go:331.74,337.18 4 0
github.com/chalkan3-sloth/sloth-runner/cmd/enhanced-demo/main.go:337.18,339.4 1 0
github.com/chalkan3-sloth/sloth-runner/cmd/enhanced-demo/main.go:341.3,342.11 2 0
github.com/chalkan3-sloth/sloth-runner/cmd/enhanced-demo/main.go:345.2,345.74 1 0
github.com/chalkan3-sloth/sloth-runner/cmd/enhanced-demo/main.go:345.74,353.3 5 0
github.com/chalkan3-sloth/sloth-runner/cmd/enhanced-demo/main.go:355.2,359.77 3 0
github.com/chalkan3-sloth/sloth-runner/cmd/enhanced-demo/main.go:359.77,367.3 5 0
github.com/chalkan3-sloth/sloth-runner/cmd/enhanced-demo/main.go:369.2,373.77 3 0
github.com/chalkan3-sloth/sloth-runner/cmd/enhanced-demo/main.go:373.77,382.3 6 0
github.com/chalkan3-sloth/sloth-runner/cmd/enhanced-demo/main.go:384.2,384.79 1 0
github.com/chalkan3-sloth/sloth-runner/cmd/enhanced-demo/main.go:384.79,393.21 7 0
github.com/chalkan3-sloth/sloth-runner/cmd/enhanced-demo/main.go:393.21,395.4 1 0
github.com/chalkan3-sloth/sloth-runner/cmd/enhanced-demo/main.go:397.3,398.11 2 0
github.com/chalkan3-sloth/sloth-runner/cmd/enhanced-demo/main.go:401.2,405.70 3 0
github.com/chalkan3-sloth/sloth-runner/cmd/enhanced-demo/main.go:405.70,409.18 3 0
github.com/chalkan3-sloth/sloth-runner/cmd/enhanced-demo/main.go:409.18,411.4 1 0
github.com/chalkan3-sloth/sloth-runner/cmd/enhanced-demo/main.go:411.9,413.4 1 0
github.com/chalkan3-sloth/sloth-runner/cmd/enhanced-demo/main.go:414.3,414.11 1 0
github.com/chalkan3-sloth/sloth-runner/cmd/enhanced-demo/main.go:417.2,417.70 1 0
github.com/chalkan3-sloth/sloth-runner/cmd/enhanced-demo/main.go:417.70,421.3 3 0
github.com/chalkan3-sloth/sloth-runner/cmd/enhanced-demo/main.go:423.2,423.71 1 0
github.com/chalkan3-sloth/sloth-runner/cmd/enhanced-demo/main.go:423.71,427.3 3 0
github.com/chalkan3-sloth/sloth-runner/cmd/enhanced-demo/main.go:429.2,429.71 1 0
github.com/chalkan3-sloth/sloth-runner/cmd/enhanced-demo/main.go:429.71,433.3 3 0
github.com/chalkan3-sloth/sloth-runner/cmd/enhanced-demo/main.go:435.2,435.30 1 0
github.com/chalkan3-sloth/sloth-runner/cmd/enhanced-demo/main.go:439.49,449.17 3 0
github.com/chalkan3-sloth/sloth-runner/cmd/enhanced-demo/main.go:449.17,451.3 1 0
github.com/chalkan3-sloth/sloth-runner/cmd/enhanced-demo/main.go:454.2,480.17 2 0
github.com/chalkan3-sloth/sloth-runner/cmd/enhanced-demo/main.go:480.17,482.3 1 0
github.com/chalkan3-sloth/sloth-runner/cmd/enhanced-demo/main.go:485.2,497.17 2 0
github.com/chalkan3-sloth/sloth-runner/cmd/enhanced-demo/main.go:497.17,499.3 1 0
github.com/chalkan3-sloth/sloth-runner/cmd/enhanced-demo/main.go:502.2,527.17 2 0
github.com/chalkan3-sloth/sloth-runner/cmd/enhanced-demo/main.go:527.17,529.3 1 0
github.com/chalkan3-sloth/sloth-runner/cmd/enhanced-demo/main.go:532.2,544.17 2 0
github.com/chalkan3-sloth/sloth-runner/cmd/enhanced-demo/main.go:544.17,546.3 1 0
github.com/chalkan3-sloth/sloth-runner/cmd/enhanced-demo/main.go:549.13,553.2 2 0
github.com/chalkan3-sloth/sloth-runner/cmd/enhanced-demo/main.go:556.35,559.2 2 0
github.com/chalkan3-sloth/sloth-runner/cmd/simple-demo/main.go:16.13,18.62 1 0
github.com/chalkan3-sloth/sloth-runner/cmd/simple-demo/main.go:18.62,21.3 2 0
github.com/chalkan3-sloth/sloth-runner/cmd/simple-demo/main.go:23.2,41.69 8 0
github.com/chalkan3-sloth/sloth-runner/cmd/simple-demo/main.go:45.36,58.16 7 0
github.com/chalkan3-sloth/sloth-runner/cmd/simple-demo/main.go:58.16,61.3 2 0
github.com/chalkan3-sloth/sloth-runner/cmd/simple-demo/main.go:63.2,63.26 1 0
github.com/chalkan3-sloth/sloth-runner/cmd/simple-demo/main.go:63.26,66.3 2 0
github.com/chalkan3-sloth/sloth-runner/cmd/simple-demo/main.go:69.2,81.16 7 0
github.com/chalkan3-sloth/sloth-runner/cmd/simple-demo/main.go:81.16,84.3 2 0
github.com/chalkan3-sloth/sloth-runner/cmd/simple-demo/main.go:86.2,86.81 1 0
github.com/chalkan3-sloth/sloth-runner/cmd/simple-demo/main.go:90.44,93.72 2 0
github.com/chalkan3-sloth/sloth-runner/cmd/simple-demo/main.go:93.72,102.3 8 0
github.com/chalkan3-sloth/sloth-runner/cmd/simple-demo/main.go:104.2,104.73 1 0
github.com/chalkan3-sloth/sloth-runner/cmd/simple-demo/main.go:104.73,111.13 4 0
github.com/chalkan3-sloth/sloth-runner/cmd/simple-demo/main.go:111.13,115.4 3 0
github.com/chalkan3-sloth/sloth-runner/cmd/simple-demo/main.go:117.3,118.11 2 0
github.com/chalkan3-sloth/sloth-runner/cmd/simple-demo/main.go:120.2,124.76 3 0
github.com/chalkan3-sloth/sloth-runner/cmd/simple-demo/main.go:124.76,131.45 5 0
github.com/chalkan3-sloth/sloth-runner/cmd/simple-demo/main.go:131.45,132.50 1 0
github.com/chalkan3-sloth/sloth-runner/cmd/simple-demo/main.go:132.50,137.23 4 0
github.com/chalkan3-sloth/sloth-runner/cmd/simple-demo/main.go:137.23,140.6 2 0
github.com/chalkan3-sloth/sloth-runner/cmd/simple-demo/main.go:142.5,142.59 1 0
github.com/chalkan3-sloth/sloth-runner/cmd/simple-demo/main.go:146.3,148.11 3 0
github.com/chalkan3-sloth/sloth-runner/cmd/simple-demo/main.go:151.2,151.73 1 0
github.com/chalkan3-sloth/sloth-runner/cmd/simple-demo/main.go:151.73,155.3 3 0
github.com/chalkan3-sloth/sloth-runner/cmd/simple-demo/main.go:156.2,160.74 3 0
github.com/chalkan3-sloth/sloth-runner/cmd/simple-demo/main.go:160.74,169.21 7 0
github.com/chalkan3-sloth/sloth-runner/cmd/simple-demo/main.go:169.21,172.4 2 0
github.com/chalkan3-sloth/sloth-runner/cmd/simple-demo/main.go:174.3,179.11 5 0
github.com/chalkan3-sloth/sloth-runner/cmd/simple-demo/main.go:182.2,182.73 1 0
github.com/chalkan3-sloth/sloth-runner/cmd/simple-demo/main.go:182.73,188.3 5 0
github.com/chalkan3-sloth/sloth-runner/cmd/simple-demo/main.go:189.2,193.82 3 0
github.com/chalkan3-sloth/sloth-runner/cmd/simple-demo/main.go:193.82,202.21 6 0
github.com/chalkan3-sloth/sloth-runner/cmd/simple-demo/main.go:202.21,205.4 2 0
github.com/chalkan3-sloth/sloth-runner/cmd/simple-demo/main.go:207.3,209.11 3 0
github.com/chalkan3-sloth/sloth-runner/cmd/simple-demo/main.go:212.2,212.77 1 0
github.com/chalkan3-sloth/sloth-runner/cmd/simple-demo/main.go:212.77,216.14 3 0
[...]
github.com/chalkan3-sloth/sloth-runner/internal/modules/core/notification.go:414.16,418.3 3 0
github.com/chalkan3-sloth/sloth-runner/internal/modules/core/notification.go:419.2,423.14 4 1
github.com/chalkan3-sloth/sloth-runner/internal/modules/core/notification.go:423.14,426.3 2 0
github.com/chalkan3-sloth/sloth-runner/internal/modules/core/notification.go:427.2,427.10 1 1
github.com/chalkan3-sloth/sloth-runner/internal/modules/core/notification.go:431.61,444.16 7 0
github.com/chalkan3-sloth/sloth-runner/internal/modules/core/notification.go:444.16,448.3 3 0
github.com/chalkan3-sloth/sloth-runner/internal/modules/core/notification.go:450.2,451.16 2 0
github.com/chalkan3-sloth/sloth-runner/internal/modules/core/notification.go:451.16,455.3 3 0
github.com/chalkan3-sloth/sloth-runner/internal/modules/core/notification.go:456.2,460.14 4 0
github.com/chalkan3-sloth/sloth-runner/internal/modules/core/notification.go:460.14,463.3 2 0
github.com/chalkan3-sloth/sloth-runner/internal/modules/core/notification.go:464.2,464.10 1 0
github.com/chalkan3-sloth/sloth-runner/internal/modules/core/notification.go:468.73,469.27 1 9
github.com/chalkan3-sloth/sloth-runner/internal/modules/core/notification.go:470.19,471.19 1 7
github.com/chalkan3-sloth/sloth-runner/internal/modules/core/notification.go:472.19,473.20 1 1
github.com/chalkan3-sloth/sloth-runner/internal/modules/core/notification.go:474.17,475.17 1 1
github.com/chalkan3-sloth/sloth-runner/internal/modules/core/notification.go:476.19,478.39 2 0
github.com/chalkan3-sloth/sloth-runner/internal/modules/core/notification.go:478.39,480.4 1 0
github.com/chalkan3-sloth/sloth-runner/internal/modules/core/notification.go:481.3,481.16 1 0
github.com/chalkan3-sloth/sloth-runner/internal/modules/core/notification.go:482.10,483.24 1 0
github.com/chalkan3-sloth/sloth-runner/internal/modules/core/system.go:22.38,35.2 2 5
github.com/chalkan3-sloth/sloth-runner/internal/modules/core/system.go:38.46,40.2 1 0
github.com/chalkan3-sloth/sloth-runner/internal/modules/core/system.go:43.50,74.2 3 5
github.com/chalkan3-sloth/sloth-runner/internal/modules/core/system.go:77.51,81.20 3 4
github.com/chalkan3-sloth/sloth-runner/internal/modules/core/system.go:81.20,82.53 1 4
github.com/chalkan3-sloth/sloth-runner/internal/modules/core/system.go:82.53,83.48 1 4
github.com/chalkan3-sloth/sloth-runner/internal/modules/core/system.go:83.48,84.43 1 5
github.com/chalkan3-sloth/sloth-runner/internal/modules/core/system.go:84.43,86.6 1 5
github.com/chalkan3-sloth/sloth-runner/internal/modules/core/system.go:91.2,98.16 6 4
github.com/chalkan3-sloth/sloth-runner/internal/modules/core/system.go:98.16,100.49 2 2
github.com/chalkan3-sloth/sloth-runner/internal/modules/core/system.go:100.49,102.4 1 2
github.com/chalkan3-sloth/sloth-runner/internal/modules/core/system.go:103.8,105.3 1 2
github.com/chalkan3-sloth/sloth-runner/internal/modules/core/system.go:107.2,108.10 2 4
github.com/chalkan3-sloth/sloth-runner/internal/modules/core/system.go:112.56,116.20 3 0
github.com/chalkan3-sloth/sloth-runner/internal/modules/core/system.go:116.20,117.53 1 0
github.com/chalkan3-sloth/sloth-runner/internal/modules/core/system.go:117.53,118.48 1 0
github.com/chalkan3-sloth/sloth-runner/internal/modules/core/system.go:118.48,119.43 1 0
github.com/chalkan3-sloth/sloth-runner/internal/modules/core/system.go:119.43,121.6 1 0
github.com/chalkan3-sloth/sloth-runner/internal/modules/core/system.go:126.2,130.16 4 0
github.com/chalkan3-sloth/sloth-runner/internal/modules/core/system.go:130.16,134.3 3 0
github.com/chalkan3-sloth/sloth-runner/internal/modules/core/system.go:134.8,139.13 3 0
github.com/chalkan3-sloth/sloth-runner/internal/modules/core/system.go:139.13,141.4 1 0
github.com/chalkan3-sloth/sloth-runner/internal/modules/core/system.go:144.2,145.10 2 0
github.com/chalkan3-sloth/sloth-runner/internal/modules/core/system.go:149.51,153.20 3 0
github.com/chalkan3-sloth/sloth-runner/internal/modules/core/system.go:153.20,155.37 2 0
github.com/chalkan3-sloth/sloth-runner/internal/modules/core/system.go:156.26,157.28 1 0
github.com/chalkan3-sloth/sloth-runner/internal/modules/core/system.go:158.26,159.28 1 0
github.com/chalkan3-sloth/sloth-runner/internal/modules/core/system.go:160.24,161.27 1 0
github.com/chalkan3-sloth/sloth-runner/internal/modules/core/system.go:162.24,163.27 1 0
github.com/chalkan3-sloth/sloth-runner/internal/modules/core/system.go:167.2,168.16 2 0
github.com/chalkan3-sloth/sloth-runner/internal/modules/core/system.go:168.16,172.3 3 0
github.com/chalkan3-sloth/sloth-runner/internal/modules/core/system.go:174.2,176.16 3 0
github.com/chalkan3-sloth/sloth-runner/internal/modules/core/system.go:176.16,179.3 2 0
github.com/chalkan3-sloth/sloth-runner/internal/modules/core/system.go:180.2,180.10 1 0
github.com/chalkan3-sloth/sloth-runner/internal/modules/core/system.go:184.53,189.2 4 3
github.com/chalkan3-sloth/sloth-runner/internal/modules/core/system.go:192.52,196.20 3 1
github.com/chalkan3-sloth/sloth-runner/internal/modules/core/system.go:196.20,198.3 1 0
github.com/chalkan3-sloth/sloth-runner/internal/modules/core/system.go:200.2,201.15 2 1
github.com/chalkan3-sloth/sloth-runner/internal/modules/core/system.go:201.15,203.3 1 0
github.com/chalkan3-sloth/sloth-runner/internal/modules/core/system.go:203.8,205.3 1 1
github.com/chalkan3-sloth/sloth-runner/internal/modules/core/system.go:207.2,208.16 2 1
github.com/chalkan3-sloth/sloth-runner/internal/modules/core/system.go:208.16,211.3 2 0
github.com/chalkan3-sloth/sloth-runner/internal/modules/core/system.go:212.2,212.10 1 1
github.com/chalkan3-sloth/sloth-runner/internal/modules/core/system.go:216.52,220.20 3 0
github.com/chalkan3-sloth/sloth-runner/internal/modules/core/system.go:220.20,222.3 1 0
github.com/chalkan3-sloth/sloth-runner/internal/modules/core/system.go:224.2,225.15 2 0
github.com/chalkan3-sloth/sloth-runner/internal/modules/core/system.go:225.15,227.3 1 0
github.com/chalkan3-sloth/sloth-runner/internal/modules/core/system.go:227.8,229.3 1 0
github.com/chalkan3-sloth/sloth-runner/internal/modules/core/system.go:231.2,232.16 2 0
github.com/chalkan3-sloth/sloth-runner/internal/modules/core/system.go:232.16,235.3 2 0
github.com/chalkan3-sloth/sloth-runner/internal/modules/core/system.go:236.2,236.10 1 0
github.com/chalkan3-sloth/sloth-runner/internal/modules/core/system.go:240.51,245.16 4 0
github.com/chalkan3-sloth/sloth-runner/internal/modules/core/system.go:245.16,249.3 3 0
github.com/chalkan3-sloth/sloth-runner/internal/modules/core/system.go:250.2,253.16 3 0
github.com/chalkan3-sloth/sloth-runner/internal/modules/core/system.go:253.16,257.3 3 0
github.com/chalkan3-sloth/sloth-runner/internal/modules/core/system.go:258.2,262.16 4 0
github.com/chalkan3-sloth/sloth-runner/internal/modules/core/system.go:262.16,265.3 2 0
github.com/chalkan3-sloth/sloth-runner/internal/modules/core/system.go:266.2,266.10 1 0
github.com/chalkan3-sloth/sloth-runner/internal/modules/core/system.go:270.51,276.16 5 0
github.com/chalkan3-sloth/sloth-runner/internal/modules/core/system.go:276.16,279.3 2 0
github.com/chalkan3-sloth/sloth-runner/internal/modules/core/system.go:280.2,280.10 1 0
github.com/chalkan3-sloth/sloth-runner/internal/modules/core/system.go:284.52,289.16 4 0
github.com/chalkan3-sloth/sloth-runner/internal/modules/core/system.go:289.16,293.3 3 0
github.com/chalkan3-sloth/sloth-runner/internal/modules/core/system.go:295.2,297.16 3 0
github.com/chalkan3-sloth/sloth-runner/internal/modules/core/system.go:297.16,300.3 2 0
github.com/chalkan3-sloth/sloth-runner/internal/modules/core/system.go:301.2,301.10 1 0
github.com/chalkan3-sloth/sloth-runner/internal/modules/core/system.go:305.51,309.16 3 0
github.com/chalkan3-sloth/sloth-runner/internal/modules/core/system.go:309.16,313.3 3 0
github.com/chalkan3-sloth/sloth-runner/internal/modules/core/system.go:315.2,323.10 8 0
github.com/chalkan3-sloth/sloth-runner/internal/modules/core/system.go:327.50,330.17 3 2
github.com/chalkan3-sloth/sloth-runner/internal/modules/core/system.go:330.17,332.3 1 1
github.com/chalkan3-sloth/sloth-runner/internal/modules/core/system.go:332.8,334.3 1 1
github.com/chalkan3-sloth/sloth-runner/internal/modules/core/system.go:335.2,335.10 1 2
github.com/chalkan3-sloth/sloth-runner/internal/modules/core/system.go:339.53,345.16 5 0
github.com/chalkan3-sloth/sloth-runner/internal/modules/core/system.go:345.16,348.3 2 0
github.com/chalkan3-sloth/sloth-runner/internal/modules/core/system.go:349.2,349.10 1 0
github.com/chalkan3-sloth/sloth-runner/internal/modules/core/system.go:353.55,358.16 4 0
github.com/chalkan3-sloth/sloth-runner/internal/modules/core/system.go:358.16,361.3 2 0
github.com/chalkan3-sloth/sloth-runner/internal/modules/core/system.go:362.2,362.10 1 0
github.com/chalkan3-sloth/sloth-runner/internal/modules/core/system.go:366.55,368.16 2 0
github.com/chalkan3-sloth/sloth-runner/internal/modules/core/system.go:368.16,372.3 3 0
github.com/chalkan3-sloth/sloth-runner/internal/modules/core/system.go:373.2,374.10 2 0
github.com/chalkan3-sloth/sloth-runner/internal/modules/core/system.go:378.55,381.2 2 0
github.com/chalkan3-sloth/sloth-runner/internal/modules/core/system.go:384.51,387.2 2 0
github.com/chalkan3-sloth/sloth-runner/internal/modules/core/system.go:390.55,393.2 2 0
github.com/chalkan3-sloth/sloth-runner/internal/modules/core/system.go:396.53,408.2 9 0
github.com/chalkan3-sloth/sloth-runner/internal/modules/core/system.go:411.53,415.2 2 0
github.com/chalkan3-sloth/sloth-runner/internal/modules/core/system.go:418.56,423.2 3 0
github.com/chalkan3-sloth/sloth-runner/internal/modules/core/system.go:426.50,428.16 2 0
github.com/chalkan3-sloth/sloth-runner/internal/modules/core/system.go:428.16,432.3 3 0
github.com/chalkan3-sloth/sloth-runner/internal/modules/core/system.go:433.2,434.10 2 0
github.com/chalkan3-sloth/sloth-runner/internal/modules/core/system.go:438.49,443.16 4 0
github.com/chalkan3-sloth/sloth-runner/internal/modules/core/system.go:443.16,446.3 2 0
github.com/chalkan3-sloth/sloth-runner/internal/modules/core/system.go:447.2,447.10 1 0
github.com/chalkan3-sloth/sloth-runner/internal/modules/core/system.go:451.52,455.16 3 2
github.com/chalkan3-sloth/sloth-runner/internal/modules/core/system.go:455.16,458.3 2 1
github.com/chalkan3-sloth/sloth-runner/internal/modules/core/system.go:459.2,460.10 2 1
github.com/chalkan3-sloth/sloth-runner/internal/modules/core/system.go:464.54,467.2 2 0
github.com/chalkan3-sloth/sloth-runner/internal/modules/core/system.go:470.54,472.16 2 0
github.com/chalkan3-sloth/sloth-runner/internal/modules/core/system.go:472.16,476.3 3 0
github.com/chalkan3-sloth/sloth-runner/internal/modules/core/system.go:477.2,478.10 2 0
github.com/chalkan3-sloth/sloth-runner/internal/modules/core/validate.go:20.42,33.2 2 29
github.com/chalkan3-sloth/sloth-runner/internal/modules/core/validate.go:36.48,38.2 1 1
github.com/chalkan3-sloth/sloth-runner/internal/modules/core/validate.go:41.52,59.2 4 28
github.com/chalkan3-sloth/sloth-runner/internal/modules/core/validate.go:62.62,70.14 6 7
github.com/chalkan3-sloth/sloth-runner/internal/modules/core/validate.go:70.14,72.3 1 4
github.com/chalkan3-sloth/sloth-runner/internal/modules/core/validate.go:74.2,75.10 2 7
github.com/chalkan3-sloth/sloth-runner/internal/modules/core/validate.go:79.60,88.13 6 7
github.com/chalkan3-sloth/sloth-runner/internal/modules/core/validate.go:88.13,92.31 4 4
github.com/chalkan3-sloth/sloth-runner/internal/modules/core/validate.go:92.31,94.4 1 1
github.com/chalkan3-sloth/sloth-runner/internal/modules/core/validate.go:95.8,95.23 1 3
github.com/chalkan3-sloth/sloth-runner/internal/modules/core/validate.go:95.23,97.3 1 1
github.com/chalkan3-sloth/sloth-runner/internal/modules/core/validate.go:97.8,99.3 1 2
github.com/chalkan3-sloth/sloth-runner/internal/modules/core/validate.go:101.2,102.10 2 7
github.com/chalkan3-sloth/sloth-runner/internal/modules/core/validate.go:106.59,116.17 7 6
github.com/chalkan3-sloth/sloth-runner/internal/modules/core/validate.go:117.12,119.25 2 2
github.com/chalkan3-sloth/sloth-runner/internal/modules/core/validate.go:120.12,122.25 2 2
github.com/chalkan3-sloth/sloth-runner/internal/modules/core/validate.go:123.10,124.32 1 2
github.com/chalkan3-sloth/sloth-runner/internal/modules/core/validate.go:124.32,127.4 2 2
github.com/chalkan3-sloth/sloth-runner/internal/modules/core/validate.go:127.9,127.39 1 0
github.com/chalkan3-sloth/sloth-runner/internal/modules/core/validate.go:127.39,130.4 2 0
github.com/chalkan3-sloth/sloth-runner/internal/modules/core/validate.go:133.2,135.13 3 6
github.com/chalkan3-sloth/sloth-runner/internal/modules/core/validate.go:135.13,137.3 1 5
github.com/chalkan3-sloth/sloth-runner/internal/modules/core/validate.go:137.8,139.3 1 1
github.com/chalkan3-sloth/sloth-runner/internal/modules/core/validate.go:141.2,142.10 2 6
github.com/chalkan3-sloth/sloth-runner/internal/modules/core/validate.go:146.62,151.16 4 4
github.com/chalkan3-sloth/sloth-runner/internal/modules/core/validate.go:151.16,157.3 5 1
github.com/chalkan3-sloth/sloth-runner/internal/modules/core/validate.go:159.2,164.13 4 3
github.com/chalkan3-sloth/sloth-runner/internal/modules/core/validate.go:164.13,167.23 2 2
github.com/chalkan3-sloth/sloth-runner/internal/modules/core/validate.go:167.23,169.38 2 1
github.com/chalkan3-sloth/sloth-runner/internal/modules/core/validate.go:169.38,171.5 1 2
github.com/chalkan3-sloth/sloth-runner/internal/modules/core/validate.go:172.4,172.48 1 1
github.com/chalkan3-sloth/sloth-runner/internal/modules/core/validate.go:176.2,177.10 2 3
github.com/chalkan3-sloth/sloth-runner/internal/modules/core/validate.go:181.63,189.63 6 7
github.com/chalkan3-sloth/sloth-runner/internal/modules/core/validate.go:189.63,190.60 1 3
github.com/chalkan3-sloth/sloth-runner/internal/modules/core/validate.go:190.60,191.20 1 3
github.com/chalkan3-sloth/sloth-runner/internal/modules/core/validate.go:191.20,194.5 2 1
github.com/chalkan3-sloth/sloth-runner/internal/modules/core/validate.go:198.2,198.63 1 7
github.com/chalkan3-sloth/sloth-runner/internal/modules/core/validate.go:198.63,199.60 1 3
github.com/chalkan3-sloth/sloth-runner/internal/modules/core/validate.go:199.60,200.20 1 3
github.com/chalkan3-sloth/sloth-runner/internal/modules/core/validate.go:200.20,203.5 2 1
github.com/chalkan3-sloth/sloth-runner/internal/modules/core/validate.go:207.2,207.69 1 7
github.com/chalkan3-sloth/sloth-runner/internal/modules/core/validate.go:207.69,208.64 1 2
github.com/chalkan3-sloth/sloth-runner/internal/modules/core/validate.go:208.64,209.23 1 2
github.com/chalkan3-sloth/sloth-runner/internal/modules/core/validate.go:209.23,212.5 2 1
github.com/chalkan3-sloth/sloth-runner/internal/modules/core/validate.go:216.2,220.14 4 7
github.com/chalkan3-sloth/sloth-runner/internal/modules/core/validate.go:220.14,222.30 2 3
github.com/chalkan3-sloth/sloth-runner/internal/modules/core/validate.go:222.30,224.4 1 3
github.com/chalkan3-sloth/sloth-runner/internal/modules/core/validate.go:225.3,225.45 1 3
github.com/chalkan3-sloth/sloth-runner/internal/modules/core/validate.go:228.2,229.10 2 7
github.com/chalkan3-sloth/sloth-runner/internal/modules/core/validate.go:233.62,238.16 4 8
github.com/chalkan3-sloth/sloth-runner/internal/modules/core/validate.go:238.16,244.3 5 1
github.com/chalkan3-sloth/sloth-runner/internal/modules/core/validate.go:246.2,249.63 3 7
github.com/chalkan3-sloth/sloth-runner/internal/modules/core/validate.go:249.63,250.70 1 5
github.com/chalkan3-sloth/sloth-runner/internal/modules/core/validate.go:250.70,251.19 1 5
github.com/chalkan3-sloth/sloth-runner/internal/modules/core/validate.go:251.19,254.5 2 2
github.com/chalkan3-sloth/sloth-runner/internal/modules/core/validate.go:258.2,258.63 1 7
github.com/chalkan3-sloth/sloth-runner/internal/modules/core/validate.go:258.63,259.70 1 5
github.com/chalkan3-sloth/sloth-runner/internal/modules/core/validate.go:259.70,260.19 1 5
github.com/chalkan3-sloth/sloth-runner/internal/modules/core/validate.go:260.19,263.5 2 1
github.com/chalkan3-sloth/sloth-runner/internal/modules/core/validate.go:267.2,271.14 4 7
github.com/chalkan3-sloth/sloth-runner/internal/modules/core/validate.go:271.14,273.30 2 3
github.com/chalkan3-sloth/sloth-runner/internal/modules/core/validate.go:273.30,275.4 1 3
github.com/chalkan3-sloth/sloth-runner/internal/modules/core/validate.go:276.3,276.45 1 3
github.com/chalkan3-sloth/sloth-runner/internal/modules/core/validate.go:279.2,280.10 2 7
github.com/chalkan3-sloth/sloth-runner/internal/modules/core/validate.go:284.65,290.55 4 3
github.com/chalkan3-sloth/sloth-runner/internal/modules/core/validate.go:290.55,293.101 3 9
github.com/chalkan3-sloth/sloth-runner/internal/modules/core/validate.go:293.101,295.4 1 2
github.com/chalkan3-sloth/sloth-runner/internal/modules/core/validate.go:298.2,303.14 4 3
github.com/chalkan3-sloth/sloth-runner/internal/modules/core/validate.go:303.14,305.33 2 2
github.com/chalkan3-sloth/sloth-runner/internal/modules/core/validate.go:305.33,307.4 1 2
github.com/chalkan3-sloth/sloth-runner/internal/modules/core/validate.go:308.3,308.47 1 2
github.com/chalkan3-sloth/sloth-runner/internal/modules/core/validate.go:311.2,312.10 2 3
github.com/chalkan3-sloth/sloth-runner/internal/modules/core/validate.go:316.63,323.51 5 3
github.com/chalkan3-sloth/sloth-runner/internal/modules/core/validate.go:323.51,327.48 3 9
github.com/chalkan3-sloth/sloth-runner/internal/modules/core/validate.go:327.48,329.108 1 9
github.com/chalkan3-sloth/sloth-runner/internal/modules/core/validate.go:329.108,330.103 1 6
github.com/chalkan3-sloth/sloth-runner/internal/modules/core/validate.go:330.103,333.6 2 1
github.com/chalkan3-sloth/sloth-runner/internal/modules/core/validate.go:337.4,337.83 1 9
github.com/chalkan3-sloth/sloth-runner/internal/modules/core/validate.go:337.83,339.5 1 3
github.com/chalkan3-sloth/sloth-runner/internal/modules/core/validate.go:342.4,342.81 1 6
github.com/chalkan3-sloth/sloth-runner/internal/modules/core/validate.go:342.81,343.54 1 6
github.com/chalkan3-sloth/sloth-runner/internal/modules/core/validate.go:343.54,346.6 2 1
github.com/chalkan3-sloth/sloth-runner/internal/modules/core/validate.go:351.2,354.14 3 3
github.com/chalkan3-sloth/sloth-runner/internal/modules/core/validate.go:354.14,356.30 2 2
github.com/chalkan3-sloth/sloth-runner/internal/modules/core/validate.go:356.30,358.4 1 2
github.com/chalkan3-sloth/sloth-runner/internal/modules/core/validate.go:359.3,359.45 1 2
github.com/chalkan3-sloth/sloth-runner/internal/modules/core/validate.go:362.2,363.10 2 3
github.com/chalkan3-sloth/sloth-runner/internal/modules/core/validate.go:367.57,373.16 4 5
github.com/chalkan3-sloth/sloth-runner/internal/modules/core/validate.go:374.14,375.36 1 1
github.com/chalkan3-sloth/sloth-runner/internal/modules/core/validate.go:376.13,377.35 1 1
github.com/chalkan3-sloth/sloth-runner/internal/modules/core/validate.go:378.14,379.39 1 1
github.com/chalkan3-sloth/sloth-runner/internal/modules/core/validate.go:380.15,381.56 1 1
github.com/chalkan3-sloth/sloth-runner/internal/modules/core/validate.go:382.15,383.56 1 1
github.com/chalkan3-sloth/sloth-runner/internal/modules/core/validate.go:384.10,385.20 1 0
github.com/chalkan3-sloth/sloth-runner/internal/modules/core/validate.go:388.2,394.10 6 5
github.com/chalkan3-sloth/sloth-runner/internal/modules/core/validate.go:398.83,399.22 1 6
github.com/chalkan3-sloth/sloth-runner/internal/modules/core/validate.go:400.16,401.38 1 4
github.com/chalkan3-sloth/sloth-runner/internal/modules/core/validate.go:402.16,403.38 1 2
github.com/chalkan3-sloth/sloth-runner/internal/modules/core/validate.go:404.17,405.36 1 0
github.com/chalkan3-sloth/sloth-runner/internal/modules/core/validate.go:406.15,407.37 1 0
github.com/chalkan3-sloth/sloth-runner/internal/modules/core/validate.go:408.10,409.15 1 0
github.com/chalkan3-sloth/sloth-runner/internal/modules/core/validate.go:413.60,423.2 2 1
github.com/chalkan3-sloth/sloth-runner/internal/modules/core/validate.go:425.59,430.2 3 1
