mode: set
github.com/chalkan3-sloth/sloth-runner/internal/modules/core/crypto.go:25.38,38.2 2 1
github.com/chalkan3-sloth/sloth-runner/internal/modules/core/crypto.go:41.46,43.2 1 1
github.com/chalkan3-sloth/sloth-runner/internal/modules/core/crypto.go:46.50,66.2 3 1
github.com/chalkan3-sloth/sloth-runner/internal/modules/core/crypto.go:69.50,75.2 4 1
github.com/chalkan3-sloth/sloth-runner/internal/modules/core/crypto.go:78.51,84.2 4 1
github.com/chalkan3-sloth/sloth-runner/internal/modules/core/crypto.go:87.53,93.2 4 1
github.com/chalkan3-sloth/sloth-runner/internal/modules/core/crypto.go:96.53,102.2 4 1
github.com/chalkan3-sloth/sloth-runner/internal/modules/core/crypto.go:105.57,109.20 3 1
github.com/chalkan3-sloth/sloth-runner/internal/modules/core/crypto.go:109.20,111.3 1 1
github.com/chalkan3-sloth/sloth-runner/internal/modules/core/crypto.go:113.2,114.16 2 1
github.com/chalkan3-sloth/sloth-runner/internal/modules/core/crypto.go:114.16,118.3 3 0
github.com/chalkan3-sloth/sloth-runner/internal/modules/core/crypto.go:120.2,121.10 2 1
github.com/chalkan3-sloth/sloth-runner/internal/modules/core/crypto.go:125.58,132.2 5 1
github.com/chalkan3-sloth/sloth-runner/internal/modules/core/crypto.go:135.59,141.2 4 1
github.com/chalkan3-sloth/sloth-runner/internal/modules/core/crypto.go:144.59,148.16 3 1
github.com/chalkan3-sloth/sloth-runner/internal/modules/core/crypto.go:148.16,152.3 3 1
github.com/chalkan3-sloth/sloth-runner/internal/modules/core/crypto.go:154.2,155.10 2 1
github.com/chalkan3-sloth/sloth-runner/internal/modules/core/crypto.go:159.56,165.2 4 1
github.com/chalkan3-sloth/sloth-runner/internal/modules/core/crypto.go:168.56,172.16 3 1
github.com/chalkan3-sloth/sloth-runner/internal/modules/core/crypto.go:172.16,176.3 3 1
github.com/chalkan3-sloth/sloth-runner/internal/modules/core/crypto.go:178.2,179.10 2 1
github.com/chalkan3-sloth/sloth-runner/internal/modules/core/crypto.go:183.57,192.16 6 1
github.com/chalkan3-sloth/sloth-runner/internal/modules/core/crypto.go:192.16,196.3 3 0
github.com/chalkan3-sloth/sloth-runner/internal/modules/core/crypto.go:199.2,200.16 2 1
github.com/chalkan3-sloth/sloth-runner/internal/modules/core/crypto.go:200.16,204.3 3 0
github.com/chalkan3-sloth/sloth-runner/internal/modules/core/crypto.go:207.2,208.58 2 1
github.com/chalkan3-sloth/sloth-runner/internal/modules/core/crypto.go:208.58,212.3 3 0
github.com/chalkan3-sloth/sloth-runner/internal/modules/core/crypto.go:215.2,220.10 4 1
github.com/chalkan3-sloth/sloth-runner/internal/modules/core/crypto.go:224.57,230.16 4 1
github.com/chalkan3-sloth/sloth-runner/internal/modules/core/crypto.go:230.16,234.3 3 0
github.com/chalkan3-sloth/sloth-runner/internal/modules/core/crypto.go:237.2,241.16 4 1
github.com/chalkan3-sloth/sloth-runner/internal/modules/core/crypto.go:241.16,245.3 3 0
github.com/chalkan3-sloth/sloth-runner/internal/modules/core/crypto.go:247.2,248.16 2 1
github.com/chalkan3-sloth/sloth-runner/internal/modules/core/crypto.go:248.16,252.3 3 0
github.com/chalkan3-sloth/sloth-runner/internal/modules/core/crypto.go:254.2,255.27 2 1
github.com/chalkan3-sloth/sloth-runner/internal/modules/core/crypto.go:255.27,259.3 3 0
github.com/chalkan3-sloth/sloth-runner/internal/modules/core/crypto.go:261.2,263.16 3 1
github.com/chalkan3-sloth/sloth-runner/internal/modules/core/crypto.go:263.16,267.3 3 0
github.com/chalkan3-sloth/sloth-runner/internal/modules/core/crypto.go:269.2,270.10 2 1
github.com/chalkan3-sloth/sloth-runner/internal/modules/core/crypto.go:274.58,279.16 4 1
github.com/chalkan3-sloth/sloth-runner/internal/modules/core/crypto.go:279.16,283.3 3 0
github.com/chalkan3-sloth/sloth-runner/internal/modules/core/crypto.go:285.2,286.10 2 1
github.com/chalkan3-sloth/sloth-runner/internal/modules/core/crypto.go:290.59,294.20 3 1
github.com/chalkan3-sloth/sloth-runner/internal/modules/core/crypto.go:294.20,296.3 1 1
github.com/chalkan3-sloth/sloth-runner/internal/modules/core/crypto.go:298.2,299.23 2 1
github.com/chalkan3-sloth/sloth-runner/internal/modules/core/crypto.go:299.23,303.3 3 1
github.com/chalkan3-sloth/sloth-runner/internal/modules/core/crypto.go:305.2,306.10 2 1
github.com/chalkan3-sloth/sloth-runner/internal/modules/core/database.go:21.42,35.2 2 1
github.com/chalkan3-sloth/sloth-runner/internal/modules/core/database.go:38.48,40.2 1 1
github.com/chalkan3-sloth/sloth-runner/internal/modules/core/database.go:43.52,57.2 3 1
github.com/chalkan3-sloth/sloth-runner/internal/modules/core/database.go:60.56,66.16 5 1
github.com/chalkan3-sloth/sloth-runner/internal/modules/core/database.go:66.16,70.3 3 0
github.com/chalkan3-sloth/sloth-runner/internal/modules/core/database.go:73.2,73.34 1 1
github.com/chalkan3-sloth/sloth-runner/internal/modules/core/database.go:73.34,78.3 4 1
github.com/chalkan3-sloth/sloth-runner/internal/modules/core/database.go:81.2,86.53 4 1
github.com/chalkan3-sloth/sloth-runner/internal/modules/core/database.go:86.53,88.3 1 0
github.com/chalkan3-sloth/sloth-runner/internal/modules/core/database.go:90.2,92.10 3 1
github.com/chalkan3-sloth/sloth-runner/internal/modules/core/database.go:96.59,99.47 2 1
github.com/chalkan3-sloth/sloth-runner/internal/modules/core/database.go:99.47,103.17 4 1
github.com/chalkan3-sloth/sloth-runner/internal/modules/core/database.go:103.17,106.4 2 0
github.com/chalkan3-sloth/sloth-runner/internal/modules/core/database.go:107.8,111.3 3 1
github.com/chalkan3-sloth/sloth-runner/internal/modules/core/database.go:113.2,113.10 1 1
github.com/chalkan3-sloth/sloth-runner/internal/modules/core/database.go:117.54,122.13 4 1
github.com/chalkan3-sloth/sloth-runner/internal/modules/core/database.go:122.13,126.3 3 1
github.com/chalkan3-sloth/sloth-runner/internal/modules/core/database.go:129.2,130.20 2 1
github.com/chalkan3-sloth/sloth-runner/internal/modules/core/database.go:130.20,131.57 1 1
github.com/chalkan3-sloth/sloth-runner/internal/modules/core/database.go:131.57,132.50 1 1
github.com/chalkan3-sloth/sloth-runner/internal/modules/core/database.go:132.50,134.5 1 1
github.com/chalkan3-sloth/sloth-runner/internal/modules/core/database.go:138.2,139.16 2 1
github.com/chalkan3-sloth/sloth-runner/internal/modules/core/database.go:139.16,143.3 3 0
github.com/chalkan3-sloth/sloth-runner/internal/modules/core/database.go:144.2,148.16 3 1
github.com/chalkan3-sloth/sloth-runner/internal/modules/core/database.go:148.16,152.3 3 0
github.com/chalkan3-sloth/sloth-runner/internal/modules/core/database.go:155.2,158.18 3 1
github.com/chalkan3-sloth/sloth-runner/internal/modules/core/database.go:158.18,162.25 3 1
github.com/chalkan3-sloth/sloth-runner/internal/modules/core/database.go:162.25,164.4 1 1
github.com/chalkan3-sloth/sloth-runner/internal/modules/core/database.go:167.3,167.49 1 1
github.com/chalkan3-sloth/sloth-runner/internal/modules/core/database.go:167.49,171.4 3 0
github.com/chalkan3-sloth/sloth-runner/internal/modules/core/database.go:174.3,175.31 2 1
github.com/chalkan3-sloth/sloth-runner/internal/modules/core/database.go:175.31,177.4 1 1
github.com/chalkan3-sloth/sloth-runner/internal/modules/core/database.go:179.3,180.13 2 1
github.com/chalkan3-sloth/sloth-runner/internal/modules/core/database.go:183.2,183.35 1 1
github.com/chalkan3-sloth/sloth-runner/internal/modules/core/database.go:183.35,187.3 3 0
github.com/chalkan3-sloth/sloth-runner/internal/modules/core/database.go:189.2,190.10 2 1
github.com/chalkan3-sloth/sloth-runner/internal/modules/core/database.go:194.53,199.13 4 1
github.com/chalkan3-sloth/sloth-runner/internal/modules/core/database.go:199.13,203.3 3 0
github.com/chalkan3-sloth/sloth-runner/internal/modules/core/database.go:206.2,207.20 2 1
github.com/chalkan3-sloth/sloth-runner/internal/modules/core/database.go:207.20,208.57 1 1
github.com/chalkan3-sloth/sloth-runner/internal/modules/core/database.go:208.57,209.50 1 1
github.com/chalkan3-sloth/sloth-runner/internal/modules/core/database.go:209.50,211.5 1 1
github.com/chalkan3-sloth/sloth-runner/internal/modules/core/database.go:215.2,216.16 2 1
github.com/chalkan3-sloth/sloth-runner/internal/modules/core/database.go:216.16,220.3 3 0
github.com/chalkan3-sloth/sloth-runner/internal/modules/core/database.go:222.2,224.60 2 1
github.com/chalkan3-sloth/sloth-runner/internal/modules/core/database.go:224.60,226.3 1 1
github.com/chalkan3-sloth/sloth-runner/internal/modules/core/database.go:228.2,228.60 1 1
github.com/chalkan3-sloth/sloth-runner/internal/modules/core/database.go:228.60,230.3 1 1
github.com/chalkan3-sloth/sloth-runner/internal/modules/core/database.go:232.2,233.10 2 1
github.com/chalkan3-sloth/sloth-runner/internal/modules/core/database.go:237.60,242.13 4 1
github.com/chalkan3-sloth/sloth-runner/internal/modules/core/database.go:242.13,246.3 3 0
github.com/chalkan3-sloth/sloth-runner/internal/modules/core/database.go:248.2,249.16 2 1
github.com/chalkan3-sloth/sloth-runner/internal/modules/core/database.go:249.16,253.3 3 0
github.com/chalkan3-sloth/sloth-runner/internal/modules/core/database.go:256.2,259.49 3 1
github.com/chalkan3-sloth/sloth-runner/internal/modules/core/database.go:259.49,260.48 1 1
github.com/chalkan3-sloth/sloth-runner/internal/modules/core/database.go:260.48,264.81 3 1
github.com/chalkan3-sloth/sloth-runner/internal/modules/core/database.go:264.81,265.57 1 1
github.com/chalkan3-sloth/sloth-runner/internal/modules/core/database.go:265.57,266.57 1 1
github.com/chalkan3-sloth/sloth-runner/internal/modules/core/database.go:266.57,268.7 1 1
github.com/chalkan3-sloth/sloth-runner/internal/modules/core/database.go:272.4,273.18 2 1
github.com/chalkan3-sloth/sloth-runner/internal/modules/core/database.go:273.18,278.5 4 0
github.com/chalkan3-sloth/sloth-runner/internal/modules/core/database.go:280.4,281.62 2 1
github.com/chalkan3-sloth/sloth-runner/internal/modules/core/database.go:281.62,283.5 1 1
github.com/chalkan3-sloth/sloth-runner/internal/modules/core/database.go:284.4,284.62 1 1
github.com/chalkan3-sloth/sloth-runner/internal/modules/core/database.go:284.62,286.5 1 1
github.com/chalkan3-sloth/sloth-runner/internal/modules/core/database.go:288.4,289.17 2 1
github.com/chalkan3-sloth/sloth-runner/internal/modules/core/database.go:293.2,293.36 1 1
github.com/chalkan3-sloth/sloth-runner/internal/modules/core/database.go:293.36,297.3 3 0
github.com/chalkan3-sloth/sloth-runner/internal/modules/core/database.go:299.2,301.10 3 1
github.com/chalkan3-sloth/sloth-runner/internal/modules/core/database.go:305.56,310.13 4 0
github.com/chalkan3-sloth/sloth-runner/internal/modules/core/database.go:310.13,314.3 3 0
github.com/chalkan3-sloth/sloth-runner/internal/modules/core/database.go:316.2,317.16 2 0
github.com/chalkan3-sloth/sloth-runner/internal/modules/core/database.go:317.16,321.3 3 0
github.com/chalkan3-sloth/sloth-runner/internal/modules/core/database.go:325.2,328.10 3 0
github.com/chalkan3-sloth/sloth-runner/internal/modules/core/database.go:332.53,336.13 3 1
github.com/chalkan3-sloth/sloth-runner/internal/modules/core/database.go:336.13,340.3 3 1
github.com/chalkan3-sloth/sloth-runner/internal/modules/core/database.go:342.2,344.16 3 1
github.com/chalkan3-sloth/sloth-runner/internal/modules/core/database.go:344.16,347.3 2 0
github.com/chalkan3-sloth/sloth-runner/internal/modules/core/database.go:348.2,348.10 1 1
github.com/chalkan3-sloth/sloth-runner/internal/modules/core/database.go:352.57,353.38 1 1
github.com/chalkan3-sloth/sloth-runner/internal/modules/core/database.go:353.38,356.3 2 1
github.com/chalkan3-sloth/sloth-runner/internal/modules/core/database.go:358.2,359.10 2 1
github.com/chalkan3-sloth/sloth-runner/internal/modules/core/database.go:363.76,364.27 1 1
github.com/chalkan3-sloth/sloth-runner/internal/modules/core/database.go:365.19,366.19 1 1
github.com/chalkan3-sloth/sloth-runner/internal/modules/core/database.go:367.19,368.20 1 1
github.com/chalkan3-sloth/sloth-runner/internal/modules/core/database.go:369.17,370.17 1 0
github.com/chalkan3-sloth/sloth-runner/internal/modules/core/database.go:371.21,372.13 1 0
github.com/chalkan3-sloth/sloth-runner/internal/modules/core/database.go:373.10,374.24 1 0
github.com/chalkan3-sloth/sloth-runner/internal/modules/core/database.go:379.91,380.18 1 1
github.com/chalkan3-sloth/sloth-runner/internal/modules/core/database.go:380.18,382.3 1 0
github.com/chalkan3-sloth/sloth-runner/internal/modules/core/database.go:384.2,385.18 2 1
github.com/chalkan3-sloth/sloth-runner/internal/modules/core/database.go:386.22,387.33 1 1
github.com/chalkan3-sloth/sloth-runner/internal/modules/core/database.go:388.78,389.30 1 1
github.com/chalkan3-sloth/sloth-runner/internal/modules/core/database.go:390.83,391.31 1 0
github.com/chalkan3-sloth/sloth-runner/internal/modules/core/database.go:392.40,393.32 1 0
github.com/chalkan3-sloth/sloth-runner/internal/modules/core/database.go:394.20,395.29 1 0
github.com/chalkan3-sloth/sloth-runner/internal/modules/core/database.go:396.21,397.46 1 0
github.com/chalkan3-sloth/sloth-runner/internal/modules/core/database.go:397.46,400.4 1 0
github.com/chalkan3-sloth/sloth-runner/internal/modules/core/database.go:401.3,401.14 1 0
github.com/chalkan3-sloth/sloth-runner/internal/modules/core/database.go:402.10,404.56 1 0
github.com/chalkan3-sloth/sloth-runner/internal/modules/core/database.go:404.56,406.4 1 0
github.com/chalkan3-sloth/sloth-runner/internal/modules/core/database.go:407.3,407.47 1 0
github.com/chalkan3-sloth/sloth-runner/internal/modules/core/goroutine.go:53.44,71.2 3 1
github.com/chalkan3-sloth/sloth-runner/internal/modules/core/goroutine.go:74.49,76.2 1 1
github.com/chalkan3-sloth/sloth-runner/internal/modules/core/goroutine.go:79.53,101.2 4 1
github.com/chalkan3-sloth/sloth-runner/internal/modules/core/goroutine.go:105.55,111.12 3 1
github.com/chalkan3-sloth/sloth-runner/internal/modules/core/goroutine.go:111.12,113.16 2 1
github.com/chalkan3-sloth/sloth-runner/internal/modules/core/goroutine.go:113.16,114.32 1 1
github.com/chalkan3-sloth/sloth-runner/internal/modules/core/goroutine.go:114.32,117.5 1 0
github.com/chalkan3-sloth/sloth-runner/internal/modules/core/goroutine.go:121.3,125.18 1 1
github.com/chalkan3-sloth/sloth-runner/internal/modules/core/goroutine.go:125.18,127.4 1 0
github.com/chalkan3-sloth/sloth-runner/internal/modules/core/goroutine.go:130.2,130.10 1 1
github.com/chalkan3-sloth/sloth-runner/internal/modules/core/goroutine.go:135.59,140.30 4 1
github.com/chalkan3-sloth/sloth-runner/internal/modules/core/goroutine.go:140.30,142.19 2 1
github.com/chalkan3-sloth/sloth-runner/internal/modules/core/goroutine.go:142.19,148.17 4 1
github.com/chalkan3-sloth/sloth-runner/internal/modules/core/goroutine.go:148.17,149.33 1 1
github.com/chalkan3-sloth/sloth-runner/internal/modules/core/goroutine.go:149.33,151.6 1 0
github.com/chalkan3-sloth/sloth-runner/internal/modules/core/goroutine.go:154.4,158.36 1 1
github.com/chalkan3-sloth/sloth-runner/internal/modules/core/goroutine.go:158.36,160.5 1 0
github.com/chalkan3-sloth/sloth-runner/internal/modules/core/goroutine.go:165.2,167.10 2 1
github.com/chalkan3-sloth/sloth-runner/internal/modules/core/goroutine.go:172.59,180.62 5 1
github.com/chalkan3-sloth/sloth-runner/internal/modules/core/goroutine.go:180.62,185.3 4 1
github.com/chalkan3-sloth/sloth-runner/internal/modules/core/goroutine.go:187.2,187.63 1 1
github.com/chalkan3-sloth/sloth-runner/internal/modules/core/goroutine.go:187.63,191.3 3 1
github.com/chalkan3-sloth/sloth-runner/internal/modules/core/goroutine.go:193.2,193.63 1 1
github.com/chalkan3-sloth/sloth-runner/internal/modules/core/goroutine.go:193.63,197.3 3 1
github.com/chalkan3-sloth/sloth-runner/internal/modules/core/goroutine.go:199.2,203.10 4 1
github.com/chalkan3-sloth/sloth-runner/internal/modules/core/goroutine.go:208.60,213.57 4 1
github.com/chalkan3-sloth/sloth-runner/internal/modules/core/goroutine.go:213.57,215.3 1 1
github.com/chalkan3-sloth/sloth-runner/internal/modules/core/goroutine.go:217.2,221.47 3 1
github.com/chalkan3-sloth/sloth-runner/internal/modules/core/goroutine.go:221.47,223.3 1 0
github.com/chalkan3-sloth/sloth-runner/internal/modules/core/goroutine.go:226.2,230.10 4 1
github.com/chalkan3-sloth/sloth-runner/internal/modules/core/goroutine.go:235.60,243.13 6 1
github.com/chalkan3-sloth/sloth-runner/internal/modules/core/goroutine.go:243.13,247.3 3 0
github.com/chalkan3-sloth/sloth-runner/internal/modules/core/goroutine.go:250.2,254.35 3 1
github.com/chalkan3-sloth/sloth-runner/internal/modules/core/goroutine.go:254.35,256.3 1 0
github.com/chalkan3-sloth/sloth-runner/internal/modules/core/goroutine.go:259.2,270.9 3 1
github.com/chalkan3-sloth/sloth-runner/internal/modules/core/goroutine.go:271.26,273.11 2 1
github.com/chalkan3-sloth/sloth-runner/internal/modules/core/goroutine.go:274.25,277.11 3 0
github.com/chalkan3-sloth/sloth-runner/internal/modules/core/goroutine.go:278.10,281.11 3 0
github.com/chalkan3-sloth/sloth-runner/internal/modules/core/goroutine.go:287.58,294.13 5 0
github.com/chalkan3-sloth/sloth-runner/internal/modules/core/goroutine.go:294.13,298.3 3 0
github.com/chalkan3-sloth/sloth-runner/internal/modules/core/goroutine.go:301.2,305.10 4 0
github.com/chalkan3-sloth/sloth-runner/internal/modules/core/goroutine.go:310.59,315.12 4 1
github.com/chalkan3-sloth/sloth-runner/internal/modules/core/goroutine.go:315.12,317.3 1 1
github.com/chalkan3-sloth/sloth-runner/internal/modules/core/goroutine.go:318.2,320.13 2 1
github.com/chalkan3-sloth/sloth-runner/internal/modules/core/goroutine.go:320.13,323.3 2 1
github.com/chalkan3-sloth/sloth-runner/internal/modules/core/goroutine.go:325.2,327.10 3 1
github.com/chalkan3-sloth/sloth-runner/internal/modules/core/goroutine.go:332.59,339.13 5 1
github.com/chalkan3-sloth/sloth-runner/internal/modules/core/goroutine.go:339.13,342.3 2 0
github.com/chalkan3-sloth/sloth-runner/internal/modules/core/goroutine.go:344.2,353.10 9 1
github.com/chalkan3-sloth/sloth-runner/internal/modules/core/goroutine.go:358.55,366.12 4 1
github.com/chalkan3-sloth/sloth-runner/internal/modules/core/goroutine.go:366.12,370.16 3 1
github.com/chalkan3-sloth/sloth-runner/internal/modules/core/goroutine.go:370.16,371.32 1 1
github.com/chalkan3-sloth/sloth-runner/internal/modules/core/goroutine.go:371.32,376.5 1 0
github.com/chalkan3-sloth/sloth-runner/internal/modules/core/goroutine.go:380.3,386.17 2 1
github.com/chalkan3-sloth/sloth-runner/internal/modules/core/goroutine.go:386.17,392.4 2 1
github.com/chalkan3-sloth/sloth-runner/internal/modules/core/goroutine.go:395.3,396.39 2 1
github.com/chalkan3-sloth/sloth-runner/internal/modules/core/goroutine.go:396.39,398.4 1 1
github.com/chalkan3-sloth/sloth-runner/internal/modules/core/goroutine.go:400.3,403.4 1 1
github.com/chalkan3-sloth/sloth-runner/internal/modules/core/goroutine.go:407.2,422.10 8 1
github.com/chalkan3-sloth/sloth-runner/internal/modules/core/goroutine.go:436.55,443.18 5 1
github.com/chalkan3-sloth/sloth-runner/internal/modules/core/goroutine.go:443.18,446.3 2 1
github.com/chalkan3-sloth/sloth-runner/internal/modules/core/goroutine.go:448.2,448.30 1 1
github.com/chalkan3-sloth/sloth-runner/internal/modules/core/goroutine.go:448.30,452.3 3 1
github.com/chalkan3-sloth/sloth-runner/internal/modules/core/goroutine.go:454.2,455.43 2 1
github.com/chalkan3-sloth/sloth-runner/internal/modules/core/goroutine.go:455.43,457.3 1 1
github.com/chalkan3-sloth/sloth-runner/internal/modules/core/goroutine.go:458.2,458.38 1 1
github.com/chalkan3-sloth/sloth-runner/internal/modules/core/goroutine.go:463.58,469.40 4 1
github.com/chalkan3-sloth/sloth-runner/internal/modules/core/goroutine.go:469.40,470.39 1 1
github.com/chalkan3-sloth/sloth-runner/internal/modules/core/goroutine.go:470.39,471.49 1 1
github.com/chalkan3-sloth/sloth-runner/internal/modules/core/goroutine.go:471.49,473.21 2 1
github.com/chalkan3-sloth/sloth-runner/internal/modules/core/goroutine.go:473.21,476.6 2 1
github.com/chalkan3-sloth/sloth-runner/internal/modules/core/goroutine.go:477.5,481.33 4 1
github.com/chalkan3-sloth/sloth-runner/internal/modules/core/goroutine.go:481.33,483.6 1 0
github.com/chalkan3-sloth/sloth-runner/internal/modules/core/goroutine.go:483.11,485.47 2 1
github.com/chalkan3-sloth/sloth-runner/internal/modules/core/goroutine.go:485.47,487.7 1 1
github.com/chalkan3-sloth/sloth-runner/internal/modules/core/goroutine.go:488.6,488.48 1 1
github.com/chalkan3-sloth/sloth-runner/internal/modules/core/goroutine.go:491.5,492.12 2 1
github.com/chalkan3-sloth/sloth-runner/internal/modules/core/goroutine.go:497.2,498.10 2 1
github.com/chalkan3-sloth/sloth-runner/internal/modules/core/goroutine.go:503.55,507.2 3 1
github.com/chalkan3-sloth/sloth-runner/internal/modules/core/goroutine.go:511.57,520.12 6 1
github.com/chalkan3-sloth/sloth-runner/internal/modules/core/goroutine.go:520.12,524.16 3 1
github.com/chalkan3-sloth/sloth-runner/internal/modules/core/goroutine.go:524.16,525.32 1 1
github.com/chalkan3-sloth/sloth-runner/internal/modules/core/goroutine.go:525.32,530.5 1 0
github.com/chalkan3-sloth/sloth-runner/internal/modules/core/goroutine.go:533.3,539.17 2 1
github.com/chalkan3-sloth/sloth-runner/internal/modules/core/goroutine.go:539.17,545.4 2 0
github.com/chalkan3-sloth/sloth-runner/internal/modules/core/goroutine.go:547.3,548.39 2 1
github.com/chalkan3-sloth/sloth-runner/internal/modules/core/goroutine.go:548.39,550.4 1 1
github.com/chalkan3-sloth/sloth-runner/internal/modules/core/goroutine.go:552.3,555.4 1 1
github.com/chalkan3-sloth/sloth-runner/internal/modules/core/goroutine.go:558.2,558.9 1 1
github.com/chalkan3-sloth/sloth-runner/internal/modules/core/goroutine.go:559.28,560.24 1 1
github.com/chalkan3-sloth/sloth-runner/internal/modules/core/goroutine.go:560.24,564.4 3 0
github.com/chalkan3-sloth/sloth-runner/internal/modules/core/goroutine.go:565.3,566.37 2 1
github.com/chalkan3-sloth/sloth-runner/internal/modules/core/goroutine.go:566.37,568.4 1 1
github.com/chalkan3-sloth/sloth-runner/internal/modules/core/goroutine.go:569.3,569.32 1 1
github.com/chalkan3-sloth/sloth-runner/internal/modules/core/goroutine.go:570.20,573.11 3 0
github.com/chalkan3-sloth/sloth-runner/internal/modules/core/goroutine.go:579.91,591.31 3 1
github.com/chalkan3-sloth/sloth-runner/internal/modules/core/goroutine.go:591.31,594.3 2 1
github.com/chalkan3-sloth/sloth-runner/internal/modules/core/goroutine.go:596.2,596.13 1 1
github.com/chalkan3-sloth/sloth-runner/internal/modules/core/goroutine.go:599.40,602.6 2 1
github.com/chalkan3-sloth/sloth-runner/internal/modules/core/goroutine.go:602.6,603.10 1 1
github.com/chalkan3-sloth/sloth-runner/internal/modules/core/goroutine.go:604.30,605.11 1 1
github.com/chalkan3-sloth/sloth-runner/internal/modules/core/goroutine.go:605.11,607.5 1 1
github.com/chalkan3-sloth/sloth-runner/internal/modules/core/goroutine.go:609.4,611.34 3 1
github.com/chalkan3-sloth/sloth-runner/internal/modules/core/goroutine.go:613.23,614.10 1 1
github.com/chalkan3-sloth/sloth-runner/internal/modules/core/goroutine.go:619.53,620.15 1 1
github.com/chalkan3-sloth/sloth-runner/internal/modules/core/goroutine.go:620.15,621.31 1 1
github.com/chalkan3-sloth/sloth-runner/internal/modules/core/goroutine.go:621.31,627.4 2 0
github.com/chalkan3-sloth/sloth-runner/internal/modules/core/goroutine.go:631.2,641.16 4 1
github.com/chalkan3-sloth/sloth-runner/internal/modules/core/goroutine.go:641.16,648.3 3 0
github.com/chalkan3-sloth/sloth-runner/internal/modules/core/goroutine.go:651.2,652.38 2 1
github.com/chalkan3-sloth/sloth-runner/internal/modules/core/goroutine.go:652.38,654.3 1 0
github.com/chalkan3-sloth/sloth-runner/internal/modules/core/goroutine.go:656.2,660.3 2 1
github.com/chalkan3-sloth/sloth-runner/internal/modules/core/goroutine.go:663.33,667.2 3 1
github.com/chalkan3-sloth/sloth-runner/internal/modules/core/goroutine.go:670.37,676.34 4 1
github.com/chalkan3-sloth/sloth-runner/internal/modules/core/goroutine.go:676.34,679.3 2 1
github.com/chalkan3-sloth/sloth-runner/internal/modules/core/help.go:16.34,29.2 2 1
github.com/chalkan3-sloth/sloth-runner/internal/modules/core/help.go:32.45,34.2 1 1
github.com/chalkan3-sloth/sloth-runner/internal/modules/core/help.go:37.49,39.2 1 1
github.com/chalkan3-sloth/sloth-runner/internal/modules/core/help.go:42.47,57.2 5 1
github.com/chalkan3-sloth/sloth-runner/internal/modules/core/help.go:59.51,62.20 2 1
github.com/chalkan3-sloth/sloth-runner/internal/modules/core/help.go:62.20,80.3 2 1
github.com/chalkan3-sloth/sloth-runner/internal/modules/core/help.go:80.8,83.3 2 1
github.com/chalkan3-sloth/sloth-runner/internal/modules/core/help.go:84.2,84.10 1 1
github.com/chalkan3-sloth/sloth-runner/internal/modules/core/help.go:87.54,92.31 4 1
github.com/chalkan3-sloth/sloth-runner/internal/modules/core/help.go:92.31,94.3 1 1
github.com/chalkan3-sloth/sloth-runner/internal/modules/core/help.go:96.2,97.10 2 1
github.com/chalkan3-sloth/sloth-runner/internal/modules/core/help.go:100.53,106.2 4 1
github.com/chalkan3-sloth/sloth-runner/internal/modules/core/help.go:108.55,128.23 3 1
github.com/chalkan3-sloth/sloth-runner/internal/modules/core/help.go:128.23,130.3 1 1
github.com/chalkan3-sloth/sloth-runner/internal/modules/core/help.go:132.2,133.10 2 1
github.com/chalkan3-sloth/sloth-runner/internal/modules/core/http.go:23.34,39.2 2 1
github.com/chalkan3-sloth/sloth-runner/internal/modules/core/http.go:42.44,44.2 1 1
github.com/chalkan3-sloth/sloth-runner/internal/modules/core/http.go:47.48,63.2 4 1
github.com/chalkan3-sloth/sloth-runner/internal/modules/core/http.go:86.88,95.55 2 1
github.com/chalkan3-sloth/sloth-runner/internal/modules/core/http.go:95.55,97.3 1 1
github.com/chalkan3-sloth/sloth-runner/internal/modules/core/http.go:99.2,99.64 1 1
github.com/chalkan3-sloth/sloth-runner/internal/modules/core/http.go:99.64,101.3 1 0
github.com/chalkan3-sloth/sloth-runner/internal/modules/core/http.go:103.2,103.58 1 1
github.com/chalkan3-sloth/sloth-runner/internal/modules/core/http.go:103.58,105.3 1 1
github.com/chalkan3-sloth/sloth-runner/internal/modules/core/http.go:107.2,107.67 1 1
github.com/chalkan3-sloth/sloth-runner/internal/modules/core/http.go:107.67,108.59 1 1
github.com/chalkan3-sloth/sloth-runner/internal/modules/core/http.go:108.59,110.4 1 1
github.com/chalkan3-sloth/sloth-runner/internal/modules/core/http.go:113.2,113.71 1 1
github.com/chalkan3-sloth/sloth-runner/internal/modules/core/http.go:113.71,114.59 1 0
github.com/chalkan3-sloth/sloth-runner/internal/modules/core/http.go:114.59,116.4 1 0
github.com/chalkan3-sloth/sloth-runner/internal/modules/core/http.go:119.2,119.67 1 1
github.com/chalkan3-sloth/sloth-runner/internal/modules/core/http.go:119.67,120.57 1 0
github.com/chalkan3-sloth/sloth-runner/internal/modules/core/http.go:120.57,122.4 1 0
github.com/chalkan3-sloth/sloth-runner/internal/modules/core/http.go:126.2,126.67 1 1
github.com/chalkan3-sloth/sloth-runner/internal/modules/core/http.go:126.67,127.52 1 1
github.com/chalkan3-sloth/sloth-runner/internal/modules/core/http.go:127.52,128.53 1 1
github.com/chalkan3-sloth/sloth-runner/internal/modules/core/http.go:128.53,130.5 1 1
github.com/chalkan3-sloth/sloth-runner/internal/modules/core/http.go:135.2,135.66 1 1
github.com/chalkan3-sloth/sloth-runner/internal/modules/core/http.go:135.66,136.50 1 1
github.com/chalkan3-sloth/sloth-runner/internal/modules/core/http.go:136.50,138.56 2 1
github.com/chalkan3-sloth/sloth-runner/internal/modules/core/http.go:138.56,141.5 2 1
github.com/chalkan3-sloth/sloth-runner/internal/modules/core/http.go:145.2,145.12 1 1
github.com/chalkan3-sloth/sloth-runner/internal/modules/core/http.go:149.77,153.57 3 1
github.com/chalkan3-sloth/sloth-runner/internal/modules/core/http.go:153.57,154.18 1 1
github.com/chalkan3-sloth/sloth-runner/internal/modules/core/http.go:154.18,156.4 1 0
github.com/chalkan3-sloth/sloth-runner/internal/modules/core/http.go:158.3,162.17 4 1
github.com/chalkan3-sloth/sloth-runner/internal/modules/core/http.go:162.17,164.12 2 0
github.com/chalkan3-sloth/sloth-runner/internal/modules/core/http.go:168.3,168.39 1 1
github.com/chalkan3-sloth/sloth-runner/internal/modules/core/http.go:168.39,170.4 1 1
github.com/chalkan3-sloth/sloth-runner/internal/modules/core/http.go:172.3,173.17 2 1
github.com/chalkan3-sloth/sloth-runner/internal/modules/core/http.go:173.17,175.12 2 1
github.com/chalkan3-sloth/sloth-runner/internal/modules/core/http.go:177.3,180.17 3 1
github.com/chalkan3-sloth/sloth-runner/internal/modules/core/http.go:180.17,182.12 2 0
github.com/chalkan3-sloth/sloth-runner/internal/modules/core/http.go:186.3,187.40 2 1
github.com/chalkan3-sloth/sloth-runner/internal/modules/core/http.go:187.40,189.4 1 1
github.com/chalkan3-sloth/sloth-runner/internal/modules/core/http.go:191.3,198.23 2 1
github.com/chalkan3-sloth/sloth-runner/internal/modules/core/http.go:201.2,201.91 1 1
github.com/chalkan3-sloth/sloth-runner/internal/modules/core/http.go:205.48,211.2 4 1
github.com/chalkan3-sloth/sloth-runner/internal/modules/core/http.go:214.49,220.2 4 1
github.com/chalkan3-sloth/sloth-runner/internal/modules/core/http.go:223.48,229.2 4 1
github.com/chalkan3-sloth/sloth-runner/internal/modules/core/http.go:232.51,238.2 4 1
github.com/chalkan3-sloth/sloth-runner/internal/modules/core/http.go:241.50,247.2 4 0
github.com/chalkan3-sloth/sloth-runner/internal/modules/core/http.go:250.52,255.2 3 0
github.com/chalkan3-sloth/sloth-runner/internal/modules/core/http.go:258.73,260.16 2 1
github.com/chalkan3-sloth/sloth-runner/internal/modules/core/http.go:260.16,266.3 5 1
github.com/chalkan3-sloth/sloth-runner/internal/modules/core/http.go:269.2,276.39 6 1
github.com/chalkan3-sloth/sloth-runner/internal/modules/core/http.go:276.39,278.3 1 1
github.com/chalkan3-sloth/sloth-runner/internal/modules/core/http.go:279.2,283.69 3 1
github.com/chalkan3-sloth/sloth-runner/internal/modules/core/http.go:283.69,285.3 1 1
github.com/chalkan3-sloth/sloth-runner/internal/modules/core/http.go:287.2,288.10 2 1
github.com/chalkan3-sloth/sloth-runner/internal/modules/core/http.go:292.57,299.67 3 0
github.com/chalkan3-sloth/sloth-runner/internal/modules/core/http.go:299.67,300.59 1 0
github.com/chalkan3-sloth/sloth-runner/internal/modules/core/http.go:300.59,302.4 1 0
github.com/chalkan3-sloth/sloth-runner/internal/modules/core/http.go:306.2,309.10 4 0
github.com/chalkan3-sloth/sloth-runner/internal/modules/core/http.go:313.71,315.44 2 1
github.com/chalkan3-sloth/sloth-runner/internal/modules/core/http.go:315.44,316.28 1 1
github.com/chalkan3-sloth/sloth-runner/internal/modules/core/http.go:317.18,318.34 1 0
github.com/chalkan3-sloth/sloth-runner/internal/modules/core/http.go:319.20,320.37 1 1
github.com/chalkan3-sloth/sloth-runner/internal/modules/core/http.go:321.20,322.36 1 1
github.com/chalkan3-sloth/sloth-runner/internal/modules/core/http.go:323.20,324.49 1 0
github.com/chalkan3-sloth/sloth-runner/internal/modules/core/http.go:327.2,327.15 1 1
github.com/chalkan3-sloth/sloth-runner/internal/modules/core/http.go:330.80,331.27 1 1
github.com/chalkan3-sloth/sloth-runner/internal/modules/core/http.go:332.12,333.22 1 1
github.com/chalkan3-sloth/sloth-runner/internal/modules/core/http.go:334.15,335.24 1 1
github.com/chalkan3-sloth/sloth-runner/internal/modules/core/http.go:336.14,337.24 1 1
github.com/chalkan3-sloth/sloth-runner/internal/modules/core/http.go:338.30,340.27 2 1
github.com/chalkan3-sloth/sloth-runner/internal/modules/core/http.go:340.27,342.4 1 1
github.com/chalkan3-sloth/sloth-runner/internal/modules/core/http.go:343.3,343.15 1 1
github.com/chalkan3-sloth/sloth-runner/internal/modules/core/http.go:344.21,346.25 2 0
github.com/chalkan3-sloth/sloth-runner/internal/modules/core/http.go:346.25,348.4 1 0
github.com/chalkan3-sloth/sloth-runner/internal/modules/core/http.go:349.3,349.15 1 0
github.com/chalkan3-sloth/sloth-runner/internal/modules/core/http.go:350.10,351.18 1 0
github.com/chalkan3-sloth/sloth-runner/internal/modules/core/monitoring.go:39.46,53.2 2 1
github.com/chalkan3-sloth/sloth-runner/internal/modules/core/monitoring.go:56.50,58.2 1 1
github.com/chalkan3-sloth/sloth-runner/internal/modules/core/monitoring.go:61.54,83.2 3 1
github.com/chalkan3-sloth/sloth-runner/internal/modules/core/monitoring.go:86.61,95.13 7 1
github.com/chalkan3-sloth/sloth-runner/internal/modules/core/monitoring.go:95.13,106.3 2 1
github.com/chalkan3-sloth/sloth-runner/internal/modules/core/monitoring.go:108.2,113.10 5 1
github.com/chalkan3-sloth/sloth-runner/internal/modules/core/monitoring.go:117.61,127.13 8 1
github.com/chalkan3-sloth/sloth-runner/internal/modules/core/monitoring.go:127.13,138.3 2 1
github.com/chalkan3-sloth/sloth-runner/internal/modules/core/monitoring.go:140.2,145.10 5 1
github.com/chalkan3-sloth/sloth-runner/internal/modules/core/monitoring.go:149.59,159.13 8 1
github.com/chalkan3-sloth/sloth-runner/internal/modules/core/monitoring.go:159.13,170.3 2 1
github.com/chalkan3-sloth/sloth-runner/internal/modules/core/monitoring.go:172.2,177.10 5 1
github.com/chalkan3-sloth/sloth-runner/internal/modules/core/monitoring.go:181.59,184.20 3 1
github.com/chalkan3-sloth/sloth-runner/internal/modules/core/monitoring.go:184.20,186.3 1 1
github.com/chalkan3-sloth/sloth-runner/internal/modules/core/monitoring.go:187.2,194.13 6 1
github.com/chalkan3-sloth/sloth-runner/internal/modules/core/monitoring.go:194.13,205.3 2 0
github.com/chalkan3-sloth/sloth-runner/internal/modules/core/monitoring.go:207.2,212.10 5 1
github.com/chalkan3-sloth/sloth-runner/internal/modules/core/monitoring.go:216.59,219.20 3 1
github.com/chalkan3-sloth/sloth-runner/internal/modules/core/monitoring.go:219.20,221.3 1 1
github.com/chalkan3-sloth/sloth-runner/internal/modules/core/monitoring.go:222.2,229.13 6 1
github.com/chalkan3-sloth/sloth-runner/internal/modules/core/monitoring.go:229.13,240.3 2 0
github.com/chalkan3-sloth/sloth-runner/internal/modules/core/monitoring.go:242.2,247.10 5 1
github.com/chalkan3-sloth/sloth-runner/internal/modules/core/monitoring.go:251.61,260.13 7 1
github.com/chalkan3-sloth/sloth-runner/internal/modules/core/monitoring.go:260.13,271.3 2 1
github.com/chalkan3-sloth/sloth-runner/internal/modules/core/monitoring.go:273.2,275.10 3 1
github.com/chalkan3-sloth/sloth-runner/internal/modules/core/monitoring.go:279.59,286.13 5 1
github.com/chalkan3-sloth/sloth-runner/internal/modules/core/monitoring.go:286.13,290.3 3 1
github.com/chalkan3-sloth/sloth-runner/internal/modules/core/monitoring.go:292.2,293.9 2 1
github.com/chalkan3-sloth/sloth-runner/internal/modules/core/monitoring.go:293.9,297.3 3 0
github.com/chalkan3-sloth/sloth-runner/internal/modules/core/monitoring.go:299.2,305.10 6 1
github.com/chalkan3-sloth/sloth-runner/internal/modules/core/monitoring.go:309.67,319.13 8 1
github.com/chalkan3-sloth/sloth-runner/internal/modules/core/monitoring.go:319.13,333.3 2 1
github.com/chalkan3-sloth/sloth-runner/internal/modules/core/monitoring.go:335.2,347.10 11 1
github.com/chalkan3-sloth/sloth-runner/internal/modules/core/monitoring.go:351.60,360.13 7 1
github.com/chalkan3-sloth/sloth-runner/internal/modules/core/monitoring.go:360.13,363.3 2 1
github.com/chalkan3-sloth/sloth-runner/internal/modules/core/monitoring.go:365.2,372.28 6 1
github.com/chalkan3-sloth/sloth-runner/internal/modules/core/monitoring.go:372.28,374.35 2 0
github.com/chalkan3-sloth/sloth-runner/internal/modules/core/monitoring.go:374.35,376.4 1 0
github.com/chalkan3-sloth/sloth-runner/internal/modules/core/monitoring.go:377.3,377.45 1 0
github.com/chalkan3-sloth/sloth-runner/internal/modules/core/monitoring.go:380.2,381.10 2 1
github.com/chalkan3-sloth/sloth-runner/internal/modules/core/monitoring.go:385.62,392.35 5 1
github.com/chalkan3-sloth/sloth-runner/internal/modules/core/monitoring.go:392.35,401.3 7 1
github.com/chalkan3-sloth/sloth-runner/internal/modules/core/monitoring.go:403.2,404.10 2 1
github.com/chalkan3-sloth/sloth-runner/internal/modules/core/monitoring.go:408.62,417.13 7 1
github.com/chalkan3-sloth/sloth-runner/internal/modules/core/monitoring.go:417.13,420.3 2 0
github.com/chalkan3-sloth/sloth-runner/internal/modules/core/monitoring.go:422.2,428.10 6 1
github.com/chalkan3-sloth/sloth-runner/internal/modules/core/monitoring.go:432.59,439.2 5 1
github.com/chalkan3-sloth/sloth-runner/internal/modules/core/monitoring.go:442.67,448.35 4 1
github.com/chalkan3-sloth/sloth-runner/internal/modules/core/monitoring.go:448.35,455.29 3 1
github.com/chalkan3-sloth/sloth-runner/internal/modules/core/monitoring.go:455.29,457.36 2 1
github.com/chalkan3-sloth/sloth-runner/internal/modules/core/monitoring.go:457.36,459.5 1 1
github.com/chalkan3-sloth/sloth-runner/internal/modules/core/monitoring.go:460.4,464.36 1 1
github.com/chalkan3-sloth/sloth-runner/internal/modules/core/monitoring.go:465.9,470.4 1 1
github.com/chalkan3-sloth/sloth-runner/internal/modules/core/monitoring.go:473.2,474.10 2 1
github.com/chalkan3-sloth/sloth-runner/internal/modules/core/monitoring.go:478.61,483.16 4 1
github.com/chalkan3-sloth/sloth-runner/internal/modules/core/monitoring.go:483.16,487.3 3 0
github.com/chalkan3-sloth/sloth-runner/internal/modules/core/monitoring.go:489.2,490.10 2 1
github.com/chalkan3-sloth/sloth-runner/internal/modules/core/monitoring.go:494.64,508.2 11 1
github.com/chalkan3-sloth/sloth-runner/internal/modules/core/monitoring.go:511.62,537.2 23 1
github.com/chalkan3-sloth/sloth-runner/internal/modules/core/monitoring.go:541.84,543.25 2 1
github.com/chalkan3-sloth/sloth-runner/internal/modules/core/monitoring.go:543.25,544.61 1 1
github.com/chalkan3-sloth/sloth-runner/internal/modules/core/monitoring.go:544.61,545.52 1 1
github.com/chalkan3-sloth/sloth-runner/internal/modules/core/monitoring.go:545.52,547.5 1 1
github.com/chalkan3-sloth/sloth-runner/internal/modules/core/monitoring.go:550.2,550.15 1 1
github.com/chalkan3-sloth/sloth-runner/internal/modules/core/monitoring.go:553.86,554.22 1 1
github.com/chalkan3-sloth/sloth-runner/internal/modules/core/monitoring.go:554.22,556.3 1 1
github.com/chalkan3-sloth/sloth-runner/internal/modules/core/monitoring.go:558.2,559.27 2 1
github.com/chalkan3-sloth/sloth-runner/internal/modules/core/monitoring.go:559.27,561.3 1 1
github.com/chalkan3-sloth/sloth-runner/internal/modules/core/monitoring.go:562.2,562.67 1 1
github.com/chalkan3-sloth/sloth-runner/internal/modules/core/monitoring.go:565.57,574.31 3 1
github.com/chalkan3-sloth/sloth-runner/internal/modules/core/monitoring.go:574.31,576.3 1 1
github.com/chalkan3-sloth/sloth-runner/internal/modules/core/notification.go:21.50,37.2 2 1
github.com/chalkan3-sloth/sloth-runner/internal/modules/core/notification.go:40.52,42.2 1 1
github.com/chalkan3-sloth/sloth-runner/internal/modules/core/notification.go:45.56,57.2 3 1
github.com/chalkan3-sloth/sloth-runner/internal/modules/core/notification.go:86.58,93.51 4 1
github.com/chalkan3-sloth/sloth-runner/internal/modules/core/notification.go:93.51,94.23 1 1
github.com/chalkan3-sloth/sloth-runner/internal/modules/core/notification.go:95.15,96.33 1 1
github.com/chalkan3-sloth/sloth-runner/internal/modules/core/notification.go:97.19,98.37 1 1
github.com/chalkan3-sloth/sloth-runner/internal/modules/core/notification.go:99.18,100.36 1 1
github.com/chalkan3-sloth/sloth-runner/internal/modules/core/notification.go:101.21,102.38 1 0
github.com/chalkan3-sloth/sloth-runner/internal/modules/core/notification.go:103.22,104.50 1 1
github.com/chalkan3-sloth/sloth-runner/internal/modules/core/notification.go:104.50,106.5 1 1
github.com/chalkan3-sloth/sloth-runner/internal/modules/core/notification.go:110.2,111.16 2 1
github.com/chalkan3-sloth/sloth-runner/internal/modules/core/notification.go:111.16,115.3 3 0
github.com/chalkan3-sloth/sloth-runner/internal/modules/core/notification.go:117.2,118.16 2 1
github.com/chalkan3-sloth/sloth-runner/internal/modules/core/notification.go:118.16,122.3 3 0
github.com/chalkan3-sloth/sloth-runner/internal/modules/core/notification.go:123.2,127.14 4 1
github.com/chalkan3-sloth/sloth-runner/internal/modules/core/notification.go:127.14,130.3 2 1
github.com/chalkan3-sloth/sloth-runner/internal/modules/core/notification.go:131.2,131.10 1 1
github.com/chalkan3-sloth/sloth-runner/internal/modules/core/notification.go:135.89,136.42 1 1
github.com/chalkan3-sloth/sloth-runner/internal/modules/core/notification.go:136.42,137.49 1 1
github.com/chalkan3-sloth/sloth-runner/internal/modules/core/notification.go:137.49,142.50 2 1
github.com/chalkan3-sloth/sloth-runner/internal/modules/core/notification.go:142.50,143.25 1 1
github.com/chalkan3-sloth/sloth-runner/internal/modules/core/notification.go:144.18,145.37 1 1
github.com/chalkan3-sloth/sloth-runner/internal/modules/core/notification.go:146.18,147.37 1 1
github.com/chalkan3-sloth/sloth-runner/internal/modules/core/notification.go:148.17,149.36 1 1
github.com/chalkan3-sloth/sloth-runner/internal/modules/core/notification.go:150.19,151.38 1 0
github.com/chalkan3-sloth/sloth-runner/internal/modules/core/notification.go:152.19,153.50 1 0
github.com/chalkan3-sloth/sloth-runner/internal/modules/core/notification.go:153.50,155.7 1 0
github.com/chalkan3-sloth/sloth-runner/internal/modules/core/notification.go:159.4,159.65 1 1
github.com/chalkan3-sloth/sloth-runner/internal/modules/core/notification.go:165.85,166.42 1 0
github.com/chalkan3-sloth/sloth-runner/internal/modules/core/notification.go:166.42,167.48 1 0
github.com/chalkan3-sloth/sloth-runner/internal/modules/core/notification.go:167.48,170.49 2 0
github.com/chalkan3-sloth/sloth-runner/internal/modules/core/notification.go:170.49,171.25 1 0
github.com/chalkan3-sloth/sloth-runner/internal/modules/core/notification.go:172.18,173.32 1 0
github.com/chalkan3-sloth/sloth-runner/internal/modules/core/notification.go:174.18,175.32 1 0
github.com/chalkan3-sloth/sloth-runner/internal/modules/core/notification.go:176.18,177.37 1 0
github.com/chalkan3-sloth/sloth-runner/internal/modules/core/notification.go:181.4,181.56 1 0
github.com/chalkan3-sloth/sloth-runner/internal/modules/core/notification.go:217.60,224.51 4 1
github.com/chalkan3-sloth/sloth-runner/internal/modules/core/notification.go:224.51,225.23 1 1
github.com/chalkan3-sloth/sloth-runner/internal/modules/core/notification.go:226.18,227.36 1 1
github.com/chalkan3-sloth/sloth-runner/internal/modules/core/notification.go:228.19,229.37 1 1
github.com/chalkan3-sloth/sloth-runner/internal/modules/core/notification.go:230.21,231.38 1 0
github.com/chalkan3-sloth/sloth-runner/internal/modules/core/notification.go:232.17,233.49 1 1
github.com/chalkan3-sloth/sloth-runner/internal/modules/core/notification.go:233.49,235.5 1 1
github.com/chalkan3-sloth/sloth-runner/internal/modules/core/notification.go:239.2,240.16 2 1
github.com/chalkan3-sloth/sloth-runner/internal/modules/core/notification.go:240.16,244.3 3 0
github.com/chalkan3-sloth/sloth-runner/internal/modules/core/notification.go:246.2,247.16 2 1
github.com/chalkan3-sloth/sloth-runner/internal/modules/core/notification.go:247.16,251.3 3 0
github.com/chalkan3-sloth/sloth-runner/internal/modules/core/notification.go:252.2,256.14 4 1
github.com/chalkan3-sloth/sloth-runner/internal/modules/core/notification.go:256.14,259.3 2 0
github.com/chalkan3-sloth/sloth-runner/internal/modules/core/notification.go:260.2,260.10 1 1
github.com/chalkan3-sloth/sloth-runner/internal/modules/core/notification.go:264.93,265.42 1 1
github.com/chalkan3-sloth/sloth-runner/internal/modules/core/notification.go:265.42,266.48 1 1
github.com/chalkan3-sloth/sloth-runner/internal/modules/core/notification.go:266.48,271.49 2 1
github.com/chalkan3-sloth/sloth-runner/internal/modules/core/notification.go:271.49,272.25 1 1
github.com/chalkan3-sloth/sloth-runner/internal/modules/core/notification.go:273.18,274.32 1 1
github.com/chalkan3-sloth/sloth-runner/internal/modules/core/notification.go:275.24,276.38 1 1
github.com/chalkan3-sloth/sloth-runner/internal/modules/core/notification.go:277.18,278.42 1 1
github.com/chalkan3-sloth/sloth-runner/internal/modules/core/notification.go:278.42,280.7 1 1
github.com/chalkan3-sloth/sloth-runner/internal/modules/core/notification.go:281.19,282.60 1 0
github.com/chalkan3-sloth/sloth-runner/internal/modules/core/notification.go:283.19,284.50 1 0
github.com/chalkan3-sloth/sloth-runner/internal/modules/core/notification.go:284.50,286.7 1 0
github.com/chalkan3-sloth/sloth-runner/internal/modules/core/notification.go:290.4,290.50 1 1
github.com/chalkan3-sloth/sloth-runner/internal/modules/core/notification.go:296.89,297.42 1 0
github.com/chalkan3-sloth/sloth-runner/internal/modules/core/notification.go:297.42,298.48 1 0
github.com/chalkan3-sloth/sloth-runner/internal/modules/core/notification.go:298.48,301.49 2 0
github.com/chalkan3-sloth/sloth-runner/internal/modules/core/notification.go:301.49,302.25 1 0
github.com/chalkan3-sloth/sloth-runner/internal/modules/core/notification.go:303.17,304.31 1 0
github.com/chalkan3-sloth/sloth-runner/internal/modules/core/notification.go:305.18,306.32 1 0
github.com/chalkan3-sloth/sloth-runner/internal/modules/core/notification.go:307.19,308.38 1 0
github.com/chalkan3-sloth/sloth-runner/internal/modules/core/notification.go:312.4,312.46 1 0
github.com/chalkan3-sloth/sloth-runner/internal/modules/core/notification.go:318.58,323.50 3 0
github.com/chalkan3-sloth/sloth-runner/internal/modules/core/notification.go:323.50,324.23 1 0
github.com/chalkan3-sloth/sloth-runner/internal/modules/core/notification.go:325.20,326.29 1 0
github.com/chalkan3-sloth/sloth-runner/internal/modules/core/notification.go:327.20,328.29 1 0
github.com/chalkan3-sloth/sloth-runner/internal/modules/core/notification.go:329.19,330.29 1 0
github.com/chalkan3-sloth/sloth-runner/internal/modules/core/notification.go:331.19,332.29 1 0
github.com/chalkan3-sloth/sloth-runner/internal/modules/core/notification.go:333.15,334.25 1 0
github.com/chalkan3-sloth/sloth-runner/internal/modules/core/notification.go:335.13,336.23 1 0
github.com/chalkan3-sloth/sloth-runner/internal/modules/core/notification.go:337.18,338.28 1 0
github.com/chalkan3-sloth/sloth-runner/internal/modules/core/notification.go:339.15,340.25 1 0
github.com/chalkan3-sloth/sloth-runner/internal/modules/core/notification.go:345.2,354.16 5 0
github.com/chalkan3-sloth/sloth-runner/internal/modules/core/notification.go:354.16,357.3 2 0
github.com/chalkan3-sloth/sloth-runner/internal/modules/core/notification.go:358.2,358.10 1 0
github.com/chalkan3-sloth/sloth-runner/internal/modules/core/notification.go:362.60,368.51 4 1
github.com/chalkan3-sloth/sloth-runner/internal/modules/core/notification.go:368.51,370.3 1 1
github.com/chalkan3-sloth/sloth-runner/internal/modules/core/notification.go:372.2,373.16 2 1
github.com/chalkan3-sloth/sloth-runner/internal/modules/core/notification.go:373.16,377.3 3 0
github.com/chalkan3-sloth/sloth-runner/internal/modules/core/notification.go:379.2,380.16 2 1
github.com/chalkan3-sloth/sloth-runner/internal/modules/core/notification.go:380.16,384.3 3 0
github.com/chalkan3-sloth/sloth-runner/internal/modules/core/notification.go:385.2,389.14 4 1
github.com/chalkan3-sloth/sloth-runner/internal/modules/core/notification.go:389.14,392.3 2 0
github.com/chalkan3-sloth/sloth-runner/internal/modules/core/notification.go:393.2,393.10 1 1
github.com/chalkan3-sloth/sloth-runner/internal/modules/core/notification.go:397.58,402.51 4 1
github.com/chalkan3-sloth/sloth-runner/internal/modules/core/notification.go:402.51,404.3 1 1
github.com/chalkan3-sloth/sloth-runner/internal/modules/core/notification.go:406.2,407.16 2 1
github.com/chalkan3-sloth/sloth-runner/internal/modules/core/notification.go:407.16,411.3 3 0
github.com/chalkan3-sloth/sloth-runner/internal/modules/core/notification.go:413.2,414.16 2 1
github.com/chalkan3-sloth/sloth-runner/internal/modules/core/notification.go:414.16,418.3 3 0
github.com/chalkan3-sloth/sloth-runner/internal/modules/core/notification.go:419.2,423.14 4 1
github.com/chalkan3-sloth/sloth-runner/internal/modules/core/notification.go:423.14,426.3 2 0
github.com/chalkan3-sloth/sloth-runner/internal/modules/core/notification.go:427.2,427.10 1 1
github.com/chalkan3-sloth/sloth-runner/internal/modules/core/notification.go:431.61,444.16 7 0
github.com/chalkan3-sloth/sloth-runner/internal/modules/core/notification.go:444.16,448.3 3 0
github.com/chalkan3-sloth/sloth-runner/internal/modules/core/notification.go:450.2,451.16 2 0
github.com/chalkan3-sloth/sloth-runner/internal/modules/core/notification.go:451.16,455.3 3 0
github.com/chalkan3-sloth/sloth-runner/internal/modules/core/notification.go:456.2,460.14 4 0
github.com/chalkan3-sloth/sloth-runner/internal/modules/core/notification.go:460.14,463.3 2 0
github.com/chalkan3-sloth/sloth-runner/internal/modules/core/notification.go:464.2,464.10 1 0
github.com/chalkan3-sloth/sloth-runner/internal/modules/core/notification.go:468.73,469.27 1 1
github.com/chalkan3-sloth/sloth-runner/internal/modules/core/notification.go:470.19,471.19 1 1
github.com/chalkan3-sloth/sloth-runner/internal/modules/core/notification.go:472.19,473.20 1 1
github.com/chalkan3-sloth/sloth-runner/internal/modules/core/notification.go:474.17,475.17 1 1
github.com/chalkan3-sloth/sloth-runner/internal/modules/core/notification.go:476.19,478.39 2 0
github.com/chalkan3-sloth/sloth-runner/internal/modules/core/notification.go:478.39,480.4 1 0
github.com/chalkan3-sloth/sloth-runner/internal/modules/core/notification.go:481.3,481.16 1 0
github.com/chalkan3-sloth/sloth-runner/internal/modules/core/notification.go:482.10,483.24 1 0
github.com/chalkan3-sloth/sloth-runner/internal/modules/core/system.go:22.38,35.2 2 1
github.com/chalkan3-sloth/sloth-runner/internal/modules/core/system.go:38.46,40.2 1 0
github.com/chalkan3-sloth/sloth-runner/internal/modules/core/system.go:43.50,74.2 3 1
github.com/chalkan3-sloth/sloth-runner/internal/modules/core/system.go:77.51,81.20 3 1
github.com/chalkan3-sloth/sloth-runner/internal/modules/core/system.go:81.20,82.53 1 1
github.com/chalkan3-sloth/sloth-runner/internal/modules/core/system.go:82.53,83.48 1 1
github.com/chalkan3-sloth/sloth-runner/internal/modules/core/system.go:83.48,84.43 1 1
github.com/chalkan3-sloth/sloth-runner/internal/modules/core/system.go:84.43,86.6 1 1
github.com/chalkan3-sloth/sloth-runner/internal/modules/core/system.go:91.2,98.16 6 1
github.com/chalkan3-sloth/sloth-runner/internal/modules/core/system.go:98.16,100.49 2 1
github.com/chalkan3-sloth/sloth-runner/internal/modules/core/system.go:100.49,102.4 1 1
github.com/chalkan3-sloth/sloth-runner/internal/modules/core/system.go:103.8,105.3 1 1
github.com/chalkan3-sloth/sloth-runner/internal/modules/core/system.go:107.2,108.10 2 1
github.com/chalkan3-sloth/sloth-runner/internal/modules/core/system.go:112.56,116.20 3 0
github.com/chalkan3-sloth/sloth-runner/internal/modules/core/system.go:116.20,117.53 1 0
github.com/chalkan3-sloth/sloth-runner/internal/modules/core/system.go:117.53,118.48 1 0
github.com/chalkan3-sloth/sloth-runner/internal/modules/core/system.go:118.48,119.43 1 0
github.com/chalkan3-sloth/sloth-runner/internal/modules/core/system.go:119.43,121.6 1 0
github.com/chalkan3-sloth/sloth-runner/internal/modules/core/system.go:126.2,130.16 4 0
github.com/chalkan3-sloth/sloth-runner/internal/modules/core/system.go:130.16,134.3 3 0
github.com/chalkan3-sloth/sloth-runner/internal/modules/core/system.go:134.8,139.13 3 0
github.com/chalkan3-sloth/sloth-runner/internal/modules/core/system.go:139.13,141.4 1 0
github.com/chalkan3-sloth/sloth-runner/internal/modules/core/system.go:144.2,145.10 2 0
github.com/chalkan3-sloth/sloth-runner/internal/modules/core/system.go:149.51,153.20 3 0
github.com/chalkan3-sloth/sloth-runner/internal/modules/core/system.go:153.20,155.37 2 0
github.com/chalkan3-sloth/sloth-runner/internal/modules/core/system.go:156.26,157.28 1 0
github.com/chalkan3-sloth/sloth-runner/internal/modules/core/system.go:158.26,159.28 1 0
github.com/chalkan3-sloth/sloth-runner/internal/modules/core/system.go:160.24,161.27 1 0
github.com/chalkan3-sloth/sloth-runner/internal/modules/core/system.go:162.24,163.27 1 0
github.com/chalkan3-sloth/sloth-runner/internal/modules/core/system.go:167.2,168.16 2 0
github.com/chalkan3-sloth/sloth-runner/internal/modules/core/system.go:168.16,172.3 3 0
github.com/chalkan3-sloth/sloth-runner/internal/modules/core/system.go:174.2,176.16 3 0
github.com/chalkan3-sloth/sloth-runner/internal/modules/core/system.go:176.16,179.3 2 0
github.com/chalkan3-sloth/sloth-runner/internal/modules/core/system.go:180.2,180.10 1 0
github.com/chalkan3-sloth/sloth-runner/internal/modules/core/system.go:184.53,189.2 4 1
github.com/chalkan3-sloth/sloth-runner/internal/modules/core/system.go:192.52,196.20 3 1
github.com/chalkan3-sloth/sloth-runner/internal/modules/core/system.go:196.20,198.3 1 0
github.com/chalkan3-sloth/sloth-runner/internal/modules/core/system.go:200.2,201.15 2 1
github.com/chalkan3-sloth/sloth-runner/internal/modules/core/system.go:201.15,203.3 1 0
github.com/chalkan3-sloth/sloth-runner/internal/modules/core/system.go:203.8,205.3 1 1
github.com/chalkan3-sloth/sloth-runner/internal/modules/core/system.go:207.2,208.16 2 1
github.com/chalkan3-sloth/sloth-runner/internal/modules/core/system.go:208.16,211.3 2 0
github.com/chalkan3-sloth/sloth-runner/internal/modules/core/system.go:212.2,212.10 1 1
github.com/chalkan3-sloth/sloth-runner/internal/modules/core/system.go:216.52,220.20 3 0
github.com/chalkan3-sloth/sloth-runner/internal/modules/core/system.go:220.20,222.3 1 0
github.com/chalkan3-sloth/sloth-runner/internal/modules/core/system.go:224.2,225.15 2 0
github.com/chalkan3-sloth/sloth-runner/internal/modules/core/system.go:225.15,227.3 1 0
github.com/chalkan3-sloth/sloth-runner/internal/modules/core/system.go:227.8,229.3 1 0
github.com/chalkan3-sloth/sloth-runner/internal/modules/core/system.go:231.2,232.16 2 0
github.com/chalkan3-sloth/sloth-runner/internal/modules/core/system.go:232.16,235.3 2 0
github.com/chalkan3-sloth/sloth-runner/internal/modules/core/system.go:236.2,236.10 1 0
github.com/chalkan3-sloth/sloth-runner/internal/modules/core/system.go:240.51,245.16 4 0
github.com/chalkan3-sloth/sloth-runner/internal/modules/core/system.go:245.16,249.3 3 0
github.com/chalkan3-sloth/sloth-runner/internal/modules/core/system.go:250.2,253.16 3 0
github.com/chalkan3-sloth/sloth-runner/internal/modules/core/system.go:253.16,257.3 3 0
github.com/chalkan3-sloth/sloth-runner/internal/modules/core/system.go:258.2,262.16 4 0
github.com/chalkan3-sloth/sloth-runner/internal/modules/core/system.go:262.16,265.3 2 0
github.com/chalkan3-sloth/sloth-runner/internal/modules/core/system.go:266.2,266.10 1 0
github.com/chalkan3-sloth/sloth-runner/internal/modules/core/system.go:270.51,276.16 5 0
github.com/chalkan3-sloth/sloth-runner/internal/modules/core/system.go:276.16,279.3 2 0
github.com/chalkan3-sloth/sloth-runner/internal/modules/core/system.go:280.2,280.10 1 0
github.com/chalkan3-sloth/sloth-runner/internal/modules/core/system.go:284.52,289.16 4 0
github.com/chalkan3-sloth/sloth-runner/internal/modules/core/system.go:289.16,293.3 3 0
github.com/chalkan3-sloth/sloth-runner/internal/modules/core/system.go:295.2,297.16 3 0
github.com/chalkan3-sloth/sloth-runner/internal/modules/core/system.go:297.16,300.3 2 0
github.com/chalkan3-sloth/sloth-runner/internal/modules/core/system.go:301.2,301.10 1 0
github.com/chalkan3-sloth/sloth-runner/internal/modules/core/system.go:305.51,309.16 3 0
github.com/chalkan3-sloth/sloth-runner/internal/modules/core/system.go:309.16,313.3 3 0
github.com/chalkan3-sloth/sloth-runner/internal/modules/core/system.go:315.2,323.10 8 0
github.com/chalkan3-sloth/sloth-runner/internal/modules/core/system.go:327.50,330.17 3 1
github.com/chalkan3-sloth/sloth-runner/internal/modules/core/system.go:330.17,332.3 1 1
github.com/chalkan3-sloth/sloth-runner/internal/modules/core/system.go:332.8,334.3 1 1
github.com/chalkan3-sloth/sloth-runner/internal/modules/core/system.go:335.2,335.10 1 1
github.com/chalkan3-sloth/sloth-runner/internal/modules/core/system.go:339.53,345.16 5 0
github.com/chalkan3-sloth/sloth-runner/internal/modules/core/system.go:345.16,348.3 2 0
github.com/chalkan3-sloth/sloth-runner/internal/modules/core/system.go:349.2,349.10 1 0
github.com/chalkan3-sloth/sloth-runner/internal/modules/core/system.go:353.55,358.16 4 0
github.com/chalkan3-sloth/sloth-runner/internal/modules/core/system.go:358.16,361.3 2 0
github.com/chalkan3-sloth/sloth-runner/internal/modules/core/system.go:362.2,362.10 1 0
github.com/chalkan3-sloth/sloth-runner/internal/modules/core/system.go:366.55,368.16 2 0
github.com/chalkan3-sloth/sloth-runner/internal/modules/core/system.go:368.16,372.3 3 0
github.com/chalkan3-sloth/sloth-runner/internal/modules/core/system.go:373.2,374.10 2 0
github.com/chalkan3-sloth/sloth-runner/internal/modules/core/system.go:378.55,381.2 2 0
github.com/chalkan3-sloth/sloth-runner/internal/modules/core/system.go:384.51,387.2 2 0
github.com/chalkan3-sloth/sloth-runner/internal/modules/core/system.go:390.55,393.2 2 0
github.com/chalkan3-sloth/sloth-runner/internal/modules/core/system.go:396.53,408.2 9 0
github.com/chalkan3-sloth/sloth-runner/internal/modules/core/system.go:411.53,415.2 2 0
github.com/chalkan3-sloth/sloth-runner/internal/modules/core/system.go:418.56,423.2 3 0
github.com/chalkan3-sloth/sloth-runner/internal/modules/core/system.go:426.50,428.16 2 0
github.com/chalkan3-sloth/sloth-runner/internal/modules/core/system.go:428.16,432.3 3 0
github.com/chalkan3-sloth/sloth-runner/internal/modules/core/system.go:433.2,434.10 2 0
github.com/chalkan3-sloth/sloth-runner/internal/modules/core/system.go:438.49,443.16 4 0
github.com/chalkan3-sloth/sloth-runner/internal/modules/core/system.go:443.16,446.3 2 0
github.com/chalkan3-sloth/sloth-runner/internal/modules/core/system.go:447.2,447.10 1 0
github.com/chalkan3-sloth/sloth-runner/internal/modules/core/system.go:451.52,455.16 3 1
github.com/chalkan3-sloth/sloth-runner/internal/modules/core/system.go:455.16,458.3 2 1
github.com/chalkan3-sloth/sloth-runner/internal/modules/core/system.go:459.2,460.10 2 1
github.com/chalkan3-sloth/sloth-runner/internal/modules/core/system.go:464.54,467.2 2 0
github.com/chalkan3-sloth/sloth-runner/internal/modules/core/system.go:470.54,472.16 2 0
github.com/chalkan3-sloth/sloth-runner/internal/modules/core/system.go:472.16,476.3 3 0
github.com/chalkan3-sloth/sloth-runner/internal/modules/core/system.go:477.2,478.10 2 0
github.com/chalkan3-sloth/sloth-runner/internal/modules/core/validate.go:20.42,33.2 2 1
github.com/chalkan3-sloth/sloth-runner/internal/modules/core/validate.go:36.48,38.2 1 1
github.com/chalkan3-sloth/sloth-runner/internal/modules/core/validate.go:41.52,59.2 4 1
github.com/chalkan3-sloth/sloth-runner/internal/modules/core/validate.go:62.62,70.14 6 1
github.com/chalkan3-sloth/sloth-runner/internal/modules/core/validate.go:70.14,72.3 1 1
github.com/chalkan3-sloth/sloth-runner/internal/modules/core/validate.go:74.2,75.10 2 1
github.com/chalkan3-sloth/sloth-runner/internal/modules/core/validate.go:79.60,88.13 6 1
github.com/chalkan3-sloth/sloth-runner/internal/modules/core/validate.go:88.13,92.31 4 1
github.com/chalkan3-sloth/sloth-runner/internal/modules/core/validate.go:92.31,94.4 1 1
github.com/chalkan3-sloth/sloth-runner/internal/modules/core/validate.go:95.8,95.23 1 1
github.com/chalkan3-sloth/sloth-runner/internal/modules/core/validate.go:95.23,97.3 1 1
github.com/chalkan3-sloth/sloth-runner/internal/modules/core/validate.go:97.8,99.3 1 1
github.com/chalkan3-sloth/sloth-runner/internal/modules/core/validate.go:101.2,102.10 2 1
github.com/chalkan3-sloth/sloth-runner/internal/modules/core/validate.go:106.59,116.17 7 1
github.com/chalkan3-sloth/sloth-runner/internal/modules/core/validate.go:117.12,119.25 2 1
github.com/chalkan3-sloth/sloth-runner/internal/modules/core/validate.go:120.12,122.25 2 1
github.com/chalkan3-sloth/sloth-runner/internal/modules/core/validate.go:123.10,124.32 1 1
github.com/chalkan3-sloth/sloth-runner/internal/modules/core/validate.go:124.32,127.4 2 1
github.com/chalkan3-sloth/sloth-runner/internal/modules/core/validate.go:127.9,127.39 1 0
github.com/chalkan3-sloth/sloth-runner/internal/modules/core/validate.go:127.39,130.4 2 0
github.com/chalkan3-sloth/sloth-runner/internal/modules/core/validate.go:133.2,135.13 3 1
github.com/chalkan3-sloth/sloth-runner/internal/modules/core/validate.go:135.13,137.3 1 1
github.com/chalkan3-sloth/sloth-runner/internal/modules/core/validate.go:137.8,139.3 1 1
github.com/chalkan3-sloth/sloth-runner/internal/modules/core/validate.go:141.2,142.10 2 1
github.com/chalkan3-sloth/sloth-runner/internal/modules/core/validate.go:146.62,151.16 4 1
github.com/chalkan3-sloth/sloth-runner/internal/modules/core/validate.go:151.16,157.3 5 1
github.com/chalkan3-sloth/sloth-runner/internal/modules/core/validate.go:159.2,164.13 4 1
github.com/chalkan3-sloth/sloth-runner/internal/modules/core/validate.go:164.13,167.23 2 1
github.com/chalkan3-sloth/sloth-runner/internal/modules/core/validate.go:167.23,169.38 2 1
github.com/chalkan3-sloth/sloth-runner/internal/modules/core/validate.go:169.38,171.5 1 1
github.com/chalkan3-sloth/sloth-runner/internal/modules/core/validate.go:172.4,172.48 1 1
github.com/chalkan3-sloth/sloth-runner/internal/modules/core/validate.go:176.2,177.10 2 1
github.com/chalkan3-sloth/sloth-runner/internal/modules/core/validate.go:181.63,189.63 6 1
github.com/chalkan3-sloth/sloth-runner/internal/modules/core/validate.go:189.63,190.60 1 1
github.com/chalkan3-sloth/sloth-runner/internal/modules/core/validate.go:190.60,191.20 1 1
github.com/chalkan3-sloth/sloth-runner/internal/modules/core/validate.go:191.20,194.5 2 1
github.com/chalkan3-sloth/sloth-runner/internal/modules/core/validate.go:198.2,198.63 1 1
github.com/chalkan3-sloth/sloth-runner/internal/modules/core/validate.go:198.63,199.60 1 1
github.com/chalkan3-sloth/sloth-runner/internal/modules/core/validate.go:199.60,200.20 1 1
github.com/chalkan3-sloth/sloth-runner/internal/modules/core/validate.go:200.20,203.5 2 1
github.com/chalkan3-sloth/sloth-runner/internal/modules/core/validate.go:207.2,207.69 1 1
github.com/chalkan3-sloth/sloth-runner/internal/modules/core/validate.go:207.69,208.64 1 1
github.com/chalkan3-sloth/sloth-runner/internal/modules/core/validate.go:208.64,209.23 1 1
github.com/chalkan3-sloth/sloth-runner/internal/modules/core/validate.go:209.23,212.5 2 1
github.com/chalkan3-sloth/sloth-runner/internal/modules/core/validate.go:216.2,220.14 4 1
github.com/chalkan3-sloth/sloth-runner/internal/modules/core/validate.go:220.14,222.30 2 1
github.com/chalkan3-sloth/sloth-runner/internal/modules/core/validate.go:222.30,224.4 1 1
github.com/chalkan3-sloth/sloth-runner/internal/modules/core/validate.go:225.3,225.45 1 1
github.com/chalkan3-sloth/sloth-runner/internal/modules/core/validate.go:228.2,229.10 2 1
github.com/chalkan3-sloth/sloth-runner/internal/modules/core/validate.go:233.62,238.16 4 1
github.com/chalkan3-sloth/sloth-runner/internal/modules/core/validate.go:238.16,244.3 5 1
github.com/chalkan3-sloth/sloth-runner/internal/modules/core/validate.go:246.2,249.63 3 1
github.com/chalkan3-sloth/sloth-runner/internal/modules/core/validate.go:249.63,250.70 1 1
github.com/chalkan3-sloth/sloth-runner/internal/modules/core/validate.go:250.70,251.19 1 1
github.com/chalkan3-sloth/sloth-runner/internal/modules/core/validate.go:251.19,254.5 2 1
github.com/chalkan3-sloth/sloth-runner/internal/modules/core/validate.go:258.2,258.63 1 1
github.com/chalkan3-sloth/sloth-runner/internal/modules/core/validate.go:258.63,259.70 1 1
github.com/chalkan3-sloth/sloth-runner/internal/modules/core/validate.go:259.70,260.19 1 1
github.com/chalkan3-sloth/sloth-runner/internal/modules/core/validate.go:260.19,263.5 2 1
github.com/chalkan3-sloth/sloth-runner/internal/modules/core/validate.go:267.2,271.14 4 1
github.com/chalkan3-sloth/sloth-runner/internal/modules/core/validate.go:271.14,273.30 2 1
github.com/chalkan3-sloth/sloth-runner/internal/modules/core/validate.go:273.30,275.4 1 1
github.com/chalkan3-sloth/sloth-runner/internal/modules/core/validate.go:276.3,276.45 1 1
github.com/chalkan3-sloth/sloth-runner/internal/modules/core/validate.go:279.2,280.10 2 1
github.com/chalkan3-sloth/sloth-runner/internal/modules/core/validate.go:284.65,290.55 4 1
github.com/chalkan3-sloth/sloth-runner/internal/modules/core/validate.go:290.55,293.101 3 1
github.com/chalkan3-sloth/sloth-runner/internal/modules/core/validate.go:293.101,295.4 1 1
github.com/chalkan3-sloth/sloth-runner/internal/modules/core/validate.go:298.2,303.14 4 1
github.com/chalkan3-sloth/sloth-runner/internal/modules/core/validate.go:303.14,305.33 2 1
github.com/chalkan3-sloth/sloth-runner/internal/modules/core/validate.go:305.33,307.4 1 1
github.com/chalkan3-sloth/sloth-runner/internal/modules/core/validate.go:308.3,308.47 1 1
github.com/chalkan3-sloth/sloth-runner/internal/modules/core/validate.go:311.2,312.10 2 1
github.com/chalkan3-sloth/sloth-runner/internal/modules/core/validate.go:316.63,323.51 5 1
github.com/chalkan3-sloth/sloth-runner/internal/modules/core/validate.go:323.51,327.48 3 1
github.com/chalkan3-sloth/sloth-runner/internal/modules/core/validate.go:327.48,329.108 1 1
github.com/chalkan3-sloth/sloth-runner/internal/modules/core/validate.go:329.108,330.103 1 1
github.com/chalkan3-sloth/sloth-runner/internal/modules/core/validate.go:330.103,333.6 2 1
github.com/chalkan3-sloth/sloth-runner/internal/modules/core/validate.go:337.4,337.83 1 1
github.com/chalkan3-sloth/sloth-runner/internal/modules/core/validate.go:337.83,339.5 1 1
github.com/chalkan3-sloth/sloth-runner/internal/modules/core/validate.go:342.4,342.81 1 1
github.com/chalkan3-sloth/sloth-runner/internal/modules/core/validate.go:342.81,343.54 1 1
github.com/chalkan3-sloth/sloth-runner/internal/modules/core/validate.go:343.54,346.6 2 1
github.com/chalkan3-sloth/sloth-runner/internal/modules/core/validate.go:351.2,354.14 3 1
github.com/chalkan3-sloth/sloth-runner/internal/modules/core/validate.go:354.14,356.30 2 1
github.com/chalkan3-sloth/sloth-runner/internal/modules/core/validate.go:356.30,358.4 1 1
github.com/chalkan3-sloth/sloth-runner/internal/modules/core/validate.go:359.3,359.45 1 1
github.com/chalkan3-sloth/sloth-runner/internal/modules/core/validate.go:362.2,363.10 2 1
github.com/chalkan3-sloth/sloth-runner/internal/modules/core/validate.go:367.57,373.16 4 1
github.com/chalkan3-sloth/sloth-runner/internal/modules/core/validate.go:374.14,375.36 1 1
github.com/chalkan3-sloth/sloth-runner/internal/modules/core/validate.go:376.13,377.35 1 1
github.com/chalkan3-sloth/sloth-runner/internal/modules/core/validate.go:378.14,379.39 1 1
github.com/chalkan3-sloth/sloth-runner/internal/modules/core/validate.go:380.15,381.56 1 1
github.com/chalkan3-sloth/sloth-runner/internal/modules/core/validate.go:382.15,383.56 1 1
github.com/chalkan3-sloth/sloth-runner/internal/modules/core/validate.go:384.10,385.20 1 0
github.com/chalkan3-sloth/sloth-runner/internal/modules/core/validate.go:388.2,394.10 6 1
github.com/chalkan3-sloth/sloth-runner/internal/modules/core/validate.go:398.83,399.22 1 1
github.com/chalkan3-sloth/sloth-runner/internal/modules/core/validate.go:400.16,401.38 1 1
github.com/chalkan3-sloth/sloth-runner/internal/modules/core/validate.go:402.16,403.38 1 1
github.com/chalkan3-sloth/sloth-runner/internal/modules/core/validate.go:404.17,405.36 1 0
github.com/chalkan3-sloth/sloth-runner/internal/modules/core/validate.go:406.15,407.37 1 0
github.com/chalkan3-sloth/sloth-runner/internal/modules/core/validate.go:408.10,409.15 1 0
github.com/chalkan3-sloth/sloth-runner/internal/modules/core/validate.go:413.60,423.2 2 1
github.com/chalkan3-sloth/sloth-runner/internal/modules/core/validate.go:425.59,430.2 3 1
github.com/chalkan3-sloth/sloth-runner/internal/output/pulumi_style.go:21.48,26.2 1 1
github.com/chalkan3-sloth/sloth-runner/internal/output/pulumi_style.go:29.62,32.2 2 1
github.com/chalkan3-sloth/sloth-runner/internal/output/pulumi_style.go:35.73,36.22 1 1
github.com/chalkan3-sloth/sloth-runner/internal/output/pulumi_style.go:36.22,37.14 1 1
github.com/chalkan3-sloth/sloth-runner/internal/output/pulumi_style.go:37.14,39.4 1 1
github.com/chalkan3-sloth/sloth-runner/internal/output/pulumi_style.go:39.9,41.4 1 1
github.com/chalkan3-sloth/sloth-runner/internal/output/pulumi_style.go:46.58,47.22 1 1
github.com/chalkan3-sloth/sloth-runner/internal/output/pulumi_style.go:47.22,50.3 2 1
github.com/chalkan3-sloth/sloth-runner/internal/output/pulumi_style.go:54.68,57.2 2 1
github.com/chalkan3-sloth/sloth-runner/internal/output/pulumi_style.go:60.46,61.26 1 1
github.com/chalkan3-sloth/sloth-runner/internal/output/pulumi_style.go:61.26,63.3 1 1
github.com/chalkan3-sloth/sloth-runner/internal/output/pulumi_style.go:67.44,68.26 1 1
github.com/chalkan3-sloth/sloth-runner/internal/output/pulumi_style.go:68.26,70.3 1 1
github.com/chalkan3-sloth/sloth-runner/internal/output/pulumi_style.go:74.38,76.2 1 1
github.com/chalkan3-sloth/sloth-runner/internal/output/pulumi_style.go:79.40,80.18 1 1
github.com/chalkan3-sloth/sloth-runner/internal/output/pulumi_style.go:80.18,82.3 1 1
github.com/chalkan3-sloth/sloth-runner/internal/output/pulumi_style.go:86.69,93.23 4 1
github.com/chalkan3-sloth/sloth-runner/internal/output/pulumi_style.go:93.23,95.3 1 1
github.com/chalkan3-sloth/sloth-runner/internal/output/pulumi_style.go:96.2,96.57 1 1
github.com/chalkan3-sloth/sloth-runner/internal/output/pulumi_style.go:100.102,112.19 4 1
github.com/chalkan3-sloth/sloth-runner/internal/output/pulumi_style.go:112.19,114.3 1 1
github.com/chalkan3-sloth/sloth-runner/internal/output/pulumi_style.go:118.93,130.16 4 1
github.com/chalkan3-sloth/sloth-runner/internal/output/pulumi_style.go:130.16,132.35 2 1
github.com/chalkan3-sloth/sloth-runner/internal/output/pulumi_style.go:132.35,133.18 1 1
github.com/chalkan3-sloth/sloth-runner/internal/output/pulumi_style.go:133.18,135.5 1 1
github.com/chalkan3-sloth/sloth-runner/internal/output/pulumi_style.go:141.77,148.23 3 1
github.com/chalkan3-sloth/sloth-runner/internal/output/pulumi_style.go:148.23,150.3 1 1
github.com/chalkan3-sloth/sloth-runner/internal/output/pulumi_style.go:152.2,152.90 1 1
github.com/chalkan3-sloth/sloth-runner/internal/output/pulumi_style.go:156.105,168.2 7 1
github.com/chalkan3-sloth/sloth-runner/internal/output/pulumi_style.go:171.101,180.16 6 1
github.com/chalkan3-sloth/sloth-runner/internal/output/pulumi_style.go:180.16,182.3 1 1
github.com/chalkan3-sloth/sloth-runner/internal/output/pulumi_style.go:186.43,187.25 1 1
github.com/chalkan3-sloth/sloth-runner/internal/output/pulumi_style.go:187.25,189.3 1 1
github.com/chalkan3-sloth/sloth-runner/internal/output/pulumi_style.go:191.2,194.42 3 0
github.com/chalkan3-sloth/sloth-runner/internal/output/pulumi_style.go:194.42,198.29 2 0
github.com/chalkan3-sloth/sloth-runner/internal/output/pulumi_style.go:199.31,200.30 1 0
github.com/chalkan3-sloth/sloth-runner/internal/output/pulumi_style.go:200.30,202.5 1 0
github.com/chalkan3-sloth/sloth-runner/internal/output/pulumi_style.go:203.15,204.15 1 0
github.com/chalkan3-sloth/sloth-runner/internal/output/pulumi_style.go:204.15,206.5 1 0
github.com/chalkan3-sloth/sloth-runner/internal/output/pulumi_style.go:207.11,208.51 1 0
github.com/chalkan3-sloth/sloth-runner/internal/output/pulumi_style.go:211.2,211.44 1 0
github.com/chalkan3-sloth/sloth-runner/internal/output/pulumi_style.go:215.44,216.27 1 1
github.com/chalkan3-sloth/sloth-runner/internal/output/pulumi_style.go:217.14,218.48 1 1
github.com/chalkan3-sloth/sloth-runner/internal/output/pulumi_style.go:219.25,220.49 1 1
github.com/chalkan3-sloth/sloth-runner/internal/output/pulumi_style.go:221.24,222.51 1 1
github.com/chalkan3-sloth/sloth-runner/internal/output/pulumi_style.go:223.12,224.8 1 1
github.com/chalkan3-sloth/sloth-runner/internal/output/pulumi_style.go:224.8,226.4 1 1
github.com/chalkan3-sloth/sloth-runner/internal/output/pulumi_style.go:227.3,227.28 1 1
github.com/chalkan3-sloth/sloth-runner/internal/output/pulumi_style.go:228.10,229.50 1 1
github.com/chalkan3-sloth/sloth-runner/internal/output/pulumi_style.go:234.50,237.2 2 1
github.com/chalkan3-sloth/sloth-runner/internal/output/pulumi_style.go:240.53,243.2 2 1
github.com/chalkan3-sloth/sloth-runner/internal/output/pulumi_style.go:246.51,249.2 2 1
github.com/chalkan3-sloth/sloth-runner/internal/output/pulumi_style.go:252.51,253.40 1 1
github.com/chalkan3-sloth/sloth-runner/internal/output/pulumi_style.go:253.40,256.3 2 0
github.com/chalkan3-sloth/sloth-runner/internal/output/pulumi_style.go:260.76,262.2 1 1
github.com/chalkan3-sloth/sloth-runner/internal/output/pulumi_style.go:265.65,267.2 1 1
github.com/chalkan3-sloth/sloth-runner/internal/agent/health.go:127.54,143.2 1 1
github.com/chalkan3-sloth/sloth-runner/internal/agent/health.go:146.70,150.2 3 1
github.com/chalkan3-sloth/sloth-runner/internal/agent/health.go:153.66,157.2 3 1
github.com/chalkan3-sloth/sloth-runner/internal/agent/health.go:160.68,172.68 4 1
github.com/chalkan3-sloth/sloth-runner/internal/agent/health.go:172.68,174.3 1 1
github.com/chalkan3-sloth/sloth-runner/internal/agent/health.go:177.2,177.65 1 1
github.com/chalkan3-sloth/sloth-runner/internal/agent/health.go:177.65,179.3 1 1
github.com/chalkan3-sloth/sloth-runner/internal/agent/health.go:182.2,182.62 1 1
github.com/chalkan3-sloth/sloth-runner/internal/agent/health.go:182.62,184.3 1 1
github.com/chalkan3-sloth/sloth-runner/internal/agent/health.go:187.2,187.64 1 1
github.com/chalkan3-sloth/sloth-runner/internal/agent/health.go:187.64,189.3 1 1
github.com/chalkan3-sloth/sloth-runner/internal/agent/health.go:192.2,192.66 1 1
github.com/chalkan3-sloth/sloth-runner/internal/agent/health.go:192.66,194.3 1 1
github.com/chalkan3-sloth/sloth-runner/internal/agent/health.go:197.2,197.42 1 1
github.com/chalkan3-sloth/sloth-runner/internal/agent/health.go:197.42,198.60 1 0
github.com/chalkan3-sloth/sloth-runner/internal/agent/health.go:198.60,200.4 1 0
github.com/chalkan3-sloth/sloth-runner/internal/agent/health.go:204.2,207.12 3 1
github.com/chalkan3-sloth/sloth-runner/internal/agent/health.go:211.54,215.23 3 1
github.com/chalkan3-sloth/sloth-runner/internal/agent/health.go:215.23,217.3 1 1
github.com/chalkan3-sloth/sloth-runner/internal/agent/health.go:220.2,223.14 4 1
github.com/chalkan3-sloth/sloth-runner/internal/agent/health.go:227.98,229.16 2 1
github.com/chalkan3-sloth/sloth-runner/internal/agent/health.go:229.16,231.3 1 0
github.com/chalkan3-sloth/sloth-runner/internal/agent/health.go:233.2,234.16 2 1
github.com/chalkan3-sloth/sloth-runner/internal/agent/health.go:234.16,236.3 1 0
github.com/chalkan3-sloth/sloth-runner/internal/agent/health.go:238.2,246.8 1 1
github.com/chalkan3-sloth/sloth-runner/internal/agent/health.go:250.92,252.16 2 1
github.com/chalkan3-sloth/sloth-runner/internal/agent/health.go:252.16,254.3 1 0
github.com/chalkan3-sloth/sloth-runner/internal/agent/health.go:256.2,264.8 1 1
github.com/chalkan3-sloth/sloth-runner/internal/agent/health.go:268.86,271.16 2 1
github.com/chalkan3-sloth/sloth-runner/internal/agent/health.go:271.16,273.3 1 1
github.com/chalkan3-sloth/sloth-runner/internal/agent/health.go:276.2,277.16 2 1
github.com/chalkan3-sloth/sloth-runner/internal/agent/health.go:277.16,279.3 1 0
github.com/chalkan3-sloth/sloth-runner/internal/agent/health.go:281.2,282.25 2 1
github.com/chalkan3-sloth/sloth-runner/internal/agent/health.go:282.25,284.3 1 1
github.com/chalkan3-sloth/sloth-runner/internal/agent/health.go:286.2,292.22 2 1
github.com/chalkan3-sloth/sloth-runner/internal/agent/health.go:292.22,295.3 2 1
github.com/chalkan3-sloth/sloth-runner/internal/agent/health.go:297.2,297.21 1 1
github.com/chalkan3-sloth/sloth-runner/internal/agent/health.go:301.88,303.16 2 1
github.com/chalkan3-sloth/sloth-runner/internal/agent/health.go:303.16,305.3 1 0
github.com/chalkan3-sloth/sloth-runner/internal/agent/health.go:307.2,313.8 1 1
github.com/chalkan3-sloth/sloth-runner/internal/agent/health.go:317.94,328.2 1 1
github.com/chalkan3-sloth/sloth-runner/internal/agent/health.go:331.85,332.20 1 1
github.com/chalkan3-sloth/sloth-runner/internal/agent/health.go:332.20,334.3 1 1
github.com/chalkan3-sloth/sloth-runner/internal/agent/health.go:337.2,337.80 1 1
github.com/chalkan3-sloth/sloth-runner/internal/agent/health.go:337.80,339.3 1 1
github.com/chalkan3-sloth/sloth-runner/internal/agent/health.go:342.2,342.88 1 1
github.com/chalkan3-sloth/sloth-runner/internal/agent/health.go:342.88,344.3 1 0
github.com/chalkan3-sloth/sloth-runner/internal/agent/health.go:347.2,347.82 1 1
github.com/chalkan3-sloth/sloth-runner/internal/agent/health.go:347.82,349.3 1 0
github.com/chalkan3-sloth/sloth-runner/internal/agent/health.go:352.2,352.66 1 1
github.com/chalkan3-sloth/sloth-runner/internal/agent/health.go:352.66,353.65 1 1
github.com/chalkan3-sloth/sloth-runner/internal/agent/health.go:353.65,355.4 1 0
github.com/chalkan3-sloth/sloth-runner/internal/agent/health.go:359.2,362.129 1 1
github.com/chalkan3-sloth/sloth-runner/internal/agent/health.go:362.129,364.3 1 1
github.com/chalkan3-sloth/sloth-runner/internal/agent/health.go:366.2,366.28 1 1
github.com/chalkan3-sloth/sloth-runner/internal/agent/health.go:370.95,374.6 3 1
github.com/chalkan3-sloth/sloth-runner/internal/agent/health.go:374.6,375.10 1 1
github.com/chalkan3-sloth/sloth-runner/internal/agent/health.go:376.21,377.10 1 1
github.com/chalkan3-sloth/sloth-runner/internal/agent/health.go:378.19,379.49 1 1
github.com/chalkan3-sloth/sloth-runner/internal/agent/health.go:379.49,381.13 1 0
github.com/chalkan3-sloth/sloth-runner/internal/agent/health.go:403.54,407.2 1 1
github.com/chalkan3-sloth/sloth-runner/internal/agent/health.go:410.48,412.2 1 1
github.com/chalkan3-sloth/sloth-runner/internal/agent/health.go:415.76,417.16 2 1
github.com/chalkan3-sloth/sloth-runner/internal/agent/health.go:417.16,419.3 1 0
github.com/chalkan3-sloth/sloth-runner/internal/agent/health.go:421.2,422.54 2 1
github.com/chalkan3-sloth/sloth-runner/internal/agent/health.go:422.54,424.3 1 0
github.com/chalkan3-sloth/sloth-runner/internal/agent/health.go:426.2,426.20 1 1
github.com/chalkan3-sloth/sloth-runner/internal/agent/health.go:430.73,432.2 1 1
github.com/chalkan3-sloth/sloth-runner/internal/agent/metrics.go:93.79,111.2 7 1
github.com/chalkan3-sloth/sloth-runner/internal/agent/metrics.go:114.43,121.12 3 0
github.com/chalkan3-sloth/sloth-runner/internal/agent/metrics.go:121.12,122.87 1 0
github.com/chalkan3-sloth/sloth-runner/internal/agent/metrics.go:122.87,124.4 1 0
github.com/chalkan3-sloth/sloth-runner/internal/agent/metrics.go:127.2,127.12 1 0
github.com/chalkan3-sloth/sloth-runner/internal/agent/metrics.go:131.42,134.29 2 1
github.com/chalkan3-sloth/sloth-runner/internal/agent/metrics.go:134.29,136.3 1 0
github.com/chalkan3-sloth/sloth-runner/internal/agent/metrics.go:138.2,138.26 1 1
github.com/chalkan3-sloth/sloth-runner/internal/agent/metrics.go:138.26,142.3 3 1
github.com/chalkan3-sloth/sloth-runner/internal/agent/metrics.go:144.2,144.12 1 0
github.com/chalkan3-sloth/sloth-runner/internal/agent/metrics.go:148.43,153.31 3 0
github.com/chalkan3-sloth/sloth-runner/internal/agent/metrics.go:153.31,154.18 1 0
github.com/chalkan3-sloth/sloth-runner/internal/agent/metrics.go:154.18,155.9 1 0
github.com/chalkan3-sloth/sloth-runner/internal/agent/metrics.go:158.3,159.29 2 0
github.com/chalkan3-sloth/sloth-runner/internal/agent/metrics.go:164.52,169.93 3 1
github.com/chalkan3-sloth/sloth-runner/internal/agent/metrics.go:169.93,171.3 1 1
github.com/chalkan3-sloth/sloth-runner/internal/agent/metrics.go:174.2,174.53 1 1
github.com/chalkan3-sloth/sloth-runner/internal/agent/metrics.go:174.53,178.3 3 1
github.com/chalkan3-sloth/sloth-runner/internal/agent/metrics.go:181.2,181.50 1 1
github.com/chalkan3-sloth/sloth-runner/internal/agent/metrics.go:181.50,185.3 3 1
github.com/chalkan3-sloth/sloth-runner/internal/agent/metrics.go:188.2,188.45 1 1
github.com/chalkan3-sloth/sloth-runner/internal/agent/metrics.go:188.45,192.3 3 1
github.com/chalkan3-sloth/sloth-runner/internal/agent/metrics.go:195.2,195.77 1 1
github.com/chalkan3-sloth/sloth-runner/internal/agent/metrics.go:195.77,198.3 2 1
github.com/chalkan3-sloth/sloth-runner/internal/agent/metrics.go:201.2,201.55 1 1
[...]
github.com/chalkan3-sloth/sloth-runner/internal/luainterface/terraform_advanced.go:1041.16,1045.3 3 0
github.com/chalkan3-sloth/sloth-runner/internal/luainterface/terraform_advanced.go:1047.2,1049.10 3 0
github.com/chalkan3-sloth/sloth-runner/internal/luainterface/terraform_advanced.go:1053.73,1058.19 4 0
github.com/chalkan3-sloth/sloth-runner/internal/luainterface/terraform_advanced.go:1058.19,1060.3 1 0
github.com/chalkan3-sloth/sloth-runner/internal/luainterface/terraform_advanced.go:1062.2,1064.62 2 0
github.com/chalkan3-sloth/sloth-runner/internal/luainterface/terraform_advanced.go:1064.62,1066.3 1 0
github.com/chalkan3-sloth/sloth-runner/internal/luainterface/terraform_advanced.go:1068.2,1071.16 3 0
github.com/chalkan3-sloth/sloth-runner/internal/luainterface/terraform_advanced.go:1071.16,1075.3 3 0
github.com/chalkan3-sloth/sloth-runner/internal/luainterface/terraform_advanced.go:1077.2,1079.10 3 0
github.com/chalkan3-sloth/sloth-runner/internal/luainterface/terraform_advanced.go:1083.67,1086.19 3 0
github.com/chalkan3-sloth/sloth-runner/internal/luainterface/terraform_advanced.go:1086.19,1088.3 1 0
github.com/chalkan3-sloth/sloth-runner/internal/luainterface/terraform_advanced.go:1090.2,1091.16 2 0
github.com/chalkan3-sloth/sloth-runner/internal/luainterface/terraform_advanced.go:1091.16,1095.3 3 0
github.com/chalkan3-sloth/sloth-runner/internal/luainterface/terraform_advanced.go:1097.2,1099.10 3 0
github.com/chalkan3-sloth/sloth-runner/internal/luainterface/terraform_advanced.go:1103.71,1106.19 3 0
github.com/chalkan3-sloth/sloth-runner/internal/luainterface/terraform_advanced.go:1106.19,1108.3 1 0
github.com/chalkan3-sloth/sloth-runner/internal/luainterface/terraform_advanced.go:1110.2,1112.69 2 0
github.com/chalkan3-sloth/sloth-runner/internal/luainterface/terraform_advanced.go:1112.69,1114.3 1 0
github.com/chalkan3-sloth/sloth-runner/internal/luainterface/terraform_advanced.go:1116.2,1117.16 2 0
github.com/chalkan3-sloth/sloth-runner/internal/luainterface/terraform_advanced.go:1117.16,1121.3 3 0
github.com/chalkan3-sloth/sloth-runner/internal/luainterface/terraform_advanced.go:1123.2,1125.10 3 0
github.com/chalkan3-sloth/sloth-runner/internal/luainterface/terraform_advanced.go:1129.73,1134.19 4 0
github.com/chalkan3-sloth/sloth-runner/internal/luainterface/terraform_advanced.go:1134.19,1136.3 1 0
github.com/chalkan3-sloth/sloth-runner/internal/luainterface/terraform_advanced.go:1138.2,1140.69 2 0
github.com/chalkan3-sloth/sloth-runner/internal/luainterface/terraform_advanced.go:1140.69,1142.3 1 0
github.com/chalkan3-sloth/sloth-runner/internal/luainterface/terraform_advanced.go:1144.2,1147.16 3 0
github.com/chalkan3-sloth/sloth-runner/internal/luainterface/terraform_advanced.go:1147.16,1151.3 3 0
github.com/chalkan3-sloth/sloth-runner/internal/luainterface/terraform_advanced.go:1153.2,1155.10 3 0
github.com/chalkan3-sloth/sloth-runner/internal/luainterface/terraform_advanced.go:1159.65,1162.19 3 0
github.com/chalkan3-sloth/sloth-runner/internal/luainterface/terraform_advanced.go:1162.19,1164.3 1 0
github.com/chalkan3-sloth/sloth-runner/internal/luainterface/terraform_advanced.go:1166.2,1168.67 2 0
github.com/chalkan3-sloth/sloth-runner/internal/luainterface/terraform_advanced.go:1168.67,1170.3 1 0
github.com/chalkan3-sloth/sloth-runner/internal/luainterface/terraform_advanced.go:1172.2,1172.57 1 0
github.com/chalkan3-sloth/sloth-runner/internal/luainterface/terraform_advanced.go:1172.57,1173.46 1 0
github.com/chalkan3-sloth/sloth-runner/internal/luainterface/terraform_advanced.go:1173.46,1174.50 1 0
github.com/chalkan3-sloth/sloth-runner/internal/luainterface/terraform_advanced.go:1174.50,1176.5 1 0
github.com/chalkan3-sloth/sloth-runner/internal/luainterface/terraform_advanced.go:1180.2,1181.16 2 0
github.com/chalkan3-sloth/sloth-runner/internal/luainterface/terraform_advanced.go:1181.16,1185.3 3 0
github.com/chalkan3-sloth/sloth-runner/internal/luainterface/terraform_advanced.go:1187.2,1189.10 3 0
github.com/chalkan3-sloth/sloth-runner/internal/luainterface/terraform_advanced.go:1193.63,1196.19 3 0
github.com/chalkan3-sloth/sloth-runner/internal/luainterface/terraform_advanced.go:1196.19,1198.3 1 0
github.com/chalkan3-sloth/sloth-runner/internal/luainterface/terraform_advanced.go:1200.2,1202.67 2 0
github.com/chalkan3-sloth/sloth-runner/internal/luainterface/terraform_advanced.go:1202.67,1204.3 1 0
github.com/chalkan3-sloth/sloth-runner/internal/luainterface/terraform_advanced.go:1206.2,1207.16 2 0
github.com/chalkan3-sloth/sloth-runner/internal/luainterface/terraform_advanced.go:1207.16,1211.3 3 0
github.com/chalkan3-sloth/sloth-runner/internal/luainterface/terraform_advanced.go:1213.2,1215.10 3 0
github.com/chalkan3-sloth/sloth-runner/internal/luainterface/terraform_advanced.go:1219.65,1222.19 3 0
github.com/chalkan3-sloth/sloth-runner/internal/luainterface/terraform_advanced.go:1222.19,1224.3 1 0
github.com/chalkan3-sloth/sloth-runner/internal/luainterface/terraform_advanced.go:1226.2,1228.71 2 0
github.com/chalkan3-sloth/sloth-runner/internal/luainterface/terraform_advanced.go:1228.71,1230.3 1 0
github.com/chalkan3-sloth/sloth-runner/internal/luainterface/terraform_advanced.go:1232.2,1233.16 2 0
github.com/chalkan3-sloth/sloth-runner/internal/luainterface/terraform_advanced.go:1233.16,1237.3 3 0
github.com/chalkan3-sloth/sloth-runner/internal/luainterface/terraform_advanced.go:1239.2,1241.10 3 0
github.com/chalkan3-sloth/sloth-runner/internal/luainterface/terraform_advanced.go:1245.69,1250.19 4 0
github.com/chalkan3-sloth/sloth-runner/internal/luainterface/terraform_advanced.go:1250.19,1252.3 1 0
github.com/chalkan3-sloth/sloth-runner/internal/luainterface/terraform_advanced.go:1254.2,1256.62 2 0
github.com/chalkan3-sloth/sloth-runner/internal/luainterface/terraform_advanced.go:1256.62,1258.3 1 0
github.com/chalkan3-sloth/sloth-runner/internal/luainterface/terraform_advanced.go:1260.2,1263.16 3 0
github.com/chalkan3-sloth/sloth-runner/internal/luainterface/terraform_advanced.go:1263.16,1267.3 3 0
github.com/chalkan3-sloth/sloth-runner/internal/luainterface/terraform_advanced.go:1269.2,1271.10 3 0
github.com/chalkan3-sloth/sloth-runner/internal/luainterface/terraform_advanced.go:1275.61,1278.19 3 0
github.com/chalkan3-sloth/sloth-runner/internal/luainterface/terraform_advanced.go:1278.19,1280.3 1 0
github.com/chalkan3-sloth/sloth-runner/internal/luainterface/terraform_advanced.go:1282.2,1284.65 2 0
github.com/chalkan3-sloth/sloth-runner/internal/luainterface/terraform_advanced.go:1284.65,1286.3 1 0
github.com/chalkan3-sloth/sloth-runner/internal/luainterface/terraform_advanced.go:1288.2,1289.16 2 0
github.com/chalkan3-sloth/sloth-runner/internal/luainterface/terraform_advanced.go:1289.16,1293.3 3 0
github.com/chalkan3-sloth/sloth-runner/internal/luainterface/terraform_advanced.go:1295.2,1297.10 3 0
github.com/chalkan3-sloth/sloth-runner/internal/luainterface/terraform_advanced.go:1301.65,1306.19 4 0
github.com/chalkan3-sloth/sloth-runner/internal/luainterface/terraform_advanced.go:1306.19,1308.3 1 0
github.com/chalkan3-sloth/sloth-runner/internal/luainterface/terraform_advanced.go:1311.2,1320.16 8 0
github.com/chalkan3-sloth/sloth-runner/internal/luainterface/terraform_advanced.go:1320.16,1324.3 3 0
github.com/chalkan3-sloth/sloth-runner/internal/luainterface/terraform_advanced.go:1326.2,1328.10 3 0
github.com/chalkan3-sloth/sloth-runner/internal/luainterface/terraform_advanced.go:1332.127,1334.54 1 0
github.com/chalkan3-sloth/sloth-runner/internal/luainterface/terraform_advanced.go:1334.54,1336.3 1 0
github.com/chalkan3-sloth/sloth-runner/internal/luainterface/terraform_advanced.go:1338.2,1343.30 4 0
github.com/chalkan3-sloth/sloth-runner/internal/luainterface/terraform_advanced.go:1343.30,1345.3 1 0
github.com/chalkan3-sloth/sloth-runner/internal/luainterface/terraform_advanced.go:1347.2,1357.12 8 0
github.com/chalkan3-sloth/sloth-runner/internal/luainterface/terraform_advanced.go:1357.12,1359.3 1 0
github.com/chalkan3-sloth/sloth-runner/internal/luainterface/terraform_advanced.go:1361.2,1361.9 1 0
github.com/chalkan3-sloth/sloth-runner/internal/luainterface/terraform_advanced.go:1362.21,1363.17 1 0
github.com/chalkan3-sloth/sloth-runner/internal/luainterface/terraform_advanced.go:1363.17,1365.22 2 0
github.com/chalkan3-sloth/sloth-runner/internal/luainterface/terraform_advanced.go:1365.22,1367.5 1 0
github.com/chalkan3-sloth/sloth-runner/internal/luainterface/terraform_advanced.go:1368.4,1368.67 1 0
github.com/chalkan3-sloth/sloth-runner/internal/luainterface/terraform_advanced.go:1370.3,1370.30 1 0
github.com/chalkan3-sloth/sloth-runner/internal/luainterface/terraform_advanced.go:1372.17,1373.25 1 0
github.com/chalkan3-sloth/sloth-runner/internal/luainterface/terraform_advanced.go:1373.25,1375.4 1 0
github.com/chalkan3-sloth/sloth-runner/internal/luainterface/terraform_advanced.go:1376.3,1376.73 1 0
github.com/chalkan3-sloth/sloth-runner/internal/luainterface/terraform_advanced.go:1381.61,1387.39 3 0
github.com/chalkan3-sloth/sloth-runner/internal/luainterface/terraform_advanced.go:1387.39,1391.3 2 0
github.com/chalkan3-sloth/sloth-runner/internal/luainterface/terraform_advanced.go:1391.8,1395.3 2 0
github.com/chalkan3-sloth/sloth-runner/internal/luainterface/terraform_advanced.go:1398.2,1400.39 3 0
github.com/chalkan3-sloth/sloth-runner/internal/luainterface/terraform_advanced.go:1400.39,1401.89 1 0
github.com/chalkan3-sloth/sloth-runner/internal/luainterface/terraform_advanced.go:1401.89,1403.4 1 0
github.com/chalkan3-sloth/sloth-runner/internal/luainterface/terraform_advanced.go:1407.2,1408.19 2 0
github.com/chalkan3-sloth/sloth-runner/internal/luainterface/terraform_advanced.go:1408.19,1410.3 1 0
github.com/chalkan3-sloth/sloth-runner/internal/luainterface/terraform_advanced.go:1410.8,1412.3 1 0
github.com/chalkan3-sloth/sloth-runner/internal/luainterface/terraform_advanced.go:1415.2,1420.48 4 0
github.com/chalkan3-sloth/sloth-runner/internal/luainterface/terraform_advanced.go:1420.48,1424.3 3 0
github.com/chalkan3-sloth/sloth-runner/internal/luainterface/terraform_advanced.go:1427.2,1428.16 2 0
github.com/chalkan3-sloth/sloth-runner/internal/luainterface/terraform_advanced.go:1428.16,1432.3 3 0
github.com/chalkan3-sloth/sloth-runner/internal/luainterface/terraform_advanced.go:1435.2,1442.10 7 0
github.com/chalkan3-sloth/sloth-runner/internal/luainterface/terraform_advanced.go:1446.81,1447.27 1 0
github.com/chalkan3-sloth/sloth-runner/internal/luainterface/terraform_advanced.go:1448.19,1450.77 1 0
github.com/chalkan3-sloth/sloth-runner/internal/luainterface/terraform_advanced.go:1452.19,1454.20 1 0
github.com/chalkan3-sloth/sloth-runner/internal/luainterface/terraform_advanced.go:1456.17,1458.14 1 0
github.com/chalkan3-sloth/sloth-runner/internal/luainterface/terraform_advanced.go:1458.14,1460.4 1 0
github.com/chalkan3-sloth/sloth-runner/internal/luainterface/terraform_advanced.go:1461.3,1461.17 1 0
github.com/chalkan3-sloth/sloth-runner/internal/luainterface/terraform_advanced.go:1463.19,1465.29 1 0
github.com/chalkan3-sloth/sloth-runner/internal/luainterface/terraform_advanced.go:1465.29,1468.40 2 0
github.com/chalkan3-sloth/sloth-runner/internal/luainterface/terraform_advanced.go:1468.40,1470.5 1 0
github.com/chalkan3-sloth/sloth-runner/internal/luainterface/terraform_advanced.go:1471.4,1471.57 1 0
github.com/chalkan3-sloth/sloth-runner/internal/luainterface/terraform_advanced.go:1472.9,1475.40 2 0
github.com/chalkan3-sloth/sloth-runner/internal/luainterface/terraform_advanced.go:1475.40,1479.5 3 0
github.com/chalkan3-sloth/sloth-runner/internal/luainterface/terraform_advanced.go:1480.4,1480.65 1 0
github.com/chalkan3-sloth/sloth-runner/internal/luainterface/terraform_advanced.go:1483.10,1485.47 1 0
github.com/chalkan3-sloth/sloth-runner/internal/luainterface/terraform_advanced.go:1490.69,1492.17 2 0
github.com/chalkan3-sloth/sloth-runner/internal/luainterface/terraform_advanced.go:1492.17,1494.3 1 0
github.com/chalkan3-sloth/sloth-runner/internal/luainterface/terraform_advanced.go:1497.2,1497.31 1 0
github.com/chalkan3-sloth/sloth-runner/internal/luainterface/terraform_advanced.go:1497.31,1498.37 1 0
github.com/chalkan3-sloth/sloth-runner/internal/luainterface/terraform_advanced.go:1498.37,1500.4 1 0
github.com/chalkan3-sloth/sloth-runner/internal/luainterface/terraform_advanced.go:1504.2,1505.44 2 0
github.com/chalkan3-sloth/sloth-runner/internal/luainterface/terraform_advanced.go:1505.44,1506.33 1 0
github.com/chalkan3-sloth/sloth-runner/internal/luainterface/terraform_advanced.go:1506.33,1508.4 1 0
github.com/chalkan3-sloth/sloth-runner/internal/luainterface/terraform_advanced.go:1511.2,1511.27 1 0
github.com/chalkan3-sloth/sloth-runner/internal/luainterface/testing.go:30.52,31.33 1 0
github.com/chalkan3-sloth/sloth-runner/internal/luainterface/testing.go:31.33,34.39 1 0
github.com/chalkan3-sloth/sloth-runner/internal/luainterface/testing.go:34.39,38.13 4 0
github.com/chalkan3-sloth/sloth-runner/internal/luainterface/testing.go:38.13,44.6 2 0
github.com/chalkan3-sloth/sloth-runner/internal/luainterface/testing.go:44.11,49.6 1 0
github.com/chalkan3-sloth/sloth-runner/internal/luainterface/testing.go:50.5,50.13 1 0
github.com/chalkan3-sloth/sloth-runner/internal/luainterface/testing.go:53.38,58.45 5 0
github.com/chalkan3-sloth/sloth-runner/internal/luainterface/testing.go:58.45,64.6 2 0
github.com/chalkan3-sloth/sloth-runner/internal/luainterface/testing.go:64.11,69.6 1 0
github.com/chalkan3-sloth/sloth-runner/internal/luainterface/testing.go:70.5,70.13 1 0
github.com/chalkan3-sloth/sloth-runner/internal/luainterface/testing.go:73.3,74.11 2 0
github.com/chalkan3-sloth/sloth-runner/internal/luainterface/testing.go:82.89,83.33 1 0
github.com/chalkan3-sloth/sloth-runner/internal/luainterface/testing.go:83.33,86.36 1 0
github.com/chalkan3-sloth/sloth-runner/internal/luainterface/testing.go:86.36,89.24 3 0
github.com/chalkan3-sloth/sloth-runner/internal/luainterface/testing.go:89.24,91.6 1 0
github.com/chalkan3-sloth/sloth-runner/internal/luainterface/testing.go:92.5,93.13 2 0
github.com/chalkan3-sloth/sloth-runner/internal/luainterface/testing.go:96.40,102.46 6 0
github.com/chalkan3-sloth/sloth-runner/internal/luainterface/testing.go:102.46,104.6 1 0
github.com/chalkan3-sloth/sloth-runner/internal/luainterface/testing.go:105.5,105.13 1 0
github.com/chalkan3-sloth/sloth-runner/internal/luainterface/testing.go:108.34,111.46 3 0
github.com/chalkan3-sloth/sloth-runner/internal/luainterface/testing.go:111.46,113.6 1 0
github.com/chalkan3-sloth/sloth-runner/internal/luainterface/testing.go:114.5,114.13 1 0
github.com/chalkan3-sloth/sloth-runner/internal/luainterface/testing.go:117.40,121.38 3 0
github.com/chalkan3-sloth/sloth-runner/internal/luainterface/testing.go:121.38,122.39 1 0
github.com/chalkan3-sloth/sloth-runner/internal/luainterface/testing.go:122.39,123.32 1 0
github.com/chalkan3-sloth/sloth-runner/internal/luainterface/testing.go:123.32,125.13 2 0
github.com/chalkan3-sloth/sloth-runner/internal/luainterface/testing.go:128.6,128.27 1 0
github.com/chalkan3-sloth/sloth-runner/internal/luainterface/testing.go:128.27,129.12 1 0
github.com/chalkan3-sloth/sloth-runner/internal/luainterface/testing.go:133.5,133.26 1 0
github.com/chalkan3-sloth/sloth-runner/internal/luainterface/testing.go:133.26,137.6 3 0
github.com/chalkan3-sloth/sloth-runner/internal/luainterface/testing.go:139.5,145.22 6 0
github.com/chalkan3-sloth/sloth-runner/internal/luainterface/testing.go:145.22,147.6 1 0
github.com/chalkan3-sloth/sloth-runner/internal/luainterface/testing.go:148.5,148.19 1 0
github.com/chalkan3-sloth/sloth-runner/internal/luainterface/testing.go:148.19,150.6 1 0
github.com/chalkan3-sloth/sloth-runner/internal/luainterface/testing.go:152.5,153.13 2 0
github.com/chalkan3-sloth/sloth-runner/internal/luainterface/testing.go:156.3,157.11 2 0
github.com/chalkan3-sloth/sloth-runner/internal/luainterface/testing.go:162.87,164.65 2 0
github.com/chalkan3-sloth/sloth-runner/internal/luainterface/testing.go:164.65,165.13 1 0
github.com/chalkan3-sloth/sloth-runner/internal/luainterface/testing.go:167.2,168.61 2 0
github.com/chalkan3-sloth/sloth-runner/internal/luainterface/testing.go:168.61,169.13 1 0
github.com/chalkan3-sloth/sloth-runner/internal/luainterface/time.go:13.34,15.2 1 1
github.com/chalkan3-sloth/sloth-runner/internal/luainterface/time.go:18.40,69.2 30 1
github.com/chalkan3-sloth/sloth-runner/internal/luainterface/time.go:72.48,76.2 3 0
github.com/chalkan3-sloth/sloth-runner/internal/luainterface/time.go:78.49,84.2 5 0
github.com/chalkan3-sloth/sloth-runner/internal/luainterface/time.go:86.53,90.2 3 0
github.com/chalkan3-sloth/sloth-runner/internal/luainterface/time.go:93.51,101.2 6 0
github.com/chalkan3-sloth/sloth-runner/internal/luainterface/time.go:103.50,108.16 4 0
github.com/chalkan3-sloth/sloth-runner/internal/luainterface/time.go:108.16,112.3 3 0
github.com/chalkan3-sloth/sloth-runner/internal/luainterface/time.go:114.2,115.10 2 0
github.com/chalkan3-sloth/sloth-runner/internal/luainterface/time.go:118.52,123.2 4 0
github.com/chalkan3-sloth/sloth-runner/internal/luainterface/time.go:126.48,131.16 4 0
github.com/chalkan3-sloth/sloth-runner/internal/luainterface/time.go:131.16,135.3 3 0
github.com/chalkan3-sloth/sloth-runner/internal/luainterface/time.go:137.2,140.10 4 0
github.com/chalkan3-sloth/sloth-runner/internal/luainterface/time.go:143.48,148.16 4 0
github.com/chalkan3-sloth/sloth-runner/internal/luainterface/time.go:148.16,152.3 3 0
github.com/chalkan3-sloth/sloth-runner/internal/luainterface/time.go:154.2,157.10 4 0
github.com/chalkan3-sloth/sloth-runner/internal/luainterface/time.go:160.53,164.16 3 0
github.com/chalkan3-sloth/sloth-runner/internal/luainterface/time.go:164.16,168.3 3 0
github.com/chalkan3-sloth/sloth-runner/internal/luainterface/time.go:170.2,171.10 2 0
github.com/chalkan3-sloth/sloth-runner/internal/luainterface/time.go:174.50,180.2 5 0
github.com/chalkan3-sloth/sloth-runner/internal/luainterface/time.go:182.50,188.2 5 0
github.com/chalkan3-sloth/sloth-runner/internal/luainterface/time.go:191.50,196.2 4 0
github.com/chalkan3-sloth/sloth-runner/internal/luainterface/time.go:199.49,204.2 4 0
github.com/chalkan3-sloth/sloth-runner/internal/luainterface/time.go:206.50,211.2 4 0
github.com/chalkan3-sloth/sloth-runner/internal/luainterface/time.go:213.48,218.2 4 0
github.com/chalkan3-sloth/sloth-runner/internal/luainterface/time.go:220.49,225.2 4 0
github.com/chalkan3-sloth/sloth-runner/internal/luainterface/time.go:227.51,232.2 4 0
github.com/chalkan3-sloth/sloth-runner/internal/luainterface/time.go:234.51,239.2 4 0
github.com/chalkan3-sloth/sloth-runner/internal/luainterface/time.go:241.52,246.2 4 0
github.com/chalkan3-sloth/sloth-runner/internal/luainterface/time.go:249.48,254.2 4 0
github.com/chalkan3-sloth/sloth-runner/internal/luainterface/time.go:256.50,261.2 4 0
github.com/chalkan3-sloth/sloth-runner/internal/luainterface/time.go:263.55,268.16 4 0
github.com/chalkan3-sloth/sloth-runner/internal/luainterface/time.go:268.16,272.3 3 0
github.com/chalkan3-sloth/sloth-runner/internal/luainterface/time.go:274.2,276.10 3 0
github.com/chalkan3-sloth/sloth-runner/internal/luainterface/time.go:280.51,289.2 6 0
github.com/chalkan3-sloth/sloth-runner/internal/luainterface/time.go:291.50,300.2 6 0
github.com/chalkan3-sloth/sloth-runner/internal/luainterface/time.go:302.50,311.2 6 0
github.com/chalkan3-sloth/sloth-runner/internal/luainterface/time.go:314.53,319.16 4 0
github.com/chalkan3-sloth/sloth-runner/internal/luainterface/time.go:319.16,323.3 3 0
github.com/chalkan3-sloth/sloth-runner/internal/luainterface/time.go:325.2,328.10 4 0
github.com/chalkan3-sloth/sloth-runner/internal/luainterface/time.go:331.50,336.16 4 0
github.com/chalkan3-sloth/sloth-runner/internal/luainterface/time.go:336.16,340.3 3 0
github.com/chalkan3-sloth/sloth-runner/internal/luainterface/time.go:342.2,345.10 4 0
