mode: set
github.com/chalkan3-sloth/sloth-runner/internal/taskrunner/session.go:9.55,13.16 3 1
github.com/chalkan3-sloth/sloth-runner/internal/taskrunner/session.go:13.16,15.3 1 0
github.com/chalkan3-sloth/sloth-runner/internal/taskrunner/session.go:17.2,18.16 2 1
github.com/chalkan3-sloth/sloth-runner/internal/taskrunner/session.go:18.16,20.3 1 0
github.com/chalkan3-sloth/sloth-runner/internal/taskrunner/session.go:22.2,23.16 2 1
github.com/chalkan3-sloth/sloth-runner/internal/taskrunner/session.go:23.16,25.3 1 0
github.com/chalkan3-sloth/sloth-runner/internal/taskrunner/session.go:27.2,27.36 1 1
github.com/chalkan3-sloth/sloth-runner/internal/taskrunner/session.go:27.36,29.3 1 0
github.com/chalkan3-sloth/sloth-runner/internal/taskrunner/session.go:31.2,37.6 1 1
github.com/chalkan3-sloth/sloth-runner/internal/taskrunner/taskrunner.go:41.47,43.2 1 1
github.com/chalkan3-sloth/sloth-runner/internal/taskrunner/taskrunner.go:46.69,48.47 1 1
github.com/chalkan3-sloth/sloth-runner/internal/taskrunner/taskrunner.go:48.47,50.3 1 1
github.com/chalkan3-sloth/sloth-runner/internal/taskrunner/taskrunner.go:53.2,53.32 1 1
github.com/chalkan3-sloth/sloth-runner/internal/taskrunner/taskrunner.go:53.32,55.3 1 1
github.com/chalkan3-sloth/sloth-runner/internal/taskrunner/taskrunner.go:57.2,57.100 1 1
github.com/chalkan3-sloth/sloth-runner/internal/taskrunner/taskrunner.go:66.95,68.2 1 0
github.com/chalkan3-sloth/sloth-runner/internal/taskrunner/taskrunner.go:71.58,72.19 1 1
github.com/chalkan3-sloth/sloth-runner/internal/taskrunner/taskrunner.go:72.19,74.3 1 1
github.com/chalkan3-sloth/sloth-runner/internal/taskrunner/taskrunner.go:75.2,76.34 2 1
github.com/chalkan3-sloth/sloth-runner/internal/taskrunner/taskrunner.go:76.34,77.41 1 1
github.com/chalkan3-sloth/sloth-runner/internal/taskrunner/taskrunner.go:77.41,80.4 1 1
github.com/chalkan3-sloth/sloth-runner/internal/taskrunner/taskrunner.go:82.3,82.20 1 0
github.com/chalkan3-sloth/sloth-runner/internal/taskrunner/taskrunner.go:85.2,85.18 1 1
github.com/chalkan3-sloth/sloth-runner/internal/taskrunner/taskrunner.go:94.45,96.2 1 1
github.com/chalkan3-sloth/sloth-runner/internal/taskrunner/taskrunner.go:119.192,122.23 2 1
github.com/chalkan3-sloth/sloth-runner/internal/taskrunner/taskrunner.go:122.23,126.66 4 1
github.com/chalkan3-sloth/sloth-runner/internal/taskrunner/taskrunner.go:126.66,128.4 1 0
github.com/chalkan3-sloth/sloth-runner/internal/taskrunner/taskrunner.go:129.3,129.36 1 1
github.com/chalkan3-sloth/sloth-runner/internal/taskrunner/taskrunner.go:132.2,145.3 1 1
github.com/chalkan3-sloth/sloth-runner/internal/taskrunner/taskrunner.go:148.59,149.31 1 0
github.com/chalkan3-sloth/sloth-runner/internal/taskrunner/taskrunner.go:149.31,151.3 1 0
github.com/chalkan3-sloth/sloth-runner/internal/taskrunner/taskrunner.go:155.59,157.2 1 0
github.com/chalkan3-sloth/sloth-runner/internal/taskrunner/taskrunner.go:159.264,161.56 1 1
github.com/chalkan3-sloth/sloth-runner/internal/taskrunner/taskrunner.go:161.56,163.27 1 1
github.com/chalkan3-sloth/sloth-runner/internal/taskrunner/taskrunner.go:163.27,165.18 2 1
github.com/chalkan3-sloth/sloth-runner/internal/taskrunner/taskrunner.go:165.18,167.5 1 0
github.com/chalkan3-sloth/sloth-runner/internal/taskrunner/taskrunner.go:168.4,168.19 1 1
github.com/chalkan3-sloth/sloth-runner/internal/taskrunner/taskrunner.go:168.19,170.5 1 1
github.com/chalkan3-sloth/sloth-runner/internal/taskrunner/taskrunner.go:171.9,171.29 1 1
github.com/chalkan3-sloth/sloth-runner/internal/taskrunner/taskrunner.go:171.29,174.18 2 1
github.com/chalkan3-sloth/sloth-runner/internal/taskrunner/taskrunner.go:174.18,176.5 1 0
github.com/chalkan3-sloth/sloth-runner/internal/taskrunner/taskrunner.go:177.4,177.19 1 1
github.com/chalkan3-sloth/sloth-runner/internal/taskrunner/taskrunner.go:177.19,179.5 1 1
github.com/chalkan3-sloth/sloth-runner/internal/taskrunner/taskrunner.go:183.3,183.25 1 1
github.com/chalkan3-sloth/sloth-runner/internal/taskrunner/taskrunner.go:183.25,185.18 2 1
github.com/chalkan3-sloth/sloth-runner/internal/taskrunner/taskrunner.go:185.18,187.5 1 0
github.com/chalkan3-sloth/sloth-runner/internal/taskrunner/taskrunner.go:188.4,188.18 1 1
github.com/chalkan3-sloth/sloth-runner/internal/taskrunner/taskrunner.go:188.18,199.5 7 1
github.com/chalkan3-sloth/sloth-runner/internal/taskrunner/taskrunner.go:200.9,200.27 1 1
github.com/chalkan3-sloth/sloth-runner/internal/taskrunner/taskrunner.go:200.27,204.18 2 1
github.com/chalkan3-sloth/sloth-runner/internal/taskrunner/taskrunner.go:204.18,206.5 1 0
github.com/chalkan3-sloth/sloth-runner/internal/taskrunner/taskrunner.go:207.4,207.18 1 1
github.com/chalkan3-sloth/sloth-runner/internal/taskrunner/taskrunner.go:207.18,218.5 7 1
github.com/chalkan3-sloth/sloth-runner/internal/taskrunner/taskrunner.go:221.3,223.21 3 1
github.com/chalkan3-sloth/sloth-runner/internal/taskrunner/taskrunner.go:223.21,225.4 1 0
github.com/chalkan3-sloth/sloth-runner/internal/taskrunner/taskrunner.go:227.3,227.36 1 1
github.com/chalkan3-sloth/sloth-runner/internal/taskrunner/taskrunner.go:227.36,228.13 1 1
github.com/chalkan3-sloth/sloth-runner/internal/taskrunner/taskrunner.go:228.13,230.14 2 0
github.com/chalkan3-sloth/sloth-runner/internal/taskrunner/taskrunner.go:230.14,232.6 1 0
github.com/chalkan3-sloth/sloth-runner/internal/taskrunner/taskrunner.go:233.5,234.29 2 0
github.com/chalkan3-sloth/sloth-runner/internal/taskrunner/taskrunner.go:237.4,242.23 4 1
github.com/chalkan3-sloth/sloth-runner/internal/taskrunner/taskrunner.go:242.23,244.19 2 0
github.com/chalkan3-sloth/sloth-runner/internal/taskrunner/taskrunner.go:244.19,246.6 1 0
github.com/chalkan3-sloth/sloth-runner/internal/taskrunner/taskrunner.go:247.5,247.69 1 0
github.com/chalkan3-sloth/sloth-runner/internal/taskrunner/taskrunner.go:248.10,252.5 2 1
github.com/chalkan3-sloth/sloth-runner/internal/taskrunner/taskrunner.go:253.4,257.22 3 1
github.com/chalkan3-sloth/sloth-runner/internal/taskrunner/taskrunner.go:257.22,260.5 2 1
github.com/chalkan3-sloth/sloth-runner/internal/taskrunner/taskrunner.go:263.4,263.82 1 1
github.com/chalkan3-sloth/sloth-runner/internal/taskrunner/taskrunner.go:266.3,267.17 2 1
github.com/chalkan3-sloth/sloth-runner/internal/taskrunner/taskrunner.go:271.280,284.25 4 1
github.com/chalkan3-sloth/sloth-runner/internal/taskrunner/taskrunner.go:284.25,286.35 2 0
github.com/chalkan3-sloth/sloth-runner/internal/taskrunner/taskrunner.go:287.15,291.18 3 0
github.com/chalkan3-sloth/sloth-runner/internal/taskrunner/taskrunner.go:291.18,294.5 2 0
github.com/chalkan3-sloth/sloth-runner/internal/taskrunner/taskrunner.go:295.4,296.34 2 0
github.com/chalkan3-sloth/sloth-runner/internal/taskrunner/taskrunner.go:297.31,298.45 1 0
github.com/chalkan3-sloth/sloth-runner/internal/taskrunner/taskrunner.go:298.45,300.5 1 0
github.com/chalkan3-sloth/sloth-runner/internal/taskrunner/taskrunner.go:300.10,302.5 1 0
github.com/chalkan3-sloth/sloth-runner/internal/taskrunner/taskrunner.go:303.11,304.109 1 0
github.com/chalkan3-sloth/sloth-runner/internal/taskrunner/taskrunner.go:306.8,306.55 1 1
github.com/chalkan3-sloth/sloth-runner/internal/taskrunner/taskrunner.go:306.55,308.58 2 0
github.com/chalkan3-sloth/sloth-runner/internal/taskrunner/taskrunner.go:309.15,312.18 2 0
github.com/chalkan3-sloth/sloth-runner/internal/taskrunner/taskrunner.go:312.18,314.5 1 0
github.com/chalkan3-sloth/sloth-runner/internal/taskrunner/taskrunner.go:315.4,315.34 1 0
github.com/chalkan3-sloth/sloth-runner/internal/taskrunner/taskrunner.go:316.31,317.45 1 0
github.com/chalkan3-sloth/sloth-runner/internal/taskrunner/taskrunner.go:317.45,319.5 1 0
github.com/chalkan3-sloth/sloth-runner/internal/taskrunner/taskrunner.go:319.10,321.5 1 0
github.com/chalkan3-sloth/sloth-runner/internal/taskrunner/taskrunner.go:322.11,323.110 1 0
github.com/chalkan3-sloth/sloth-runner/internal/taskrunner/taskrunner.go:325.8,327.3 1 1
github.com/chalkan3-sloth/sloth-runner/internal/taskrunner/taskrunner.go:329.2,331.24 2 1
github.com/chalkan3-sloth/sloth-runner/internal/taskrunner/taskrunner.go:331.24,334.17 2 0
github.com/chalkan3-sloth/sloth-runner/internal/taskrunner/taskrunner.go:334.17,336.4 1 0
github.com/chalkan3-sloth/sloth-runner/internal/taskrunner/taskrunner.go:337.3,342.58 4 0
github.com/chalkan3-sloth/sloth-runner/internal/taskrunner/taskrunner.go:342.58,344.4 1 0
github.com/chalkan3-sloth/sloth-runner/internal/taskrunner/taskrunner.go:347.3,356.17 3 0
github.com/chalkan3-sloth/sloth-runner/internal/taskrunner/taskrunner.go:356.17,358.4 1 0
github.com/chalkan3-sloth/sloth-runner/internal/taskrunner/taskrunner.go:360.3,360.22 1 0
github.com/chalkan3-sloth/sloth-runner/internal/taskrunner/taskrunner.go:360.22,362.4 1 0
github.com/chalkan3-sloth/sloth-runner/internal/taskrunner/taskrunner.go:365.3,365.88 1 0
github.com/chalkan3-sloth/sloth-runner/internal/taskrunner/taskrunner.go:365.88,367.4 1 0
github.com/chalkan3-sloth/sloth-runner/internal/taskrunner/taskrunner.go:369.3,369.13 1 0
github.com/chalkan3-sloth/sloth-runner/internal/taskrunner/taskrunner.go:372.2,380.15 6 1
github.com/chalkan3-sloth/sloth-runner/internal/taskrunner/taskrunner.go:380.15,381.31 1 1
github.com/chalkan3-sloth/sloth-runner/internal/taskrunner/taskrunner.go:381.31,383.4 1 0
github.com/chalkan3-sloth/sloth-runner/internal/taskrunner/taskrunner.go:385.3,387.21 3 1
github.com/chalkan3-sloth/sloth-runner/internal/taskrunner/taskrunner.go:387.21,389.4 1 1
github.com/chalkan3-sloth/sloth-runner/internal/taskrunner/taskrunner.go:391.3,401.14 6 1
github.com/chalkan3-sloth/sloth-runner/internal/taskrunner/taskrunner.go:404.2,404.22 1 1
github.com/chalkan3-sloth/sloth-runner/internal/taskrunner/taskrunner.go:404.22,406.17 2 0
github.com/chalkan3-sloth/sloth-runner/internal/taskrunner/taskrunner.go:406.17,408.4 1 0
github.com/chalkan3-sloth/sloth-runner/internal/taskrunner/taskrunner.go:408.9,408.22 1 0
github.com/chalkan3-sloth/sloth-runner/internal/taskrunner/taskrunner.go:408.22,410.4 1 0
github.com/chalkan3-sloth/sloth-runner/internal/taskrunner/taskrunner.go:413.2,413.26 1 1
github.com/chalkan3-sloth/sloth-runner/internal/taskrunner/taskrunner.go:413.26,414.22 1 1
github.com/chalkan3-sloth/sloth-runner/internal/taskrunner/taskrunner.go:414.22,416.4 1 1
github.com/chalkan3-sloth/sloth-runner/internal/taskrunner/taskrunner.go:417.3,422.22 4 1
github.com/chalkan3-sloth/sloth-runner/internal/taskrunner/taskrunner.go:422.22,424.4 1 0
github.com/chalkan3-sloth/sloth-runner/internal/taskrunner/taskrunner.go:425.3,428.21 3 1
github.com/chalkan3-sloth/sloth-runner/internal/taskrunner/taskrunner.go:428.21,432.4 3 1
github.com/chalkan3-sloth/sloth-runner/internal/taskrunner/taskrunner.go:434.3,435.17 2 1
github.com/chalkan3-sloth/sloth-runner/internal/taskrunner/taskrunner.go:435.17,437.26 1 0
github.com/chalkan3-sloth/sloth-runner/internal/taskrunner/taskrunner.go:437.26,439.5 1 0
github.com/chalkan3-sloth/sloth-runner/internal/taskrunner/taskrunner.go:440.4,440.110 1 0
github.com/chalkan3-sloth/sloth-runner/internal/taskrunner/taskrunner.go:441.9,441.22 1 1
github.com/chalkan3-sloth/sloth-runner/internal/taskrunner/taskrunner.go:441.22,443.26 1 1
github.com/chalkan3-sloth/sloth-runner/internal/taskrunner/taskrunner.go:443.26,445.5 1 0
github.com/chalkan3-sloth/sloth-runner/internal/taskrunner/taskrunner.go:446.4,446.111 1 1
github.com/chalkan3-sloth/sloth-runner/internal/taskrunner/taskrunner.go:447.9,447.32 1 1
github.com/chalkan3-sloth/sloth-runner/internal/taskrunner/taskrunner.go:447.32,450.26 2 1
github.com/chalkan3-sloth/sloth-runner/internal/taskrunner/taskrunner.go:450.26,452.5 1 0
github.com/chalkan3-sloth/sloth-runner/internal/taskrunner/taskrunner.go:453.9,455.26 1 0
github.com/chalkan3-sloth/sloth-runner/internal/taskrunner/taskrunner.go:455.26,457.5 1 0
github.com/chalkan3-sloth/sloth-runner/internal/taskrunner/taskrunner.go:461.2,461.23 1 1
github.com/chalkan3-sloth/sloth-runner/internal/taskrunner/taskrunner.go:461.23,463.22 2 0
github.com/chalkan3-sloth/sloth-runner/internal/taskrunner/taskrunner.go:463.22,465.4 1 0
github.com/chalkan3-sloth/sloth-runner/internal/taskrunner/taskrunner.go:466.3,467.17 2 0
github.com/chalkan3-sloth/sloth-runner/internal/taskrunner/taskrunner.go:467.17,469.4 1 0
github.com/chalkan3-sloth/sloth-runner/internal/taskrunner/taskrunner.go:469.9,469.22 1 0
github.com/chalkan3-sloth/sloth-runner/internal/taskrunner/taskrunner.go:469.22,471.4 1 0
github.com/chalkan3-sloth/sloth-runner/internal/taskrunner/taskrunner.go:474.2,474.12 1 1
github.com/chalkan3-sloth/sloth-runner/internal/taskrunner/taskrunner.go:486.35,487.29 1 1
github.com/chalkan3-sloth/sloth-runner/internal/taskrunner/taskrunner.go:487.29,490.3 2 0
github.com/chalkan3-sloth/sloth-runner/internal/taskrunner/taskrunner.go:492.2,495.26 3 1
github.com/chalkan3-sloth/sloth-runner/internal/taskrunner/taskrunner.go:495.26,496.53 1 1
github.com/chalkan3-sloth/sloth-runner/internal/taskrunner/taskrunner.go:496.53,498.4 1 1
github.com/chalkan3-sloth/sloth-runner/internal/taskrunner/taskrunner.go:498.9,500.4 1 0
github.com/chalkan3-sloth/sloth-runner/internal/taskrunner/taskrunner.go:501.8,503.3 1 0
github.com/chalkan3-sloth/sloth-runner/internal/taskrunner/taskrunner.go:505.2,505.47 1 1
github.com/chalkan3-sloth/sloth-runner/internal/taskrunner/taskrunner.go:505.47,510.26 4 1
github.com/chalkan3-sloth/sloth-runner/internal/taskrunner/taskrunner.go:510.26,512.4 1 0
github.com/chalkan3-sloth/sloth-runner/internal/taskrunner/taskrunner.go:512.9,512.42 1 1
github.com/chalkan3-sloth/sloth-runner/internal/taskrunner/taskrunner.go:512.42,514.18 2 0
github.com/chalkan3-sloth/sloth-runner/internal/taskrunner/taskrunner.go:514.18,516.5 1 0
github.com/chalkan3-sloth/sloth-runner/internal/taskrunner/taskrunner.go:517.4,518.48 2 0
github.com/chalkan3-sloth/sloth-runner/internal/taskrunner/taskrunner.go:518.48,520.5 1 0
github.com/chalkan3-sloth/sloth-runner/internal/taskrunner/taskrunner.go:521.9,523.18 2 1
github.com/chalkan3-sloth/sloth-runner/internal/taskrunner/taskrunner.go:523.18,525.5 1 0
github.com/chalkan3-sloth/sloth-runner/internal/taskrunner/taskrunner.go:528.3,528.52 1 1
github.com/chalkan3-sloth/sloth-runner/internal/taskrunner/taskrunner.go:528.52,530.4 1 0
github.com/chalkan3-sloth/sloth-runner/internal/taskrunner/taskrunner.go:532.3,536.64 4 1
github.com/chalkan3-sloth/sloth-runner/internal/taskrunner/taskrunner.go:536.64,538.4 1 0
github.com/chalkan3-sloth/sloth-runner/internal/taskrunner/taskrunner.go:539.3,546.30 4 1
github.com/chalkan3-sloth/sloth-runner/internal/taskrunner/taskrunner.go:546.30,548.4 1 1
github.com/chalkan3-sloth/sloth-runner/internal/taskrunner/taskrunner.go:550.3,551.17 2 1
github.com/chalkan3-sloth/sloth-runner/internal/taskrunner/taskrunner.go:551.17,553.4 1 0
github.com/chalkan3-sloth/sloth-runner/internal/taskrunner/taskrunner.go:555.3,556.17 2 1
github.com/chalkan3-sloth/sloth-runner/internal/taskrunner/taskrunner.go:556.17,558.4 1 1
github.com/chalkan3-sloth/sloth-runner/internal/taskrunner/taskrunner.go:560.3,570.43 9 1
github.com/chalkan3-sloth/sloth-runner/internal/taskrunner/taskrunner.go:570.43,577.43 5 1
github.com/chalkan3-sloth/sloth-runner/internal/taskrunner/taskrunner.go:577.43,578.95 1 1
github.com/chalkan3-sloth/sloth-runner/internal/taskrunner/taskrunner.go:578.95,581.11 3 1
github.com/chalkan3-sloth/sloth-runner/internal/taskrunner/taskrunner.go:584.4,584.12 1 1
github.com/chalkan3-sloth/sloth-runner/internal/taskrunner/taskrunner.go:584.12,587.13 3 1
github.com/chalkan3-sloth/sloth-runner/internal/taskrunner/taskrunner.go:591.4,591.47 1 1
github.com/chalkan3-sloth/sloth-runner/internal/taskrunner/taskrunner.go:591.47,595.55 3 0
github.com/chalkan3-sloth/sloth-runner/internal/taskrunner/taskrunner.go:595.55,600.11 5 0
github.com/chalkan3-sloth/sloth-runner/internal/taskrunner/taskrunner.go:603.5,603.80 1 0
github.com/chalkan3-sloth/sloth-runner/internal/taskrunner/taskrunner.go:605.4,605.12 1 1
github.com/chalkan3-sloth/sloth-runner/internal/taskrunner/taskrunner.go:605.12,607.13 2 0
github.com/chalkan3-sloth/sloth-runner/internal/taskrunner/taskrunner.go:610.4,611.43 2 1
github.com/chalkan3-sloth/sloth-runner/internal/taskrunner/taskrunner.go:611.43,612.47 1 1
github.com/chalkan3-sloth/sloth-runner/internal/taskrunner/taskrunner.go:612.47,614.6 1 1
github.com/chalkan3-sloth/sloth-runner/internal/taskrunner/taskrunner.go:617.4,617.22 1 1
github.com/chalkan3-sloth/sloth-runner/internal/taskrunner/taskrunner.go:617.22,626.19 4 0
github.com/chalkan3-sloth/sloth-runner/internal/taskrunner/taskrunner.go:627.17,631.14 4 0
github.com/chalkan3-sloth/sloth-runner/internal/taskrunner/taskrunner.go:632.18,634.52 2 0
github.com/chalkan3-sloth/sloth-runner/internal/taskrunner/taskrunner.go:635.21,636.28 1 0
github.com/chalkan3-sloth/sloth-runner/internal/taskrunner/taskrunner.go:640.4,641.18 2 1
github.com/chalkan3-sloth/sloth-runner/internal/taskrunner/taskrunner.go:641.18,644.5 2 1
github.com/chalkan3-sloth/sloth-runner/internal/taskrunner/taskrunner.go:644.10,648.52 2 1
github.com/chalkan3-sloth/sloth-runner/internal/taskrunner/taskrunner.go:648.52,650.20 2 0
github.com/chalkan3-sloth/sloth-runner/internal/taskrunner/taskrunner.go:650.20,652.15 2 0
github.com/chalkan3-sloth/sloth-runner/internal/taskrunner/taskrunner.go:654.6,654.36 1 0
github.com/chalkan3-sloth/sloth-runner/internal/taskrunner/taskrunner.go:654.36,656.55 2 0
github.com/chalkan3-sloth/sloth-runner/internal/taskrunner/taskrunner.go:656.55,658.8 1 0
github.com/chalkan3-sloth/sloth-runner/internal/taskrunner/taskrunner.go:658.13,660.8 1 0
github.com/chalkan3-sloth/sloth-runner/internal/taskrunner/taskrunner.go:664.4,664.17 1 1
github.com/chalkan3-sloth/sloth-runner/internal/taskrunner/taskrunner.go:667.3,668.23 2 1
github.com/chalkan3-sloth/sloth-runner/internal/taskrunner/taskrunner.go:668.23,670.4 1 1
github.com/chalkan3-sloth/sloth-runner/internal/taskrunner/taskrunner.go:672.3,673.46 2 1
github.com/chalkan3-sloth/sloth-runner/internal/taskrunner/taskrunner.go:673.46,675.4 1 1
github.com/chalkan3-sloth/sloth-runner/internal/taskrunner/taskrunner.go:676.3,679.44 3 1
github.com/chalkan3-sloth/sloth-runner/internal/taskrunner/taskrunner.go:679.44,686.48 6 0
github.com/chalkan3-sloth/sloth-runner/internal/taskrunner/taskrunner.go:686.48,688.5 1 0
github.com/chalkan3-sloth/sloth-runner/internal/taskrunner/taskrunner.go:690.4,690.31 1 0
github.com/chalkan3-sloth/sloth-runner/internal/taskrunner/taskrunner.go:690.31,692.52 2 0
github.com/chalkan3-sloth/sloth-runner/internal/taskrunner/taskrunner.go:692.52,694.6 1 0
github.com/chalkan3-sloth/sloth-runner/internal/taskrunner/taskrunner.go:697.4,698.18 2 0
github.com/chalkan3-sloth/sloth-runner/internal/taskrunner/taskrunner.go:698.18,700.5 1 0
github.com/chalkan3-sloth/sloth-runner/internal/taskrunner/taskrunner.go:700.10,702.5 1 0
github.com/chalkan3-sloth/sloth-runner/internal/taskrunner/taskrunner.go:705.3,705.18 1 1
github.com/chalkan3-sloth/sloth-runner/internal/taskrunner/taskrunner.go:705.18,708.4 2 1
github.com/chalkan3-sloth/sloth-runner/internal/taskrunner/taskrunner.go:708.9,710.4 1 0
github.com/chalkan3-sloth/sloth-runner/internal/taskrunner/taskrunner.go:713.2,715.36 3 1
github.com/chalkan3-sloth/sloth-runner/internal/taskrunner/taskrunner.go:715.36,718.26 3 1
github.com/chalkan3-sloth/sloth-runner/internal/taskrunner/taskrunner.go:718.26,721.4 2 1
github.com/chalkan3-sloth/sloth-runner/internal/taskrunner/taskrunner.go:721.9,721.40 1 1
github.com/chalkan3-sloth/sloth-runner/internal/taskrunner/taskrunner.go:721.40,723.4 1 1
github.com/chalkan3-sloth/sloth-runner/internal/taskrunner/taskrunner.go:723.9,723.39 1 1
github.com/chalkan3-sloth/sloth-runner/internal/taskrunner/taskrunner.go:723.39,725.4 1 0
github.com/chalkan3-sloth/sloth-runner/internal/taskrunner/taskrunner.go:726.3,726.97 1 1
github.com/chalkan3-sloth/sloth-runner/internal/taskrunner/taskrunner.go:728.2,730.29 2 1
github.com/chalkan3-sloth/sloth-runner/internal/taskrunner/taskrunner.go:730.29,732.3 1 1
github.com/chalkan3-sloth/sloth-runner/internal/taskrunner/taskrunner.go:733.2,733.12 1 1
github.com/chalkan3-sloth/sloth-runner/internal/taskrunner/taskrunner.go:736.38,738.16 2 0
github.com/chalkan3-sloth/sloth-runner/internal/taskrunner/taskrunner.go:738.16,740.3 1 0
github.com/chalkan3-sloth/sloth-runner/internal/taskrunner/taskrunner.go:741.2,744.16 3 0
github.com/chalkan3-sloth/sloth-runner/internal/taskrunner/taskrunner.go:744.16,746.3 1 0
github.com/chalkan3-sloth/sloth-runner/internal/taskrunner/taskrunner.go:747.2,750.16 3 0
github.com/chalkan3-sloth/sloth-runner/internal/taskrunner/taskrunner.go:750.16,752.3 1 0
github.com/chalkan3-sloth/sloth-runner/internal/taskrunner/taskrunner.go:753.2,753.20 1 0
github.com/chalkan3-sloth/sloth-runner/internal/taskrunner/taskrunner.go:756.85,758.34 2 1
github.com/chalkan3-sloth/sloth-runner/internal/taskrunner/taskrunner.go:758.34,760.3 1 1
github.com/chalkan3-sloth/sloth-runner/internal/taskrunner/taskrunner.go:762.2,767.38 5 1
github.com/chalkan3-sloth/sloth-runner/internal/taskrunner/taskrunner.go:767.38,768.31 1 1
github.com/chalkan3-sloth/sloth-runner/internal/taskrunner/taskrunner.go:768.31,770.4 1 1
github.com/chalkan3-sloth/sloth-runner/internal/taskrunner/taskrunner.go:771.3,771.24 1 1
github.com/chalkan3-sloth/sloth-runner/internal/taskrunner/taskrunner.go:771.24,773.4 1 1
github.com/chalkan3-sloth/sloth-runner/internal/taskrunner/taskrunner.go:775.3,782.36 6 1
github.com/chalkan3-sloth/sloth-runner/internal/taskrunner/taskrunner.go:782.36,783.38 1 1
github.com/chalkan3-sloth/sloth-runner/internal/taskrunner/taskrunner.go:783.38,784.13 1 0
github.com/chalkan3-sloth/sloth-runner/internal/taskrunner/taskrunner.go:786.4,786.41 1 1
github.com/chalkan3-sloth/sloth-runner/internal/taskrunner/taskrunner.go:786.41,788.5 1 1
github.com/chalkan3-sloth/sloth-runner/internal/taskrunner/taskrunner.go:791.3,793.13 3 1
github.com/chalkan3-sloth/sloth-runner/internal/taskrunner/taskrunner.go:796.2,797.34 2 1
github.com/chalkan3-sloth/sloth-runner/internal/taskrunner/taskrunner.go:797.34,799.3 1 1
github.com/chalkan3-sloth/sloth-runner/internal/taskrunner/taskrunner.go:800.2,802.37 2 1
github.com/chalkan3-sloth/sloth-runner/internal/taskrunner/taskrunner.go:802.37,803.25 1 1
github.com/chalkan3-sloth/sloth-runner/internal/taskrunner/taskrunner.go:803.25,804.42 1 1
github.com/chalkan3-sloth/sloth-runner/internal/taskrunner/taskrunner.go:804.42,806.5 1 1
github.com/chalkan3-sloth/sloth-runner/internal/taskrunner/taskrunner.go:810.2,810.19 1 1
github.com/chalkan3-sloth/sloth-runner/internal/taskrunner/taskrunner.go:813.126,814.27 1 1
github.com/chalkan3-sloth/sloth-runner/internal/taskrunner/taskrunner.go:814.27,816.40 2 1
github.com/chalkan3-sloth/sloth-runner/internal/taskrunner/taskrunner.go:816.40,818.4 1 1
github.com/chalkan3-sloth/sloth-runner/internal/taskrunner/taskrunner.go:819.3,819.23 1 1
github.com/chalkan3-sloth/sloth-runner/internal/taskrunner/taskrunner.go:822.2,826.39 4 0
github.com/chalkan3-sloth/sloth-runner/internal/taskrunner/taskrunner.go:826.39,827.25 1 0
github.com/chalkan3-sloth/sloth-runner/internal/taskrunner/taskrunner.go:827.25,830.4 2 0
github.com/chalkan3-sloth/sloth-runner/internal/taskrunner/taskrunner.go:833.2,834.24 2 0
github.com/chalkan3-sloth/sloth-runner/internal/taskrunner/taskrunner.go:834.24,839.10 4 0
github.com/chalkan3-sloth/sloth-runner/internal/taskrunner/taskrunner.go:839.10,841.4 1 0
github.com/chalkan3-sloth/sloth-runner/internal/taskrunner/taskrunner.go:842.3,844.49 2 0
github.com/chalkan3-sloth/sloth-runner/internal/taskrunner/taskrunner.go:844.49,845.25 1 0
github.com/chalkan3-sloth/sloth-runner/internal/taskrunner/taskrunner.go:845.25,848.5 2 0
github.com/chalkan3-sloth/sloth-runner/internal/taskrunner/taskrunner.go:852.2,853.32 2 0
github.com/chalkan3-sloth/sloth-runner/internal/taskrunner/taskrunner.go:853.32,855.3 1 0
github.com/chalkan3-sloth/sloth-runner/internal/taskrunner/taskrunner.go:856.2,856.20 1 0
github.com/chalkan3-sloth/sloth-runner/internal/taskrunner/taskrunner.go:860.108,867.29 5 0
github.com/chalkan3-sloth/sloth-runner/internal/taskrunner/taskrunner.go:867.29,869.26 2 0
github.com/chalkan3-sloth/sloth-runner/internal/taskrunner/taskrunner.go:869.26,882.46 9 0
github.com/chalkan3-sloth/sloth-runner/internal/taskrunner/taskrunner.go:882.46,883.37 1 0
github.com/chalkan3-sloth/sloth-runner/internal/taskrunner/taskrunner.go:883.37,885.11 2 0
github.com/chalkan3-sloth/sloth-runner/internal/taskrunner/taskrunner.go:888.4,890.18 2 0
github.com/chalkan3-sloth/sloth-runner/internal/taskrunner/taskrunner.go:890.18,892.5 1 0
github.com/chalkan3-sloth/sloth-runner/internal/taskrunner/taskrunner.go:893.4,893.25 1 0
github.com/chalkan3-sloth/sloth-runner/internal/taskrunner/taskrunner.go:898.2,903.27 5 0
github.com/chalkan3-sloth/sloth-runner/internal/taskrunner/taskrunner.go:903.27,905.3 1 0
github.com/chalkan3-sloth/sloth-runner/internal/taskrunner/taskrunner.go:907.2,908.34 2 0
github.com/chalkan3-sloth/sloth-runner/internal/taskrunner/taskrunner.go:908.34,910.3 1 0
github.com/chalkan3-sloth/sloth-runner/internal/taskrunner/taskrunner.go:912.2,912.24 1 0
github.com/chalkan3-sloth/sloth-runner/internal/taskrunner/taskrunner.go:912.24,914.3 1 0
github.com/chalkan3-sloth/sloth-runner/internal/taskrunner/taskrunner.go:916.2,916.21 1 0
github.com/chalkan3-sloth/sloth-runner/internal/taskrunner/taskrunner.go:920.55,923.82 3 0
github.com/chalkan3-sloth/sloth-runner/internal/taskrunner/taskrunner.go:923.82,924.17 1 0
github.com/chalkan3-sloth/sloth-runner/internal/taskrunner/taskrunner.go:924.17,926.4 1 0
github.com/chalkan3-sloth/sloth-runner/internal/taskrunner/taskrunner.go:927.3,928.17 2 0
github.com/chalkan3-sloth/sloth-runner/internal/taskrunner/taskrunner.go:928.17,930.4 1 0
github.com/chalkan3-sloth/sloth-runner/internal/taskrunner/taskrunner.go:931.3,932.48 2 0
github.com/chalkan3-sloth/sloth-runner/internal/taskrunner/taskrunner.go:932.48,934.4 1 0
github.com/chalkan3-sloth/sloth-runner/internal/taskrunner/taskrunner.go:935.3,935.18 1 0
github.com/chalkan3-sloth/sloth-runner/internal/taskrunner/taskrunner.go:935.18,937.18 2 0
github.com/chalkan3-sloth/sloth-runner/internal/taskrunner/taskrunner.go:937.18,939.5 1 0
github.com/chalkan3-sloth/sloth-runner/internal/taskrunner/taskrunner.go:940.4,941.44 2 0
github.com/chalkan3-sloth/sloth-runner/internal/taskrunner/taskrunner.go:941.44,943.5 1 0
github.com/chalkan3-sloth/sloth-runner/internal/taskrunner/taskrunner.go:945.3,945.13 1 0
github.com/chalkan3-sloth/sloth-runner/internal/taskrunner/taskrunner.go:950.54,952.6 2 0
github.com/chalkan3-sloth/sloth-runner/internal/taskrunner/taskrunner.go:952.6,954.10 2 0
github.com/chalkan3-sloth/sloth-runner/internal/taskrunner/taskrunner.go:955.22,956.14 1 0
github.com/chalkan3-sloth/sloth-runner/internal/taskrunner/taskrunner.go:957.19,958.14 1 0
github.com/chalkan3-sloth/sloth-runner/internal/taskrunner/taskrunner.go:959.22,960.12 1 0
github.com/chalkan3-sloth/sloth-runner/internal/taskrunner/taskrunner.go:962.3,963.26 2 0
github.com/chalkan3-sloth/sloth-runner/internal/taskrunner/taskrunner.go:964.20,965.45 1 0
github.com/chalkan3-sloth/sloth-runner/internal/taskrunner/taskrunner.go:965.45,966.53 1 0
github.com/chalkan3-sloth/sloth-runner/internal/taskrunner/taskrunner.go:966.53,968.6 1 0
github.com/chalkan3-sloth/sloth-runner/internal/taskrunner/taskrunner.go:970.20,972.18 2 0
github.com/chalkan3-sloth/sloth-runner/internal/taskrunner/taskrunner.go:972.18,974.5 1 0
github.com/chalkan3-sloth/sloth-runner/internal/taskrunner/taskrunner.go:975.4,976.44 2 0
github.com/chalkan3-sloth/sloth-runner/internal/taskrunner/taskrunner.go:976.44,978.5 1 0
github.com/chalkan3-sloth/sloth-runner/internal/taskrunner/taskrunner.go:984.116,985.24 1 0
github.com/chalkan3-sloth/sloth-runner/internal/taskrunner/taskrunner.go:985.24,987.3 1 0
github.com/chalkan3-sloth/sloth-runner/internal/taskrunner/taskrunner.go:990.2,994.21 3 0
github.com/chalkan3-sloth/sloth-runner/internal/taskrunner/taskrunner.go:994.21,995.30 1 0
github.com/chalkan3-sloth/sloth-runner/internal/taskrunner/taskrunner.go:995.30,997.4 1 0
github.com/chalkan3-sloth/sloth-runner/internal/taskrunner/taskrunner.go:1001.2,1006.43 5 0
github.com/chalkan3-sloth/sloth-runner/internal/taskrunner/taskrunner.go:1006.43,1008.3 1 0
github.com/chalkan3-sloth/sloth-runner/internal/taskrunner/taskrunner.go:1012.113,1013.24 1 0
github.com/chalkan3-sloth/sloth-runner/internal/taskrunner/taskrunner.go:1013.24,1015.3 1 0
github.com/chalkan3-sloth/sloth-runner/internal/taskrunner/taskrunner.go:1018.2,1022.21 3 0
github.com/chalkan3-sloth/sloth-runner/internal/taskrunner/taskrunner.go:1022.21,1023.30 1 0
github.com/chalkan3-sloth/sloth-runner/internal/taskrunner/taskrunner.go:1023.30,1025.4 1 0
github.com/chalkan3-sloth/sloth-runner/internal/taskrunner/taskrunner.go:1029.2,1039.43 8 0
github.com/chalkan3-sloth/sloth-runner/internal/taskrunner/taskrunner.go:1039.43,1041.3 1 0
github.com/chalkan3-sloth/sloth-runner/internal/taskrunner/taskrunner.go:1045.95,1052.40 3 0
github.com/chalkan3-sloth/sloth-runner/internal/taskrunner/taskrunner.go:1052.40,1053.53 1 0
github.com/chalkan3-sloth/sloth-runner/internal/taskrunner/taskrunner.go:1053.53,1055.4 1 0
github.com/chalkan3-sloth/sloth-runner/internal/taskrunner/taskrunner.go:1057.2,1061.70 3 0
github.com/chalkan3-sloth/sloth-runner/internal/taskrunner/taskrunner.go:1061.70,1066.10 4 0
github.com/chalkan3-sloth/sloth-runner/internal/taskrunner/taskrunner.go:1066.10,1069.4 2 0
github.com/chalkan3-sloth/sloth-runner/internal/taskrunner/taskrunner.go:1071.3,1071.14 1 0
github.com/chalkan3-sloth/sloth-runner/internal/taskrunner/taskrunner.go:1072.15,1073.49 1 0
github.com/chalkan3-sloth/sloth-runner/internal/taskrunner/taskrunner.go:1073.49,1074.45 1 0
github.com/chalkan3-sloth/sloth-runner/internal/taskrunner/taskrunner.go:1074.45,1076.6 1 0
github.com/chalkan3-sloth/sloth-runner/internal/taskrunner/taskrunner.go:1076.11,1078.6 1 0
github.com/chalkan3-sloth/sloth-runner/internal/taskrunner/taskrunner.go:1079.5,1079.13 1 0
github.com/chalkan3-sloth/sloth-runner/internal/taskrunner/taskrunner.go:1081.18,1084.63 2 0
github.com/chalkan3-sloth/sloth-runner/internal/taskrunner/taskrunner.go:1084.63,1086.5 1 0
github.com/chalkan3-sloth/sloth-runner/internal/taskrunner/taskrunner.go:1087.4,1088.22 2 0
github.com/chalkan3-sloth/sloth-runner/internal/taskrunner/taskrunner.go:1089.11,1090.20 1 0
github.com/chalkan3-sloth/sloth-runner/internal/taskrunner/taskrunner.go:1092.3,1092.11 1 0
github.com/chalkan3-sloth/sloth-runner/internal/taskrunner/taskrunner.go:1095.2,1096.15 2 0
github.com/chalkan3-sloth/sloth-runner/internal/taskrunner/taskrunner.go:1101.83,1109.2 1 0
